Bjoern against Lisa:
     0     0     0     0     0     0     0     0
     0     0     0     0     0     0     0     0
     0     0     0     0     0     0     0     0
     0     0     0     1    -1     0     0     0
     0     0     0    -1     1     0     0     0
     0     0     0     0     0     0     0     0
     0     0     0     0     0     0     0     0
     0     0     0     0     0     0     0     0

Lisa (-1) to move (time left: 180.0 sec.):
     0     0     0     0     0     0     0     0
     0     0     0     0     0     0     0     0
     0     0     0     0     0     0     0     0
     0     0    -1    -1    -1     0     0     0
     0     0     0    -1     1     0     0     0
     0     0     0     0     0     0     0     0
     0     0     0     0     0     0     0     0
     0     0     0     0     0     0     0     0

Bjoern (1) to move (time left: 180.0 sec.):
     0     0     0     0     0     0     0     0
     0     0     0     0     0     0     0     0
     0     0     1     0     0     0     0     0
     0     0    -1     1    -1     0     0     0
     0     0     0    -1     1     0     0     0
     0     0     0     0     0     0     0     0
     0     0     0     0     0     0     0     0
     0     0     0     0     0     0     0     0

Lisa (-1) to move (time left: 179.9 sec.):
     0     0     0     0     0     0     0     0
     0     0     0     0     0     0     0     0
     0     0     1    -1     0     0     0     0
     0     0    -1    -1    -1     0     0     0
     0     0     0    -1     1     0     0     0
     0     0     0     0     0     0     0     0
     0     0     0     0     0     0     0     0
     0     0     0     0     0     0     0     0

Bjoern (1) to move (time left: 179.8 sec.):
     0     0     0     0     0     0     0     0
     0     0     0     0     0     0     0     0
     0     0     1    -1     0     0     0     0
     0     0     1    -1    -1     0     0     0
     0     0     1     1     1     0     0     0
     0     0     0     0     0     0     0     0
     0     0     0     0     0     0     0     0
     0     0     0     0     0     0     0     0

Lisa (-1) to move (time left: 179.8 sec.):
     0     0     0     0     0     0     0     0
     0     0     0     0     0     0     0     0
     0     0     1    -1     0     0     0     0
     0     0     1    -1    -1     0     0     0
     0     0     1    -1     1     0     0     0
     0     0     0    -1     0     0     0     0
     0     0     0     0     0     0     0     0
     0     0     0     0     0     0     0     0

Bjoern (1) to move (time left: 179.3 sec.):
     0     0     0     0     0     0     0     0
     0     0     0     0     0     0     0     0
     0     0     1     1     1     0     0     0
     0     0     1     1     1     0     0     0
     0     0     1    -1     1     0     0     0
     0     0     0    -1     0     0     0     0
     0     0     0     0     0     0     0     0
     0     0     0     0     0     0     0     0

Lisa (-1) to move (time left: 178.8 sec.):
     0     0     0     0     0     0     0     0
     0     0     0     0     0     0     0     0
     0    -1     1     1     1     0     0     0
     0     0    -1     1     1     0     0     0
     0     0     1    -1     1     0     0     0
     0     0     0    -1     0     0     0     0
     0     0     0     0     0     0     0     0
     0     0     0     0     0     0     0     0

Bjoern (1) to move (time left: 177.9 sec.):
     0     0     0     0     0     0     0     0
     0     0     0     0     0     0     0     0
     1     1     1     1     1     0     0     0
     0     0    -1     1     1     0     0     0
     0     0     1    -1     1     0     0     0
     0     0     0    -1     0     0     0     0
     0     0     0     0     0     0     0     0
     0     0     0     0     0     0     0     0

Lisa (-1) to move (time left: 178.0 sec.):
     0     0     0     0     0     0     0     0
     0     0     0     0     0     0     0     0
     1     1     1     1     1     0     0     0
     0     0    -1     1     1     0     0     0
     0     0     1    -1    -1    -1     0     0
     0     0     0    -1     0     0     0     0
     0     0     0     0     0     0     0     0
     0     0     0     0     0     0     0     0

Bjoern (1) to move (time left: 177.0 sec.):
     0     0     0     0     0     0     0     0
     0     0     0     0     0     0     0     0
     1     1     1     1     1     0     0     0
     0     0    -1     1     1     0     0     0
     0     0     1     1    -1    -1     0     0
     0     0     1    -1     0     0     0     0
     0     0     0     0     0     0     0     0
     0     0     0     0     0     0     0     0

Lisa (-1) to move (time left: 176.3 sec.):
     0     0     0     0     0     0     0     0
     0     0     0     0     0     0     0     0
     1     1     1     1     1     0     0     0
     0     0    -1     1     1     0     0     0
     0     0     1    -1    -1    -1     0     0
     0     0     1    -1    -1     0     0     0
     0     0     0     0     0     0     0     0
     0     0     0     0     0     0     0     0

Bjoern (1) to move (time left: 174.4 sec.):
     0     0     0     0     0     0     0     0
     0     0     0     0     0     0     0     0
     1     1     1     1     1     0     0     0
     0     0    -1     1     1     0     0     0
     0     0     1    -1     1    -1     0     0
     0     0     1     1     1     1     0     0
     0     0     0     0     0     0     0     0
     0     0     0     0     0     0     0     0

Lisa (-1) to move (time left: 175.3 sec.):
     0     0     0     0     0     0     0     0
     0     0     0     0     0     0     0     0
     1     1     1     1     1     0     0     0
     0     0    -1    -1    -1    -1     0     0
     0     0     1    -1     1    -1     0     0
     0     0     1     1     1     1     0     0
     0     0     0     0     0     0     0     0
     0     0     0     0     0     0     0     0

Bjoern (1) to move (time left: 172.1 sec.):
     0     0     0     0     0     0     0     0
     0     0     0     0     0     0     0     0
     1     1     1     1     1     1     0     0
     0     0    -1    -1     1     1     0     0
     0     0     1     1     1     1     0     0
     0     0     1     1     1     1     0     0
     0     0     0     0     0     0     0     0
     0     0     0     0     0     0     0     0

Lisa (-1) to move (time left: 173.8 sec.):
     0     0     0     0     0     0     0     0
     0     0     0    -1     0     0     0     0
     1     1     1    -1     1     1     0     0
     0     0    -1    -1     1     1     0     0
     0     0     1     1     1     1     0     0
     0     0     1     1     1     1     0     0
     0     0     0     0     0     0     0     0
     0     0     0     0     0     0     0     0

Bjoern (1) to move (time left: 171.0 sec.):
     0     0     1     0     0     0     0     0
     0     0     0     1     0     0     0     0
     1     1     1    -1     1     1     0     0
     0     0    -1    -1     1     1     0     0
     0     0     1     1     1     1     0     0
     0     0     1     1     1     1     0     0
     0     0     0     0     0     0     0     0
     0     0     0     0     0     0     0     0

Lisa (-1) to move (time left: 171.7 sec.):
     0     0     1    -1     0     0     0     0
     0     0     0    -1     0     0     0     0
     1     1     1    -1     1     1     0     0
     0     0    -1    -1     1     1     0     0
     0     0     1     1     1     1     0     0
     0     0     1     1     1     1     0     0
     0     0     0     0     0     0     0     0
     0     0     0     0     0     0     0     0

Bjoern (1) to move (time left: 170.1 sec.):
     0     0     1     1     1     0     0     0
     0     0     0     1     0     0     0     0
     1     1     1    -1     1     1     0     0
     0     0    -1    -1     1     1     0     0
     0     0     1     1     1     1     0     0
     0     0     1     1     1     1     0     0
     0     0     0     0     0     0     0     0
     0     0     0     0     0     0     0     0

Lisa (-1) to move (time left: 170.3 sec.):
     0     0     1     1     1     0     0     0
     0     0    -1     1     0     0     0     0
     1     1    -1    -1     1     1     0     0
     0     0    -1    -1     1     1     0     0
     0     0     1     1     1     1     0     0
     0     0     1     1     1     1     0     0
     0     0     0     0     0     0     0     0
     0     0     0     0     0     0     0     0

Bjoern (1) to move (time left: 169.4 sec.):
     0     0     1     1     1     0     0     0
     0     0    -1     1     0     0     0     0
     1     1     1    -1     1     1     0     0
     0     1     1     1     1     1     0     0
     0     0     1     1     1     1     0     0
     0     0     1     1     1     1     0     0
     0     0     0     0     0     0     0     0
     0     0     0     0     0     0     0     0

Lisa (-1) to move (time left: 169.4 sec.):
     0     0     1     1     1     0     0     0
     0     0    -1     1     0     0     0     0
     1     1     1    -1     1     1     0     0
     0     1     1     1    -1     1     0     0
     0     0     1     1     1    -1     0     0
     0     0     1     1     1     1    -1     0
     0     0     0     0     0     0     0     0
     0     0     0     0     0     0     0     0

Bjoern (1) to move (time left: 168.8 sec.):
     0     0     1     1     1     0     0     0
     0     0    -1     1     0     0     0     0
     1     1     1    -1     1     1     0     0
     0     1     1     1    -1     1     0     0
     0     0     1     1     1    -1     0     0
     0     0     1     1     1     1     1     1
     0     0     0     0     0     0     0     0
     0     0     0     0     0     0     0     0

Lisa (-1) to move (time left: 168.3 sec.):
     0     0     1     1     1     0     0     0
     0     0    -1     1     0     0     0     0
     1     1     1    -1     1     1     0     0
     0     1    -1     1    -1     1     0     0
     0    -1    -1    -1    -1    -1     0     0
     0     0     1     1     1     1     1     1
     0     0     0     0     0     0     0     0
     0     0     0     0     0     0     0     0

Bjoern (1) to move (time left: 167.8 sec.):
     0     0     1     1     1     0     0     0
     0     0    -1     1     0     0     0     0
     1     1     1    -1     1     1     0     0
     0     1    -1     1    -1     1     1     0
     0    -1    -1    -1    -1     1     0     0
     0     0     1     1     1     1     1     1
     0     0     0     0     0     0     0     0
     0     0     0     0     0     0     0     0

Lisa (-1) to move (time left: 166.0 sec.):
     0     0     1     1     1     0     0     0
     0     0    -1     1     0     0     0     0
     1     1     1    -1     1     1     0     0
     0     1    -1     1    -1     1     1     0
     0    -1    -1    -1    -1    -1    -1     0
     0     0     1     1     1     1     1     1
     0     0     0     0     0     0     0     0
     0     0     0     0     0     0     0     0

Bjoern (1) to move (time left: 167.0 sec.):
     0     0     1     1     1     0     0     0
     0     0    -1     1     0     0     0     0
     1     1     1    -1     1     1     0     0
     1     1    -1     1    -1     1     1     0
     0     1    -1    -1    -1    -1    -1     0
     0     0     1     1     1     1     1     1
     0     0     0     0     0     0     0     0
     0     0     0     0     0     0     0     0

Lisa (-1) to move (time left: 164.4 sec.):
     0     0     1     1     1     0     0     0
     0     0    -1     1     0     0     0     0
     1     1     1    -1     1     1     0     0
     1     1    -1     1    -1     1     1     0
     0    -1    -1    -1    -1    -1    -1     0
    -1     0     1     1     1     1     1     1
     0     0     0     0     0     0     0     0
     0     0     0     0     0     0     0     0

Bjoern (1) to move (time left: 166.2 sec.):
     0     0     1     1     1     0     0     0
     0     0    -1     1     0     0     0     0
     1     1     1    -1     1     1     0     0
     1     1    -1     1    -1     1     1     0
     0     1     1    -1    -1    -1    -1     0
    -1     1     1     1     1     1     1     1
     0     0     0     0     0     0     0     0
     0     0     0     0     0     0     0     0

Lisa (-1) to move (time left: 159.0 sec.):
     0     0     1     1     1     0     0     0
     0     0    -1     1     0     0     0     0
     1     1     1    -1     1     1     0    -1
     1     1    -1     1    -1     1    -1     0
     0     1     1    -1    -1    -1    -1     0
    -1     1     1     1     1     1     1     1
     0     0     0     0     0     0     0     0
     0     0     0     0     0     0     0     0

Bjoern (1) to move (time left: 165.3 sec.):
     0     0     1     1     1     0     0     0
     0     0    -1     1     0     0     0     0
     1     1     1    -1     1     1     0    -1
     1     1    -1     1    -1     1     1     0
     0     1     1     1     1     1     1     1
    -1     1     1     1     1     1     1     1
     0     0     0     0     0     0     0     0
     0     0     0     0     0     0     0     0

Lisa (-1) to move (time left: 153.2 sec.):
     0     0     1     1     1     0     0     0
     0     0    -1     1     0     0     0     0
     1     1     1    -1     1     1     0    -1
     1     1    -1     1    -1     1     1     0
     0     1     1     1    -1     1     1     1
    -1     1     1     1    -1     1     1     1
     0     0     0     0    -1     0     0     0
     0     0     0     0     0     0     0     0

Bjoern (1) to move (time left: 164.6 sec.):
     0     0     1     1     1     0     0     0
     0     0    -1     1     1     0     0     0
     1     1     1     1     1     1     0    -1
     1     1     1     1    -1     1     1     0
     0     1     1     1    -1     1     1     1
    -1     1     1     1    -1     1     1     1
     0     0     0     0    -1     0     0     0
     0     0     0     0     0     0     0     0

Lisa (-1) to move (time left: 149.8 sec.):
     0     0     1     1     1     0     0     0
     0     0    -1     1     1     0     0     0
     1     1     1     1     1     1     0    -1
     1     1     1     1    -1     1     1     0
    -1    -1    -1    -1    -1     1     1     1
    -1     1     1     1    -1     1     1     1
     0     0     0     0    -1     0     0     0
     0     0     0     0     0     0     0     0

Bjoern (1) to move (time left: 159.6 sec.):
     0     0     1     1     1     0     0     0
     0     0    -1     1     1     0     0     0
     1     1     1     1     1     1     0    -1
     1     1     1     1    -1     1     1     0
    -1    -1    -1     1    -1     1     1     1
    -1     1     1     1     1     1     1     1
     0     0     0     0    -1     1     0     0
     0     0     0     0     0     0     0     0

Lisa (-1) to move (time left: 141.4 sec.):
     0     0     1     1     1     0     0     0
    -1     0    -1     1     1     0     0     0
    -1     1     1     1     1     1     0    -1
    -1     1     1     1    -1     1     1     0
    -1    -1    -1     1    -1     1     1     1
    -1     1     1     1     1     1     1     1
     0     0     0     0    -1     1     0     0
     0     0     0     0     0     0     0     0

Bjoern (1) to move (time left: 148.3 sec.):
     0     0     1     1     1     0     0     0
    -1     0    -1     1     1     0     0     0
    -1     1     1     1     1     1     0    -1
    -1     1     1     1    -1     1     1     0
    -1    -1    -1     1    -1     1     1     1
    -1     1     1     1     1     1     1     1
     0     0     0     0     1     1     0     0
     0     0     0     0     0     1     0     0

Lisa (-1) to move (time left: 132.1 sec.):
     0     0     1     1     1     0     0     0
    -1     0    -1     1     1     0     0     0
    -1     1     1     1     1     1     0    -1
    -1     1     1     1    -1     1     1     0
    -1    -1    -1     1    -1     1     1     1
    -1     1     1     1     1    -1     1     1
     0     0     0     0     1     1    -1     0
     0     0     0     0     0     1     0     0

Bjoern (1) to move (time left: 142.8 sec.):
     0     0     1     1     1     0     0     0
    -1     0    -1     1     1     0     0     0
    -1     1     1     1     1     1     0    -1
    -1     1     1     1    -1     1     1     0
    -1    -1    -1     1     1     1     1     1
    -1     1     1     1     1     1     1     1
     0     0     0     0     1     1     1     0
     0     0     0     0     0     1     0     1

Lisa (-1) to move (time left: 117.4 sec.):
     0     0     1     1     1     0     0     0
    -1    -1    -1     1     1     0     0     0
    -1    -1     1     1     1     1     0    -1
    -1    -1     1     1    -1     1     1     0
    -1    -1    -1     1     1     1     1     1
    -1     1     1     1     1     1     1     1
     0     0     0     0     1     1     1     0
     0     0     0     0     0     1     0     1

Bjoern (1) to move (time left: 140.4 sec.):
     1     0     1     1     1     0     0     0
    -1     1    -1     1     1     0     0     0
    -1    -1     1     1     1     1     0    -1
    -1    -1     1     1    -1     1     1     0
    -1    -1    -1     1     1     1     1     1
    -1     1     1     1     1     1     1     1
     0     0     0     0     1     1     1     0
     0     0     0     0     0     1     0     1

Lisa (-1) to move (time left: 105.4 sec.):
     1    -1     1     1     1     0     0     0
    -1    -1    -1     1     1     0     0     0
    -1    -1     1     1     1     1     0    -1
    -1    -1     1     1    -1     1     1     0
    -1    -1    -1     1     1     1     1     1
    -1     1     1     1     1     1     1     1
     0     0     0     0     1     1     1     0
     0     0     0     0     0     1     0     1

Bjoern (1) to move (time left: 139.5 sec.):
     1    -1     1     1     1     0     0     0
     1    -1    -1     1     1     0     0     0
     1    -1     1     1     1     1     0    -1
     1    -1     1     1    -1     1     1     0
     1    -1    -1     1     1     1     1     1
     1     1     1     1     1     1     1     1
     1     0     0     0     1     1     1     0
     0     0     0     0     0     1     0     1

Lisa (-1) to move (time left: 88.0 sec.):
     1    -1     1     1     1     0     0     0
     1    -1    -1    -1    -1    -1     0     0
     1    -1     1     1    -1     1     0    -1
     1    -1     1    -1    -1     1     1     0
     1    -1    -1     1     1     1     1     1
     1     1     1     1     1     1     1     1
     1     0     0     0     1     1     1     0
     0     0     0     0     0     1     0     1

Bjoern (1) to move (time left: 138.8 sec.):
     1    -1     1     1     1     1     0     0
     1    -1    -1    -1     1     1     0     0
     1    -1     1     1    -1     1     0    -1
     1    -1     1    -1    -1     1     1     0
     1    -1    -1     1     1     1     1     1
     1     1     1     1     1     1     1     1
     1     0     0     0     1     1     1     0
     0     0     0     0     0     1     0     1

Lisa (-1) to move (time left: 81.8 sec.):
     1    -1     1     1     1     1     0     0
     1    -1    -1    -1     1     1     0     0
     1    -1     1     1    -1     1     0    -1
     1    -1     1    -1    -1     1     1     0
     1    -1    -1     1     1    -1     1     1
     1     1     1     1     1     1    -1     1
     1     0     0     0     1     1     1    -1
     0     0     0     0     0     1     0     1

Bjoern (1) to move (time left: 137.0 sec.):
     1    -1     1     1     1     1     0     0
     1    -1    -1    -1     1     1     0     0
     1    -1     1     1    -1     1     0    -1
     1    -1     1    -1    -1     1     1     0
     1    -1    -1     1     1    -1     1     1
     1     1     1     1     1     1    -1     1
     1     0     0     0     1     1     1    -1
     0     0     0     0     0     1     0     1

Lisa (-1) to move (time left: 78.6 sec.):
     1    -1     1     1     1     1     0     0
     1    -1    -1    -1     1     1     0     0
     1    -1     1     1    -1     1     0    -1
     1    -1    -1    -1    -1     1     1     0
     1    -1    -1    -1     1    -1     1     1
     1     1     1     1    -1     1    -1     1
     1     0     0     0     1    -1    -1    -1
     0     0     0     0     0     1    -1     1

Bjoern (1) to move (time left: 136.9 sec.):
     1    -1     1     1     1     1     0     0
     1    -1    -1    -1     1     1     0     0
     1    -1     1     1    -1     1     0    -1
     1    -1    -1    -1    -1     1     1     0
     1    -1    -1    -1     1    -1     1     1
     1     1     1     1    -1     1     1     1
     1     0     0     0     1     1    -1    -1
     0     0     0     0     1     1    -1     1

Lisa (-1) to move (time left: 76.3 sec.):
     1    -1     1     1     1     1     0     0
     1    -1    -1    -1     1     1     0     0
     1    -1     1     1    -1     1     0    -1
     1    -1    -1    -1    -1     1     1     0
     1    -1    -1    -1     1    -1     1     1
     1     1    -1    -1    -1     1     1     1
     1     0     0    -1    -1    -1    -1    -1
     0     0     0     0     1     1    -1     1

Bjoern (1) to move (time left: 132.6 sec.):
     1    -1     1     1     1     1     0     0
     1    -1    -1    -1     1     1     0     0
     1    -1     1     1    -1     1     0    -1
     1    -1    -1    -1     1     1     1     0
     1    -1    -1     1     1    -1     1     1
     1     1     1    -1    -1     1     1     1
     1     1     0    -1    -1    -1    -1    -1
     0     0     0     0     1     1    -1     1

Lisa (-1) to move (time left: 74.3 sec.):
     1    -1     1     1     1     1     0     0
     1    -1    -1    -1     1     1     0     0
     1    -1     1     1    -1     1     0    -1
     1    -1    -1    -1     1     1     1     0
     1    -1    -1     1     1    -1     1     1
     1     1    -1    -1    -1     1     1     1
     1     1    -1    -1    -1    -1    -1    -1
     0     0     0     0     1     1    -1     1

Bjoern (1) to move (time left: 131.1 sec.):
     1    -1     1     1     1     1     0     0
     1    -1    -1    -1     1     1     0     0
     1    -1     1     1    -1     1     0    -1
     1    -1     1    -1     1     1     1     0
     1    -1     1     1     1     1     1     1
     1     1     1    -1     1     1     1     1
     1     1     1     1    -1    -1    -1    -1
     0     0     1     0     1     1    -1     1

Lisa (-1) to move (time left: 73.7 sec.):
     1    -1     1     1     1     1     0     0
     1    -1    -1    -1     1     1     0     0
     1    -1     1     1    -1     1     0    -1
     1    -1     1    -1    -1    -1    -1    -1
     1    -1     1     1     1     1    -1    -1
     1     1     1    -1     1    -1     1    -1
     1     1     1     1    -1    -1    -1    -1
     0     0     1     0     1     1    -1     1

Bjoern (1) to move (time left: 131.0 sec.):
     1    -1     1     1     1     1     0     0
     1    -1    -1    -1     1     1     0     0
     1    -1     1     1    -1     1     1    -1
     1    -1     1    -1    -1     1     1    -1
     1    -1     1     1     1     1     1    -1
     1     1     1    -1     1    -1     1    -1
     1     1     1     1    -1    -1    -1    -1
     0     0     1     0     1     1    -1     1

Lisa (-1) to move (time left: 73.0 sec.):
     1    -1     1     1     1     1     0     0
     1    -1    -1    -1     1     1     0     0
     1    -1     1     1    -1     1     1    -1
     1    -1     1    -1    -1     1     1    -1
     1    -1     1    -1     1     1     1    -1
     1     1    -1    -1     1    -1     1    -1
     1    -1     1     1    -1    -1    -1    -1
    -1     0     1     0     1     1    -1     1

Bjoern (1) to move (time left: 130.9 sec.):
     1    -1     1     1     1     1     0     0
     1    -1    -1    -1     1     1     0     1
     1    -1     1     1    -1     1     1     1
     1    -1     1    -1    -1     1     1     1
     1    -1     1    -1     1     1     1     1
     1     1    -1    -1     1    -1     1     1
     1    -1     1     1    -1    -1    -1     1
    -1     0     1     0     1     1    -1     1

Lisa (-1) to move (time left: 72.8 sec.):
     1    -1     1     1     1     1     0     0
     1    -1    -1    -1     1     1     0     1
     1    -1     1     1    -1     1     1     1
     1    -1     1    -1    -1     1     1     1
     1    -1     1    -1     1     1     1     1
     1     1    -1    -1     1    -1     1     1
     1    -1     1    -1    -1    -1    -1     1
    -1     0     1    -1    -1    -1    -1     1

Bjoern (1) to move (time left: 130.8 sec.):
     1    -1     1     1     1     1     0     0
     1    -1    -1    -1     1     1     0     1
     1    -1     1     1    -1     1     1     1
     1    -1     1    -1    -1     1     1     1
     1    -1     1    -1     1     1     1     1
     1     1    -1    -1     1    -1     1     1
     1     1     1    -1    -1    -1    -1     1
    -1     1     1    -1    -1    -1    -1     1

Lisa (-1) to move (time left: 72.7 sec.):
     1    -1     1     1     1     1     0     0
     1    -1    -1    -1    -1    -1    -1     1
     1    -1     1     1    -1    -1    -1     1
     1    -1     1    -1    -1     1    -1     1
     1    -1     1    -1     1     1    -1     1
     1     1    -1    -1     1    -1    -1     1
     1     1     1    -1    -1    -1    -1     1
    -1     1     1    -1    -1    -1    -1     1

Bjoern (1) to move (time left: 130.7 sec.):
     1    -1     1     1     1     1     0     1
     1    -1    -1    -1    -1    -1     1     1
     1    -1     1     1    -1     1    -1     1
     1    -1     1    -1     1     1    -1     1
     1    -1     1     1     1     1    -1     1
     1     1     1    -1     1    -1    -1     1
     1     1     1    -1    -1    -1    -1     1
    -1     1     1    -1    -1    -1    -1     1

Lisa (-1) to move (time left: 72.5 sec.):
     1    -1    -1    -1    -1    -1    -1     1
     1    -1    -1    -1    -1    -1    -1     1
     1    -1     1     1    -1     1    -1     1
     1    -1     1    -1     1     1    -1     1
     1    -1     1     1     1     1    -1     1
     1     1     1    -1     1    -1    -1     1
     1     1     1    -1    -1    -1    -1     1
    -1     1     1    -1    -1    -1    -1     1

Game over.
