Lisa against Bjoern:
     0     0     0     0     0     0     0     0
     0     0     0     0     0     0     0     0
     0     0     0     0     0     0     0     0
     0     0     0     1    -1     0     0     0
     0     0     0    -1     1     0     0     0
     0     0     0     0     0     0     0     0
     0     0     0     0     0     0     0     0
     0     0     0     0     0     0     0     0

Bjoern (-1) to move (time left: 180.0 sec.):
     0     0     0     0     0     0     0     0
     0     0     0     0     0     0     0     0
     0     0     0     0     0     0     0     0
     0     0    -1    -1    -1     0     0     0
     0     0     0    -1     1     0     0     0
     0     0     0     0     0     0     0     0
     0     0     0     0     0     0     0     0
     0     0     0     0     0     0     0     0

Lisa (1) to move (time left: 180.0 sec.):
     0     0     0     0     0     0     0     0
     0     0     0     0     0     0     0     0
     0     0     0     0     1     0     0     0
     0     0    -1    -1     1     0     0     0
     0     0     0    -1     1     0     0     0
     0     0     0     0     0     0     0     0
     0     0     0     0     0     0     0     0
     0     0     0     0     0     0     0     0

Bjoern (-1) to move (time left: 179.8 sec.):
     0     0     0     0     0     0     0     0
     0     0     0     0     0     0     0     0
     0     0     0     0     1     0     0     0
     0     0    -1    -1    -1    -1     0     0
     0     0     0    -1     1     0     0     0
     0     0     0     0     0     0     0     0
     0     0     0     0     0     0     0     0
     0     0     0     0     0     0     0     0

Lisa (1) to move (time left: 179.9 sec.):
     0     0     0     0     0     0     0     0
     0     0     0     0     0     0     0     0
     0     0     0     0     1     0     0     0
     0     0    -1     1    -1    -1     0     0
     0     0     1     1     1     0     0     0
     0     0     0     0     0     0     0     0
     0     0     0     0     0     0     0     0
     0     0     0     0     0     0     0     0

Bjoern (-1) to move (time left: 179.4 sec.):
     0     0     0     0     0     0     0     0
     0     0     0     0     0     0     0     0
     0     0     0     0     1     0     0     0
     0     0    -1     1    -1    -1     0     0
     0     0    -1    -1     1     0     0     0
     0     0    -1     0     0     0     0     0
     0     0     0     0     0     0     0     0
     0     0     0     0     0     0     0     0

Lisa (1) to move (time left: 179.7 sec.):
     0     0     0     0     0     0     0     0
     0     0     0     0     0     0     0     0
     0     0     0     0     1     0     0     0
     0     0    -1     1    -1    -1     0     0
     0     0    -1     1     1     0     0     0
     0     0    -1     1     0     0     0     0
     0     0     0     0     0     0     0     0
     0     0     0     0     0     0     0     0

Bjoern (-1) to move (time left: 178.9 sec.):
     0     0     0     0     0     0     0     0
     0     0     0     0     0     0     0     0
     0     0     0     0     1     0     0     0
     0     0    -1     1    -1    -1     0     0
     0     0    -1    -1    -1     0     0     0
     0     0    -1    -1    -1     0     0     0
     0     0     0     0     0     0     0     0
     0     0     0     0     0     0     0     0

Lisa (1) to move (time left: 179.2 sec.):
     0     0     0     0     0     0     0     0
     0     0     0     0     0     0     0     0
     0     0     0     0     1     0     0     0
     0     0    -1     1    -1    -1     0     0
     0     0    -1     1    -1     0     0     0
     0     0    -1     1    -1     0     0     0
     0     0     0     1     0     0     0     0
     0     0     0     0     0     0     0     0

Bjoern (-1) to move (time left: 177.6 sec.):
     0     0     0     0     0     0     0     0
     0     0     0     0     0     0     0     0
     0     0     0     0     1     0     0     0
     0     0    -1     1    -1    -1     0     0
     0     0    -1     1    -1     0     0     0
     0     0    -1     1    -1     0     0     0
     0     0     0    -1     0     0     0     0
     0     0    -1     0     0     0     0     0

Lisa (1) to move (time left: 178.2 sec.):
     0     0     0     0     0     0     0     0
     0     0     0     0     0     0     0     0
     0     0     0     0     1     0     0     0
     0     0    -1     1    -1    -1     0     0
     0     0    -1     1     1     1     0     0
     0     0    -1     1    -1     0     0     0
     0     0     0    -1     0     0     0     0
     0     0    -1     0     0     0     0     0

Bjoern (-1) to move (time left: 174.9 sec.):
     0     0     0     0     0     0     0     0
     0     0     0     0     0     0     0     0
     0     0     0     0     1     0     0     0
     0     0    -1     1    -1    -1     0     0
     0     0    -1     1     1    -1     0     0
     0     0    -1     1    -1    -1     0     0
     0     0     0    -1     0     0     0     0
     0     0    -1     0     0     0     0     0

Lisa (1) to move (time left: 176.2 sec.):
     0     0     0     0     0     0     0     0
     0     0     0     0     0     0     0     0
     0     0     0     0     1     0     0     0
     0     0    -1     1    -1    -1     0     0
     0     0    -1     1     1    -1     0     0
     0     0    -1     1    -1    -1     0     0
     0     0     0     1     0     0     0     0
     0     0    -1     1     0     0     0     0

Bjoern (-1) to move (time left: 172.3 sec.):
     0     0     0     0     0     0     0     0
     0     0     0     0     0     0     0     0
     0     0    -1     0     1     0     0     0
     0     0    -1    -1    -1    -1     0     0
     0     0    -1     1    -1    -1     0     0
     0     0    -1     1    -1    -1     0     0
     0     0     0     1     0     0     0     0
     0     0    -1     1     0     0     0     0

Lisa (1) to move (time left: 174.2 sec.):
     0     0     0     0     0     0     0     0
     0     0     0     0     0     0     0     0
     0     0    -1     1     1     0     0     0
     0     0    -1     1    -1    -1     0     0
     0     0    -1     1    -1    -1     0     0
     0     0    -1     1    -1    -1     0     0
     0     0     0     1     0     0     0     0
     0     0    -1     1     0     0     0     0

Bjoern (-1) to move (time left: 170.9 sec.):
     0     0     0     0     0     0     0     0
     0     0     0     0     0     0     0     0
     0     0    -1    -1    -1    -1     0     0
     0     0    -1     1    -1    -1     0     0
     0     0    -1     1    -1    -1     0     0
     0     0    -1     1    -1    -1     0     0
     0     0     0     1     0     0     0     0
     0     0    -1     1     0     0     0     0

Lisa (1) to move (time left: 172.2 sec.):
     0     0     0     0     0     0     0     0
     0     0     0     0     0     0     0     0
     0     0    -1    -1    -1    -1     0     0
     0     0    -1     1    -1    -1     0     0
     0     0    -1     1    -1    -1     0     0
     0     0    -1     1     1    -1     0     0
     0     0     0     1     0     1     0     0
     0     0    -1     1     0     0     0     0

Bjoern (-1) to move (time left: 167.4 sec.):
     0     0     0     0     0     0     0     0
     0     0     0     0     0     0     0     0
     0     0    -1    -1    -1    -1     0     0
     0     0    -1     1    -1    -1     0     0
     0     0    -1     1    -1    -1     0     0
     0     0    -1     1     1    -1     0     0
     0     0     0     1     0    -1     0     0
     0     0    -1     1     0    -1     0     0

Lisa (1) to move (time left: 168.4 sec.):
     0     0     0     0     0     0     0     0
     0     0     0     0     0     0     0     0
     0     0    -1    -1    -1    -1     0     0
     0     0    -1     1    -1    -1     0     0
     0     0    -1     1     1     1     1     0
     0     0    -1     1     1    -1     0     0
     0     0     0     1     0    -1     0     0
     0     0    -1     1     0    -1     0     0

Bjoern (-1) to move (time left: 164.9 sec.):
     0     0     0     0     0     0     0     0
     0     0     0     0     0     0     0     0
     0     0    -1    -1    -1    -1     0     0
     0     0    -1     1    -1    -1     0     0
     0     0    -1     1     1     1    -1     0
     0     0    -1     1     1    -1     0    -1
     0     0     0     1     0    -1     0     0
     0     0    -1     1     0    -1     0     0

Lisa (1) to move (time left: 164.7 sec.):
     0     0     0     0     0     0     0     0
     0     0     0     0     0     0     0     0
     0     0    -1    -1    -1    -1     0     0
     0     0    -1     1    -1    -1     0     0
     0     0    -1     1     1     1     1     1
     0     0    -1     1     1    -1     0    -1
     0     0     0     1     0    -1     0     0
     0     0    -1     1     0    -1     0     0

Bjoern (-1) to move (time left: 160.8 sec.):
     0     0     0     0     0     0     0     0
     0     0     0     0     0     0     0     0
     0     0    -1    -1    -1    -1     0     0
     0     0    -1     1    -1    -1     0    -1
     0     0    -1     1     1     1    -1    -1
     0     0    -1     1     1    -1     0    -1
     0     0     0     1     0    -1     0     0
     0     0    -1     1     0    -1     0     0

Lisa (1) to move (time left: 162.1 sec.):
     0     0     0     0     0     0     0     0
     0     0     0     0     0     0     0     0
     0     0    -1    -1    -1    -1     0     0
     0     0    -1     1    -1    -1     0    -1
     0     0    -1     1     1     1    -1    -1
     0     0    -1     1     1     1     1    -1
     0     0     0     1     0    -1     0     0
     0     0    -1     1     0    -1     0     0

Bjoern (-1) to move (time left: 155.2 sec.):
     0     0     0     0     0     0     0     0
     0     0     0     0     0     0     0     0
     0     0    -1    -1    -1    -1     0     0
     0     0    -1     1    -1    -1     0    -1
     0     0    -1     1     1     1    -1    -1
     0     0    -1     1     1     1     1    -1
     0     0     0    -1     0    -1     0     0
     0     0    -1    -1    -1    -1     0     0

Lisa (1) to move (time left: 158.6 sec.):
     0     0     0     0     0     0     0     0
     0     0     0     0     0     0     0     0
     0     0    -1    -1    -1    -1     0     0
     0     0    -1     1     1     1     1    -1
     0     0    -1     1     1     1     1    -1
     0     0    -1     1     1     1     1    -1
     0     0     0    -1     0    -1     0     0
     0     0    -1    -1    -1    -1     0     0

Bjoern (-1) to move (time left: 153.1 sec.):
     0     0     0     0     0     0     0     0
     0     0     0     0     0     0     0     0
     0     0    -1    -1    -1    -1     0     0
     0     0    -1     1    -1     1     1    -1
     0     0    -1     1    -1     1    -1    -1
     0     0    -1    -1    -1    -1     1    -1
     0     0     0    -1    -1    -1     0     0
     0     0    -1    -1    -1    -1     0     0

Lisa (1) to move (time left: 155.7 sec.):
     0     0     0     0     0     0     0     0
     0     0     0     0     0     0     0     0
     0     0    -1    -1    -1    -1     0     0
     0     0    -1     1    -1     1     1    -1
     0     0    -1     1     1     1    -1    -1
     0     0    -1     1    -1    -1     1    -1
     0     0     1    -1    -1    -1     0     0
     0     0    -1    -1    -1    -1     0     0

Bjoern (-1) to move (time left: 152.4 sec.):
     0     0     0     0     0     0     0     0
     0     0     0     0     0     0     0     0
     0     0    -1    -1    -1    -1     0    -1
     0     0    -1     1    -1     1    -1    -1
     0     0    -1     1     1    -1    -1    -1
     0     0    -1     1    -1    -1     1    -1
     0     0     1    -1    -1    -1     0     0
     0     0    -1    -1    -1    -1     0     0

Lisa (1) to move (time left: 154.0 sec.):
     0     0     0     0     0     0     0     0
     0     0     0     0     0     0     0     0
     0     0    -1    -1    -1    -1     1    -1
     0     0    -1     1    -1     1     1    -1
     0     0    -1     1     1    -1     1    -1
     0     0    -1     1    -1    -1     1    -1
     0     0     1    -1    -1    -1     0     0
     0     0    -1    -1    -1    -1     0     0

Bjoern (-1) to move (time left: 151.7 sec.):
     0     0     0     0     0     0     0     0
     0     0     0     0     0     0     0     0
     0     0    -1    -1    -1    -1     1    -1
     0     0    -1     1    -1     1     1    -1
     0     0    -1     1     1    -1     1    -1
     0    -1    -1     1    -1    -1     1    -1
     0     0    -1    -1    -1    -1     0     0
     0     0    -1    -1    -1    -1     0     0

Lisa (1) to move (time left: 148.9 sec.):
     0     0     0     0     0     0     0     0
     0     0     0     0     0     0     0     0
     0     0    -1    -1    -1    -1     1    -1
     0     0    -1     1    -1     1     1    -1
     0     0    -1     1     1    -1     1    -1
     1     1     1     1    -1    -1     1    -1
     0     0    -1    -1    -1    -1     0     0
     0     0    -1    -1    -1    -1     0     0

Bjoern (-1) to move (time left: 151.0 sec.):
     0     0     0     0     0     0     0     0
     0     0     0     0     0     0     0     0
     0     0    -1    -1    -1    -1     1    -1
     0     0    -1     1    -1     1     1    -1
     0    -1    -1     1     1    -1     1    -1
     1     1    -1     1    -1    -1     1    -1
     0     0    -1    -1    -1    -1     0     0
     0     0    -1    -1    -1    -1     0     0

Lisa (1) to move (time left: 143.8 sec.):
     0     0     0     0     0     0     0     0
     0     0     0     0     0     0     0     0
     0     0    -1    -1    -1    -1     1    -1
     0     0    -1     1    -1     1     1    -1
     1     1     1     1     1    -1     1    -1
     1     1    -1     1    -1    -1     1    -1
     0     0    -1    -1    -1    -1     0     0
     0     0    -1    -1    -1    -1     0     0

Bjoern (-1) to move (time left: 148.6 sec.):
     0     0     0     0     0     0     0     0
     0     0     0     0     0     0     0     0
     0     0    -1    -1    -1    -1     1    -1
     0    -1    -1     1    -1     1     1    -1
     1     1    -1     1     1    -1     1    -1
     1     1    -1    -1    -1    -1     1    -1
     0     0    -1    -1    -1    -1     0     0
     0     0    -1    -1    -1    -1     0     0

Lisa (1) to move (time left: 140.2 sec.):
     0     0     0     0     0     0     0     0
     0     0     1     0     0     0     0     0
     0     0    -1     1    -1    -1     1    -1
     0    -1    -1     1     1     1     1    -1
     1     1    -1     1     1     1     1    -1
     1     1    -1    -1    -1    -1     1    -1
     0     0    -1    -1    -1    -1     0     0
     0     0    -1    -1    -1    -1     0     0

Bjoern (-1) to move (time left: 146.8 sec.):
     0     0    -1     0     0     0     0     0
     0     0    -1     0     0     0     0     0
     0     0    -1     1    -1    -1     1    -1
     0    -1    -1     1     1     1     1    -1
     1     1    -1     1     1     1     1    -1
     1     1    -1    -1    -1    -1     1    -1
     0     0    -1    -1    -1    -1     0     0
     0     0    -1    -1    -1    -1     0     0

Lisa (1) to move (time left: 137.6 sec.):
     0     0    -1     0     0     0     0     0
     0     0    -1     0     0     0     0     0
     0     0    -1     1    -1    -1     1    -1
     1     1     1     1     1     1     1    -1
     1     1    -1     1     1     1     1    -1
     1     1    -1    -1    -1    -1     1    -1
     0     0    -1    -1    -1    -1     0     0
     0     0    -1    -1    -1    -1     0     0

Bjoern (-1) to move (time left: 145.2 sec.):
     0     0    -1     0     0     0     0     0
     0     0    -1     0     0     0     0     0
    -1     0    -1     1    -1    -1     1    -1
     1    -1     1     1     1     1     1    -1
     1     1    -1     1     1     1     1    -1
     1     1    -1    -1    -1    -1     1    -1
     0     0    -1    -1    -1    -1     0     0
     0     0    -1    -1    -1    -1     0     0

Lisa (1) to move (time left: 130.8 sec.):
     0     0    -1     0     0     0     0     0
     1     0    -1     0     0     0     0     0
     1     0    -1     1    -1    -1     1    -1
     1    -1     1     1     1     1     1    -1
     1     1    -1     1     1     1     1    -1
     1     1    -1    -1    -1    -1     1    -1
     0     0    -1    -1    -1    -1     0     0
     0     0    -1    -1    -1    -1     0     0

Bjoern (-1) to move (time left: 143.7 sec.):
     0     0    -1     0     0     0     0     0
     1     0    -1     0     0     0     0     0
     1    -1    -1     1    -1    -1     1    -1
     1    -1    -1     1     1     1     1    -1
     1     1    -1    -1     1     1     1    -1
     1     1    -1    -1    -1    -1     1    -1
     0     0    -1    -1    -1    -1     0     0
     0     0    -1    -1    -1    -1     0     0

Lisa (1) to move (time left: 118.1 sec.):
     0     0    -1     0     0     0     0     0
     1     0    -1     0     1     0     0     0
     1    -1    -1     1     1     1     1    -1
     1    -1    -1     1     1     1     1    -1
     1     1    -1    -1     1     1     1    -1
     1     1    -1    -1    -1    -1     1    -1
     0     0    -1    -1    -1    -1     0     0
     0     0    -1    -1    -1    -1     0     0

Bjoern (-1) to move (time left: 141.7 sec.):
     0     0    -1     0     0    -1     0     0
     1     0    -1     0    -1     0     0     0
     1    -1    -1    -1     1     1     1    -1
     1    -1    -1     1     1     1     1    -1
     1     1    -1    -1     1     1     1    -1
     1     1    -1    -1    -1    -1     1    -1
     0     0    -1    -1    -1    -1     0     0
     0     0    -1    -1    -1    -1     0     0

Lisa (1) to move (time left: 112.1 sec.):
     0     0    -1     1     0    -1     0     0
     1     0     1     0     1     0     0     0
     1     1    -1    -1     1     1     1    -1
     1    -1    -1     1     1     1     1    -1
     1     1    -1    -1     1     1     1    -1
     1     1    -1    -1    -1    -1     1    -1
     0     0    -1    -1    -1    -1     0     0
     0     0    -1    -1    -1    -1     0     0

Bjoern (-1) to move (time left: 130.3 sec.):
     0     0    -1     1     0    -1     0     0
     1     0     1     0     1     0     0    -1
     1     1    -1    -1     1     1    -1    -1
     1    -1    -1     1     1    -1     1    -1
     1     1    -1    -1    -1     1     1    -1
     1     1    -1    -1    -1    -1     1    -1
     0     0    -1    -1    -1    -1     0     0
     0     0    -1    -1    -1    -1     0     0

Lisa (1) to move (time left: 109.0 sec.):
     0     0    -1     1     0    -1     0     0
     1     0     1     1     1     0     0    -1
     1     1     1     1     1     1    -1    -1
     1     1    -1     1     1    -1     1    -1
     1     1    -1    -1    -1     1     1    -1
     1     1    -1    -1    -1    -1     1    -1
     0     0    -1    -1    -1    -1     0     0
     0     0    -1    -1    -1    -1     0     0

Bjoern (-1) to move (time left: 125.4 sec.):
     0     0    -1     1     0    -1     0     0
     1     0     1     1     1    -1     0    -1
     1     1     1     1    -1    -1    -1    -1
     1     1    -1    -1     1    -1     1    -1
     1     1    -1    -1    -1     1     1    -1
     1     1    -1    -1    -1    -1     1    -1
     0     0    -1    -1    -1    -1     0     0
     0     0    -1    -1    -1    -1     0     0

Lisa (1) to move (time left: 107.7 sec.):
     0     0    -1     1     0    -1     0     0
     1     0     1     1     1    -1     0    -1
     1     1     1     1    -1    -1    -1    -1
     1     1    -1     1     1    -1     1    -1
     1     1    -1    -1     1     1     1    -1
     1     1    -1    -1    -1     1     1    -1
     0     0    -1    -1    -1    -1     1     0
     0     0    -1    -1    -1    -1     0     0

Bjoern (-1) to move (time left: 123.2 sec.):
     0     0    -1    -1    -1    -1     0     0
     1     0     1     1    -1    -1     0    -1
     1     1     1     1    -1    -1    -1    -1
     1     1    -1     1     1    -1     1    -1
     1     1    -1    -1     1     1     1    -1
     1     1    -1    -1    -1     1     1    -1
     0     0    -1    -1    -1    -1     1     0
     0     0    -1    -1    -1    -1     0     0

Lisa (1) to move (time left: 106.9 sec.):
     0     0    -1    -1    -1    -1     0     0
     1     0     1     1    -1    -1     0    -1
     1     1     1     1    -1    -1    -1    -1
     1     1    -1     1     1    -1     1    -1
     1     1    -1     1     1     1     1    -1
     1     1     1    -1    -1     1     1    -1
     0     1     1     1     1     1     1     0
     0     0    -1    -1    -1    -1     0     0

Bjoern (-1) to move (time left: 121.9 sec.):
     0     0    -1    -1    -1    -1     0     0
     1     0     1     1    -1    -1     0    -1
     1     1     1     1    -1    -1    -1    -1
     1     1    -1     1    -1    -1     1    -1
     1     1    -1    -1     1     1     1    -1
     1     1    -1    -1    -1     1     1    -1
     0    -1     1     1     1     1     1     0
    -1     0    -1    -1    -1    -1     0     0

Lisa (1) to move (time left: 106.2 sec.):
     0     0    -1    -1    -1    -1     0     0
     1     0     1     1    -1    -1     0    -1
     1     1     1     1    -1    -1    -1    -1
     1     1    -1     1    -1    -1     1    -1
     1     1    -1    -1     1     1     1    -1
     1     1    -1    -1    -1     1     1    -1
     0     1     1     1     1     1     1     0
    -1     1    -1    -1    -1    -1     0     0

Bjoern (-1) to move (time left: 121.6 sec.):
     0     0    -1    -1    -1    -1     0     0
     1     0     1     1    -1    -1     0    -1
     1     1     1     1    -1    -1    -1    -1
     1     1    -1     1    -1    -1     1    -1
     1     1    -1    -1     1     1     1    -1
     1    -1    -1    -1    -1     1     1    -1
    -1     1     1     1     1     1     1     0
    -1     1    -1    -1    -1    -1     0     0

Lisa (1) to move (time left: 105.7 sec.):
     0     0    -1    -1    -1    -1     1     0
     1     0     1     1    -1     1     0    -1
     1     1     1     1     1    -1    -1    -1
     1     1    -1     1    -1    -1     1    -1
     1     1    -1    -1     1     1     1    -1
     1    -1    -1    -1    -1     1     1    -1
    -1     1     1     1     1     1     1     0
    -1     1    -1    -1    -1    -1     0     0

Bjoern (-1) to move (time left: 121.5 sec.):
    -1     0    -1    -1    -1    -1     1     0
    -1     0     1     1    -1     1     0    -1
    -1     1     1     1     1    -1    -1    -1
    -1     1    -1     1    -1    -1     1    -1
    -1     1    -1    -1     1     1     1    -1
    -1    -1    -1    -1    -1     1     1    -1
    -1     1     1     1     1     1     1     0
    -1     1    -1    -1    -1    -1     0     0

Lisa (1) to move (time left: 105.4 sec.):
    -1     1     1     1     1     1     1     0
    -1     0     1     1    -1     1     0    -1
    -1     1     1     1     1    -1    -1    -1
    -1     1    -1     1    -1    -1     1    -1
    -1     1    -1    -1     1     1     1    -1
    -1    -1    -1    -1    -1     1     1    -1
    -1     1     1     1     1     1     1     0
    -1     1    -1    -1    -1    -1     0     0

Bjoern (-1) to move (time left: 121.4 sec.):
    -1     1     1     1     1     1     1     0
    -1    -1    -1    -1    -1     1     0    -1
    -1    -1     1     1     1    -1    -1    -1
    -1    -1    -1     1    -1    -1     1    -1
    -1    -1    -1    -1     1     1     1    -1
    -1    -1    -1    -1    -1     1     1    -1
    -1     1     1     1     1     1     1     0
    -1     1    -1    -1    -1    -1     0     0

Lisa (1) to move (time left: 105.2 sec.):
    -1     1     1     1     1     1     1     0
    -1    -1    -1    -1    -1     1     0    -1
    -1    -1     1     1     1    -1    -1    -1
    -1    -1    -1     1    -1    -1     1    -1
    -1    -1    -1    -1     1     1     1    -1
    -1    -1    -1    -1    -1     1     1    -1
    -1     1     1     1     1     1     1     0
    -1     1     1     1     1     1     1     0

Bjoern (-1) to move (time left: 121.3 sec.):
    -1     1     1     1     1     1     1     0
    -1    -1    -1    -1    -1    -1    -1    -1
    -1    -1     1     1     1    -1    -1    -1
    -1    -1    -1     1    -1    -1     1    -1
    -1    -1    -1    -1     1     1     1    -1
    -1    -1    -1    -1    -1     1     1    -1
    -1     1     1     1     1     1     1     0
    -1     1     1     1     1     1     1     0

Lisa (1) to move (time left: 105.1 sec.):
    -1     1     1     1     1     1     1     1
    -1    -1    -1    -1    -1    -1     1    -1
    -1    -1     1     1     1     1    -1    -1
    -1    -1    -1     1     1    -1     1    -1
    -1    -1    -1     1     1     1     1    -1
    -1    -1     1    -1    -1     1     1    -1
    -1     1     1     1     1     1     1     0
    -1     1     1     1     1     1     1     0

Bjoern (-1) to move (time left: 121.3 sec.):
    -1     1     1     1     1     1     1     1
    -1    -1    -1    -1    -1    -1     1    -1
    -1    -1    -1     1     1     1    -1    -1
    -1    -1    -1    -1     1    -1     1    -1
    -1    -1    -1     1    -1     1     1    -1
    -1    -1     1    -1    -1    -1     1    -1
    -1     1     1     1     1     1    -1     0
    -1    -1    -1    -1    -1    -1    -1    -1

Lisa (1) to move (time left: 105.0 sec.):
    -1     1     1     1     1     1     1     1
    -1    -1    -1    -1    -1    -1     1     1
    -1    -1    -1     1     1     1    -1     1
    -1    -1    -1    -1     1    -1     1     1
    -1    -1    -1     1    -1     1     1     1
    -1    -1     1    -1    -1    -1     1     1
    -1     1     1     1     1     1     1     1
    -1    -1    -1    -1    -1    -1    -1    -1

Game over.
