PlayerF against Lisa:
     0     0     0     0     0     0     0     0
     0     0     0     0     0     0     0     0
     0     0     0     0     0     0     0     0
     0     0     0     1    -1     0     0     0
     0     0     0    -1     1     0     0     0
     0     0     0     0     0     0     0     0
     0     0     0     0     0     0     0     0
     0     0     0     0     0     0     0     0

Lisa (-1) to move (time left: 180.0 sec.):
     0     0     0     0     0     0     0     0
     0     0     0     0     0     0     0     0
     0     0     0     0     0     0     0     0
     0     0    -1    -1    -1     0     0     0
     0     0     0    -1     1     0     0     0
     0     0     0     0     0     0     0     0
     0     0     0     0     0     0     0     0
     0     0     0     0     0     0     0     0

PlayerF (1) to move (time left: 180.0 sec.):
Restspiele in Datenbank: 49800
Endsteine nach diesem Zug: 62
 
Spiele Datenbankzug...
     0     0     0     0     0     0     0     0
     0     0     0     0     0     0     0     0
     0     0     1     0     0     0     0     0
     0     0    -1     1    -1     0     0     0
     0     0     0    -1     1     0     0     0
     0     0     0     0     0     0     0     0
     0     0     0     0     0     0     0     0
     0     0     0     0     0     0     0     0

Lisa (-1) to move (time left: 179.9 sec.):
     0     0     0     0     0     0     0     0
     0     0     0     0     0     0     0     0
     0     0     1    -1     0     0     0     0
     0     0    -1    -1    -1     0     0     0
     0     0     0    -1     1     0     0     0
     0     0     0     0     0     0     0     0
     0     0     0     0     0     0     0     0
     0     0     0     0     0     0     0     0

PlayerF (1) to move (time left: 179.9 sec.):
Restspiele in Datenbank: 16283
Endsteine nach diesem Zug: 62
 
Spiele Datenbankzug...
     0     0     0     0     0     0     0     0
     0     0     0     0     0     0     0     0
     0     0     1    -1     0     0     0     0
     0     0     1    -1    -1     0     0     0
     0     0     1     1     1     0     0     0
     0     0     0     0     0     0     0     0
     0     0     0     0     0     0     0     0
     0     0     0     0     0     0     0     0

Lisa (-1) to move (time left: 179.8 sec.):
     0     0     0     0     0     0     0     0
     0     0     0     0     0     0     0     0
     0     0     1    -1     0     0     0     0
     0     0     1    -1    -1     0     0     0
     0     0     1    -1     1     0     0     0
     0     0     0    -1     0     0     0     0
     0     0     0     0     0     0     0     0
     0     0     0     0     0     0     0     0

PlayerF (1) to move (time left: 179.9 sec.):
Restspiele in Datenbank: 6521
Endsteine nach diesem Zug: 62
 
Spiele Datenbankzug...
     0     0     0     0     0     0     0     0
     0     0     0     0     0     0     0     0
     0     0     1     1     1     0     0     0
     0     0     1     1     1     0     0     0
     0     0     1    -1     1     0     0     0
     0     0     0    -1     0     0     0     0
     0     0     0     0     0     0     0     0
     0     0     0     0     0     0     0     0

Lisa (-1) to move (time left: 178.8 sec.):
     0     0     0     0     0     0     0     0
     0     0     0     0     0     0     0     0
     0    -1     1     1     1     0     0     0
     0     0    -1     1     1     0     0     0
     0     0     1    -1     1     0     0     0
     0     0     0    -1     0     0     0     0
     0     0     0     0     0     0     0     0
     0     0     0     0     0     0     0     0

PlayerF (1) to move (time left: 179.9 sec.):
Restspiele in Datenbank: 22
Endsteine nach diesem Zug: 44
 
Spiele Datenbankzug...
     0     0     0     0     0     0     0     0
     0     0     0     0     0     0     0     0
     0    -1     1     1     1     0     0     0
     0     1     1     1     1     0     0     0
     0     0     1    -1     1     0     0     0
     0     0     0    -1     0     0     0     0
     0     0     0     0     0     0     0     0
     0     0     0     0     0     0     0     0

Lisa (-1) to move (time left: 177.9 sec.):
     0     0     0     0     0     0     0     0
     0     0     0     0     0     0     0     0
     0    -1     1     1     1     0     0     0
     0     1     1     1     1     0     0     0
     0     0     1    -1    -1    -1     0     0
     0     0     0    -1     0     0     0     0
     0     0     0     0     0     0     0     0
     0     0     0     0     0     0     0     0

{Operation terminated by user during tournament_main


In tournament_main

In tournament_main
} 
uiopen('D:\Git\DerGeileTyp\Tournament\players\Bjoern\BM_strategy.m',1)
tournament_main('time_budget',180,'games_per_pair',2)
