hiba against Jojo:
     0     0     0     0     0     0     0     0
     0     0     0     0     0     0     0     0
     0     0     0     0     0     0     0     0
     0     0     0     1    -1     0     0     0
     0     0     0    -1     1     0     0     0
     0     0     0     0     0     0     0     0
     0     0     0     0     0     0     0     0
     0     0     0     0     0     0     0     0

Jojo (-1) to move (time left: 180.0 sec.):
     0     0     0     0     0     0     0     0
     0     0     0     0     0     0     0     0
     0     0     0     0     0     0     0     0
     0     0    -1    -1    -1     0     0     0
     0     0     0    -1     1     0     0     0
     0     0     0     0     0     0     0     0
     0     0     0     0     0     0     0     0
     0     0     0     0     0     0     0     0

hiba (1) to move (time left: 180.0 sec.):
     0     0     0     0     0     0     0     0
     0     0     0     0     0     0     0     0
     0     0     1     0     0     0     0     0
     0     0    -1     1    -1     0     0     0
     0     0     0    -1     1     0     0     0
     0     0     0     0     0     0     0     0
     0     0     0     0     0     0     0     0
     0     0     0     0     0     0     0     0

Jojo (-1) to move (time left: 179.9 sec.):
     0     0     0     0     0     0     0     0
     0     0     0     0     0     0     0     0
     0     0     1     0     0     0     0     0
     0     0    -1     1    -1     0     0     0
     0     0     0    -1    -1    -1     0     0
     0     0     0     0     0     0     0     0
     0     0     0     0     0     0     0     0
     0     0     0     0     0     0     0     0

hiba (1) to move (time left: 179.9 sec.):
     0     0     0     0     0     0     0     0
     0     0     0     0     0     0     0     0
     0     0     1     0     0     0     0     0
     0     1     1     1    -1     0     0     0
     0     0     0    -1    -1    -1     0     0
     0     0     0     0     0     0     0     0
     0     0     0     0     0     0     0     0
     0     0     0     0     0     0     0     0

Jojo (-1) to move (time left: 179.7 sec.):
     0     0     0     0     0     0     0     0
     0     0     0     0     0     0     0     0
     0     0     1     0     0     0     0     0
    -1    -1    -1    -1    -1     0     0     0
     0     0     0    -1    -1    -1     0     0
     0     0     0     0     0     0     0     0
     0     0     0     0     0     0     0     0
     0     0     0     0     0     0     0     0

hiba (1) to move (time left: 179.8 sec.):
     0     0     0     0     0     0     0     0
     0     0     0     0     0     0     0     0
     0     0     1     0     0     0     0     0
    -1     1    -1    -1    -1     0     0     0
     1     0     0    -1    -1    -1     0     0
     0     0     0     0     0     0     0     0
     0     0     0     0     0     0     0     0
     0     0     0     0     0     0     0     0

Jojo (-1) to move (time left: 179.6 sec.):
     0     0     0     0     0     0     0     0
     0     0     0     0     0     0     0     0
     0     0     1     0     0     0     0     0
    -1     1    -1    -1    -1     0     0     0
    -1     0     0    -1    -1    -1     0     0
    -1     0     0     0     0     0     0     0
     0     0     0     0     0     0     0     0
     0     0     0     0     0     0     0     0

hiba (1) to move (time left: 179.7 sec.):
     0     0     0     0     0     0     0     0
     0     0     0     0     0     0     0     0
     0     0     1     0     0     0     0     0
    -1     1     1     1     1     1     0     0
    -1     0     0    -1    -1    -1     0     0
    -1     0     0     0     0     0     0     0
     0     0     0     0     0     0     0     0
     0     0     0     0     0     0     0     0

Jojo (-1) to move (time left: 179.5 sec.):
     0     0     0     0     0     0     0     0
     0     0     0     0     0     0     0     0
     0     0     1     0    -1     0     0     0
    -1     1     1     1    -1     1     0     0
    -1     0     0    -1    -1    -1     0     0
    -1     0     0     0     0     0     0     0
     0     0     0     0     0     0     0     0
     0     0     0     0     0     0     0     0

hiba (1) to move (time left: 179.6 sec.):
     0     0     0     0     0     0     0     0
     0     0     0     0     0     0     0     0
     0     0     1     0    -1     0     0     0
    -1     1     1     1    -1     1     0     0
    -1     0     0    -1     1     1     0     0
    -1     0     0     0     0     1     0     0
     0     0     0     0     0     0     0     0
     0     0     0     0     0     0     0     0

Jojo (-1) to move (time left: 179.2 sec.):
     0     0     0     0     0     0     0     0
     0     0     0     0     0     0     0     0
     0     0     1    -1    -1     0     0     0
    -1     1     1    -1    -1     1     0     0
    -1     0     0    -1     1     1     0     0
    -1     0     0     0     0     1     0     0
     0     0     0     0     0     0     0     0
     0     0     0     0     0     0     0     0

hiba (1) to move (time left: 179.2 sec.):
     0     0     0     0     0     0     0     0
     0     0     0     0     0     0     0     0
     0     0     1    -1    -1     0     0     0
    -1     1     1    -1    -1     1     0     0
    -1     0     0     1     1     1     0     0
    -1     0     0     0     1     1     0     0
     0     0     0     0     0     0     0     0
     0     0     0     0     0     0     0     0

Jojo (-1) to move (time left: 179.0 sec.):
     0     0     0     0     0     0     0     0
     0     0     0     0     0     0     0     0
     0     0     1    -1    -1     0     0     0
    -1     1    -1    -1    -1     1     0     0
    -1    -1     0     1     1     1     0     0
    -1     0     0     0     1     1     0     0
     0     0     0     0     0     0     0     0
     0     0     0     0     0     0     0     0

hiba (1) to move (time left: 178.4 sec.):
     0     0     0     0     0     0     0     0
     0     0     0     1     0     0     0     0
     0     0     1     1     1     0     0     0
    -1     1    -1     1    -1     1     0     0
    -1    -1     0     1     1     1     0     0
    -1     0     0     0     1     1     0     0
     0     0     0     0     0     0     0     0
     0     0     0     0     0     0     0     0

Jojo (-1) to move (time left: 178.7 sec.):
     0     0     0     0     0     0     0     0
     0     0     0     1     0     0     0     0
     0     0     1     1     1     0     0     0
    -1     1    -1     1    -1     1     0     0
    -1    -1     0     1    -1     1     0     0
    -1     0     0     0    -1     1     0     0
     0     0     0     0    -1     0     0     0
     0     0     0     0     0     0     0     0

hiba (1) to move (time left: 177.3 sec.):
     0     0     0     0     0     0     0     0
     0     0     0     1     0     0     0     0
     0     0     1     1     1     0     0     0
    -1     1    -1     1     1     1     0     0
    -1    -1     0     1     1     1     0     0
    -1     0     0     0     1     1     0     0
     0     0     0     0     1     0     0     0
     0     0     0     0     1     0     0     0

Jojo (-1) to move (time left: 178.4 sec.):
     0     0     0     0     0     0     0     0
     0     0    -1     1     0     0     0     0
     0     0    -1     1     1     0     0     0
    -1     1    -1     1     1     1     0     0
    -1    -1     0     1     1     1     0     0
    -1     0     0     0     1     1     0     0
     0     0     0     0     1     0     0     0
     0     0     0     0     1     0     0     0

hiba (1) to move (time left: 176.0 sec.):
     0     0     0     0     0     0     0     0
     0     0    -1     1     0     0     0     0
     0     1     1     1     1     0     0     0
    -1     1     1     1     1     1     0     0
    -1    -1     0     1     1     1     0     0
    -1     0     0     0     1     1     0     0
     0     0     0     0     1     0     0     0
     0     0     0     0     1     0     0     0

Jojo (-1) to move (time left: 178.3 sec.):
     0     0     0     0     0     0     0     0
     0     0    -1     1     0     0     0     0
     0     1    -1     1     1     0     0     0
    -1     1    -1     1     1     1     0     0
    -1    -1    -1     1     1     1     0     0
    -1     0     0     0     1     1     0     0
     0     0     0     0     1     0     0     0
     0     0     0     0     1     0     0     0

hiba (1) to move (time left: 175.5 sec.):
     0     0     0     1     0     0     0     0
     0     0     1     1     0     0     0     0
     0     1    -1     1     1     0     0     0
    -1     1    -1     1     1     1     0     0
    -1    -1    -1     1     1     1     0     0
    -1     0     0     0     1     1     0     0
     0     0     0     0     1     0     0     0
     0     0     0     0     1     0     0     0

Jojo (-1) to move (time left: 178.1 sec.):
     0     0    -1     1     0     0     0     0
     0     0    -1     1     0     0     0     0
     0     1    -1     1     1     0     0     0
    -1     1    -1     1     1     1     0     0
    -1    -1    -1     1     1     1     0     0
    -1     0     0     0     1     1     0     0
     0     0     0     0     1     0     0     0
     0     0     0     0     1     0     0     0

hiba (1) to move (time left: 174.3 sec.):
     0     0    -1     1     0     0     0     0
     0     0    -1     1     0     0     0     0
     0     1    -1     1     1     0     0     0
    -1     1    -1     1     1     1     0     0
    -1     1     1     1     1     1     0     0
    -1     1     0     0     1     1     0     0
     0     0     0     0     1     0     0     0
     0     0     0     0     1     0     0     0

Jojo (-1) to move (time left: 178.0 sec.):
     0     0    -1    -1    -1     0     0     0
     0     0    -1    -1     0     0     0     0
     0     1    -1     1     1     0     0     0
    -1     1    -1     1     1     1     0     0
    -1     1     1     1     1     1     0     0
    -1     1     0     0     1     1     0     0
     0     0     0     0     1     0     0     0
     0     0     0     0     1     0     0     0

hiba (1) to move (time left: 173.5 sec.):
     0     1    -1    -1    -1     0     0     0
     0     0     1    -1     0     0     0     0
     0     1    -1     1     1     0     0     0
    -1     1    -1     1     1     1     0     0
    -1     1     1     1     1     1     0     0
    -1     1     0     0     1     1     0     0
     0     0     0     0     1     0     0     0
     0     0     0     0     1     0     0     0

Jojo (-1) to move (time left: 177.8 sec.):
    -1    -1    -1    -1    -1     0     0     0
     0     0     1    -1     0     0     0     0
     0     1    -1     1     1     0     0     0
    -1     1    -1     1     1     1     0     0
    -1     1     1     1     1     1     0     0
    -1     1     0     0     1     1     0     0
     0     0     0     0     1     0     0     0
     0     0     0     0     1     0     0     0

hiba (1) to move (time left: 172.9 sec.):
    -1    -1    -1    -1    -1     0     0     0
     0     0     1     1     1     0     0     0
     0     1    -1     1     1     0     0     0
    -1     1    -1     1     1     1     0     0
    -1     1     1     1     1     1     0     0
    -1     1     0     0     1     1     0     0
     0     0     0     0     1     0     0     0
     0     0     0     0     1     0     0     0

Jojo (-1) to move (time left: 177.6 sec.):
    -1    -1    -1    -1    -1     0     0     0
    -1     0     1     1     1     0     0     0
     0    -1    -1     1     1     0     0     0
    -1     1    -1     1     1     1     0     0
    -1     1     1     1     1     1     0     0
    -1     1     0     0     1     1     0     0
     0     0     0     0     1     0     0     0
     0     0     0     0     1     0     0     0

hiba (1) to move (time left: 172.2 sec.):
    -1    -1    -1    -1    -1     0     0     0
    -1     0     1     1     1     0     0     0
     1     1     1     1     1     0     0     0
    -1     1    -1     1     1     1     0     0
    -1     1     1     1     1     1     0     0
    -1     1     0     0     1     1     0     0
     0     0     0     0     1     0     0     0
     0     0     0     0     1     0     0     0

Jojo (-1) to move (time left: 177.5 sec.):
    -1    -1    -1    -1    -1     0     0     0
    -1     0     1    -1     1     0     0     0
     1     1     1    -1     1     0     0     0
    -1     1    -1    -1     1     1     0     0
    -1     1     1    -1     1     1     0     0
    -1     1     0    -1     1     1     0     0
     0     0     0     0     1     0     0     0
     0     0     0     0     1     0     0     0

hiba (1) to move (time left: 171.9 sec.):
    -1    -1    -1    -1    -1     0     0     0
    -1     0     1    -1     1     0     0     0
     1     1     1    -1     1     0     0     0
    -1     1    -1    -1     1     1     0     0
    -1     1     1     1     1     1     0     0
    -1     1     1     1     1     1     0     0
     0     0     0     0     1     0     0     0
     0     0     0     0     1     0     0     0

Jojo (-1) to move (time left: 177.3 sec.):
    -1    -1    -1    -1    -1     0     0     0
    -1    -1    -1    -1     1     0     0     0
     1     1    -1    -1     1     0     0     0
    -1     1    -1    -1     1     1     0     0
    -1     1     1     1     1     1     0     0
    -1     1     1     1     1     1     0     0
     0     0     0     0     1     0     0     0
     0     0     0     0     1     0     0     0

hiba (1) to move (time left: 171.2 sec.):
    -1    -1    -1    -1    -1     0     0     0
    -1    -1    -1    -1     1     0     0     0
     1     1    -1    -1     1     0     0     0
     1     1    -1    -1     1     1     0     0
     1     1     1     1     1     1     0     0
     1     1     1     1     1     1     0     0
     1     0     0     0     1     0     0     0
     0     0     0     0     1     0     0     0

Jojo (-1) to move (time left: 177.2 sec.):
    -1    -1    -1    -1    -1     0     0     0
    -1    -1    -1    -1     1     0     0     0
    -1     1    -1    -1     1     0     0     0
    -1     1    -1    -1     1     1     0     0
    -1     1     1     1     1     1     0     0
    -1     1     1     1     1     1     0     0
    -1     0     0     0     1     0     0     0
    -1     0     0     0     1     0     0     0

hiba (1) to move (time left: 170.9 sec.):
    -1    -1    -1    -1    -1     0     0     0
    -1    -1    -1    -1     1     0     0     0
    -1     1    -1    -1     1     0     0     0
    -1     1    -1    -1     1     1     0     0
    -1     1     1     1     1     1     0     0
    -1     1     1     1     1     1     0     0
    -1     0     0     0     1     0     0     0
    -1     0     0     0     1     0     0     0

Jojo (-1) to move (time left: 177.1 sec.):
    -1    -1    -1    -1    -1    -1     0     0
    -1    -1    -1    -1    -1     0     0     0
    -1     1    -1    -1     1     0     0     0
    -1     1    -1    -1     1     1     0     0
    -1     1     1     1     1     1     0     0
    -1     1     1     1     1     1     0     0
    -1     0     0     0     1     0     0     0
    -1     0     0     0     1     0     0     0

hiba (1) to move (time left: 170.9 sec.):
    -1    -1    -1    -1    -1    -1     0     0
    -1    -1    -1    -1    -1     0     0     0
    -1     1    -1    -1     1     0     0     0
    -1     1    -1    -1     1     1     0     0
    -1     1     1     1     1     1     0     0
    -1     1     1     1     1     1     0     0
    -1     0     0     0     1     0     0     0
    -1     0     0     0     1     0     0     0

Jojo (-1) to move (time left: 176.9 sec.):
    -1    -1    -1    -1    -1    -1     0     0
    -1    -1    -1    -1    -1    -1     0     0
    -1     1    -1    -1    -1     0     0     0
    -1     1    -1    -1     1     1     0     0
    -1     1     1     1     1     1     0     0
    -1     1     1     1     1     1     0     0
    -1     0     0     0     1     0     0     0
    -1     0     0     0     1     0     0     0

hiba (1) to move (time left: 170.8 sec.):
    -1    -1    -1    -1    -1    -1     1     0
    -1    -1    -1    -1    -1     1     0     0
    -1     1    -1    -1     1     0     0     0
    -1     1    -1     1     1     1     0     0
    -1     1     1     1     1     1     0     0
    -1     1     1     1     1     1     0     0
    -1     0     0     0     1     0     0     0
    -1     0     0     0     1     0     0     0

Jojo (-1) to move (time left: 176.8 sec.):
    -1    -1    -1    -1    -1    -1     1     0
    -1    -1    -1    -1    -1     1     0     0
    -1    -1    -1    -1     1     0     0     0
    -1    -1    -1     1     1     1     0     0
    -1    -1     1     1     1     1     0     0
    -1    -1     1     1     1     1     0     0
    -1    -1     0     0     1     0     0     0
    -1     0     0     0     1     0     0     0

hiba (1) to move (time left: 170.4 sec.):
    -1    -1    -1    -1    -1    -1     1     0
    -1    -1    -1    -1    -1     1     0     0
    -1    -1    -1    -1     1     0     0     0
    -1    -1    -1     1     1     1     0     0
    -1    -1     1     1     1     1     0     0
    -1    -1     1     1     1     1     0     0
    -1    -1     0     0     1     0     0     0
    -1     0     0     0     1     0     0     0

Jojo (-1) to move (time left: 176.7 sec.):
    -1    -1    -1    -1    -1    -1     1     0
    -1    -1    -1    -1    -1     1     0     0
    -1    -1    -1    -1     1     0     0     0
    -1    -1    -1     1     1     1     0     0
    -1    -1    -1     1     1     1     0     0
    -1    -1    -1     1     1     1     0     0
    -1    -1    -1     0     1     0     0     0
    -1     0     0     0     1     0     0     0

hiba (1) to move (time left: 170.3 sec.):
    -1    -1    -1    -1    -1    -1     1     0
    -1    -1    -1    -1    -1     1     0     0
    -1    -1    -1    -1     1     0     0     0
    -1    -1    -1     1     1     1     0     0
    -1    -1    -1     1     1     1     0     0
    -1    -1    -1     1     1     1     0     0
    -1    -1     1     0     1     0     0     0
    -1     1     0     0     1     0     0     0

Jojo (-1) to move (time left: 176.5 sec.):
    -1    -1    -1    -1    -1    -1     1     0
    -1    -1    -1    -1    -1     1     0     0
    -1    -1    -1    -1     1     0     0     0
    -1    -1    -1     1     1     1     0     0
    -1    -1    -1     1     1     1     0     0
    -1    -1    -1     1     1     1     0     0
    -1    -1    -1     0     1     0     0     0
    -1    -1    -1     0     1     0     0     0

hiba (1) to move (time left: 170.0 sec.):
    -1    -1    -1    -1    -1    -1     1     0
    -1    -1    -1    -1    -1     1     0     0
    -1    -1    -1    -1     1     0     0     0
    -1    -1    -1     1     1     1     0     0
    -1    -1    -1     1     1     1     0     0
    -1    -1    -1     1     1     1     0     0
    -1    -1    -1     0     1     0     0     0
    -1    -1    -1     0     1     0     0     0

Jojo (-1) to move (time left: 176.4 sec.):
    -1    -1    -1    -1    -1    -1     1     0
    -1    -1    -1    -1    -1     1     0     0
    -1    -1    -1    -1     1     0     0     0
    -1    -1    -1    -1     1     1     0     0
    -1    -1    -1    -1     1     1     0     0
    -1    -1    -1    -1     1     1     0     0
    -1    -1    -1    -1     1     0     0     0
    -1    -1    -1     0     1     0     0     0

hiba (1) to move (time left: 169.9 sec.):
    -1    -1    -1    -1    -1    -1     1     0
    -1    -1    -1    -1    -1     1     0     0
    -1    -1    -1    -1     1     0     0     0
    -1    -1    -1    -1     1     1     0     0
    -1    -1    -1    -1     1     1     0     0
    -1    -1    -1    -1     1     1     0     0
    -1    -1    -1    -1     1     0     0     0
    -1    -1    -1     0     1     0     0     0

Jojo (-1) to move (time left: 176.3 sec.):
    -1    -1    -1    -1    -1    -1     1     0
    -1    -1    -1    -1    -1    -1     0     0
    -1    -1    -1    -1    -1    -1     0     0
    -1    -1    -1    -1    -1     1     0     0
    -1    -1    -1    -1     1     1     0     0
    -1    -1    -1    -1     1     1     0     0
    -1    -1    -1    -1     1     0     0     0
    -1    -1    -1     0     1     0     0     0

hiba (1) to move (time left: 169.8 sec.):
    -1    -1    -1    -1    -1    -1     1     0
    -1    -1    -1    -1    -1    -1     0     0
    -1    -1    -1    -1    -1    -1     0     0
    -1    -1    -1    -1    -1     1     0     0
    -1    -1    -1    -1     1     1     0     0
    -1    -1    -1    -1     1     1     0     0
    -1    -1    -1    -1     1     0     0     0
    -1    -1    -1     0     1     0     0     0

Jojo (-1) to move (time left: 176.2 sec.):
    -1    -1    -1    -1    -1    -1     1     0
    -1    -1    -1    -1    -1    -1     0     0
    -1    -1    -1    -1    -1    -1     0     0
    -1    -1    -1    -1    -1     1     0     0
    -1    -1    -1    -1     1     1     0     0
    -1    -1    -1    -1     1     1     0     0
    -1    -1    -1    -1    -1     0     0     0
    -1    -1    -1     0     1    -1     0     0

hiba (1) to move (time left: 169.7 sec.):
    -1    -1    -1    -1    -1    -1     1     0
    -1    -1    -1    -1    -1    -1     0     0
    -1    -1    -1    -1    -1    -1     0     0
    -1    -1    -1    -1    -1     1     0     0
    -1    -1    -1    -1     1     1     0     0
    -1    -1    -1    -1     1     1     0     0
    -1    -1    -1    -1     1     0     0     0
    -1    -1    -1     1     1    -1     0     0

Jojo (-1) to move (time left: 176.1 sec.):
    -1    -1    -1    -1    -1    -1     1     0
    -1    -1    -1    -1    -1    -1     0     0
    -1    -1    -1    -1    -1    -1    -1     0
    -1    -1    -1    -1    -1    -1     0     0
    -1    -1    -1    -1    -1     1     0     0
    -1    -1    -1    -1     1     1     0     0
    -1    -1    -1    -1     1     0     0     0
    -1    -1    -1     1     1    -1     0     0

hiba (1) to move (time left: 169.6 sec.):
    -1    -1    -1    -1    -1    -1     1     0
    -1    -1    -1    -1    -1    -1     0     0
    -1    -1    -1    -1    -1    -1    -1     0
    -1    -1    -1    -1    -1    -1     0     0
    -1    -1    -1    -1    -1     1     0     0
    -1    -1    -1    -1     1     1     0     0
    -1    -1    -1    -1     1     0     0     0
    -1    -1    -1     1     1     1     1     0

Jojo (-1) to move (time left: 176.0 sec.):
    -1    -1    -1    -1    -1    -1     1     0
    -1    -1    -1    -1    -1    -1     0     0
    -1    -1    -1    -1    -1    -1    -1     0
    -1    -1    -1    -1    -1    -1     0     0
    -1    -1    -1    -1    -1    -1     0     0
    -1    -1    -1    -1    -1    -1     0     0
    -1    -1    -1    -1    -1    -1     0     0
    -1    -1    -1     1     1     1     1     0

hiba (1) to move (time left: 169.5 sec.):
    -1    -1    -1    -1    -1    -1     1     0
    -1    -1    -1    -1    -1    -1     0     0
    -1    -1    -1    -1    -1    -1    -1     0
    -1    -1    -1    -1    -1    -1     0     0
    -1    -1    -1    -1    -1    -1     1     0
    -1    -1    -1    -1    -1     1     0     0
    -1    -1    -1    -1     1    -1     0     0
    -1    -1    -1     1     1     1     1     0

Jojo (-1) to move (time left: 175.9 sec.):
    -1    -1    -1    -1    -1    -1     1     0
    -1    -1    -1    -1    -1    -1     0     0
    -1    -1    -1    -1    -1    -1    -1     0
    -1    -1    -1    -1    -1    -1     0     0
    -1    -1    -1    -1    -1    -1     1     0
    -1    -1    -1    -1    -1    -1    -1     0
    -1    -1    -1    -1     1    -1     0     0
    -1    -1    -1     1     1     1     1     0

hiba (1) to move (time left: 169.4 sec.):
    -1    -1    -1    -1    -1    -1     1     0
    -1    -1    -1    -1    -1    -1     0     0
    -1    -1    -1    -1    -1    -1    -1     0
    -1    -1    -1    -1    -1    -1     0     0
    -1    -1    -1    -1    -1    -1     1     0
    -1    -1    -1    -1    -1    -1     1     0
    -1    -1    -1    -1     1     1     1     0
    -1    -1    -1     1     1     1     1     0

Jojo (-1) to move (time left: 175.8 sec.):
    -1    -1    -1    -1    -1    -1     1     0
    -1    -1    -1    -1    -1    -1     0     0
    -1    -1    -1    -1    -1    -1    -1     0
    -1    -1    -1    -1    -1    -1     0    -1
    -1    -1    -1    -1    -1    -1    -1     0
    -1    -1    -1    -1    -1    -1     1     0
    -1    -1    -1    -1     1     1     1     0
    -1    -1    -1     1     1     1     1     0

hiba (1) to move (time left: 169.3 sec.):
    -1    -1    -1    -1    -1    -1     1     0
    -1    -1    -1    -1    -1    -1     0     0
    -1    -1    -1    -1    -1    -1    -1     0
    -1    -1    -1    -1    -1    -1     1    -1
    -1    -1    -1    -1    -1    -1     1     0
    -1    -1    -1    -1    -1    -1     1     0
    -1    -1    -1    -1     1     1     1     0
    -1    -1    -1     1     1     1     1     0

Jojo (-1) to move (time left: 175.3 sec.):
    -1    -1    -1    -1    -1    -1     1     0
    -1    -1    -1    -1    -1    -1     0     0
    -1    -1    -1    -1    -1    -1    -1     0
    -1    -1    -1    -1    -1    -1    -1    -1
    -1    -1    -1    -1    -1    -1    -1    -1
    -1    -1    -1    -1    -1    -1     1     0
    -1    -1    -1    -1     1     1     1     0
    -1    -1    -1     1     1     1     1     0

hiba (1) to move (time left: 169.2 sec.):
    -1    -1    -1    -1    -1    -1     1     0
    -1    -1    -1    -1    -1    -1     1     0
    -1    -1    -1    -1    -1    -1     1     0
    -1    -1    -1    -1    -1    -1     1    -1
    -1    -1    -1    -1    -1    -1     1    -1
    -1    -1    -1    -1    -1    -1     1     0
    -1    -1    -1    -1     1     1     1     0
    -1    -1    -1     1     1     1     1     0

Jojo (-1) to move (time left: 175.1 sec.):
    -1    -1    -1    -1    -1    -1     1     0
    -1    -1    -1    -1    -1    -1     1     0
    -1    -1    -1    -1    -1    -1     1     0
    -1    -1    -1    -1    -1    -1     1    -1
    -1    -1    -1    -1    -1    -1     1    -1
    -1    -1    -1    -1    -1    -1    -1     0
    -1    -1    -1    -1    -1    -1    -1    -1
    -1    -1    -1     1     1     1     1     0

hiba (1) to move (time left: 169.1 sec.):
    -1    -1    -1    -1    -1    -1     1     0
    -1    -1    -1    -1    -1    -1     1     0
    -1    -1    -1    -1    -1    -1     1     0
    -1    -1    -1    -1    -1    -1     1    -1
    -1    -1    -1    -1    -1    -1     1    -1
    -1    -1    -1    -1    -1    -1    -1     1
    -1    -1    -1    -1    -1    -1     1    -1
    -1    -1    -1     1     1     1     1     0

Jojo (-1) to move (time left: 175.0 sec.):
    -1    -1    -1    -1    -1    -1     1     0
    -1    -1    -1    -1    -1    -1     1     0
    -1    -1    -1    -1    -1    -1     1     0
    -1    -1    -1    -1    -1    -1     1    -1
    -1    -1    -1    -1    -1    -1     1    -1
    -1    -1    -1    -1    -1    -1    -1     1
    -1    -1    -1    -1    -1    -1    -1    -1
    -1    -1    -1    -1    -1    -1    -1    -1

hiba (1) to move (time left: 169.0 sec.):
    -1    -1    -1    -1    -1    -1     1     0
    -1    -1    -1    -1    -1    -1     1     0
    -1    -1    -1    -1    -1    -1     1     1
    -1    -1    -1    -1    -1    -1     1     1
    -1    -1    -1    -1    -1    -1     1     1
    -1    -1    -1    -1    -1    -1    -1     1
    -1    -1    -1    -1    -1    -1    -1    -1
    -1    -1    -1    -1    -1    -1    -1    -1

Jojo (-1) to move (time left: 174.9 sec.):
    -1    -1    -1    -1    -1    -1     1     0
    -1    -1    -1    -1    -1    -1    -1    -1
    -1    -1    -1    -1    -1    -1    -1    -1
    -1    -1    -1    -1    -1    -1     1    -1
    -1    -1    -1    -1    -1    -1     1    -1
    -1    -1    -1    -1    -1    -1    -1    -1
    -1    -1    -1    -1    -1    -1    -1    -1
    -1    -1    -1    -1    -1    -1    -1    -1

hiba (1) to move (time left: 168.9 sec.):
    -1    -1    -1    -1    -1    -1     1     0
    -1    -1    -1    -1    -1    -1    -1    -1
    -1    -1    -1    -1    -1    -1    -1    -1
    -1    -1    -1    -1    -1    -1     1    -1
    -1    -1    -1    -1    -1    -1     1    -1
    -1    -1    -1    -1    -1    -1    -1    -1
    -1    -1    -1    -1    -1    -1    -1    -1
    -1    -1    -1    -1    -1    -1    -1    -1

Jojo (-1) to move (time left: 174.9 sec.):
    -1    -1    -1    -1    -1    -1    -1    -1
    -1    -1    -1    -1    -1    -1    -1    -1
    -1    -1    -1    -1    -1    -1    -1    -1
    -1    -1    -1    -1    -1    -1     1    -1
    -1    -1    -1    -1    -1    -1     1    -1
    -1    -1    -1    -1    -1    -1    -1    -1
    -1    -1    -1    -1    -1    -1    -1    -1
    -1    -1    -1    -1    -1    -1    -1    -1

Game over.
