Bjoern against DerGeileGetz:
     0     0     0     0     0     0     0     0
     0     0     0     0     0     0     0     0
     0     0     0     0     0     0     0     0
     0     0     0     1    -1     0     0     0
     0     0     0    -1     1     0     0     0
     0     0     0     0     0     0     0     0
     0     0     0     0     0     0     0     0
     0     0     0     0     0     0     0     0

DerGeileGetz (-1) to move (time left: 180.0 sec.):
     0     0     0     0     0     0     0     0
     0     0     0     0     0     0     0     0
     0     0     0     0     0     0     0     0
     0     0    -1    -1    -1     0     0     0
     0     0     0    -1     1     0     0     0
     0     0     0     0     0     0     0     0
     0     0     0     0     0     0     0     0
     0     0     0     0     0     0     0     0

Bjoern (1) to move (time left: 180.0 sec.):
     0     0     0     0     0     0     0     0
     0     0     0     0     0     0     0     0
     0     0     1     0     0     0     0     0
     0     0    -1     1    -1     0     0     0
     0     0     0    -1     1     0     0     0
     0     0     0     0     0     0     0     0
     0     0     0     0     0     0     0     0
     0     0     0     0     0     0     0     0

DerGeileGetz (-1) to move (time left: 179.9 sec.):
     0     0     0     0     0     0     0     0
     0     0     0     0     0     0     0     0
     0     0     1    -1     0     0     0     0
     0     0    -1    -1    -1     0     0     0
     0     0     0    -1     1     0     0     0
     0     0     0     0     0     0     0     0
     0     0     0     0     0     0     0     0
     0     0     0     0     0     0     0     0

Bjoern (1) to move (time left: 179.8 sec.):
     0     0     0     0     0     0     0     0
     0     0     0     0     0     0     0     0
     0     0     1    -1     0     0     0     0
     0     0     1    -1    -1     0     0     0
     0     0     1     1     1     0     0     0
     0     0     0     0     0     0     0     0
     0     0     0     0     0     0     0     0
     0     0     0     0     0     0     0     0

DerGeileGetz (-1) to move (time left: 179.8 sec.):
     0     0     0     0     0     0     0     0
     0     0     0     0     0     0     0     0
     0    -1    -1    -1     0     0     0     0
     0     0     1    -1    -1     0     0     0
     0     0     1     1     1     0     0     0
     0     0     0     0     0     0     0     0
     0     0     0     0     0     0     0     0
     0     0     0     0     0     0     0     0

Bjoern (1) to move (time left: 179.3 sec.):
     0     0     0     0     0     0     0     0
     0     0     0     0     0     0     0     0
     0    -1    -1    -1     1     0     0     0
     0     0     1     1     1     0     0     0
     0     0     1     1     1     0     0     0
     0     0     0     0     0     0     0     0
     0     0     0     0     0     0     0     0
     0     0     0     0     0     0     0     0

DerGeileGetz (-1) to move (time left: 179.4 sec.):
     0     0     0     0     0     0     0     0
     0     0     0     0     0     0     0     0
     0    -1    -1    -1    -1    -1     0     0
     0     0     1     1     1     0     0     0
     0     0     1     1     1     0     0     0
     0     0     0     0     0     0     0     0
     0     0     0     0     0     0     0     0
     0     0     0     0     0     0     0     0

Bjoern (1) to move (time left: 177.8 sec.):
     0     0     0     0     0     0     0     0
     0     0     0     0     0     1     0     0
     0    -1    -1    -1     1    -1     0     0
     0     0     1     1     1     0     0     0
     0     0     1     1     1     0     0     0
     0     0     0     0     0     0     0     0
     0     0     0     0     0     0     0     0
     0     0     0     0     0     0     0     0

DerGeileGetz (-1) to move (time left: 179.1 sec.):
     0     0     0     0     0     0     0     0
     0     0     0     0     0     1     0     0
     0    -1    -1    -1     1    -1     0     0
     0     0     1    -1     1     0     0     0
     0     0     1     1    -1     0     0     0
     0     0     0     0     0    -1     0     0
     0     0     0     0     0     0     0     0
     0     0     0     0     0     0     0     0

Bjoern (1) to move (time left: 176.6 sec.):
     0     0     0     0     0     0     0     0
     0     0     0     0     0     1     0     0
     0    -1    -1    -1     1     1     0     0
     0     0     1    -1     1     1     0     0
     0     0     1     1    -1     0     0     0
     0     0     0     0     0    -1     0     0
     0     0     0     0     0     0     0     0
     0     0     0     0     0     0     0     0

DerGeileGetz (-1) to move (time left: 178.6 sec.):
     0     0     0     0     0     0     0     0
     0     0     0     0     0     1     0     0
     0    -1    -1    -1     1     1     0     0
     0     0     1    -1    -1     1     0     0
     0     0     1     1    -1    -1     0     0
     0     0     0     0     0    -1     0     0
     0     0     0     0     0     0     0     0
     0     0     0     0     0     0     0     0

Bjoern (1) to move (time left: 174.0 sec.):
     0     0     0     0     0     0     0     0
     0     0     0     0     0     1     0     0
     1     1     1     1     1     1     0     0
     0     0     1    -1    -1     1     0     0
     0     0     1     1    -1    -1     0     0
     0     0     0     0     0    -1     0     0
     0     0     0     0     0     0     0     0
     0     0     0     0     0     0     0     0

DerGeileGetz (-1) to move (time left: 178.0 sec.):
     0     0     0     0     0    -1     0     0
     0     0     0     0     0    -1     0     0
     1     1     1     1     1    -1     0     0
     0     0     1    -1    -1    -1     0     0
     0     0     1     1    -1    -1     0     0
     0     0     0     0     0    -1     0     0
     0     0     0     0     0     0     0     0
     0     0     0     0     0     0     0     0

Bjoern (1) to move (time left: 171.8 sec.):
     0     0     0     0     0    -1     0     0
     0     0     0     0     0    -1     0     0
     1     1     1     1     1    -1     0     0
     0     0     1    -1     1    -1     0     0
     0     0     1     1     1    -1     0     0
     0     0     0     0     1    -1     0     0
     0     0     0     0     0     0     0     0
     0     0     0     0     0     0     0     0

DerGeileGetz (-1) to move (time left: 177.2 sec.):
     0     0     0     0     0    -1     0     0
     0     0     0     0     0    -1     0     0
     1     1     1     1     1    -1     0     0
     0     0     1    -1     1    -1     0     0
     0     0     1     1     1    -1     0     0
     0     0     0     0    -1    -1     0     0
     0     0     0    -1     0     0     0     0
     0     0     0     0     0     0     0     0

Bjoern (1) to move (time left: 169.8 sec.):
     0     0     0     0     0    -1     0     0
     0     0     0     0     0    -1     0     0
     1     1     1     1     1    -1     0     0
     0     0     1    -1     1     1     0     0
     0     0     1     1     1     1     1     0
     0     0     0     0    -1    -1     0     0
     0     0     0    -1     0     0     0     0
     0     0     0     0     0     0     0     0

DerGeileGetz (-1) to move (time left: 176.6 sec.):
     0     0     0     0     0    -1     0     0
     0     0     0     0     0    -1     0     0
     1     1     1     1     1    -1     0     0
     0     0     1    -1    -1     1     0     0
     0     0     1    -1     1     1     1     0
     0     0    -1     0    -1    -1     0     0
     0     0     0    -1     0     0     0     0
     0     0     0     0     0     0     0     0

Bjoern (1) to move (time left: 166.8 sec.):
     0     0     0     0     0    -1     0     0
     0     0     0     0     0    -1     0     0
     1     1     1     1     1    -1     0     0
     0     0     1     1    -1     1     0     0
     0     0     1     1     1     1     1     0
     0     0    -1     1    -1    -1     0     0
     0     0     0    -1     0     0     0     0
     0     0     0     0     0     0     0     0

DerGeileGetz (-1) to move (time left: 173.9 sec.):
     0     0     0     0     0    -1     0     0
     0     0     0    -1     0    -1     0     0
     1     1     1    -1     1    -1     0     0
     0     0     1    -1    -1     1     0     0
     0     0     1    -1     1     1     1     0
     0     0    -1    -1    -1    -1     0     0
     0     0     0    -1     0     0     0     0
     0     0     0     0     0     0     0     0

Bjoern (1) to move (time left: 164.3 sec.):
     0     0     1     0     0    -1     0     0
     0     0     0     1     0    -1     0     0
     1     1     1    -1     1    -1     0     0
     0     0     1    -1    -1     1     0     0
     0     0     1    -1     1     1     1     0
     0     0    -1    -1    -1    -1     0     0
     0     0     0    -1     0     0     0     0
     0     0     0     0     0     0     0     0

DerGeileGetz (-1) to move (time left: 166.4 sec.):
     0     0     1     0     0    -1     0     0
     0     0     0     1     0    -1     0     0
     1     1     1    -1     1    -1    -1     0
     0     0     1    -1    -1    -1     0     0
     0     0     1    -1    -1     1     1     0
     0     0    -1    -1    -1    -1     0     0
     0     0     0    -1     0     0     0     0
     0     0     0     0     0     0     0     0

Bjoern (1) to move (time left: 161.0 sec.):
     0     0     1     0     0    -1     0     0
     0     0     0     1     0    -1     0     0
     1     1     1    -1     1    -1    -1     0
     0     0     1    -1    -1    -1     0     0
     0     0     1    -1    -1     1     1     0
     0     0    -1    -1     1    -1     0     0
     0     0     0     1     0     0     0     0
     0     0     1     0     0     0     0     0

DerGeileGetz (-1) to move (time left: 161.3 sec.):
     0     0     1     0     0    -1     0     0
     0     0     0     1     0    -1     0     0
     1     1     1    -1     1    -1    -1     0
     0     0     1    -1    -1    -1     0     0
     0     0     1    -1    -1     1    -1     0
     0     0    -1    -1     1    -1     0    -1
     0     0     0     1     0     0     0     0
     0     0     1     0     0     0     0     0

Bjoern (1) to move (time left: 154.7 sec.):
     0     0     1     0     0    -1     0     0
     0     0     1     1     0    -1     0     0
     1     1     1     1     1    -1    -1     0
     0     0     1    -1     1    -1     0     0
     0     0     1    -1    -1     1    -1     0
     0     0    -1    -1     1    -1     0    -1
     0     0     0     1     0     0     0     0
     0     0     1     0     0     0     0     0

DerGeileGetz (-1) to move (time left: 152.5 sec.):
     0     0     1     0     0    -1     0     0
     0     0     1     1     0    -1     0     0
     1     1     1     1     1    -1    -1     0
     0     0     1    -1     1    -1     0     0
     0     0     1    -1    -1     1    -1     0
     0     0    -1    -1     1    -1     0    -1
     0     0     0    -1     0     0     0     0
     0     0     1     0    -1     0     0     0

Bjoern (1) to move (time left: 148.5 sec.):
     0     0     1     0     0    -1     0     0
     0     0     1     1     0    -1     0     0
     1     1     1     1     1    -1    -1     0
     0     0     1     1     1    -1     0     0
     0     0     1     1    -1     1    -1     0
     0     0    -1     1     1    -1     0    -1
     0     0     0     1     0     0     0     0
     0     0     1     1    -1     0     0     0

DerGeileGetz (-1) to move (time left: 145.8 sec.):
     0     0     1     0     0    -1     0     0
     0     0     1     1     0    -1     0     0
     1     1     1     1     1    -1    -1     0
     0     0     1     1     1    -1     0     0
     0     0     1     1    -1     1    -1     0
     0     0    -1     1     1    -1     0    -1
     0     0     0     1     0     0     0     0
     0    -1    -1    -1    -1     0     0     0

Bjoern (1) to move (time left: 144.7 sec.):
     0     0     1     0     0    -1     0     0
     0     0     1     1     0    -1     0     0
     1     1     1     1     1    -1    -1     0
     0     0     1     1     1     1     1     0
     0     0     1     1    -1     1    -1     0
     0     0    -1     1     1    -1     0    -1
     0     0     0     1     0     0     0     0
     0    -1    -1    -1    -1     0     0     0

DerGeileGetz (-1) to move (time left: 139.6 sec.):
     0     0     1     0     0    -1     0     0
     0     0     1     1     0    -1     0     0
     1     1     1     1     1    -1    -1     0
     0     0     1     1     1     1    -1     0
     0     0     1     1    -1     1    -1    -1
     0     0    -1     1     1    -1     0    -1
     0     0     0     1     0     0     0     0
     0    -1    -1    -1    -1     0     0     0

Bjoern (1) to move (time left: 139.6 sec.):
     0     0     1     0     0    -1     0     0
     0     0     1     1     0    -1     0     0
     1     1     1     1     1    -1    -1     0
     0     0     1     1     1     1    -1     0
     0     0     1     1    -1     1    -1    -1
     0     0    -1     1     1     1     1    -1
     0     0     0     1     0     0     0     0
     0    -1    -1    -1    -1     0     0     0

DerGeileGetz (-1) to move (time left: 133.8 sec.):
     0     0     1     0     0    -1     0     0
     0     0     1     1     0    -1     0     0
     1     1     1     1     1    -1    -1     0
     0    -1    -1    -1    -1    -1    -1     0
     0     0     1     1    -1     1    -1    -1
     0     0    -1     1     1     1     1    -1
     0     0     0     1     0     0     0     0
     0    -1    -1    -1    -1     0     0     0

Bjoern (1) to move (time left: 136.4 sec.):
     0     0     1     0     0    -1     0     0
     0     0     1     1     0    -1     0     0
     1     1     1     1     1    -1    -1     0
     0    -1    -1    -1    -1    -1    -1     0
     0     0     1     1    -1     1    -1    -1
     0     0     1     1     1     1     1    -1
     0     0     1     1     0     0     0     0
     0    -1    -1    -1    -1     0     0     0

DerGeileGetz (-1) to move (time left: 131.7 sec.):
     0     0     1     0    -1    -1     0     0
     0     0     1    -1     0    -1     0     0
     1     1    -1     1     1    -1    -1     0
     0    -1    -1    -1    -1    -1    -1     0
     0     0     1     1    -1     1    -1    -1
     0     0     1     1     1     1     1    -1
     0     0     1     1     0     0     0     0
     0    -1    -1    -1    -1     0     0     0

Bjoern (1) to move (time left: 114.3 sec.):
     0     0     1     0    -1    -1     0     0
     0     0     1    -1     0    -1     0     0
     1     1    -1     1     1     1     1     1
     0    -1    -1    -1    -1    -1     1     0
     0     0     1     1    -1     1    -1    -1
     0     0     1     1     1     1     1    -1
     0     0     1     1     0     0     0     0
     0    -1    -1    -1    -1     0     0     0

DerGeileGetz (-1) to move (time left: 129.9 sec.):
     0     0     1     0    -1    -1     0     0
     0     0     1    -1     0    -1     0     0
     1     1    -1     1     1     1     1     1
     0    -1    -1    -1    -1    -1     1     0
     0     0    -1     1    -1     1    -1    -1
     0     0     1    -1    -1    -1     1    -1
     0     0     1     1    -1     0     0     0
     0    -1    -1    -1    -1     0     0     0

Bjoern (1) to move (time left: 106.3 sec.):
     0     0     1     0    -1    -1     0     0
     0     0     1    -1     0    -1     0     0
     1     1    -1     1     1     1     1     1
     0    -1    -1     1    -1    -1     1     0
     0     0     1     1    -1     1    -1    -1
     0     1     1    -1    -1    -1     1    -1
     0     0     1     1    -1     0     0     0
     0    -1    -1    -1    -1     0     0     0

DerGeileGetz (-1) to move (time left: 127.0 sec.):
     0     0     1     0    -1    -1     0     0
     0     0     1    -1     0    -1     0     0
     1     1    -1     1     1     1     1     1
     0    -1    -1     1    -1    -1     1     0
     0     0     1     1    -1     1    -1    -1
    -1    -1    -1    -1    -1    -1     1    -1
     0     0     1     1    -1     0     0     0
     0    -1    -1    -1    -1     0     0     0

Bjoern (1) to move (time left: 99.0 sec.):
     0     0     1     0    -1    -1     0     0
     0     0     1    -1     0    -1     0     0
     1     1    -1     1     1     1     1     1
     0    -1    -1     1    -1    -1     1     0
     0     0     1     1    -1     1    -1    -1
    -1    -1    -1     1    -1    -1     1    -1
     0     0     1     1     1     0     0     0
     0    -1    -1    -1    -1     1     0     0

DerGeileGetz (-1) to move (time left: 125.5 sec.):
     0     0     1     0    -1    -1     0     0
     0     0     1    -1     0    -1     0     0
     1     1    -1     1     1     1     1     1
     0    -1    -1     1    -1    -1     1     0
     0     0     1     1    -1     1    -1    -1
    -1    -1    -1     1    -1    -1     1    -1
     0     0     1     1     1     0     0     0
     0    -1    -1    -1    -1    -1    -1     0

Bjoern (1) to move (time left: 94.1 sec.):
     0     0     1     0    -1    -1     0     0
     0     0     1    -1     0    -1     0     0
     1     1    -1     1     1     1     1     1
     0     1     1     1    -1    -1     1     0
     0     1     1     1    -1     1    -1    -1
    -1    -1     1     1    -1    -1     1    -1
     0     0     1     1     1     0     0     0
     0    -1    -1    -1    -1    -1    -1     0

DerGeileGetz (-1) to move (time left: 123.5 sec.):
     0     0     1     0    -1    -1     0     0
     0     0     1    -1     0    -1     0     0
     1     1    -1     1     1     1     1     1
     0    -1     1     1    -1    -1     1     0
    -1    -1    -1    -1    -1     1    -1    -1
    -1    -1     1     1    -1    -1     1    -1
     0     0     1     1     1     0     0     0
     0    -1    -1    -1    -1    -1    -1     0

Bjoern (1) to move (time left: 90.1 sec.):
     0     0     1     0    -1    -1     0     0
     0     0     1    -1     0    -1     0     0
     1     1    -1     1     1     1     1     1
     0    -1     1     1    -1    -1     1     0
    -1    -1    -1     1    -1     1    -1    -1
    -1    -1     1     1     1     1     1    -1
     0     0     1     1     1     1     0     0
     0    -1    -1    -1    -1    -1    -1     0

DerGeileGetz (-1) to move (time left: 122.7 sec.):
     0     0     1     0    -1    -1     0     0
     0     0     1    -1    -1    -1     0     0
     1     1    -1    -1    -1    -1     1     1
     0    -1    -1     1    -1    -1    -1     0
    -1    -1    -1     1    -1     1    -1    -1
    -1    -1     1     1     1     1     1    -1
     0     0     1     1     1     1     0     0
     0    -1    -1    -1    -1    -1    -1     0

Bjoern (1) to move (time left: 81.2 sec.):
     0     0     1     1    -1    -1     0     0
     0     0     1     1    -1    -1     0     0
     1     1    -1     1    -1    -1     1     1
     0    -1    -1     1    -1    -1    -1     0
    -1    -1    -1     1    -1     1    -1    -1
    -1    -1     1     1     1     1     1    -1
     0     0     1     1     1     1     0     0
     0    -1    -1    -1    -1    -1    -1     0

DerGeileGetz (-1) to move (time left: 121.9 sec.):
     0    -1    -1    -1    -1    -1     0     0
     0     0    -1     1    -1    -1     0     0
     1     1    -1    -1    -1    -1     1     1
     0    -1    -1     1    -1    -1    -1     0
    -1    -1    -1     1    -1     1    -1    -1
    -1    -1     1     1     1     1     1    -1
     0     0     1     1     1     1     0     0
     0    -1    -1    -1    -1    -1    -1     0

Bjoern (1) to move (time left: 77.6 sec.):
     0    -1    -1    -1    -1    -1     0     0
     0     0    -1     1     1     1     1     0
     1     1    -1    -1    -1     1     1     1
     0    -1    -1     1     1    -1    -1     0
    -1    -1    -1     1    -1     1    -1    -1
    -1    -1     1     1     1     1     1    -1
     0     0     1     1     1     1     0     0
     0    -1    -1    -1    -1    -1    -1     0

DerGeileGetz (-1) to move (time left: 121.6 sec.):
     0    -1    -1    -1    -1    -1     0     0
     0     0    -1     1     1     1     1     0
     1    -1    -1    -1    -1     1     1     1
    -1    -1    -1     1     1    -1    -1     0
    -1    -1    -1     1    -1     1    -1    -1
    -1    -1     1     1     1     1     1    -1
     0     0     1     1     1     1     0     0
     0    -1    -1    -1    -1    -1    -1     0

Bjoern (1) to move (time left: 73.4 sec.):
     0    -1    -1    -1    -1    -1     0     0
     0     0    -1     1     1     1     1     0
     1    -1    -1    -1    -1     1     1     1
     1    -1    -1     1     1    -1    -1     0
     1    -1     1     1    -1     1    -1    -1
     1     1     1     1     1     1     1    -1
     1     0     1     1     1     1     0     0
     0    -1    -1    -1    -1    -1    -1     0

DerGeileGetz (-1) to move (time left: 120.2 sec.):
     0    -1    -1    -1    -1    -1     0     0
     0     0    -1     1     1    -1     1     0
     1    -1    -1    -1    -1     1    -1     1
     1    -1    -1     1     1    -1    -1    -1
     1    -1     1     1    -1     1    -1    -1
     1     1     1     1     1     1     1    -1
     1     0     1     1     1     1     0     0
     0    -1    -1    -1    -1    -1    -1     0

Bjoern (1) to move (time left: 71.7 sec.):
     0    -1    -1    -1    -1    -1     0     0
     1     0    -1     1     1    -1     1     0
     1     1    -1    -1    -1     1    -1     1
     1    -1     1     1     1    -1    -1    -1
     1    -1     1     1    -1     1    -1    -1
     1     1     1     1     1     1     1    -1
     1     0     1     1     1     1     0     0
     0    -1    -1    -1    -1    -1    -1     0

DerGeileGetz (-1) to move (time left: 119.5 sec.):
     0    -1    -1    -1    -1    -1     0     0
     1     0    -1     1     1    -1     1     0
     1     1    -1    -1    -1     1    -1     1
     1    -1     1     1     1    -1    -1    -1
     1    -1     1     1    -1     1    -1    -1
     1    -1     1     1     1     1     1    -1
     1    -1     1     1     1     1     0     0
     0    -1    -1    -1    -1    -1    -1     0

Bjoern (1) to move (time left: 71.4 sec.):
     0    -1    -1    -1    -1    -1     0     0
     1     0    -1     1     1    -1     1     0
     1     1    -1    -1    -1     1    -1     1
     1    -1     1     1     1    -1    -1    -1
     1    -1     1     1    -1     1    -1    -1
     1    -1     1     1     1     1     1    -1
     1     1     1     1     1     1     0     0
     1    -1    -1    -1    -1    -1    -1     0

DerGeileGetz (-1) to move (time left: 119.3 sec.):
     0    -1    -1    -1    -1    -1     0     0
     1     0    -1     1     1    -1     1     0
     1     1    -1    -1    -1     1    -1     1
     1    -1     1     1    -1    -1    -1    -1
     1    -1     1     1    -1    -1    -1    -1
     1    -1     1     1     1     1    -1    -1
     1     1     1     1     1     1     0    -1
     1    -1    -1    -1    -1    -1    -1     0

Bjoern (1) to move (time left: 71.3 sec.):
     0    -1    -1    -1    -1    -1     0     0
     1     1     1     1     1    -1     1     0
     1     1     1    -1    -1     1    -1     1
     1    -1     1     1    -1    -1    -1    -1
     1    -1     1     1    -1    -1    -1    -1
     1    -1     1     1     1     1    -1    -1
     1     1     1     1     1     1     0    -1
     1    -1    -1    -1    -1    -1    -1     0

DerGeileGetz (-1) to move (time left: 119.1 sec.):
     0    -1    -1    -1    -1    -1    -1     0
     1     1     1     1     1    -1    -1     0
     1     1     1    -1    -1     1    -1     1
     1    -1     1     1    -1    -1    -1    -1
     1    -1     1     1    -1    -1    -1    -1
     1    -1     1     1     1     1    -1    -1
     1     1     1     1     1     1     0    -1
     1    -1    -1    -1    -1    -1    -1     0

Bjoern (1) to move (time left: 71.2 sec.):
     0    -1    -1    -1    -1    -1    -1     1
     1     1     1     1     1    -1     1     0
     1     1     1    -1    -1     1    -1     1
     1    -1     1     1    -1    -1    -1    -1
     1    -1     1     1    -1    -1    -1    -1
     1    -1     1     1     1     1    -1    -1
     1     1     1     1     1     1     0    -1
     1    -1    -1    -1    -1    -1    -1     0

DerGeileGetz (-1) to move (time left: 119.0 sec.):
    -1    -1    -1    -1    -1    -1    -1     1
     1    -1     1     1     1    -1     1     0
     1     1    -1    -1    -1     1    -1     1
     1    -1     1    -1    -1    -1    -1    -1
     1    -1     1     1    -1    -1    -1    -1
     1    -1     1     1     1     1    -1    -1
     1     1     1     1     1     1     0    -1
     1    -1    -1    -1    -1    -1    -1     0

Bjoern (1) to move (time left: 71.2 sec.):
    -1    -1    -1    -1    -1    -1    -1     1
     1    -1     1     1     1    -1     1     1
     1     1    -1    -1    -1     1     1     1
     1    -1     1    -1    -1     1    -1    -1
     1    -1     1     1     1    -1    -1    -1
     1    -1     1     1     1     1    -1    -1
     1     1     1     1     1     1     0    -1
     1    -1    -1    -1    -1    -1    -1     0

DerGeileGetz (-1) to move (time left: 119.0 sec.):
    -1    -1    -1    -1    -1    -1    -1     1
     1    -1     1     1     1    -1     1     1
     1     1    -1    -1    -1     1     1     1
     1    -1     1    -1    -1     1    -1    -1
     1    -1     1     1    -1    -1    -1    -1
     1    -1     1     1     1    -1    -1    -1
     1     1     1     1     1     1    -1    -1
     1    -1    -1    -1    -1    -1    -1     0

Bjoern (1) to move (time left: 71.1 sec.):
    -1    -1    -1    -1    -1    -1    -1     1
     1    -1     1     1     1    -1     1     1
     1     1    -1    -1    -1     1     1     1
     1    -1     1    -1    -1     1    -1     1
     1    -1     1     1    -1    -1    -1     1
     1    -1     1     1     1    -1    -1     1
     1     1     1     1     1     1    -1     1
     1     1     1     1     1     1     1     1

Game over.
