DerGeileGetz against hiba:
     0     0     0     0     0     0     0     0
     0     0     0     0     0     0     0     0
     0     0     0     0     0     0     0     0
     0     0     0     1    -1     0     0     0
     0     0     0    -1     1     0     0     0
     0     0     0     0     0     0     0     0
     0     0     0     0     0     0     0     0
     0     0     0     0     0     0     0     0

hiba (-1) to move (time left: 180.0 sec.):
     0     0     0     0     0     0     0     0
     0     0     0     0     0     0     0     0
     0     0     0     0     0     0     0     0
     0     0    -1    -1    -1     0     0     0
     0     0     0    -1     1     0     0     0
     0     0     0     0     0     0     0     0
     0     0     0     0     0     0     0     0
     0     0     0     0     0     0     0     0

DerGeileGetz (1) to move (time left: 180.0 sec.):
     0     0     0     0     0     0     0     0
     0     0     0     0     0     0     0     0
     0     0     1     0     0     0     0     0
     0     0    -1     1    -1     0     0     0
     0     0     0    -1     1     0     0     0
     0     0     0     0     0     0     0     0
     0     0     0     0     0     0     0     0
     0     0     0     0     0     0     0     0

hiba (-1) to move (time left: 179.9 sec.):
     0     0     0     0     0     0     0     0
     0     0    -1     0     0     0     0     0
     0     0    -1     0     0     0     0     0
     0     0    -1     1    -1     0     0     0
     0     0     0    -1     1     0     0     0
     0     0     0     0     0     0     0     0
     0     0     0     0     0     0     0     0
     0     0     0     0     0     0     0     0

DerGeileGetz (1) to move (time left: 179.9 sec.):
     0     0     0     0     0     0     0     0
     0     0    -1     0     0     0     0     0
     0     0    -1     0     0     0     0     0
     0     0    -1     1    -1     0     0     0
     0     0     0     1     1     0     0     0
     0     0     0     1     0     0     0     0
     0     0     0     0     0     0     0     0
     0     0     0     0     0     0     0     0

hiba (-1) to move (time left: 179.7 sec.):
     0     0     0     0     0     0     0     0
     0     0    -1     0     0     0     0     0
     0     0    -1     0     0     0     0     0
     0     0    -1     1    -1     0     0     0
     0     0     0    -1    -1     0     0     0
     0     0     0     1    -1     0     0     0
     0     0     0     0     0     0     0     0
     0     0     0     0     0     0     0     0

DerGeileGetz (1) to move (time left: 179.7 sec.):
     0     0     0     0     0     0     0     0
     0     0    -1     0     0     0     0     0
     0     0    -1     0     0     0     0     0
     0     0    -1     1    -1     0     0     0
     0     0     0    -1     1     0     0     0
     0     0     0     1     1     1     0     0
     0     0     0     0     0     0     0     0
     0     0     0     0     0     0     0     0

hiba (-1) to move (time left: 179.2 sec.):
     0     0     0     0     0     0     0     0
     0     0    -1     0     0     0     0     0
     0     0    -1     0     0     0     0     0
     0     0    -1     1    -1     0     0     0
     0     0     0    -1    -1     0     0     0
     0     0     0     1    -1     1     0     0
     0     0     0     0    -1     0     0     0
     0     0     0     0     0     0     0     0

DerGeileGetz (1) to move (time left: 179.5 sec.):
     0     0     0     0     0     0     0     0
     0     0    -1     0     0     0     0     0
     0     0    -1     0     0     0     0     0
     0     0    -1     1    -1     0     0     0
     0     0     0    -1    -1     0     0     0
     0     0     0     1    -1     1     0     0
     0     0     0     0     1     0     0     0
     0     0     0     0     0     1     0     0

hiba (-1) to move (time left: 178.9 sec.):
     0     0     0     0     0     0     0     0
     0     0    -1     0     0     0     0     0
     0     0    -1     0     0     0     0     0
     0     0    -1     1    -1     0     0     0
     0     0     0    -1    -1     0     0     0
     0     0     0     1    -1     1     0     0
     0     0     0     0    -1     0     0     0
     0     0     0     0    -1     1     0     0

DerGeileGetz (1) to move (time left: 179.2 sec.):
     0     0     0     0     0     0     0     0
     0     0    -1     0     0     0     0     0
     0     0    -1     0     0     0     0     0
     0     0    -1     1    -1     0     0     0
     0     0     0    -1    -1     0     0     0
     0     0     0     1    -1     1     0     0
     0     0     0     0     1     0     0     0
     0     0     0     1     1     1     0     0

hiba (-1) to move (time left: 178.6 sec.):
     0     0     0     0     0     0     0     0
     0     0    -1     0     0     0     0     0
     0     0    -1     0     0     0     0     0
     0     0    -1     1    -1     0     0     0
     0     0     0    -1    -1     0     0     0
     0     0     0     1    -1    -1    -1     0
     0     0     0     0     1     0     0     0
     0     0     0     1     1     1     0     0

DerGeileGetz (1) to move (time left: 179.0 sec.):
     0     0     0     0     0     0     0     0
     0     0    -1     0     0     0     0     0
     0     0    -1     0     1     0     0     0
     0     0    -1     1     1     0     0     0
     0     0     0    -1     1     0     0     0
     0     0     0     1     1    -1    -1     0
     0     0     0     0     1     0     0     0
     0     0     0     1     1     1     0     0

hiba (-1) to move (time left: 178.2 sec.):
     0     0     0     0     0     0     0     0
     0     0    -1     0     0     0     0     0
     0     0    -1     0     1    -1     0     0
     0     0    -1     1    -1     0     0     0
     0     0     0    -1     1     0     0     0
     0     0     0     1     1    -1    -1     0
     0     0     0     0     1     0     0     0
     0     0     0     1     1     1     0     0

DerGeileGetz (1) to move (time left: 178.7 sec.):
     0     0     0     0     0     0     0     0
     0     0    -1     0     0     0     0     0
     0     0    -1     0     1    -1     0     0
     0     0    -1     1    -1     0     0     0
     0     0     1     1     1     0     0     0
     0     0     0     1     1    -1    -1     0
     0     0     0     0     1     0     0     0
     0     0     0     1     1     1     0     0

hiba (-1) to move (time left: 177.5 sec.):
     0     0     0     0     0     0     0     0
     0     0    -1     0     0     0     0     0
     0     0    -1    -1    -1    -1     0     0
     0     0    -1     1    -1     0     0     0
     0     0     1     1     1     0     0     0
     0     0     0     1     1    -1    -1     0
     0     0     0     0     1     0     0     0
     0     0     0     1     1     1     0     0

DerGeileGetz (1) to move (time left: 178.4 sec.):
     0     0     1     0     0     0     0     0
     0     0     1     0     0     0     0     0
     0     0     1    -1    -1    -1     0     0
     0     0     1     1    -1     0     0     0
     0     0     1     1     1     0     0     0
     0     0     0     1     1    -1    -1     0
     0     0     0     0     1     0     0     0
     0     0     0     1     1     1     0     0

hiba (-1) to move (time left: 176.8 sec.):
     0     0     1     0     0     0     0     0
     0     0     1     0     0     0     0     0
     0     0     1    -1    -1    -1     0     0
     0    -1    -1    -1    -1     0     0     0
     0     0     1     1     1     0     0     0
     0     0     0     1     1    -1    -1     0
     0     0     0     0     1     0     0     0
     0     0     0     1     1     1     0     0

DerGeileGetz (1) to move (time left: 177.7 sec.):
     0     0     1     0     0     0     0     0
     0     0     1     0     0     0     0     0
     0     0     1     1    -1    -1     0     0
     0    -1    -1    -1     1     0     0     0
     0     0     1     1     1     1     0     0
     0     0     0     1     1    -1    -1     0
     0     0     0     0     1     0     0     0
     0     0     0     1     1     1     0     0

hiba (-1) to move (time left: 175.9 sec.):
     0     0     1     0     0     0     0     0
     0     0     1     0     0     0     0     0
     0     0     1     1    -1    -1     0     0
     0    -1    -1    -1     1     0     0     0
     0     0     1    -1     1     1     0     0
     0     0     0    -1     1    -1    -1     0
     0     0     0    -1     1     0     0     0
     0     0     0     1     1     1     0     0

DerGeileGetz (1) to move (time left: 174.1 sec.):
     0     0     1     0     0     0     0     0
     0     0     1     0     0     0     0     0
     0     0     1     1    -1    -1     0     0
     0    -1    -1    -1     1     0     0     0
     0     0     1    -1     1     1     0     0
     0     0     0    -1     1     1    -1     0
     0     0     0    -1     1     1     0     0
     0     0     0     1     1     1     0     0

hiba (-1) to move (time left: 173.7 sec.):
     0     0     1     0     0     0     0     0
     0     0     1     0     0     0     0     0
     0     0     1     1    -1    -1     0     0
     0    -1    -1    -1    -1    -1     0     0
     0     0     1    -1    -1     1     0     0
     0     0     0    -1     1     1    -1     0
     0     0     0    -1     1     1     0     0
     0     0     0     1     1     1     0     0

DerGeileGetz (1) to move (time left: 167.5 sec.):
     0     0     1     0     0     0     0     0
     0     0     1     0     0     0     0     0
     0     0     1     1    -1    -1     0     0
     0    -1     1    -1    -1    -1     0     0
     0     1     1    -1    -1     1     0     0
     0     0     0    -1     1     1    -1     0
     0     0     0    -1     1     1     0     0
     0     0     0     1     1     1     0     0

hiba (-1) to move (time left: 171.2 sec.):
     0     0     1     0     0     0     0     0
     0     0     1     0     0     0     0     0
     0     0     1     1    -1    -1     0     0
     0    -1     1    -1    -1    -1     0     0
    -1    -1    -1    -1    -1     1     0     0
     0     0     0    -1     1     1    -1     0
     0     0     0    -1     1     1     0     0
     0     0     0     1     1     1     0     0

DerGeileGetz (1) to move (time left: 163.0 sec.):
     0     0     1     0     0     0     0     0
     0     0     1     0     0     0     0     0
     0     0     1     1    -1    -1     0     0
     0    -1     1    -1    -1    -1     0     0
    -1     1    -1    -1    -1     1     0     0
     1     0     0    -1     1     1    -1     0
     0     0     0    -1     1     1     0     0
     0     0     0     1     1     1     0     0

hiba (-1) to move (time left: 170.8 sec.):
     0     0     1     0     0     0     0     0
     0     0     1     0     0     0     0     0
     0     0     1     1    -1    -1     0     0
     0    -1     1    -1    -1    -1     0     0
    -1    -1    -1    -1    -1     1     0     0
     1    -1     0    -1     1     1    -1     0
     0     0     0    -1     1     1     0     0
     0     0     0     1     1     1     0     0

DerGeileGetz (1) to move (time left: 159.9 sec.):
     0     0     1     0     0     0     0     0
     0     0     1     0     0     0     0     0
     0     0     1     1    -1    -1     0     0
     1     1     1    -1    -1    -1     0     0
     1    -1    -1    -1    -1     1     0     0
     1    -1     0    -1     1     1    -1     0
     0     0     0    -1     1     1     0     0
     0     0     0     1     1     1     0     0

hiba (-1) to move (time left: 169.8 sec.):
     0     0     1     0     0     0     0     0
     0     0     1     0     0     0     0     0
    -1     0     1     1    -1    -1     0     0
     1    -1     1    -1    -1    -1     0     0
     1    -1    -1    -1    -1     1     0     0
     1    -1     0    -1     1     1    -1     0
     0     0     0    -1     1     1     0     0
     0     0     0     1     1     1     0     0

DerGeileGetz (1) to move (time left: 157.4 sec.):
     0     0     1     0     0     0     0     0
     1     0     1     0     0     0     0     0
     1     0     1     1    -1    -1     0     0
     1    -1     1    -1    -1    -1     0     0
     1    -1    -1    -1    -1     1     0     0
     1    -1     0    -1     1     1    -1     0
     0     0     0    -1     1     1     0     0
     0     0     0     1     1     1     0     0

hiba (-1) to move (time left: 169.4 sec.):
     0     0     1     0     0     0     0     0
     1     0     1     0     0     0     0     0
     1     0     1     1    -1    -1     0     0
     1    -1     1    -1    -1    -1    -1     0
     1    -1    -1    -1    -1    -1     0     0
     1    -1     0    -1    -1     1    -1     0
     0     0     0    -1     1     1     0     0
     0     0     0     1     1     1     0     0

DerGeileGetz (1) to move (time left: 156.5 sec.):
     0     0     1     0     0     0     0     0
     1     0     1     0     1     0     0     0
     1     0     1     1     1    -1     0     0
     1    -1     1    -1     1    -1    -1     0
     1    -1    -1    -1     1    -1     0     0
     1    -1     0    -1     1     1    -1     0
     0     0     0    -1     1     1     0     0
     0     0     0     1     1     1     0     0

hiba (-1) to move (time left: 168.4 sec.):
     0     0     1     0     0     0     0     0
     1     0     1     0     1    -1     0     0
     1     0     1     1    -1    -1     0     0
     1    -1     1    -1     1    -1    -1     0
     1    -1    -1    -1     1    -1     0     0
     1    -1     0    -1     1     1    -1     0
     0     0     0    -1     1     1     0     0
     0     0     0     1     1     1     0     0

DerGeileGetz (1) to move (time left: 153.6 sec.):
     0     0     1     0     0     0     0     0
     1     0     1     0     1    -1     0     0
     1     0     1     1    -1    -1     0     0
     1    -1     1    -1     1    -1    -1     0
     1    -1    -1    -1     1    -1     0     0
     1    -1     0    -1     1     1     1     1
     0     0     0    -1     1     1     0     0
     0     0     0     1     1     1     0     0

hiba (-1) to move (time left: 166.9 sec.):
     0     0     1     0     0    -1     0     0
     1     0     1     0    -1    -1     0     0
     1     0     1    -1    -1    -1     0     0
     1    -1    -1    -1     1    -1    -1     0
     1    -1    -1    -1     1    -1     0     0
     1    -1     0    -1     1     1     1     1
     0     0     0    -1     1     1     0     0
     0     0     0     1     1     1     0     0

DerGeileGetz (1) to move (time left: 149.7 sec.):
     0     0     1     0     0    -1     0     0
     1     0     1     0    -1    -1     0     0
     1     1     1    -1    -1    -1     0     0
     1    -1     1    -1     1    -1    -1     0
     1    -1    -1     1     1    -1     0     0
     1    -1     0    -1     1     1     1     1
     0     0     0    -1     1     1     0     0
     0     0     0     1     1     1     0     0

hiba (-1) to move (time left: 166.0 sec.):
     0     0     1     0     0    -1     0     0
     1     0     1     0    -1    -1     0     0
     1     1     1    -1    -1    -1     0     0
     1    -1     1    -1    -1    -1    -1     0
     1    -1    -1    -1     1    -1     0     0
     1    -1    -1    -1     1     1     1     1
     0     0     0    -1     1     1     0     0
     0     0     0     1     1     1     0     0

DerGeileGetz (1) to move (time left: 148.7 sec.):
     0     0     1     0     0    -1     0     0
     1     0     1     0    -1    -1     0     0
     1     1     1    -1    -1    -1     0     0
     1    -1     1    -1    -1    -1    -1     0
     1    -1    -1    -1     1    -1     0     0
     1    -1    -1    -1     1     1     1     1
     0     0     0     1     1     1     0     0
     0     0     1     1     1     1     0     0

hiba (-1) to move (time left: 165.5 sec.):
     0     0     1     0     0    -1     0     0
     1     0     1    -1    -1    -1     0     0
     1     1    -1    -1    -1    -1     0     0
     1    -1     1    -1    -1    -1    -1     0
     1    -1    -1    -1     1    -1     0     0
     1    -1    -1    -1     1     1     1     1
     0     0     0     1     1     1     0     0
     0     0     1     1     1     1     0     0

DerGeileGetz (1) to move (time left: 147.6 sec.):
     0     0     1     0     0    -1     0     0
     1     1     1    -1    -1    -1     0     0
     1     1     1    -1    -1    -1     0     0
     1    -1     1     1    -1    -1    -1     0
     1    -1    -1    -1     1    -1     0     0
     1    -1    -1    -1     1     1     1     1
     0     0     0     1     1     1     0     0
     0     0     1     1     1     1     0     0

hiba (-1) to move (time left: 165.0 sec.):
     0     0     1     0     0    -1     0     0
     1     1     1    -1    -1    -1     0     0
     1     1     1    -1    -1    -1     0     0
     1    -1     1     1    -1    -1    -1     0
     1    -1    -1    -1     1    -1     0     0
     1    -1    -1    -1    -1     1     1     1
     0     0     0     1     1    -1     0     0
     0     0     1     1     1     1    -1     0

DerGeileGetz (1) to move (time left: 147.1 sec.):
     0     0     1     0     0    -1     0     0
     1     1     1    -1    -1    -1     0     0
     1     1     1    -1    -1    -1     0     0
     1    -1     1     1    -1    -1    -1     0
     1    -1    -1    -1     1    -1     0     0
     1    -1    -1    -1    -1     1     1     1
     0     0     0     1     1    -1     0     0
     0     0     1     1     1     1     1     1

hiba (-1) to move (time left: 164.5 sec.):
     0     0     1     0     0    -1     0     0
     1     1     1    -1    -1    -1     0     0
     1     1     1    -1    -1    -1     0     0
     1    -1     1     1    -1    -1    -1     0
     1    -1    -1    -1     1    -1     0     0
     1    -1    -1    -1    -1     1    -1     1
     0     0     0     1     1    -1     0    -1
     0     0     1     1     1     1     1     1

DerGeileGetz (1) to move (time left: 145.7 sec.):
     0     0     1     0     0    -1     0     0
     1     1     1    -1    -1    -1     0     0
     1     1     1    -1    -1    -1     0     0
     1    -1     1     1    -1    -1    -1     0
     1    -1    -1    -1     1    -1     0     1
     1    -1    -1    -1    -1     1     1     1
     0     0     0     1     1     1     0    -1
     0     0     1     1     1     1     1     1

hiba (-1) to move (time left: 163.9 sec.):
     0    -1     1     0     0    -1     0     0
     1    -1    -1    -1    -1    -1     0     0
     1    -1     1    -1    -1    -1     0     0
     1    -1     1     1    -1    -1    -1     0
     1    -1    -1    -1     1    -1     0     1
     1    -1    -1    -1    -1     1     1     1
     0     0     0     1     1     1     0    -1
     0     0     1     1     1     1     1     1

DerGeileGetz (1) to move (time left: 144.4 sec.):
     1     1     1     0     0    -1     0     0
     1     1    -1    -1    -1    -1     0     0
     1    -1     1    -1    -1    -1     0     0
     1    -1     1     1    -1    -1    -1     0
     1    -1    -1    -1     1    -1     0     1
     1    -1    -1    -1    -1     1     1     1
     0     0     0     1     1     1     0    -1
     0     0     1     1     1     1     1     1

hiba (-1) to move (time left: 163.7 sec.):
     1     1     1     0     0    -1     0     0
     1     1    -1    -1    -1    -1     0     0
     1    -1     1    -1    -1    -1     0     0
     1    -1     1     1    -1    -1    -1    -1
     1    -1    -1    -1     1    -1     0    -1
     1    -1    -1    -1    -1     1     1    -1
     0     0     0     1     1     1     0    -1
     0     0     1     1     1     1     1     1

DerGeileGetz (1) to move (time left: 144.2 sec.):
     1     1     1     0     1    -1     0     0
     1     1    -1     1     1    -1     0     0
     1    -1     1    -1     1    -1     0     0
     1    -1     1     1     1    -1    -1    -1
     1    -1    -1    -1     1    -1     0    -1
     1    -1    -1    -1    -1     1     1    -1
     0     0     0     1     1     1     0    -1
     0     0     1     1     1     1     1     1

hiba (-1) to move (time left: 163.5 sec.):
     1     1     1    -1    -1    -1     0     0
     1     1    -1    -1    -1    -1     0     0
     1    -1     1    -1     1    -1     0     0
     1    -1     1     1     1    -1    -1    -1
     1    -1    -1    -1     1    -1     0    -1
     1    -1    -1    -1    -1     1     1    -1
     0     0     0     1     1     1     0    -1
     0     0     1     1     1     1     1     1

DerGeileGetz (1) to move (time left: 144.1 sec.):
     1     1     1     1     1     1     1     0
     1     1    -1    -1    -1     1     0     0
     1    -1     1    -1     1    -1     0     0
     1    -1     1     1     1    -1    -1    -1
     1    -1    -1    -1     1    -1     0    -1
     1    -1    -1    -1    -1     1     1    -1
     0     0     0     1     1     1     0    -1
     0     0     1     1     1     1     1     1

hiba (-1) to move (time left: 163.1 sec.):
     1     1     1     1     1     1     1     0
     1     1    -1    -1    -1    -1    -1     0
     1    -1     1    -1     1    -1     0     0
     1    -1     1     1     1    -1    -1    -1
     1    -1    -1    -1     1    -1     0    -1
     1    -1    -1    -1    -1     1     1    -1
     0     0     0     1     1     1     0    -1
     0     0     1     1     1     1     1     1

DerGeileGetz (1) to move (time left: 143.8 sec.):
     1     1     1     1     1     1     1     1
     1     1    -1    -1    -1    -1     1     0
     1    -1     1    -1     1     1     0     0
     1    -1     1     1     1    -1    -1    -1
     1    -1    -1    -1     1    -1     0    -1
     1    -1    -1    -1    -1     1     1    -1
     0     0     0     1     1     1     0    -1
     0     0     1     1     1     1     1     1

hiba (-1) to move (time left: 162.9 sec.):
     1     1     1     1     1     1     1     1
     1     1    -1    -1    -1    -1     1     0
     1    -1     1    -1    -1    -1    -1     0
     1    -1     1     1     1    -1    -1    -1
     1    -1    -1    -1     1    -1     0    -1
     1    -1    -1    -1    -1     1     1    -1
     0     0     0     1     1     1     0    -1
     0     0     1     1     1     1     1     1

DerGeileGetz (1) to move (time left: 143.5 sec.):
     1     1     1     1     1     1     1     1
     1     1    -1     1    -1    -1     1     0
     1    -1     1    -1     1    -1     1     0
     1    -1     1     1     1     1     1    -1
     1    -1    -1    -1     1     1     1    -1
     1    -1    -1    -1    -1     1     1    -1
     0     0     0     1     1     1     0    -1
     0     0     1     1     1     1     1     1

hiba (-1) to move (time left: 162.7 sec.):
     1     1     1     1     1     1     1     1
     1     1    -1     1    -1    -1     1     0
     1    -1     1    -1     1    -1    -1    -1
     1    -1     1     1     1     1    -1    -1
     1    -1    -1    -1     1    -1     1    -1
     1    -1    -1    -1    -1     1     1    -1
     0     0     0     1     1     1     0    -1
     0     0     1     1     1     1     1     1

DerGeileGetz (1) to move (time left: 143.3 sec.):
     1     1     1     1     1     1     1     1
     1     1    -1     1    -1    -1     1     1
     1    -1     1    -1     1    -1     1     1
     1    -1     1     1     1     1    -1     1
     1    -1    -1    -1     1    -1     1     1
     1    -1    -1    -1    -1     1     1     1
     0     0     0     1     1     1     0     1
     0     0     1     1     1     1     1     1

hiba (-1) to move (time left: 162.7 sec.):
     1     1     1     1     1     1     1     1
     1     1    -1     1    -1    -1     1     1
     1    -1     1    -1     1    -1     1     1
     1    -1     1     1     1     1    -1     1
     1    -1    -1    -1     1    -1    -1     1
     1    -1    -1    -1    -1     1    -1     1
     0     0     0     1     1     1    -1     1
     0     0     1     1     1     1     1     1

DerGeileGetz (1) to move (time left: 143.2 sec.):
     1     1     1     1     1     1     1     1
     1     1    -1     1    -1    -1     1     1
     1    -1     1    -1     1    -1     1     1
     1    -1     1     1     1     1    -1     1
     1    -1     1    -1     1    -1    -1     1
     1     1    -1    -1    -1     1    -1     1
     1     0     0     1     1     1    -1     1
     0     0     1     1     1     1     1     1

hiba (-1) to move (time left: 162.6 sec.):
     1     1     1     1     1     1     1     1
     1     1    -1     1    -1    -1     1     1
     1    -1     1    -1     1    -1     1     1
     1    -1     1     1     1     1    -1     1
     1    -1     1    -1     1    -1    -1     1
     1     1    -1    -1    -1     1    -1     1
     1     0    -1    -1    -1    -1    -1     1
     0     0     1     1     1     1     1     1

DerGeileGetz (1) to move (time left: 143.1 sec.):
     1     1     1     1     1     1     1     1
     1     1    -1     1    -1    -1     1     1
     1    -1     1    -1     1    -1     1     1
     1    -1     1     1     1     1    -1     1
     1    -1     1     1     1    -1    -1     1
     1     1     1    -1    -1     1    -1     1
     1     1     1     1     1     1     1     1
     0     0     1     1     1     1     1     1

hiba (-1) to move (time left: 162.5 sec.):
     1     1     1     1     1     1     1     1
     1     1    -1     1    -1    -1     1     1
     1    -1     1    -1     1    -1     1     1
     1    -1     1     1    -1     1    -1     1
     1    -1     1    -1     1    -1    -1     1
     1     1    -1    -1    -1     1    -1     1
     1    -1     1     1     1     1     1     1
    -1     0     1     1     1     1     1     1

DerGeileGetz (1) to move (time left: 143.1 sec.):
     1     1     1     1     1     1     1     1
     1     1    -1     1    -1    -1     1     1
     1    -1     1    -1     1    -1     1     1
     1    -1     1     1    -1     1    -1     1
     1    -1     1    -1     1    -1    -1     1
     1     1    -1    -1    -1     1    -1     1
     1     1     1     1     1     1     1     1
    -1     1     1     1     1     1     1     1

Game over.
