Jojo against Bernhard:
     0     0     0     0     0     0     0     0
     0     0     0     0     0     0     0     0
     0     0     0     0     0     0     0     0
     0     0     0     1    -1     0     0     0
     0     0     0    -1     1     0     0     0
     0     0     0     0     0     0     0     0
     0     0     0     0     0     0     0     0
     0     0     0     0     0     0     0     0

Bernhard (-1) to move (time left: 180.0 sec.):
     0     0     0     0     0     0     0     0
     0     0     0     0     0     0     0     0
     0     0     0     0     0     0     0     0
     0     0    -1    -1    -1     0     0     0
     0     0     0    -1     1     0     0     0
     0     0     0     0     0     0     0     0
     0     0     0     0     0     0     0     0
     0     0     0     0     0     0     0     0

Jojo (1) to move (time left: 180.0 sec.):
     0     0     0     0     0     0     0     0
     0     0     0     0     0     0     0     0
     0     0     1     0     0     0     0     0
     0     0    -1     1    -1     0     0     0
     0     0     0    -1     1     0     0     0
     0     0     0     0     0     0     0     0
     0     0     0     0     0     0     0     0
     0     0     0     0     0     0     0     0

Bernhard (-1) to move (time left: 179.8 sec.):
     0     0     0     0     0     0     0     0
     0     0     0     0     0     0     0     0
     0     0     1    -1     0     0     0     0
     0     0    -1    -1    -1     0     0     0
     0     0     0    -1     1     0     0     0
     0     0     0     0     0     0     0     0
     0     0     0     0     0     0     0     0
     0     0     0     0     0     0     0     0

Jojo (1) to move (time left: 179.9 sec.):
     0     0     0     0     0     0     0     0
     0     0     0     0     0     0     0     0
     0     0     1    -1     0     0     0     0
     0     0     1    -1    -1     0     0     0
     0     0     1     1     1     0     0     0
     0     0     0     0     0     0     0     0
     0     0     0     0     0     0     0     0
     0     0     0     0     0     0     0     0

Bernhard (-1) to move (time left: 179.6 sec.):
     0     0     0     0     0     0     0     0
     0     0     0     0     0     0     0     0
     0     0     1    -1     0     0     0     0
     0     0     1    -1    -1     0     0     0
     0     0    -1     1     1     0     0     0
     0    -1     0     0     0     0     0     0
     0     0     0     0     0     0     0     0
     0     0     0     0     0     0     0     0

Jojo (1) to move (time left: 179.6 sec.):
     0     0     0     0     0     0     0     0
     0     0     0     0     0     0     0     0
     0     0     1    -1     0     0     0     0
     0     0     1    -1    -1     0     0     0
     0     0     1     1     1     0     0     0
     0    -1     1     0     0     0     0     0
     0     0     0     0     0     0     0     0
     0     0     0     0     0     0     0     0

Bernhard (-1) to move (time left: 178.4 sec.):
     0     0     0     0     0     0     0     0
     0     0     0     0     0     0     0     0
     0     0     1    -1     0     0     0     0
     0     0    -1    -1    -1     0     0     0
     0    -1     1     1     1     0     0     0
     0    -1     1     0     0     0     0     0
     0     0     0     0     0     0     0     0
     0     0     0     0     0     0     0     0

Jojo (1) to move (time left: 179.4 sec.):
     0     0     0     0     0     0     0     0
     0     0     0     0     0     0     0     0
     0     0     1    -1     0     0     0     0
     0     0    -1    -1    -1     0     0     0
     0    -1     1     1     1     0     0     0
     1     1     1     0     0     0     0     0
     0     0     0     0     0     0     0     0
     0     0     0     0     0     0     0     0

Bernhard (-1) to move (time left: 177.3 sec.):
     0     0     0     0     0     0     0     0
     0     0     0     0     0     0     0     0
     0     0     1    -1     0     0     0     0
     0     0    -1    -1    -1     0     0     0
     0    -1     1    -1     1     0     0     0
     1     1     1    -1     0     0     0     0
     0     0     0     0     0     0     0     0
     0     0     0     0     0     0     0     0

Jojo (1) to move (time left: 179.0 sec.):
     0     0     0     0     0     0     0     0
     0     0     0     0     0     0     0     0
     0     0     1    -1     0     0     0     0
     0     0    -1    -1    -1     0     0     0
     0    -1     1    -1     1     0     0     0
     1     1     1     1     1     0     0     0
     0     0     0     0     0     0     0     0
     0     0     0     0     0     0     0     0

Bernhard (-1) to move (time left: 176.0 sec.):
     0     0     0     0     0     0     0     0
     0     0     0     0     0     0     0     0
     0     0     1    -1     0     0     0     0
     0     0    -1    -1    -1     0     0     0
     0    -1    -1    -1     1     0     0     0
     1     1    -1     1     1     0     0     0
     0     0    -1     0     0     0     0     0
     0     0     0     0     0     0     0     0

Jojo (1) to move (time left: 178.7 sec.):
     0     0     0     0     0     0     0     0
     0     0     0     0     0     0     0     0
     0     0     1    -1     0     0     0     0
     0     0    -1    -1    -1     0     0     0
     1     1     1     1     1     0     0     0
     1     1    -1     1     1     0     0     0
     0     0    -1     0     0     0     0     0
     0     0     0     0     0     0     0     0

Bernhard (-1) to move (time left: 174.8 sec.):
     0     0     0     0     0     0     0     0
     0     0     0     0     0     0     0     0
     0     0     1    -1     0     0     0     0
     0     0    -1    -1    -1     0     0     0
     1     1     1    -1     1     0     0     0
     1     1    -1    -1     1     0     0     0
     0     0    -1    -1     0     0     0     0
     0     0     0     0     0     0     0     0

Jojo (1) to move (time left: 178.4 sec.):
     0     0     0     0     0     0     0     0
     0     0     0     0     0     0     0     0
     0     0     1    -1     0     0     0     0
     0     0    -1    -1    -1     0     0     0
     1     1     1    -1     1     0     0     0
     1     1    -1     1     1     0     0     0
     0     0    -1    -1     1     0     0     0
     0     0     0     0     0     0     0     0

Bernhard (-1) to move (time left: 173.7 sec.):
     0     0     0     0     0     0     0     0
     0     0     0     0     0     0     0     0
     0     0     1    -1     0     0     0     0
     0     0    -1    -1    -1    -1     0     0
     1     1     1    -1    -1     0     0     0
     1     1    -1    -1     1     0     0     0
     0     0    -1    -1     1     0     0     0
     0     0     0     0     0     0     0     0

Jojo (1) to move (time left: 178.1 sec.):
     0     0     0     0     0     0     0     0
     0     0     0     0     0     0     0     0
     0     0     1    -1     0     0     0     0
     0     0    -1    -1    -1    -1     0     0
     1     1     1     1     1     1     0     0
     1     1    -1    -1     1     0     0     0
     0     0    -1    -1     1     0     0     0
     0     0     0     0     0     0     0     0

Bernhard (-1) to move (time left: 172.6 sec.):
     0     0     0     0     0     0     0     0
     0     0     0     0     0     0     0     0
     0     0     1    -1     0     0     0     0
     0     0    -1    -1    -1    -1     0     0
     1     1     1     1     1     1     0     0
     1     1    -1    -1     1     0     0     0
     0     0    -1    -1    -1     0     0     0
     0     0     0     0     0    -1     0     0

Jojo (1) to move (time left: 177.7 sec.):
     0     0     0     0     0     0     0     0
     0     0     0     0     0     0     0     0
     0     1     1    -1     0     0     0     0
     0     0     1    -1    -1    -1     0     0
     1     1     1     1     1     1     0     0
     1     1    -1    -1     1     0     0     0
     0     0    -1    -1    -1     0     0     0
     0     0     0     0     0    -1     0     0

Bernhard (-1) to move (time left: 171.0 sec.):
     0     0     0     0     0     0     0     0
     0     0     0     0     0     0     0     0
     0     1     1    -1     0     0     0     0
     0    -1    -1    -1    -1    -1     0     0
     1     1    -1     1     1     1     0     0
     1     1    -1    -1     1     0     0     0
     0     0    -1    -1    -1     0     0     0
     0     0     0     0     0    -1     0     0

Jojo (1) to move (time left: 177.4 sec.):
     0     0     0     0     0     0     0     0
     0     0     0     0     1     0     0     0
     0     1     1     1     0     0     0     0
     0    -1     1    -1    -1    -1     0     0
     1     1    -1     1     1     1     0     0
     1     1    -1    -1     1     0     0     0
     0     0    -1    -1    -1     0     0     0
     0     0     0     0     0    -1     0     0

Bernhard (-1) to move (time left: 169.6 sec.):
     0     0     0     0     0     0     0     0
     0     0     0     0     1     0     0     0
     0     1     1     1     0     0     0     0
    -1    -1     1    -1    -1    -1     0     0
     1    -1    -1     1     1     1     0     0
     1     1    -1    -1     1     0     0     0
     0     0    -1    -1    -1     0     0     0
     0     0     0     0     0    -1     0     0

Jojo (1) to move (time left: 176.8 sec.):
     0     0     0     0     0     0     0     0
     0     0     0     0     1     0     0     0
     1     1     1     1     0     0     0     0
     1    -1     1    -1    -1    -1     0     0
     1    -1    -1     1     1     1     0     0
     1     1    -1    -1     1     0     0     0
     0     0    -1    -1    -1     0     0     0
     0     0     0     0     0    -1     0     0

Bernhard (-1) to move (time left: 168.9 sec.):
     0     0     0     0     0    -1     0     0
     0     0     0     0    -1     0     0     0
     1     1     1    -1     0     0     0     0
     1    -1    -1    -1    -1    -1     0     0
     1    -1    -1     1     1     1     0     0
     1     1    -1    -1     1     0     0     0
     0     0    -1    -1    -1     0     0     0
     0     0     0     0     0    -1     0     0

Jojo (1) to move (time left: 176.5 sec.):
     0     0     0     0     0    -1     0     0
     0     0     1     0    -1     0     0     0
     1     1     1     1     0     0     0     0
     1    -1    -1    -1     1    -1     0     0
     1    -1    -1     1     1     1     0     0
     1     1    -1    -1     1     0     0     0
     0     0    -1    -1    -1     0     0     0
     0     0     0     0     0    -1     0     0

Bernhard (-1) to move (time left: 166.9 sec.):
     0     0     0     0     0    -1     0     0
     0     0     1     0    -1     0     0     0
     1     1     1     1    -1     0     0     0
     1    -1    -1    -1    -1    -1     0     0
     1    -1    -1     1    -1     1     0     0
     1     1    -1    -1    -1     0     0     0
     0     0    -1    -1    -1     0     0     0
     0     0     0     0     0    -1     0     0

Jojo (1) to move (time left: 175.7 sec.):
     0     0     0     0     0    -1     0     0
     0     0     1     0    -1     1     0     0
     1     1     1     1     1     0     0     0
     1    -1    -1     1    -1    -1     0     0
     1    -1     1     1    -1     1     0     0
     1     1    -1    -1    -1     0     0     0
     0     0    -1    -1    -1     0     0     0
     0     0     0     0     0    -1     0     0

Bernhard (-1) to move (time left: 164.3 sec.):
     0     0     0     0     0    -1     0     0
     0     0     1    -1    -1     1     0     0
     1     1    -1    -1    -1     0     0     0
     1    -1    -1    -1    -1    -1     0     0
     1    -1     1    -1    -1     1     0     0
     1     1    -1    -1    -1     0     0     0
     0     0    -1    -1    -1     0     0     0
     0     0     0     0     0    -1     0     0

Jojo (1) to move (time left: 174.9 sec.):
     0     0     0     0     0    -1     0     0
     0     0     1    -1    -1     1     0     0
     1     1    -1    -1    -1     0     0     0
     1     1     1     1     1     1     1     0
     1    -1     1    -1    -1     1     0     0
     1     1    -1    -1    -1     0     0     0
     0     0    -1    -1    -1     0     0     0
     0     0     0     0     0    -1     0     0

Bernhard (-1) to move (time left: 161.5 sec.):
     0     0     0     0     0    -1     0     0
     0     0     1    -1    -1     1     0     0
     1     1    -1    -1    -1     0    -1     0
     1     1     1     1     1    -1     1     0
     1    -1     1    -1    -1     1     0     0
     1     1    -1    -1    -1     0     0     0
     0     0    -1    -1    -1     0     0     0
     0     0     0     0     0    -1     0     0

Jojo (1) to move (time left: 174.0 sec.):
     0     0     0     0     0    -1     0     0
     0     0     1    -1    -1     1     0     0
     1     1    -1    -1    -1     0    -1     0
     1     1     1     1     1    -1     1     0
     1    -1     1     1    -1     1     0     0
     1     1    -1    -1     1     0     0     0
     0     0    -1    -1    -1     1     0     0
     0     0     0     0     0    -1     0     0

Bernhard (-1) to move (time left: 159.1 sec.):
     0     0     0     0    -1    -1     0     0
     0     0     1    -1    -1    -1     0     0
     1     1    -1    -1    -1     0    -1     0
     1     1     1     1     1    -1     1     0
     1    -1     1     1    -1     1     0     0
     1     1    -1    -1     1     0     0     0
     0     0    -1    -1    -1     1     0     0
     0     0     0     0     0    -1     0     0

Jojo (1) to move (time left: 172.7 sec.):
     0     0     0     0    -1    -1     0     0
     0     0     1    -1    -1    -1     0     0
     1     1     1     1     1     1    -1     0
     1     1     1     1     1     1     1     0
     1    -1     1     1    -1     1     0     0
     1     1    -1    -1     1     0     0     0
     0     0    -1    -1    -1     1     0     0
     0     0     0     0     0    -1     0     0

Bernhard (-1) to move (time left: 153.9 sec.):
     0     0    -1     0    -1    -1     0     0
     0     0    -1    -1    -1    -1     0     0
     1     1    -1     1     1     1    -1     0
     1     1    -1     1     1     1     1     0
     1    -1    -1     1    -1     1     0     0
     1     1    -1    -1     1     0     0     0
     0     0    -1    -1    -1     1     0     0
     0     0     0     0     0    -1     0     0

Jojo (1) to move (time left: 172.1 sec.):
     0     0    -1     0    -1    -1     0     0
     0     0    -1    -1    -1    -1     0     0
     1     1    -1     1     1     1     1     1
     1     1    -1     1     1     1     1     0
     1    -1    -1     1    -1     1     0     0
     1     1    -1    -1     1     0     0     0
     0     0    -1    -1    -1     1     0     0
     0     0     0     0     0    -1     0     0

Bernhard (-1) to move (time left: 152.0 sec.):
     0     0    -1     0    -1    -1     0     0
     0     0    -1    -1    -1    -1     0     0
     1     1    -1     1     1     1    -1     1
     1     1    -1    -1    -1    -1    -1    -1
     1    -1    -1     1    -1     1     0     0
     1     1    -1    -1     1     0     0     0
     0     0    -1    -1    -1     1     0     0
     0     0     0     0     0    -1     0     0

Jojo (1) to move (time left: 171.1 sec.):
     0     0    -1     0    -1    -1     0     0
     0     0    -1    -1    -1    -1     0     0
     1     1    -1     1     1     1    -1     1
     1     1    -1    -1    -1    -1     1     1
     1    -1    -1     1    -1     1     0     1
     1     1    -1    -1     1     0     0     0
     0     0    -1    -1    -1     1     0     0
     0     0     0     0     0    -1     0     0

Bernhard (-1) to move (time left: 148.4 sec.):
     0     0    -1     0    -1    -1     0     0
     0     0    -1    -1    -1    -1     0     0
     1     1    -1     1     1     1    -1     1
     1     1    -1    -1    -1    -1     1     1
     1    -1    -1     1    -1    -1     0     1
     1     1    -1    -1     1     0    -1     0
     0     0    -1    -1    -1     1     0     0
     0     0     0     0     0    -1     0     0

Jojo (1) to move (time left: 170.2 sec.):
     0     0    -1     0    -1    -1     0     0
     0     0    -1    -1    -1    -1     0     0
     1     1    -1     1     1     1    -1     1
     1     1    -1    -1     1    -1     1     1
     1    -1    -1     1    -1     1     0     1
     1     1    -1    -1     1     0     1     0
     0     0    -1    -1    -1     1     0     1
     0     0     0     0     0    -1     0     0

Bernhard (-1) to move (time left: 146.5 sec.):
     0     0    -1     0    -1    -1     0     0
     0     0    -1    -1    -1    -1     0     0
     1     1    -1     1     1     1    -1     1
     1     1    -1    -1     1    -1     1     1
     1    -1    -1     1    -1    -1     0     1
     1     1    -1    -1    -1    -1     1     0
     0     0    -1    -1    -1    -1     0     1
     0     0     0     0     0    -1     0     0

Jojo (1) to move (time left: 169.6 sec.):
     0     0    -1     0    -1    -1     0     0
     0     0    -1    -1    -1    -1     0     0
     1     1    -1     1     1     1    -1     1
     1     1    -1    -1     1     1     1     1
     1    -1    -1     1     1     1     1     1
     1     1    -1    -1    -1    -1     1     0
     0     0    -1    -1    -1    -1     0     1
     0     0     0     0     0    -1     0     0

Bernhard (-1) to move (time left: 145.3 sec.):
     0     0    -1     0    -1    -1     0     0
     0     0    -1    -1    -1    -1     0     0
     1     1    -1     1    -1     1    -1     1
     1     1    -1    -1     1    -1     1     1
     1    -1    -1     1     1     1    -1     1
     1     1    -1    -1    -1    -1    -1    -1
     0     0    -1    -1    -1    -1     0     1
     0     0     0     0     0    -1     0     0

Jojo (1) to move (time left: 168.9 sec.):
     0     0    -1     0    -1    -1     0     0
     0     0    -1    -1    -1    -1     0     0
     1     1    -1     1    -1     1    -1     1
     1     1    -1    -1     1    -1     1     1
     1    -1    -1     1     1     1     1     1
     1     1    -1    -1    -1     1     1    -1
     0     0    -1    -1    -1    -1     1     1
     0     0     0     0     0    -1     0     0

Bernhard (-1) to move (time left: 132.2 sec.):
     0     0    -1     0    -1    -1     0     0
     0     0    -1    -1    -1    -1     0     0
     1     1    -1     1    -1     1    -1     1
     1     1    -1    -1     1    -1     1     1
     1    -1    -1     1    -1     1     1     1
     1     1    -1    -1    -1    -1     1    -1
     0     0    -1    -1    -1    -1    -1    -1
     0     0     0     0     0    -1     0    -1

Jojo (1) to move (time left: 167.9 sec.):
     0     0    -1     0    -1    -1     0     0
     0     0    -1    -1    -1    -1     0     0
     1     1    -1     1    -1     1    -1     1
     1     1    -1    -1     1    -1     1     1
     1    -1    -1     1    -1     1     1     1
     1     1    -1    -1     1    -1     1    -1
     0     0    -1     1    -1    -1    -1    -1
     0     0     1     0     0    -1     0    -1

Bernhard (-1) to move (time left: 132.1 sec.):
     0     0    -1     0    -1    -1     0     0
     0     0    -1    -1    -1    -1     0     0
     1     1    -1     1    -1     1    -1     1
     1     1    -1    -1     1    -1     1     1
     1    -1    -1     1    -1     1     1     1
     1     1    -1    -1     1    -1     1    -1
     0     0    -1    -1    -1    -1    -1    -1
     0     0     1    -1     0    -1     0    -1

Jojo (1) to move (time left: 167.6 sec.):
     0     0    -1     0    -1    -1     0     0
     0     0    -1    -1    -1    -1     1     0
     1     1    -1     1    -1     1     1     1
     1     1    -1    -1     1    -1     1     1
     1    -1    -1     1    -1     1     1     1
     1     1    -1    -1     1    -1     1    -1
     0     0    -1    -1    -1    -1    -1    -1
     0     0     1    -1     0    -1     0    -1

Bernhard (-1) to move (time left: 129.9 sec.):
     0     0    -1     0    -1    -1     0    -1
     0     0    -1    -1    -1    -1    -1     0
     1     1    -1     1    -1    -1     1     1
     1     1    -1    -1    -1    -1     1     1
     1    -1    -1    -1    -1     1     1     1
     1     1    -1    -1     1    -1     1    -1
     0     0    -1    -1    -1    -1    -1    -1
     0     0     1    -1     0    -1     0    -1

Jojo (1) to move (time left: 167.4 sec.):
     0     0    -1     0    -1    -1     0    -1
     0     0    -1    -1    -1    -1    -1     0
     1     1    -1     1    -1    -1     1     1
     1     1    -1    -1    -1    -1     1     1
     1     1    -1    -1    -1     1     1     1
     1     1     1    -1     1    -1     1    -1
     0     0    -1     1     1     1    -1    -1
     0     0     1     1     1    -1     0    -1

Bernhard (-1) to move (time left: 129.8 sec.):
     0     0    -1     0    -1    -1     0    -1
     0     0    -1    -1    -1    -1    -1     0
     1     1    -1     1    -1    -1     1     1
     1     1    -1    -1    -1    -1     1     1
     1     1    -1    -1    -1     1     1     1
     1     1     1    -1    -1    -1     1    -1
     0     0    -1     1     1    -1    -1    -1
     0     0     1     1     1    -1    -1    -1

Jojo (1) to move (time left: 167.2 sec.):
     0     0    -1     0    -1    -1     0    -1
     0     0    -1    -1    -1    -1    -1     0
     1     1    -1     1    -1    -1     1     1
     1     1    -1    -1    -1     1     1     1
     1     1    -1    -1     1     1     1     1
     1     1     1     1    -1    -1     1    -1
     0     0     1     1     1    -1    -1    -1
     0     1     1     1     1    -1    -1    -1

Bernhard (-1) to move (time left: 128.9 sec.):
     0     0    -1     0    -1    -1     0    -1
     0     0    -1    -1    -1    -1    -1     0
     1     1    -1     1    -1    -1     1     1
     1     1    -1    -1    -1     1     1     1
     1     1    -1    -1     1     1     1     1
     1     1     1     1    -1    -1     1    -1
     0     0     1     1     1    -1    -1    -1
    -1    -1    -1    -1    -1    -1    -1    -1

Jojo (1) to move (time left: 167.0 sec.):
     0     1    -1     0    -1    -1     0    -1
     0     0     1    -1    -1    -1    -1     0
     1     1    -1     1    -1    -1     1     1
     1     1    -1    -1    -1     1     1     1
     1     1    -1    -1     1     1     1     1
     1     1     1     1    -1    -1     1    -1
     0     0     1     1     1    -1    -1    -1
    -1    -1    -1    -1    -1    -1    -1    -1

Bernhard (-1) to move (time left: 128.8 sec.):
    -1    -1    -1     0    -1    -1     0    -1
     0     0     1    -1    -1    -1    -1     0
     1     1    -1     1    -1    -1     1     1
     1     1    -1    -1    -1     1     1     1
     1     1    -1    -1     1     1     1     1
     1     1     1     1    -1    -1     1    -1
     0     0     1     1     1    -1    -1    -1
    -1    -1    -1    -1    -1    -1    -1    -1

Jojo (1) to move (time left: 166.8 sec.):
    -1    -1    -1     0    -1    -1     0    -1
     0     1     1    -1    -1    -1    -1     0
     1     1     1     1    -1    -1     1     1
     1     1    -1     1    -1     1     1     1
     1     1    -1    -1     1     1     1     1
     1     1     1     1    -1    -1     1    -1
     0     0     1     1     1    -1    -1    -1
    -1    -1    -1    -1    -1    -1    -1    -1

Bernhard (-1) to move (time left: 128.7 sec.):
    -1    -1    -1     0    -1    -1     0    -1
    -1    -1    -1    -1    -1    -1    -1     0
     1    -1     1     1    -1    -1     1     1
     1     1    -1     1    -1     1     1     1
     1     1    -1    -1     1     1     1     1
     1     1     1     1    -1    -1     1    -1
     0     0     1     1     1    -1    -1    -1
    -1    -1    -1    -1    -1    -1    -1    -1

Jojo (1) to move (time left: 166.7 sec.):
    -1    -1    -1     1    -1    -1     0    -1
    -1    -1     1     1     1    -1    -1     0
     1     1     1     1    -1     1     1     1
     1     1    -1     1    -1     1     1     1
     1     1    -1    -1     1     1     1     1
     1     1     1     1    -1    -1     1    -1
     0     0     1     1     1    -1    -1    -1
    -1    -1    -1    -1    -1    -1    -1    -1

Bernhard (-1) to move (time left: 128.5 sec.):
    -1    -1    -1     1    -1    -1     0    -1
    -1    -1     1     1     1    -1    -1     0
    -1     1     1     1    -1     1     1     1
    -1     1    -1     1    -1     1     1     1
    -1     1    -1    -1     1     1     1     1
    -1    -1     1     1    -1    -1     1    -1
    -1     0     1     1     1    -1    -1    -1
    -1    -1    -1    -1    -1    -1    -1    -1

Jojo (1) to move (time left: 166.6 sec.):
    -1    -1    -1     1    -1    -1     0    -1
    -1    -1     1     1     1    -1    -1     0
    -1     1     1     1    -1     1     1     1
    -1     1    -1     1    -1     1     1     1
    -1     1    -1    -1     1     1     1     1
    -1     1     1     1    -1    -1     1    -1
    -1     1     1     1     1    -1    -1    -1
    -1    -1    -1    -1    -1    -1    -1    -1

Bernhard (-1) to move (time left: 128.4 sec.):
    -1    -1    -1     1    -1    -1     0    -1
    -1    -1     1     1     1    -1    -1    -1
    -1     1     1     1    -1     1    -1    -1
    -1     1    -1     1    -1    -1     1    -1
    -1     1    -1    -1    -1     1     1    -1
    -1     1     1    -1    -1    -1     1    -1
    -1     1    -1     1     1    -1    -1    -1
    -1    -1    -1    -1    -1    -1    -1    -1

Jojo (1) to move (time left: 166.5 sec.):
    -1    -1    -1     1     1     1     1    -1
    -1    -1     1     1     1     1     1    -1
    -1     1     1     1     1     1     1    -1
    -1     1    -1     1    -1    -1     1    -1
    -1     1    -1    -1    -1     1     1    -1
    -1     1     1    -1    -1    -1     1    -1
    -1     1    -1     1     1    -1    -1    -1
    -1    -1    -1    -1    -1    -1    -1    -1

Game over.
