Bjoern against hiba:
     0     0     0     0     0     0     0     0
     0     0     0     0     0     0     0     0
     0     0     0     0     0     0     0     0
     0     0     0     1    -1     0     0     0
     0     0     0    -1     1     0     0     0
     0     0     0     0     0     0     0     0
     0     0     0     0     0     0     0     0
     0     0     0     0     0     0     0     0

hiba (-1) to move (time left: 180.0 sec.):
     0     0     0     0     0     0     0     0
     0     0     0     0     0     0     0     0
     0     0     0     0     0     0     0     0
     0     0    -1    -1    -1     0     0     0
     0     0     0    -1     1     0     0     0
     0     0     0     0     0     0     0     0
     0     0     0     0     0     0     0     0
     0     0     0     0     0     0     0     0

Bjoern (1) to move (time left: 180.0 sec.):
     0     0     0     0     0     0     0     0
     0     0     0     0     0     0     0     0
     0     0     1     0     0     0     0     0
     0     0    -1     1    -1     0     0     0
     0     0     0    -1     1     0     0     0
     0     0     0     0     0     0     0     0
     0     0     0     0     0     0     0     0
     0     0     0     0     0     0     0     0

hiba (-1) to move (time left: 179.9 sec.):
     0     0     0     0     0     0     0     0
     0     0    -1     0     0     0     0     0
     0     0    -1     0     0     0     0     0
     0     0    -1     1    -1     0     0     0
     0     0     0    -1     1     0     0     0
     0     0     0     0     0     0     0     0
     0     0     0     0     0     0     0     0
     0     0     0     0     0     0     0     0

Bjoern (1) to move (time left: 179.8 sec.):
     0     0     0     0     0     0     0     0
     0     0    -1     0     0     0     0     0
     0     0    -1     0     0     0     0     0
     0     0    -1     1    -1     0     0     0
     0     0     0     1     1     0     0     0
     0     0     0     1     0     0     0     0
     0     0     0     0     0     0     0     0
     0     0     0     0     0     0     0     0

hiba (-1) to move (time left: 179.7 sec.):
     0     0     0     0     0     0     0     0
     0     0    -1     0     0     0     0     0
     0     0    -1     0     0     0     0     0
     0     0    -1     1    -1     0     0     0
     0     0     0    -1    -1     0     0     0
     0     0     0     1    -1     0     0     0
     0     0     0     0     0     0     0     0
     0     0     0     0     0     0     0     0

Bjoern (1) to move (time left: 179.3 sec.):
     0     0     0     0     0     0     0     0
     0     0    -1     0     0     0     0     0
     0     0    -1     0     0     0     0     0
     0     0    -1     1    -1     0     0     0
     0     0     0    -1     1     0     0     0
     0     0     0     1     1     1     0     0
     0     0     0     0     0     0     0     0
     0     0     0     0     0     0     0     0

hiba (-1) to move (time left: 179.2 sec.):
     0     0     0     0     0     0     0     0
     0     0    -1     0     0     0     0     0
     0     0    -1     0     0     0     0     0
     0     0    -1     1    -1     0     0     0
     0     0     0    -1    -1     0     0     0
     0     0     0     1    -1     1     0     0
     0     0     0     0    -1     0     0     0
     0     0     0     0     0     0     0     0

Bjoern (1) to move (time left: 178.8 sec.):
     0     0     0     0     0     0     0     0
     0     0    -1     0     0     0     0     0
     0     0    -1     0     0     0     0     0
     0     0    -1     1    -1     0     0     0
     0     0     0    -1    -1     0     0     0
     0     0     0     1    -1     1     0     0
     0     0     0     0     1     0     0     0
     0     0     0     0     0     1     0     0

hiba (-1) to move (time left: 178.9 sec.):
     0     0     0     0     0     0     0     0
     0     0    -1     0     0     0     0     0
     0     0    -1     0     0     0     0     0
     0     0    -1     1    -1     0     0     0
     0     0     0    -1    -1     0     0     0
     0     0     0     1    -1     1     0     0
     0     0     0     0    -1     0     0     0
     0     0     0     0    -1     1     0     0

Bjoern (1) to move (time left: 178.0 sec.):
     0     0     0     0     0     0     0     0
     0     0    -1     0     0     0     0     0
     0     0    -1     0     0     0     0     0
     0     0    -1     1    -1     0     0     0
     0     0     0    -1    -1     0     0     0
     0     0     0     1    -1     1     0     0
     0     0     0     0     1     0     0     0
     0     0     0     1     1     1     0     0

hiba (-1) to move (time left: 178.6 sec.):
     0     0     0     0     0     0     0     0
     0     0    -1     0     0     0     0     0
     0     0    -1     0     0     0     0     0
     0     0    -1     1    -1     0     0     0
     0     0     0    -1    -1     0     0     0
     0     0     0     1    -1    -1    -1     0
     0     0     0     0     1     0     0     0
     0     0     0     1     1     1     0     0

Bjoern (1) to move (time left: 177.3 sec.):
     0     0     0     0     0     0     0     0
     0     0    -1     0     0     0     0     0
     0     0    -1     0     0     0     0     0
     0     0    -1     1    -1     0     0     0
     0     0     0    -1    -1     0     0     0
     0     0     0     1     1     1     1     1
     0     0     0     0     1     0     0     0
     0     0     0     1     1     1     0     0

hiba (-1) to move (time left: 178.2 sec.):
     0     0     0     0     0     0     0     0
     0     0    -1     0     0     0     0     0
     0     0    -1     0     0     0     0     0
     0     0    -1     1    -1     0     0     0
     0     0     0    -1    -1     0     0     0
     0     0     0     1    -1     1     1     1
     0     0     0     0     1    -1     0     0
     0     0     0     1     1     1     0     0

Bjoern (1) to move (time left: 176.3 sec.):
     0     0     0     0     0     0     0     0
     0     0    -1     0     0     0     0     0
     0     0    -1     0     1     0     0     0
     0     0    -1     1     1     0     0     0
     0     0     0    -1     1     0     0     0
     0     0     0     1     1     1     1     1
     0     0     0     0     1    -1     0     0
     0     0     0     1     1     1     0     0

hiba (-1) to move (time left: 177.8 sec.):
     0     0     0     0     0     0     0     0
     0     0    -1     0     0     0     0     0
     0     0    -1     0     1     0     0     0
     0     0    -1     1     1     0     0     0
     0     0     0    -1     1     0     0    -1
     0     0     0     1     1     1    -1     1
     0     0     0     0     1    -1     0     0
     0     0     0     1     1     1     0     0

Bjoern (1) to move (time left: 175.6 sec.):
     0     0     0     0     0     0     0     0
     0     0    -1     0     0     0     0     0
     0     0    -1     0     1     0     0     0
     0     0    -1     1     1     0     0     0
     0     0     0     1     1     0     0    -1
     0     0     1     1     1     1    -1     1
     0     0     0     0     1    -1     0     0
     0     0     0     1     1     1     0     0

hiba (-1) to move (time left: 177.4 sec.):
     0     0     0     0     0     0     0     0
     0     0    -1     0     0     0     0     0
     0     0    -1     0     1     0     0     0
     0     0    -1     1     1     0     0     0
     0     0     0     1     1     0     0    -1
     0     0     1     1     1     1    -1    -1
     0     0     0     0     1    -1     0    -1
     0     0     0     1     1     1     0     0

Bjoern (1) to move (time left: 173.4 sec.):
     0     0     0     0     0     0     0     0
     0     0    -1     0     0     0     0     0
     0     1    -1     0     1     0     0     0
     0     0     1     1     1     0     0     0
     0     0     0     1     1     0     0    -1
     0     0     1     1     1     1    -1    -1
     0     0     0     0     1    -1     0    -1
     0     0     0     1     1     1     0     0

hiba (-1) to move (time left: 176.9 sec.):
     0     0     0     0     0     0     0     0
     0     0    -1     0     0     0     0     0
     0     1    -1     0     1     0     0     0
     0     0     1     1     1     0     0     0
     0     0     0     1     1     0     0    -1
     0     0     1     1     1     1    -1    -1
     0     0     0    -1    -1    -1     0    -1
     0     0     0     1     1     1     0     0

Bjoern (1) to move (time left: 172.8 sec.):
     0     0     0     0     0     0     0     0
     0     0    -1     0     0     0     0     0
     0     1    -1     0     1     0     0     0
     0     0     1     1     1     0     0     0
     0     0     0     1     1     0     0    -1
     0     0     1     1     1     1    -1    -1
     0     0     0     1    -1    -1     0    -1
     0     0     1     1     1     1     0     0

hiba (-1) to move (time left: 176.6 sec.):
     0     0     0     0     0     0     0     0
     0     0    -1     0     0     0     0     0
     0     1    -1     0     1     0     0     0
     0     0     1     1     1     0     0     0
     0     0     0     1     1     0     0    -1
     0     0     1     1     1     1    -1    -1
     0     0    -1    -1    -1    -1     0    -1
     0     0     1     1     1     1     0     0

Bjoern (1) to move (time left: 171.6 sec.):
     0     0     0     0     0     0     0     0
     0     0    -1     0     0     0     0     0
     0     1     1     1     1     0     0     0
     0     0     1     1     1     0     0     0
     0     0     0     1     1     0     0    -1
     0     0     1     1     1     1    -1    -1
     0     0    -1    -1    -1    -1     0    -1
     0     0     1     1     1     1     0     0

hiba (-1) to move (time left: 176.4 sec.):
     0     0     0     0     0     0     0     0
     0     0    -1     0     0     0     0     0
     0     1     1    -1     1     0     0     0
     0     0     1     1    -1     0     0     0
     0     0     0     1     1    -1     0    -1
     0     0     1     1    -1    -1    -1    -1
     0     0    -1    -1    -1    -1     0    -1
     0     0     1     1     1     1     0     0

Bjoern (1) to move (time left: 169.9 sec.):
     0     0     0     0     0     0     0     0
     0     0    -1     0     0     0     0     0
     0     1     1    -1     1     0     0     0
     0     0     1     1    -1     0     0     0
     0     0     0     1     1    -1     0    -1
     0     0     1     1    -1    -1    -1    -1
     0     0     1    -1    -1    -1     0    -1
     0     1     1     1     1     1     0     0

hiba (-1) to move (time left: 175.9 sec.):
     0     0     0     0     0     0     0     0
     0     0    -1     0     0     0     0     0
    -1    -1    -1    -1     1     0     0     0
     0     0     1     1    -1     0     0     0
     0     0     0     1     1    -1     0    -1
     0     0     1     1    -1    -1    -1    -1
     0     0     1    -1    -1    -1     0    -1
     0     1     1     1     1     1     0     0

Bjoern (1) to move (time left: 164.9 sec.):
     0     0     0     0     0     0     0     0
     0     0    -1     0     0     0     0     0
    -1    -1    -1    -1     1     1     0     0
     0     0     1     1     1     0     0     0
     0     0     0     1     1    -1     0    -1
     0     0     1     1    -1    -1    -1    -1
     0     0     1    -1    -1    -1     0    -1
     0     1     1     1     1     1     0     0

hiba (-1) to move (time left: 175.3 sec.):
     0     0     0     0     0     0     0     0
     0     0    -1     0    -1     0     0     0
    -1    -1    -1    -1    -1     1     0     0
     0     0     1     1    -1     0     0     0
     0     0     0     1    -1    -1     0    -1
     0     0     1     1    -1    -1    -1    -1
     0     0     1    -1    -1    -1     0    -1
     0     1     1     1     1     1     0     0

Bjoern (1) to move (time left: 162.8 sec.):
     0     0     0     0     0     0     0     0
     0     0    -1     0    -1     1     0     0
    -1    -1    -1    -1     1     1     0     0
     0     0     1     1    -1     0     0     0
     0     0     0     1    -1    -1     0    -1
     0     0     1     1    -1    -1    -1    -1
     0     0     1    -1    -1    -1     0    -1
     0     1     1     1     1     1     0     0

hiba (-1) to move (time left: 174.2 sec.):
     0     0     0     0     0     0     0     0
     0     0    -1     0    -1     1     0     0
    -1    -1    -1    -1     1     1     0     0
     0     0    -1     1    -1     0     0     0
     0     0    -1    -1    -1    -1     0    -1
     0     0     1    -1    -1    -1    -1    -1
     0     0     1    -1    -1    -1     0    -1
     0     1     1     1     1     1     0     0

Bjoern (1) to move (time left: 160.7 sec.):
     0     0     1     0     0     0     0     0
     0     0     1     0    -1     1     0     0
    -1    -1     1    -1     1     1     0     0
     0     0     1     1    -1     0     0     0
     0     0     1    -1    -1    -1     0    -1
     0     0     1    -1    -1    -1    -1    -1
     0     0     1    -1    -1    -1     0    -1
     0     1     1     1     1     1     0     0

hiba (-1) to move (time left: 173.5 sec.):
     0     0     1    -1     0     0     0     0
     0     0    -1     0    -1     1     0     0
    -1    -1     1    -1     1     1     0     0
     0     0     1     1    -1     0     0     0
     0     0     1    -1    -1    -1     0    -1
     0     0     1    -1    -1    -1    -1    -1
     0     0     1    -1    -1    -1     0    -1
     0     1     1     1     1     1     0     0

Bjoern (1) to move (time left: 158.5 sec.):
     0     0     1     1     1     0     0     0
     0     0    -1     0     1     1     0     0
    -1    -1     1    -1     1     1     0     0
     0     0     1     1    -1     0     0     0
     0     0     1    -1    -1    -1     0    -1
     0     0     1    -1    -1    -1    -1    -1
     0     0     1    -1    -1    -1     0    -1
     0     1     1     1     1     1     0     0

hiba (-1) to move (time left: 173.0 sec.):
     0     0     1     1     1    -1     0     0
     0     0    -1     0    -1     1     0     0
    -1    -1     1    -1     1     1     0     0
     0     0     1     1    -1     0     0     0
     0     0     1    -1    -1    -1     0    -1
     0     0     1    -1    -1    -1    -1    -1
     0     0     1    -1    -1    -1     0    -1
     0     1     1     1     1     1     0     0

Bjoern (1) to move (time left: 155.9 sec.):
     0     0     1     1     1    -1     0     0
     0     0    -1     0    -1     1     0     0
    -1    -1     1    -1     1     1     0     0
     0     0     1     1    -1     0     0     0
     0     0     1     1     1     1     1    -1
     0     0     1    -1    -1     1    -1    -1
     0     0     1    -1     1    -1     0    -1
     0     1     1     1     1     1     0     0

hiba (-1) to move (time left: 172.5 sec.):
     0    -1    -1    -1    -1    -1     0     0
     0     0    -1     0    -1     1     0     0
    -1    -1     1    -1     1     1     0     0
     0     0     1     1    -1     0     0     0
     0     0     1     1     1     1     1    -1
     0     0     1    -1    -1     1    -1    -1
     0     0     1    -1     1    -1     0    -1
     0     1     1     1     1     1     0     0

Bjoern (1) to move (time left: 151.4 sec.):
     0    -1    -1    -1    -1    -1     0     0
     0     0    -1     1     1     1     0     0
    -1    -1     1     1     1     1     0     0
     0     0     1     1    -1     0     0     0
     0     0     1     1     1     1     1    -1
     0     0     1    -1    -1     1    -1    -1
     0     0     1    -1     1    -1     0    -1
     0     1     1     1     1     1     0     0

hiba (-1) to move (time left: 172.4 sec.):
     0    -1    -1    -1    -1    -1     0     0
     0     0    -1    -1     1     1     0     0
    -1    -1    -1     1     1     1     0     0
     0    -1    -1    -1    -1     0     0     0
     0     0    -1     1     1     1     1    -1
     0     0     1    -1    -1     1    -1    -1
     0     0     1    -1     1    -1     0    -1
     0     1     1     1     1     1     0     0

Bjoern (1) to move (time left: 149.1 sec.):
     0    -1    -1    -1    -1    -1     0     0
     0     0    -1    -1     1     1     0     0
    -1    -1    -1     1     1     1     0     0
     0    -1     1    -1    -1     0     0     0
     0     1     1     1     1     1     1    -1
     0     0     1    -1    -1     1    -1    -1
     0     0     1    -1     1    -1     0    -1
     0     1     1     1     1     1     0     0

hiba (-1) to move (time left: 172.2 sec.):
     0    -1    -1    -1    -1    -1    -1     0
     0     0    -1    -1     1    -1     0     0
    -1    -1    -1     1    -1     1     0     0
     0    -1     1    -1    -1     0     0     0
     0     1     1     1     1     1     1    -1
     0     0     1    -1    -1     1    -1    -1
     0     0     1    -1     1    -1     0    -1
     0     1     1     1     1     1     0     0

Bjoern (1) to move (time left: 147.3 sec.):
     0    -1    -1    -1    -1    -1    -1     0
     0     0    -1    -1     1    -1     0     0
    -1    -1    -1     1    -1     1     0     0
     1     1     1    -1    -1     0     0     0
     0     1     1     1     1     1     1    -1
     0     0     1    -1    -1     1    -1    -1
     0     0     1    -1     1    -1     0    -1
     0     1     1     1     1     1     0     0

hiba (-1) to move (time left: 172.0 sec.):
     0    -1    -1    -1    -1    -1    -1     0
     0     0    -1    -1    -1    -1     0     0
    -1    -1    -1    -1    -1     1     0     0
     1     1    -1    -1    -1     0     0     0
     0    -1     1     1     1     1     1    -1
    -1     0     1    -1    -1     1    -1    -1
     0     0     1    -1     1    -1     0    -1
     0     1     1     1     1     1     0     0

Bjoern (1) to move (time left: 146.2 sec.):
     0    -1    -1    -1    -1    -1    -1     0
     0     0    -1    -1    -1    -1     0     0
    -1    -1    -1    -1    -1     1     0     0
     1     1    -1    -1    -1     0     0     0
     0     1     1     1     1     1     1    -1
    -1     1     1    -1    -1     1    -1    -1
     0     0     1    -1     1    -1     0    -1
     0     1     1     1     1     1     0     0

hiba (-1) to move (time left: 171.8 sec.):
     0    -1    -1    -1    -1    -1    -1     0
     0     0    -1    -1    -1    -1     0     0
    -1    -1    -1    -1    -1    -1    -1     0
     1     1    -1    -1    -1     0     0     0
     0     1     1     1     1     1     1    -1
    -1     1     1    -1    -1     1    -1    -1
     0     0     1    -1     1    -1     0    -1
     0     1     1     1     1     1     0     0

Bjoern (1) to move (time left: 143.8 sec.):
     0    -1    -1    -1    -1    -1    -1     0
     1     0    -1    -1    -1    -1     0     0
     1     1    -1    -1    -1    -1    -1     0
     1     1     1    -1    -1     0     0     0
     0     1     1     1     1     1     1    -1
    -1     1     1    -1    -1     1    -1    -1
     0     0     1    -1     1    -1     0    -1
     0     1     1     1     1     1     0     0

hiba (-1) to move (time left: 171.6 sec.):
     0    -1    -1    -1    -1    -1    -1     0
     1     0    -1    -1    -1    -1     0     0
     1     1    -1    -1    -1    -1    -1     0
     1    -1     1    -1    -1     0     0     0
    -1    -1    -1    -1    -1    -1    -1    -1
    -1     1     1    -1    -1     1    -1    -1
     0     0     1    -1     1    -1     0    -1
     0     1     1     1     1     1     0     0

Bjoern (1) to move (time left: 141.8 sec.):
     0    -1    -1    -1    -1    -1    -1     0
     1     0    -1    -1    -1    -1     0     0
     1     1    -1    -1    -1    -1    -1     0
     1    -1     1    -1    -1     0     0     0
     1    -1    -1    -1    -1    -1    -1    -1
     1     1     1    -1    -1     1    -1    -1
     1     0     1    -1     1    -1     0    -1
     0     1     1     1     1     1     0     0

hiba (-1) to move (time left: 171.5 sec.):
     0    -1    -1    -1    -1    -1    -1     0
     1     0    -1    -1    -1    -1     0     0
     1     1    -1    -1    -1    -1    -1     0
     1    -1     1    -1    -1     0     0     0
     1    -1    -1    -1    -1    -1    -1    -1
     1     1     1    -1    -1    -1    -1    -1
     1     0     1    -1     1    -1    -1    -1
     0     1     1     1     1     1     0     0

Bjoern (1) to move (time left: 140.9 sec.):
     0    -1    -1    -1    -1    -1    -1     0
     1     0    -1    -1    -1    -1     0     0
     1     1    -1    -1    -1    -1    -1     0
     1    -1     1    -1    -1     0     0     0
     1    -1    -1     1    -1    -1    -1    -1
     1     1     1    -1     1    -1    -1    -1
     1     0     1    -1     1     1    -1    -1
     0     1     1     1     1     1     1     0

hiba (-1) to move (time left: 169.9 sec.):
     0    -1    -1    -1    -1    -1    -1     0
     1     0    -1    -1    -1    -1     0     0
     1     1    -1    -1    -1    -1    -1     0
     1    -1     1    -1    -1     0     0     0
     1    -1    -1    -1    -1    -1    -1    -1
     1    -1    -1    -1     1    -1    -1    -1
     1    -1    -1    -1     1     1    -1    -1
     0     1     1     1     1     1     1     0

Bjoern (1) to move (time left: 137.8 sec.):
     0    -1    -1    -1    -1    -1    -1     0
     1     0    -1    -1    -1    -1     0     0
     1     1    -1    -1    -1    -1    -1     0
     1    -1     1     1     1     1     0     0
     1    -1    -1    -1     1     1    -1    -1
     1    -1    -1     1     1     1    -1    -1
     1    -1     1    -1     1     1    -1    -1
     0     1     1     1     1     1     1     0

hiba (-1) to move (time left: 169.5 sec.):
     0    -1    -1    -1    -1    -1    -1     0
     1     0    -1    -1    -1    -1     0     0
     1     1    -1    -1    -1    -1    -1     0
     1    -1    -1    -1    -1    -1    -1     0
     1    -1    -1    -1     1    -1    -1    -1
     1    -1    -1     1    -1     1    -1    -1
     1    -1     1    -1     1     1    -1    -1
     0     1     1     1     1     1     1     0

Bjoern (1) to move (time left: 137.7 sec.):
     0    -1    -1    -1    -1    -1    -1     0
     1     0    -1    -1    -1    -1     0     0
     1     1    -1    -1    -1    -1    -1     0
     1     1     1     1     1     1     1     1
     1    -1    -1    -1     1    -1     1    -1
     1    -1    -1     1    -1     1    -1    -1
     1    -1     1    -1     1     1    -1    -1
     0     1     1     1     1     1     1     0

hiba (-1) to move (time left: 168.3 sec.):
     0    -1    -1    -1    -1    -1    -1     0
     1     0    -1    -1    -1    -1     0     0
     1     1    -1    -1    -1    -1    -1    -1
     1     1     1     1     1     1    -1    -1
     1    -1    -1    -1     1    -1     1    -1
     1    -1    -1     1    -1     1    -1    -1
     1    -1     1    -1     1     1    -1    -1
     0     1     1     1     1     1     1     0

Bjoern (1) to move (time left: 137.5 sec.):
     0    -1    -1    -1    -1    -1    -1     0
     1     0    -1    -1    -1    -1     0     0
     1     1    -1    -1    -1    -1    -1    -1
     1     1     1     1     1     1    -1    -1
     1    -1    -1     1     1    -1     1    -1
     1    -1     1     1    -1     1    -1    -1
     1     1     1    -1     1     1    -1    -1
     1     1     1     1     1     1     1     0

hiba (-1) to move (time left: 168.1 sec.):
     0    -1    -1    -1    -1    -1    -1     0
     1    -1    -1    -1    -1    -1     0     0
     1    -1    -1    -1    -1    -1    -1    -1
     1    -1     1     1     1     1    -1    -1
     1    -1    -1     1     1    -1     1    -1
     1    -1     1     1    -1     1    -1    -1
     1     1     1    -1     1     1    -1    -1
     1     1     1     1     1     1     1     0

Bjoern (1) to move (time left: 137.4 sec.):
     0    -1    -1    -1    -1    -1    -1     0
     1     1     1     1     1     1     1     0
     1    -1    -1    -1    -1     1     1    -1
     1    -1     1     1     1     1     1    -1
     1    -1    -1     1     1    -1     1    -1
     1    -1     1     1    -1     1    -1    -1
     1     1     1    -1     1     1    -1    -1
     1     1     1     1     1     1     1     0

hiba (-1) to move (time left: 168.1 sec.):
    -1    -1    -1    -1    -1    -1    -1     0
     1    -1     1     1     1     1     1     0
     1    -1    -1    -1    -1     1     1    -1
     1    -1     1     1     1     1     1    -1
     1    -1    -1     1     1    -1     1    -1
     1    -1     1     1    -1     1    -1    -1
     1     1     1    -1     1     1    -1    -1
     1     1     1     1     1     1     1     0

Bjoern (1) to move (time left: 137.3 sec.):
    -1    -1    -1    -1    -1    -1    -1     0
     1    -1     1     1     1     1     1     0
     1    -1    -1    -1    -1     1     1    -1
     1    -1     1     1     1     1     1    -1
     1    -1    -1     1     1    -1     1    -1
     1    -1     1     1    -1     1    -1    -1
     1     1     1    -1     1     1     1    -1
     1     1     1     1     1     1     1     1

hiba (-1) to move (time left: 168.0 sec.):
    -1    -1    -1    -1    -1    -1    -1     0
     1    -1    -1    -1    -1    -1    -1    -1
     1    -1    -1    -1    -1     1     1    -1
     1    -1     1     1     1     1     1    -1
     1    -1    -1     1     1    -1     1    -1
     1    -1     1     1    -1     1    -1    -1
     1     1     1    -1     1     1     1    -1
     1     1     1     1     1     1     1     1

Bjoern (1) to move (time left: 137.3 sec.):
    -1    -1    -1    -1    -1    -1    -1     1
     1    -1    -1    -1    -1    -1     1     1
     1    -1    -1    -1    -1     1     1     1
     1    -1     1     1     1     1     1     1
     1    -1    -1     1     1    -1     1     1
     1    -1     1     1    -1     1    -1     1
     1     1     1    -1     1     1     1     1
     1     1     1     1     1     1     1     1

Game over.
