Jojo against DerGeileGetz:
     0     0     0     0     0     0     0     0
     0     0     0     0     0     0     0     0
     0     0     0     0     0     0     0     0
     0     0     0     1    -1     0     0     0
     0     0     0    -1     1     0     0     0
     0     0     0     0     0     0     0     0
     0     0     0     0     0     0     0     0
     0     0     0     0     0     0     0     0

DerGeileGetz (-1) to move (time left: 180.0 sec.):
     0     0     0     0     0     0     0     0
     0     0     0     0     0     0     0     0
     0     0     0     0     0     0     0     0
     0     0    -1    -1    -1     0     0     0
     0     0     0    -1     1     0     0     0
     0     0     0     0     0     0     0     0
     0     0     0     0     0     0     0     0
     0     0     0     0     0     0     0     0

Jojo (1) to move (time left: 180.0 sec.):
     0     0     0     0     0     0     0     0
     0     0     0     0     0     0     0     0
     0     0     1     0     0     0     0     0
     0     0    -1     1    -1     0     0     0
     0     0     0    -1     1     0     0     0
     0     0     0     0     0     0     0     0
     0     0     0     0     0     0     0     0
     0     0     0     0     0     0     0     0

DerGeileGetz (-1) to move (time left: 179.9 sec.):
     0     0     0     0     0     0     0     0
     0     0     0     0     0     0     0     0
     0     0     1    -1     0     0     0     0
     0     0    -1    -1    -1     0     0     0
     0     0     0    -1     1     0     0     0
     0     0     0     0     0     0     0     0
     0     0     0     0     0     0     0     0
     0     0     0     0     0     0     0     0

Jojo (1) to move (time left: 179.9 sec.):
     0     0     0     0     0     0     0     0
     0     0     0     0     0     0     0     0
     0     0     1    -1     0     0     0     0
     0     0     1    -1    -1     0     0     0
     0     0     1     1     1     0     0     0
     0     0     0     0     0     0     0     0
     0     0     0     0     0     0     0     0
     0     0     0     0     0     0     0     0

DerGeileGetz (-1) to move (time left: 179.7 sec.):
     0     0     0     0     0     0     0     0
     0     0     0     0     0     0     0     0
     0    -1    -1    -1     0     0     0     0
     0     0     1    -1    -1     0     0     0
     0     0     1     1     1     0     0     0
     0     0     0     0     0     0     0     0
     0     0     0     0     0     0     0     0
     0     0     0     0     0     0     0     0

Jojo (1) to move (time left: 179.6 sec.):
     0     0     0     0     0     0     0     0
     0     0     1     0     0     0     0     0
     0    -1     1    -1     0     0     0     0
     0     0     1    -1    -1     0     0     0
     0     0     1     1     1     0     0     0
     0     0     0     0     0     0     0     0
     0     0     0     0     0     0     0     0
     0     0     0     0     0     0     0     0

DerGeileGetz (-1) to move (time left: 179.4 sec.):
     0     0     0     0     0     0     0     0
     0     0     1     0     0     0     0     0
     0    -1     1    -1     0     0     0     0
     0     0     1    -1    -1     0     0     0
     0     0     1    -1     1     0     0     0
     0     0    -1     0     0     0     0     0
     0     0     0     0     0     0     0     0
     0     0     0     0     0     0     0     0

Jojo (1) to move (time left: 179.3 sec.):
     0     0     0     0     0     0     0     0
     0     0     1     0     0     0     0     0
     0    -1     1     1     1     0     0     0
     0     0     1     1     1     0     0     0
     0     0     1    -1     1     0     0     0
     0     0    -1     0     0     0     0     0
     0     0     0     0     0     0     0     0
     0     0     0     0     0     0     0     0

DerGeileGetz (-1) to move (time left: 179.0 sec.):
     0     0    -1     0     0     0     0     0
     0     0    -1     0     0     0     0     0
     0    -1    -1     1     1     0     0     0
     0     0    -1     1     1     0     0     0
     0     0    -1    -1     1     0     0     0
     0     0    -1     0     0     0     0     0
     0     0     0     0     0     0     0     0
     0     0     0     0     0     0     0     0

Jojo (1) to move (time left: 178.8 sec.):
     0     0    -1     0     0     0     0     0
     0     0    -1     0     0     0     0     0
     1     1     1     1     1     0     0     0
     0     0    -1     1     1     0     0     0
     0     0    -1    -1     1     0     0     0
     0     0    -1     0     0     0     0     0
     0     0     0     0     0     0     0     0
     0     0     0     0     0     0     0     0

DerGeileGetz (-1) to move (time left: 178.6 sec.):
     0     0    -1     0     0     0     0     0
     0     0    -1     0     0     0     0     0
     1     1     1     1     1     0     0     0
     0     0    -1    -1    -1    -1     0     0
     0     0    -1    -1     1     0     0     0
     0     0    -1     0     0     0     0     0
     0     0     0     0     0     0     0     0
     0     0     0     0     0     0     0     0

Jojo (1) to move (time left: 178.5 sec.):
     0     0    -1     0     0     0     0     0
     0     0    -1     0     0     0     0     0
     1     1     1     1     1     0     0     0
     0     0    -1     1    -1    -1     0     0
     0     0    -1     1     1     0     0     0
     0     0    -1     1     0     0     0     0
     0     0     0     0     0     0     0     0
     0     0     0     0     0     0     0     0

DerGeileGetz (-1) to move (time left: 178.1 sec.):
     0     0    -1     0     0     0     0     0
     0     0    -1     0     0     0     0     0
     1     1     1     1     1     0     0     0
     0     0    -1     1    -1    -1     0     0
     0     0    -1    -1    -1    -1     0     0
     0     0    -1     1     0     0     0     0
     0     0     0     0     0     0     0     0
     0     0     0     0     0     0     0     0

Jojo (1) to move (time left: 177.7 sec.):
     0     0    -1     0     0     0     0     0
     0     0    -1     0     0     0     0     0
     1     1     1     1     1     0     0     0
     0     0    -1     1    -1    -1     0     0
     0     0     1    -1    -1    -1     0     0
     0     1     1     1     0     0     0     0
     0     0     0     0     0     0     0     0
     0     0     0     0     0     0     0     0

DerGeileGetz (-1) to move (time left: 177.3 sec.):
     0     0    -1     0     0     0     0     0
     0     0    -1     0     0     0     0     0
     1     1     1     1     1     0     0     0
     0     0    -1     1    -1    -1     0     0
     0     0    -1    -1    -1    -1     0     0
     0     1    -1    -1     0     0     0     0
     0     0    -1     0     0     0     0     0
     0     0     0     0     0     0     0     0

Jojo (1) to move (time left: 176.9 sec.):
     0     0    -1     0     0     0     0     0
     0     0    -1     0     0     0     0     0
     1     1     1     1     1     0     0     0
     0     0     1     1     1    -1     0     0
     0     0    -1     1     1    -1     0     0
     0     1     1     1     1     0     0     0
     0     0    -1     0     0     0     0     0
     0     0     0     0     0     0     0     0

DerGeileGetz (-1) to move (time left: 176.7 sec.):
     0     0    -1     0     0     0     0     0
     0     0    -1     0     0     0     0     0
     1     1     1     1     1     0     0     0
     0     0     1     1     1    -1     0     0
    -1     0    -1     1     1    -1     0     0
     0    -1     1     1     1     0     0     0
     0     0    -1     0     0     0     0     0
     0     0     0     0     0     0     0     0

Jojo (1) to move (time left: 176.4 sec.):
     0     0    -1     0     0     0     0     0
     0     0    -1     0     0     0     0     0
     1     1     1     1     1     0     0     0
     0     0     1     1     1    -1     0     0
    -1     0    -1     1     1    -1     0     0
     1     1     1     1     1     0     0     0
     0     0    -1     0     0     0     0     0
     0     0     0     0     0     0     0     0

DerGeileGetz (-1) to move (time left: 174.8 sec.):
     0     0    -1     0     0     0     0     0
     0     0    -1     0     0     0     0     0
     1    -1     1     1     1     0     0     0
    -1     0     1     1     1    -1     0     0
    -1     0    -1     1     1    -1     0     0
     1     1     1     1     1     0     0     0
     0     0    -1     0     0     0     0     0
     0     0     0     0     0     0     0     0

Jojo (1) to move (time left: 176.1 sec.):
     0     0    -1     0     0     0     0     0
     0     0    -1     0     0     0     0     0
     1    -1     1     1     1     0     0     0
    -1     1     1     1     1    -1     0     0
    -1     0     1     1     1    -1     0     0
     1     1     1     1     1     0     0     0
     0     0    -1     0     0     0     0     0
     0     0     0     0     0     0     0     0

DerGeileGetz (-1) to move (time left: 173.8 sec.):
     0     0    -1     0     0     0     0     0
     0     0    -1     0     0     0     0     0
     1    -1    -1    -1    -1    -1     0     0
    -1     1     1     1     1    -1     0     0
    -1     0     1     1     1    -1     0     0
     1     1     1     1     1     0     0     0
     0     0    -1     0     0     0     0     0
     0     0     0     0     0     0     0     0

Jojo (1) to move (time left: 175.7 sec.):
     0     0    -1     0     0     0     0     0
     0     0    -1     1     0     0     0     0
     1    -1     1     1    -1    -1     0     0
    -1     1     1     1     1    -1     0     0
    -1     0     1     1     1    -1     0     0
     1     1     1     1     1     0     0     0
     0     0    -1     0     0     0     0     0
     0     0     0     0     0     0     0     0

DerGeileGetz (-1) to move (time left: 169.9 sec.):
     0     0    -1     0     0     0     0     0
     0     0    -1     1     0     0     0     0
     1    -1     1     1    -1    -1     0     0
    -1     1    -1     1     1    -1     0     0
    -1     0     1    -1     1    -1     0     0
     1     1     1     1    -1     0     0     0
     0     0    -1     0     0    -1     0     0
     0     0     0     0     0     0     0     0

Jojo (1) to move (time left: 175.2 sec.):
     0     0    -1     0     0     0     0     0
     0     0    -1     1     0     0     0     0
     1    -1     1     1    -1    -1     0     0
    -1     1    -1     1     1    -1     0     0
    -1     0     1    -1     1    -1     0     0
     1     1     1     1     1     0     0     0
     0     0    -1     0     1    -1     0     0
     0     0     0     0     0     0     0     0

DerGeileGetz (-1) to move (time left: 164.9 sec.):
     0     0    -1     0     0     0     0     0
     0     0    -1     1     0     0     0     0
     1    -1     1     1    -1    -1     0     0
    -1    -1    -1     1     1    -1     0     0
    -1    -1    -1    -1     1    -1     0     0
     1     1     1     1     1     0     0     0
     0     0    -1     0     1    -1     0     0
     0     0     0     0     0     0     0     0

Jojo (1) to move (time left: 174.5 sec.):
     0     0    -1     0     0     0     0     0
     0     0    -1     1     0     0     0     0
     1    -1     1     1    -1    -1     0     0
    -1    -1    -1     1     1    -1     0     0
    -1    -1    -1    -1     1    -1     0     0
     1     1     1     1     1     0     0     0
     0     0     1     0     1    -1     0     0
     0     0     1     0     0     0     0     0

DerGeileGetz (-1) to move (time left: 161.6 sec.):
     0     0    -1    -1     0     0     0     0
     0     0    -1    -1     0     0     0     0
     1    -1     1    -1    -1    -1     0     0
    -1    -1    -1    -1     1    -1     0     0
    -1    -1    -1    -1     1    -1     0     0
     1     1     1     1     1     0     0     0
     0     0     1     0     1    -1     0     0
     0     0     1     0     0     0     0     0

Jojo (1) to move (time left: 173.8 sec.):
     0     0    -1    -1     0     0     0     0
     0     0    -1    -1     0     1     0     0
     1    -1     1    -1     1    -1     0     0
    -1    -1    -1     1     1    -1     0     0
    -1    -1     1    -1     1    -1     0     0
     1     1     1     1     1     0     0     0
     0     0     1     0     1    -1     0     0
     0     0     1     0     0     0     0     0

DerGeileGetz (-1) to move (time left: 157.6 sec.):
     0     0    -1    -1     0     0     0     0
     0     0    -1    -1     0     1     0     0
     1    -1     1    -1     1    -1     0     0
    -1    -1    -1     1     1    -1     0     0
    -1    -1    -1    -1     1    -1     0     0
     1     1     1    -1     1     0     0     0
     0     0     1     0    -1    -1     0     0
     0     0     1     0     0    -1     0     0

Jojo (1) to move (time left: 173.0 sec.):
     0     0    -1    -1     0     0     0     0
     0     0    -1    -1     0     1     0     0
     1    -1     1    -1     1    -1     0     0
    -1    -1    -1     1     1    -1     0     0
    -1    -1    -1    -1     1    -1     0     0
     1     1     1    -1     1     0     0     0
     0     0     1     0     1    -1     0     0
     0     0     1     0     1    -1     0     0

DerGeileGetz (-1) to move (time left: 153.1 sec.):
     0     0    -1    -1     0     0     0     0
     0     0    -1    -1     0     1     0     0
     1    -1     1    -1     1    -1     0     0
    -1    -1    -1     1     1    -1     0     0
    -1    -1    -1    -1     1    -1     0     0
     1    -1     1    -1     1     0     0     0
     0     0    -1     0     1    -1     0     0
     0     0     1    -1    -1    -1     0     0

Jojo (1) to move (time left: 172.2 sec.):
     0     0    -1    -1     0     0     0     0
     0     0    -1    -1     0     1     0     0
     1    -1     1    -1     1    -1     0     0
    -1    -1    -1     1     1    -1     0     0
    -1    -1    -1    -1     1    -1     0     0
     1    -1     1    -1     1     0     0     0
     0     0    -1     0     1     1     0     0
     0     0     1     1     1     1     1     0

DerGeileGetz (-1) to move (time left: 150.0 sec.):
     0     0    -1    -1     0     0     0     0
     0     0    -1    -1     0     1     0     0
     1    -1     1    -1     1    -1     0     0
    -1    -1    -1     1     1    -1     0     0
    -1    -1    -1    -1     1    -1     0     0
     1    -1     1    -1    -1    -1     0     0
     0     0    -1     0     1     1     0     0
     0     0     1     1     1     1     1     0

Jojo (1) to move (time left: 171.5 sec.):
     0     0    -1    -1     0     0     0     0
     0     0    -1    -1     0     1     0     0
     1    -1     1    -1     1    -1     0     0
    -1    -1    -1     1     1    -1     0     0
    -1    -1    -1     1     1    -1     0     0
     1    -1     1     1    -1    -1     0     0
     0     0    -1     1     1     1     0     0
     0     0     1     1     1     1     1     0

DerGeileGetz (-1) to move (time left: 148.4 sec.):
     0     0    -1    -1     0     0     0     0
     0     0    -1    -1    -1     1     0     0
     1    -1     1    -1    -1    -1     0     0
    -1    -1    -1     1    -1    -1     0     0
    -1    -1    -1     1    -1    -1     0     0
     1    -1     1     1    -1    -1     0     0
     0     0    -1     1     1     1     0     0
     0     0     1     1     1     1     1     0

Jojo (1) to move (time left: 171.0 sec.):
     0     0    -1    -1     0     1     0     0
     0     0    -1    -1     1     1     0     0
     1    -1     1     1    -1    -1     0     0
    -1    -1     1     1    -1    -1     0     0
    -1     1    -1     1    -1    -1     0     0
     1    -1     1     1    -1    -1     0     0
     0     0    -1     1     1     1     0     0
     0     0     1     1     1     1     1     0

DerGeileGetz (-1) to move (time left: 146.7 sec.):
     0     0    -1    -1    -1     1     0     0
     0     0    -1    -1    -1     1     0     0
     1    -1     1     1    -1    -1     0     0
    -1    -1     1     1    -1    -1     0     0
    -1     1    -1     1    -1    -1     0     0
     1    -1     1     1    -1    -1     0     0
     0     0    -1     1     1     1     0     0
     0     0     1     1     1     1     1     0

Jojo (1) to move (time left: 170.5 sec.):
     0     1     1     1     1     1     0     0
     0     0     1    -1    -1     1     0     0
     1    -1     1     1    -1    -1     0     0
    -1    -1     1     1    -1    -1     0     0
    -1     1    -1     1    -1    -1     0     0
     1    -1     1     1    -1    -1     0     0
     0     0    -1     1     1     1     0     0
     0     0     1     1     1     1     1     0

DerGeileGetz (-1) to move (time left: 145.1 sec.):
     0     1     1     1     1     1     0     0
     0    -1    -1    -1    -1     1     0     0
     1    -1    -1     1    -1    -1     0     0
    -1    -1     1    -1    -1    -1     0     0
    -1     1    -1     1    -1    -1     0     0
     1    -1     1     1    -1    -1     0     0
     0     0    -1     1     1     1     0     0
     0     0     1     1     1     1     1     0

Jojo (1) to move (time left: 170.3 sec.):
     0     1     1     1     1     1     0     0
     0    -1    -1    -1    -1     1     0     0
     1    -1    -1     1     1     1     1     0
    -1    -1     1    -1    -1     1     0     0
    -1     1    -1     1     1    -1     0     0
     1    -1     1     1    -1    -1     0     0
     0     0    -1     1     1     1     0     0
     0     0     1     1     1     1     1     0

DerGeileGetz (-1) to move (time left: 143.9 sec.):
     0     1     1     1     1     1     0     0
    -1    -1    -1    -1    -1     1     0     0
    -1    -1    -1     1     1     1     1     0
    -1    -1     1    -1    -1     1     0     0
    -1     1    -1     1     1    -1     0     0
     1    -1     1     1    -1    -1     0     0
     0     0    -1     1     1     1     0     0
     0     0     1     1     1     1     1     0

Jojo (1) to move (time left: 170.0 sec.):
     1     1     1     1     1     1     0     0
     1     1    -1    -1    -1     1     0     0
     1    -1     1     1     1     1     1     0
     1    -1     1     1    -1     1     0     0
     1     1    -1     1     1    -1     0     0
     1    -1     1     1    -1    -1     0     0
     0     0    -1     1     1     1     0     0
     0     0     1     1     1     1     1     0

DerGeileGetz (-1) to move (time left: 142.9 sec.):
     1     1     1     1     1     1     0     0
     1     1    -1    -1    -1     1     0     0
     1    -1     1     1     1     1     1     0
     1    -1     1     1    -1     1     0     0
     1     1    -1    -1     1    -1     0     0
     1    -1    -1     1    -1    -1     0     0
     0    -1    -1     1     1     1     0     0
     0     0     1     1     1     1     1     0

Jojo (1) to move (time left: 169.9 sec.):
     1     1     1     1     1     1     0     0
     1     1    -1    -1    -1     1     0     0
     1    -1     1     1     1     1     1     0
     1    -1     1     1    -1     1     1     0
     1     1    -1    -1     1     1     0     0
     1    -1    -1     1     1    -1     0     0
     0    -1    -1     1     1     1     0     0
     0     0     1     1     1     1     1     0

DerGeileGetz (-1) to move (time left: 142.4 sec.):
     1     1     1     1     1     1     0     0
     1     1    -1    -1    -1     1     0     0
     1    -1    -1    -1    -1    -1    -1    -1
     1    -1     1     1    -1     1     1     0
     1     1    -1    -1     1     1     0     0
     1    -1    -1     1     1    -1     0     0
     0    -1    -1     1     1     1     0     0
     0     0     1     1     1     1     1     0

Jojo (1) to move (time left: 169.7 sec.):
     1     1     1     1     1     1     0     0
     1     1    -1    -1    -1     1     0     0
     1    -1    -1    -1    -1    -1    -1    -1
     1    -1     1     1    -1     1     1     0
     1     1    -1    -1     1     1     1     0
     1    -1    -1     1     1     1     0     0
     0    -1    -1     1     1     1     0     0
     0     0     1     1     1     1     1     0

DerGeileGetz (-1) to move (time left: 141.4 sec.):
     1     1     1     1     1     1     0     0
     1     1    -1    -1    -1     1     0     0
     1    -1    -1    -1    -1    -1    -1    -1
     1    -1     1     1    -1    -1    -1    -1
     1     1    -1    -1     1     1     1     0
     1    -1    -1     1     1     1     0     0
     0    -1    -1     1     1     1     0     0
     0     0     1     1     1     1     1     0

Jojo (1) to move (time left: 169.5 sec.):
     1     1     1     1     1     1     0     0
     1     1    -1    -1     1     1     0     0
     1    -1    -1    -1    -1     1    -1    -1
     1    -1     1     1    -1    -1     1    -1
     1     1    -1    -1     1     1     1     1
     1    -1    -1     1     1     1     0     0
     0    -1    -1     1     1     1     0     0
     0     0     1     1     1     1     1     0

DerGeileGetz (-1) to move (time left: 138.8 sec.):
     1     1     1     1     1     1     0     0
     1     1    -1    -1    -1    -1    -1     0
     1    -1    -1    -1    -1    -1    -1    -1
     1    -1     1     1    -1    -1     1    -1
     1     1    -1    -1     1     1     1     1
     1    -1    -1     1     1     1     0     0
     0    -1    -1     1     1     1     0     0
     0     0     1     1     1     1     1     0

Jojo (1) to move (time left: 169.3 sec.):
     1     1     1     1     1     1     0     0
     1     1     1     1     1     1     1     1
     1    -1    -1    -1    -1    -1     1     1
     1    -1     1     1    -1     1     1     1
     1     1    -1    -1     1     1     1     1
     1    -1    -1     1     1     1     0     0
     0    -1    -1     1     1     1     0     0
     0     0     1     1     1     1     1     0

DerGeileGetz (-1) to move (time left: 138.1 sec.):
     1     1     1     1     1     1     0     0
     1     1     1     1     1     1     1     1
     1    -1    -1    -1    -1    -1     1     1
     1    -1     1     1    -1     1     1     1
     1     1    -1    -1     1    -1     1     1
     1    -1    -1    -1    -1    -1    -1     0
     0    -1    -1     1     1     1     0     0
     0     0     1     1     1     1     1     0

Jojo (1) to move (time left: 169.2 sec.):
     1     1     1     1     1     1     0     0
     1     1     1     1     1     1     1     1
     1    -1    -1     1    -1    -1     1     1
     1    -1     1     1     1     1     1     1
     1     1    -1    -1     1     1     1     1
     1    -1    -1    -1    -1    -1     1     0
     0    -1    -1     1     1     1     0     1
     0     0     1     1     1     1     1     0

DerGeileGetz (-1) to move (time left: 137.7 sec.):
     1     1     1     1     1     1     0    -1
     1     1     1     1     1     1    -1     1
     1    -1    -1     1    -1    -1     1     1
     1    -1     1     1     1     1     1     1
     1     1    -1    -1     1     1     1     1
     1    -1    -1    -1    -1    -1     1     0
     0    -1    -1     1     1     1     0     1
     0     0     1     1     1     1     1     0

Jojo (1) to move (time left: 168.6 sec.):
     1     1     1     1     1     1     0    -1
     1     1     1     1     1     1    -1     1
     1    -1    -1     1    -1    -1     1     1
     1    -1     1     1     1     1     1     1
     1     1    -1     1     1     1     1     1
     1    -1     1    -1    -1    -1     1     0
     0     1    -1     1     1     1     0     1
     1     0     1     1     1     1     1     0

DerGeileGetz (-1) to move (time left: 137.6 sec.):
     1     1     1     1     1     1     0    -1
     1     1     1     1     1     1    -1     1
     1    -1    -1     1    -1    -1     1     1
     1    -1     1     1     1     1     1     1
     1     1    -1     1     1     1     1     1
     1    -1     1    -1    -1    -1     1     0
     0    -1    -1     1     1     1     0     1
     1    -1     1     1     1     1     1     0

Jojo (1) to move (time left: 168.4 sec.):
     1     1     1     1     1     1     1    -1
     1     1     1     1     1     1     1     1
     1    -1    -1     1    -1    -1     1     1
     1    -1     1     1     1     1     1     1
     1     1    -1     1     1     1     1     1
     1    -1     1    -1    -1    -1     1     0
     0    -1    -1     1     1     1     0     1
     1    -1     1     1     1     1     1     0

DerGeileGetz (-1) to move (time left: 137.5 sec.):
     1     1     1     1     1     1     1    -1
     1     1     1     1     1     1     1    -1
     1    -1    -1     1    -1    -1     1    -1
     1    -1     1     1     1    -1     1    -1
     1     1    -1     1     1     1    -1    -1
     1    -1     1    -1    -1    -1    -1    -1
     0    -1    -1     1     1     1     0     1
     1    -1     1     1     1     1     1     0

Jojo (1) to move (time left: 168.3 sec.):
     1     1     1     1     1     1     1    -1
     1     1     1     1     1     1     1    -1
     1    -1    -1     1    -1    -1     1    -1
     1    -1     1     1     1    -1     1    -1
     1     1     1     1     1     1    -1    -1
     1     1     1    -1    -1    -1    -1    -1
     1     1     1     1     1     1     0     1
     1    -1     1     1     1     1     1     0

DerGeileGetz (-1) to move (time left: 137.5 sec.):
     1     1     1     1     1     1     1    -1
     1     1     1     1     1     1     1    -1
     1    -1    -1     1    -1    -1     1    -1
     1    -1     1     1     1    -1     1    -1
     1     1     1     1     1     1    -1    -1
     1     1     1    -1    -1    -1    -1    -1
     1     1     1     1     1     1     0    -1
     1    -1    -1    -1    -1    -1    -1    -1

Jojo (1) to move (time left: 168.3 sec.):
     1     1     1     1     1     1     1    -1
     1     1     1     1     1     1     1    -1
     1    -1    -1     1    -1    -1     1    -1
     1    -1     1     1     1    -1     1    -1
     1     1     1     1     1     1     1    -1
     1     1     1    -1    -1     1     1    -1
     1     1     1     1     1     1     1    -1
     1    -1    -1    -1    -1    -1    -1    -1

Game over.
