Bernhard against hiba:
     0     0     0     0     0     0     0     0
     0     0     0     0     0     0     0     0
     0     0     0     0     0     0     0     0
     0     0     0     1    -1     0     0     0
     0     0     0    -1     1     0     0     0
     0     0     0     0     0     0     0     0
     0     0     0     0     0     0     0     0
     0     0     0     0     0     0     0     0

hiba (-1) to move (time left: 180.0 sec.):
     0     0     0     0     0     0     0     0
     0     0     0     0     0     0     0     0
     0     0     0     0     0     0     0     0
     0     0    -1    -1    -1     0     0     0
     0     0     0    -1     1     0     0     0
     0     0     0     0     0     0     0     0
     0     0     0     0     0     0     0     0
     0     0     0     0     0     0     0     0

Bernhard (1) to move (time left: 180.0 sec.):
     0     0     0     0     0     0     0     0
     0     0     0     0     0     0     0     0
     0     0     1     0     0     0     0     0
     0     0    -1     1    -1     0     0     0
     0     0     0    -1     1     0     0     0
     0     0     0     0     0     0     0     0
     0     0     0     0     0     0     0     0
     0     0     0     0     0     0     0     0

hiba (-1) to move (time left: 179.9 sec.):
     0     0     0     0     0     0     0     0
     0     0    -1     0     0     0     0     0
     0     0    -1     0     0     0     0     0
     0     0    -1     1    -1     0     0     0
     0     0     0    -1     1     0     0     0
     0     0     0     0     0     0     0     0
     0     0     0     0     0     0     0     0
     0     0     0     0     0     0     0     0

Bernhard (1) to move (time left: 179.7 sec.):
     0     0     0     0     0     0     0     0
     0     0    -1     0     0     0     0     0
     0     0    -1     0     0     0     0     0
     0     0    -1     1    -1     0     0     0
     0     0     1     1     1     0     0     0
     0     0     0     0     0     0     0     0
     0     0     0     0     0     0     0     0
     0     0     0     0     0     0     0     0

hiba (-1) to move (time left: 179.7 sec.):
     0     0     0     0     0     0     0     0
     0     0    -1     0     0     0     0     0
     0     0    -1     0     0     0     0     0
     0     0    -1     1    -1     0     0     0
     0     0     1    -1    -1     0     0     0
     0     0     0     0    -1     0     0     0
     0     0     0     0     0     0     0     0
     0     0     0     0     0     0     0     0

Bernhard (1) to move (time left: 179.3 sec.):
     0     0     0     0     0     0     0     0
     0     0    -1     0     0     0     0     0
     0     0    -1     0     0     0     0     0
     0     0    -1     1    -1     0     0     0
     0     0     1     1     1     1     0     0
     0     0     0     0    -1     0     0     0
     0     0     0     0     0     0     0     0
     0     0     0     0     0     0     0     0

hiba (-1) to move (time left: 178.7 sec.):
     0     0     0     0     0     0     0     0
     0     0    -1     0     0     0     0     0
     0     0    -1     0     0     0     0     0
     0     0    -1     1    -1     0     0     0
     0     0    -1    -1     1     1     0     0
     0     0    -1     0    -1     0     0     0
     0     0     0     0     0     0     0     0
     0     0     0     0     0     0     0     0

Bernhard (1) to move (time left: 178.8 sec.):
     0     0     0     0     0     0     0     0
     0     0    -1     0     0     0     0     0
     0     0    -1     0     0     0     0     0
     0     0    -1     1    -1     0     0     0
     0     0    -1     1     1     1     0     0
     0     0    -1     1    -1     0     0     0
     0     0     0     0     0     0     0     0
     0     0     0     0     0     0     0     0

hiba (-1) to move (time left: 178.3 sec.):
     0     0     0     0     0     0     0     0
     0     0    -1     0     0     0     0     0
     0     0    -1     0     0     0     0     0
     0     0    -1    -1    -1     0     0     0
     0     0    -1     1    -1     1     0     0
     0     0    -1     1    -1    -1     0     0
     0     0     0     0     0     0     0     0
     0     0     0     0     0     0     0     0

Bernhard (1) to move (time left: 177.7 sec.):
     0     0     0     0     0     0     0     0
     0     0    -1     0     0     0     0     0
     0     0    -1     0     0     0     0     0
     0     0    -1    -1    -1     1     0     0
     0     0    -1     1     1     1     0     0
     0     0    -1     1    -1    -1     0     0
     0     0     0     0     0     0     0     0
     0     0     0     0     0     0     0     0

hiba (-1) to move (time left: 177.2 sec.):
     0     0     0     0     0     0     0     0
     0     0    -1     0     0     0     0     0
     0     0    -1     0     0     0     0     0
     0     0    -1    -1    -1     1     0     0
     0     0    -1    -1     1     1     0     0
     0     0    -1    -1    -1    -1     0     0
     0     0     0    -1     0     0     0     0
     0     0     0     0     0     0     0     0

Bernhard (1) to move (time left: 175.8 sec.):
     0     0     0     0     0     0     0     0
     0     0    -1     0     0     0     0     0
     0     0    -1     0     0     0     0     0
     0     0    -1    -1    -1     1     0     0
     0     0    -1    -1     1     1     0     0
     0     0    -1    -1     1    -1     0     0
     0     0     0    -1     1     0     0     0
     0     0     0     0     0     0     0     0

hiba (-1) to move (time left: 176.4 sec.):
     0     0     0     0     0     0     0     0
     0     0    -1     0     0     0     0     0
     0     0    -1     0     0     0     0     0
     0     0    -1    -1    -1     1     0     0
     0     0    -1    -1    -1     1     0     0
     0     0    -1    -1    -1    -1     0     0
     0     0     0    -1    -1     0     0     0
     0     0     0     0    -1     0     0     0

Bernhard (1) to move (time left: 173.7 sec.):
     0     0     0     0     0     0     0     0
     0     0    -1     0     0     0     0     0
     0     0    -1     0     0     0     0     0
     0     0    -1    -1    -1     1     0     0
     0     0    -1    -1     1     1     0     0
     0     0    -1     1    -1    -1     0     0
     0     0     1    -1    -1     0     0     0
     0     0     0     0    -1     0     0     0

hiba (-1) to move (time left: 175.5 sec.):
     0     0     0     0     0     0     0     0
     0     0    -1     0     0     0     0     0
     0     0    -1     0     0     0     0     0
     0     0    -1    -1    -1     1     0     0
     0     0    -1    -1     1     1     0     0
     0     0    -1     1    -1    -1     0     0
     0     0    -1    -1    -1     0     0     0
     0     0    -1     0    -1     0     0     0

Bernhard (1) to move (time left: 172.4 sec.):
     0     0     0     0     0     0     0     0
     0     0    -1     0     0     0     0     0
     0     0    -1     0     0     0     0     0
     0     0    -1    -1    -1     1     0     0
     0     0    -1    -1     1     1     0     0
     0     0    -1     1    -1    -1     0     0
     0     0    -1     1    -1     0     0     0
     0     0    -1     1    -1     0     0     0

hiba (-1) to move (time left: 174.6 sec.):
     0     0     0     0     0     0     0     0
     0     0    -1     0     0     0     0     0
     0     0    -1     0     0     0    -1     0
     0     0    -1    -1    -1    -1     0     0
     0     0    -1    -1    -1     1     0     0
     0     0    -1    -1    -1    -1     0     0
     0     0    -1     1    -1     0     0     0
     0     0    -1     1    -1     0     0     0

Bernhard (1) to move (time left: 170.1 sec.):
     0     0     0     0     0     0     0     0
     0     0    -1     0     0     0     0     0
     0     0    -1     0     0     1    -1     0
     0     0    -1    -1    -1     1     0     0
     0     0    -1    -1    -1     1     0     0
     0     0    -1    -1    -1    -1     0     0
     0     0    -1     1    -1     0     0     0
     0     0    -1     1    -1     0     0     0

hiba (-1) to move (time left: 173.6 sec.):
     0     0     0     0     0     0     0     0
     0     0    -1     0     0    -1     0     0
     0     0    -1     0     0    -1    -1     0
     0     0    -1    -1    -1    -1     0     0
     0     0    -1    -1    -1    -1     0     0
     0     0    -1    -1    -1    -1     0     0
     0     0    -1     1    -1     0     0     0
     0     0    -1     1    -1     0     0     0

Bernhard (1) to move (time left: 168.2 sec.):
     0     0     0     0     0     0     0     0
     0     0    -1     0     0    -1     0     0
     0     0    -1     1     0    -1    -1     0
     0     0    -1     1    -1    -1     0     0
     0     0    -1     1    -1    -1     0     0
     0     0    -1     1    -1    -1     0     0
     0     0    -1     1    -1     0     0     0
     0     0    -1     1    -1     0     0     0

hiba (-1) to move (time left: 172.7 sec.):
     0     0     0     0     0     0     0     0
     0     0    -1     0     0    -1     0     0
     0     0    -1    -1    -1    -1    -1     0
     0     0    -1    -1    -1    -1     0     0
     0     0    -1     1    -1    -1     0     0
     0     0    -1     1    -1    -1     0     0
     0     0    -1     1    -1     0     0     0
     0     0    -1     1    -1     0     0     0

Bernhard (1) to move (time left: 167.5 sec.):
     0     0     0     0     0     0     0     0
     0     0    -1     1     0    -1     0     0
     0     0    -1     1    -1    -1    -1     0
     0     0    -1     1    -1    -1     0     0
     0     0    -1     1    -1    -1     0     0
     0     0    -1     1    -1    -1     0     0
     0     0    -1     1    -1     0     0     0
     0     0    -1     1    -1     0     0     0

hiba (-1) to move (time left: 171.2 sec.):
     0     0    -1     0     0     0     0     0
     0     0    -1    -1     0    -1     0     0
     0     0    -1     1    -1    -1    -1     0
     0     0    -1     1    -1    -1     0     0
     0     0    -1     1    -1    -1     0     0
     0     0    -1     1    -1    -1     0     0
     0     0    -1     1    -1     0     0     0
     0     0    -1     1    -1     0     0     0

Bernhard (1) to move (time left: 165.0 sec.):
     0     0    -1     1     0     0     0     0
     0     0    -1     1     0    -1     0     0
     0     0    -1     1    -1    -1    -1     0
     0     0    -1     1    -1    -1     0     0
     0     0    -1     1    -1    -1     0     0
     0     0    -1     1    -1    -1     0     0
     0     0    -1     1    -1     0     0     0
     0     0    -1     1    -1     0     0     0

hiba (-1) to move (time left: 169.3 sec.):
     0     0    -1    -1    -1     0     0     0
     0     0    -1    -1     0    -1     0     0
     0     0    -1     1    -1    -1    -1     0
     0     0    -1     1    -1    -1     0     0
     0     0    -1     1    -1    -1     0     0
     0     0    -1     1    -1    -1     0     0
     0     0    -1     1    -1     0     0     0
     0     0    -1     1    -1     0     0     0

Bernhard (1) to move (time left: 160.9 sec.):
     0     0    -1    -1    -1     0     0     0
     0     0    -1    -1     0    -1     0     0
     0     0    -1     1    -1    -1    -1     0
     0     0    -1     1    -1    -1     0     0
     0     0    -1     1    -1    -1     0     0
     0     0    -1     1     1    -1     0     0
     0     0    -1     1     1     1     0     0
     0     0    -1     1    -1     0     0     0

hiba (-1) to move (time left: 168.3 sec.):
     0     0    -1    -1    -1     0     0     0
     0     0    -1    -1    -1    -1     0     0
     0     0    -1    -1    -1    -1    -1     0
     0     0    -1     1    -1    -1     0     0
     0     0    -1     1    -1    -1     0     0
     0     0    -1     1     1    -1     0     0
     0     0    -1     1     1     1     0     0
     0     0    -1     1    -1     0     0     0

Bernhard (1) to move (time left: 157.6 sec.):
     0     0    -1    -1    -1     0     0     0
     0     0    -1    -1    -1    -1     0     0
     0     0    -1    -1    -1    -1    -1     0
     0     0    -1     1    -1    -1     0     0
     0     0    -1     1    -1    -1     0     0
     0     0    -1     1     1    -1     0     0
     0     0    -1     1     1     1     0     0
     0     0    -1     1     1     1     0     0

hiba (-1) to move (time left: 167.7 sec.):
     0     0    -1    -1    -1     0     0     0
     0     0    -1    -1    -1    -1     0     0
     0     0    -1    -1    -1    -1    -1     0
     0     0    -1     1    -1    -1     0     0
     0     0    -1    -1    -1    -1     0     0
     0     0    -1     1    -1    -1     0     0
     0     0    -1     1     1    -1     0     0
     0     0    -1    -1    -1    -1    -1     0

Bernhard (1) to move (time left: 154.7 sec.):
     0     0    -1    -1    -1     0     0     0
     0     0    -1    -1    -1    -1     0     0
     0     0    -1    -1    -1    -1    -1     0
     0     0    -1     1     1     1     1     0
     0     0    -1    -1    -1     1     0     0
     0     0    -1     1     1    -1     0     0
     0     0    -1     1     1    -1     0     0
     0     0    -1    -1    -1    -1    -1     0

hiba (-1) to move (time left: 166.6 sec.):
     0     0    -1    -1    -1     0     0     0
     0     0    -1    -1    -1    -1     0     0
     0     0    -1    -1    -1    -1    -1     0
     0     0    -1    -1    -1    -1    -1    -1
     0     0    -1    -1    -1     1     0     0
     0     0    -1     1     1    -1     0     0
     0     0    -1     1     1    -1     0     0
     0     0    -1    -1    -1    -1    -1     0

Bernhard (1) to move (time left: 153.5 sec.):
     0     0    -1    -1    -1     0     0     0
     0     0    -1    -1    -1    -1     0     0
     0     0    -1    -1    -1    -1    -1     0
     0     0    -1    -1    -1    -1    -1    -1
     0     0    -1    -1    -1     1     1     0
     0     0    -1     1     1     1     0     0
     0     0    -1     1     1    -1     0     0
     0     0    -1    -1    -1    -1    -1     0

hiba (-1) to move (time left: 164.8 sec.):
     0     0    -1    -1    -1     0     0     0
     0     0    -1    -1    -1    -1     0     0
     0     0    -1    -1    -1    -1    -1     0
     0     0    -1    -1    -1    -1    -1    -1
     0     0    -1    -1    -1    -1    -1     0
     0     0    -1    -1    -1    -1    -1     0
     0     0    -1     1     1    -1     0     0
     0     0    -1    -1    -1    -1    -1     0

Bernhard (1) to move (time left: 151.0 sec.):
     0     0    -1    -1    -1     0     0     0
     0     0    -1    -1    -1    -1     0     0
     0     0    -1    -1    -1    -1    -1     1
     0     0    -1    -1    -1    -1     1    -1
     0     0    -1    -1    -1     1    -1     0
     0     0    -1    -1     1    -1    -1     0
     0     0    -1     1     1    -1     0     0
     0     0    -1    -1    -1    -1    -1     0

hiba (-1) to move (time left: 164.7 sec.):
     0     0    -1    -1    -1     0     0     0
     0     0    -1    -1    -1    -1     0     0
     0     0    -1    -1    -1    -1    -1     1
     0     0    -1    -1    -1    -1    -1    -1
     0     0    -1    -1    -1     1    -1    -1
     0     0    -1    -1     1    -1    -1     0
     0     0    -1     1     1    -1     0     0
     0     0    -1    -1    -1    -1    -1     0

Bernhard (1) to move (time left: 150.6 sec.):
     0     0    -1    -1    -1     0     0     0
     0     0    -1    -1    -1    -1     0     0
     0     0    -1    -1    -1    -1    -1     1
     0     0    -1    -1    -1    -1    -1     1
     0     0    -1    -1    -1     1    -1     1
     0     0    -1    -1     1     1     1     1
     0     0    -1     1     1    -1     0     0
     0     0    -1    -1    -1    -1    -1     0

hiba (-1) to move (time left: 164.2 sec.):
     0     0    -1    -1    -1     0     0     0
     0     0    -1    -1    -1    -1     0     0
     0     0    -1    -1    -1    -1    -1     1
     0     0    -1    -1    -1    -1    -1     1
     0     0    -1    -1    -1     1    -1     1
     0     0    -1    -1     1    -1    -1     1
     0     0    -1     1     1    -1    -1     0
     0     0    -1    -1    -1    -1    -1     0

Bernhard (1) to move (time left: 148.4 sec.):
     0     0    -1    -1    -1     0     0     0
     0     0    -1    -1    -1    -1     0     0
     0     0    -1    -1    -1    -1    -1     1
     0     0    -1    -1    -1    -1    -1     1
     0     0    -1    -1    -1     1    -1     1
     0     1     1     1     1    -1    -1     1
     0     0    -1     1     1    -1    -1     0
     0     0    -1    -1    -1    -1    -1     0

hiba (-1) to move (time left: 163.9 sec.):
     0     0    -1    -1    -1     0     0     0
     0     0    -1    -1    -1    -1     0     0
     0     0    -1    -1    -1    -1    -1     1
     0     0    -1    -1    -1    -1    -1     1
     0    -1    -1    -1    -1     1    -1     1
     0     1    -1     1     1    -1    -1     1
     0     0    -1    -1     1    -1    -1     0
     0     0    -1    -1    -1    -1    -1     0

Bernhard (1) to move (time left: 147.2 sec.):
     0     0    -1    -1    -1     0     0     0
     0     0    -1    -1    -1    -1     0     0
     0     0    -1    -1    -1    -1    -1     1
     0     0    -1    -1    -1    -1    -1     1
     1     1     1     1     1     1    -1     1
     0     1    -1     1     1    -1    -1     1
     0     0    -1    -1     1    -1    -1     0
     0     0    -1    -1    -1    -1    -1     0

hiba (-1) to move (time left: 163.2 sec.):
     0     0    -1    -1    -1     0     0     0
     0     0    -1    -1    -1    -1     0     0
     0     0    -1    -1    -1    -1    -1     1
     0     0    -1    -1    -1    -1    -1     1
     1     1    -1     1     1     1    -1     1
     0    -1    -1     1     1    -1    -1     1
    -1     0    -1    -1     1    -1    -1     0
     0     0    -1    -1    -1    -1    -1     0

Bernhard (1) to move (time left: 146.5 sec.):
     0     0    -1    -1    -1     0     0     0
     0     0    -1    -1    -1    -1     0     0
     0     0    -1    -1    -1    -1    -1     1
     0     0    -1    -1    -1    -1    -1     1
     1     1    -1     1     1     1    -1     1
     0    -1    -1     1     1     1    -1     1
    -1     0    -1    -1     1    -1     1     0
     0     0    -1    -1    -1    -1    -1     1

hiba (-1) to move (time left: 162.6 sec.):
     0     0    -1    -1    -1     0     0     0
     0     0    -1    -1    -1    -1     0     0
     0     0    -1    -1    -1    -1    -1     1
     0    -1    -1    -1    -1    -1    -1     1
     1    -1    -1     1     1     1    -1     1
     0    -1    -1     1     1     1    -1     1
    -1     0    -1    -1     1    -1     1     0
     0     0    -1    -1    -1    -1    -1     1

Bernhard (1) to move (time left: 146.4 sec.):
     0     0    -1    -1    -1     0     0     0
     0     0    -1    -1    -1    -1     0     0
     1     0    -1    -1    -1    -1    -1     1
     0     1    -1    -1    -1    -1    -1     1
     1    -1     1     1     1     1    -1     1
     0    -1    -1     1     1     1    -1     1
    -1     0    -1    -1     1    -1     1     0
     0     0    -1    -1    -1    -1    -1     1

hiba (-1) to move (time left: 162.0 sec.):
     0     0    -1    -1    -1     0     0     0
     0     0    -1    -1    -1    -1     0     0
     1     0    -1    -1    -1    -1    -1     1
    -1    -1    -1    -1    -1    -1    -1     1
     1    -1     1     1     1     1    -1     1
     0    -1    -1     1     1     1    -1     1
    -1     0    -1    -1     1    -1     1     0
     0     0    -1    -1    -1    -1    -1     1

Bernhard (1) to move (time left: 144.4 sec.):
     0     0    -1    -1    -1     0     0     0
     0     0    -1    -1    -1    -1     0     0
     1     0    -1    -1    -1    -1    -1     1
    -1    -1    -1    -1    -1    -1    -1     1
     1    -1     1     1     1     1    -1     1
     1     1     1     1     1     1    -1     1
    -1     0    -1    -1     1    -1     1     0
     0     0    -1    -1    -1    -1    -1     1

hiba (-1) to move (time left: 161.8 sec.):
     0     0    -1    -1    -1     0     0     0
     0     0    -1    -1    -1    -1     0     0
     1     0    -1    -1    -1    -1    -1     1
    -1    -1    -1    -1    -1    -1    -1     1
     1    -1     1     1     1     1    -1     1
     1     1     1     1     1     1    -1     1
    -1     0    -1    -1     1    -1    -1    -1
     0     0    -1    -1    -1    -1    -1     1

Bernhard (1) to move (time left: 143.2 sec.):
     0     0    -1    -1    -1     0     0     0
     0     0    -1    -1    -1    -1     0     0
     1     0    -1    -1    -1    -1    -1     1
    -1    -1    -1    -1    -1    -1    -1     1
     1    -1     1     1     1     1    -1     1
     1     1     1     1     1     1    -1     1
     1     0    -1    -1     1    -1    -1    -1
     1     0    -1    -1    -1    -1    -1     1

hiba (-1) to move (time left: 151.2 sec.):
     0     0    -1    -1    -1     0     0     0
     0     0    -1    -1    -1    -1     0     0
     1     0    -1    -1    -1    -1    -1     1
    -1    -1    -1    -1    -1    -1    -1     1
     1    -1     1    -1     1     1    -1     1
     1    -1    -1     1     1     1    -1     1
     1    -1    -1    -1     1    -1    -1    -1
     1     0    -1    -1    -1    -1    -1     1

Bernhard (1) to move (time left: 143.1 sec.):
     0     0    -1    -1    -1     0     0     0
     0     0    -1    -1    -1    -1     0     0
     1     1     1     1     1     1     1     1
    -1    -1     1    -1    -1    -1    -1     1
     1    -1     1     1     1     1    -1     1
     1    -1    -1     1     1     1    -1     1
     1    -1    -1    -1     1    -1    -1    -1
     1     0    -1    -1    -1    -1    -1     1

hiba (-1) to move (time left: 148.8 sec.):
     0     0    -1    -1    -1     0     0     0
    -1     0    -1    -1    -1    -1     0     0
    -1    -1     1     1     1     1     1     1
    -1    -1    -1    -1    -1    -1    -1     1
     1    -1     1    -1     1     1    -1     1
     1    -1    -1     1    -1     1    -1     1
     1    -1    -1    -1     1    -1    -1    -1
     1     0    -1    -1    -1    -1    -1     1

Bernhard (1) to move (time left: 142.7 sec.):
     1     0    -1    -1    -1     0     0     0
     1     0    -1    -1    -1    -1     0     0
     1    -1     1     1     1     1     1     1
     1    -1    -1    -1    -1    -1    -1     1
     1    -1     1    -1     1     1    -1     1
     1    -1    -1     1    -1     1    -1     1
     1    -1    -1    -1     1    -1    -1    -1
     1     0    -1    -1    -1    -1    -1     1

hiba (-1) to move (time left: 148.7 sec.):
     1     0    -1    -1    -1     0     0     0
     1    -1    -1    -1    -1    -1     0     0
     1    -1    -1     1     1     1     1     1
     1    -1    -1    -1    -1    -1    -1     1
     1    -1     1    -1     1     1    -1     1
     1    -1    -1     1    -1     1    -1     1
     1    -1    -1    -1     1    -1    -1    -1
     1     0    -1    -1    -1    -1    -1     1

Bernhard (1) to move (time left: 142.6 sec.):
     1     1    -1    -1    -1     0     0     0
     1    -1     1    -1    -1    -1     0     0
     1    -1    -1     1     1     1     1     1
     1    -1    -1    -1    -1    -1    -1     1
     1    -1     1    -1     1     1    -1     1
     1    -1    -1     1    -1     1    -1     1
     1    -1    -1    -1     1    -1    -1    -1
     1     0    -1    -1    -1    -1    -1     1

hiba (-1) to move (time left: 148.6 sec.):
     1     1    -1    -1    -1     0     0     0
     1    -1     1    -1    -1    -1    -1     0
     1    -1    -1     1     1    -1    -1     1
     1    -1    -1    -1    -1    -1    -1     1
     1    -1     1    -1     1     1    -1     1
     1    -1    -1     1    -1     1    -1     1
     1    -1    -1    -1     1    -1    -1    -1
     1     0    -1    -1    -1    -1    -1     1

Bernhard (1) to move (time left: 142.5 sec.):
     1     1    -1    -1    -1     0     0     1
     1    -1     1    -1    -1    -1     1     0
     1    -1    -1     1     1     1    -1     1
     1    -1    -1    -1     1    -1    -1     1
     1    -1     1     1     1     1    -1     1
     1    -1     1     1    -1     1    -1     1
     1     1    -1    -1     1    -1    -1    -1
     1     0    -1    -1    -1    -1    -1     1

hiba (-1) to move (time left: 148.5 sec.):
     1     1    -1    -1    -1     0     0     1
     1    -1     1    -1    -1    -1     1     0
     1    -1    -1     1     1     1    -1     1
     1    -1    -1    -1     1    -1    -1     1
     1    -1     1     1     1     1    -1     1
     1    -1     1     1    -1     1    -1     1
     1    -1    -1    -1     1    -1    -1    -1
     1    -1    -1    -1    -1    -1    -1     1

Bernhard (1) to move (time left: 142.4 sec.):
     1     1    -1    -1    -1     0     0     1
     1    -1     1    -1    -1    -1     1     1
     1    -1    -1     1     1     1     1     1
     1    -1    -1    -1     1     1    -1     1
     1    -1     1     1     1     1    -1     1
     1    -1     1     1    -1     1    -1     1
     1    -1    -1    -1     1    -1    -1    -1
     1    -1    -1    -1    -1    -1    -1     1

hiba (-1) to move (time left: 148.4 sec.):
     1     1    -1    -1    -1     0    -1     1
     1    -1     1    -1    -1    -1    -1     1
     1    -1    -1     1     1     1    -1     1
     1    -1    -1    -1     1     1    -1     1
     1    -1     1     1     1     1    -1     1
     1    -1     1     1    -1     1    -1     1
     1    -1    -1    -1     1    -1    -1    -1
     1    -1    -1    -1    -1    -1    -1     1

Bernhard (1) to move (time left: 142.3 sec.):
     1     1     1     1     1     1     1     1
     1    -1     1    -1     1     1     1     1
     1    -1    -1     1     1     1    -1     1
     1    -1    -1    -1     1     1    -1     1
     1    -1     1     1     1     1    -1     1
     1    -1     1     1    -1     1    -1     1
     1    -1    -1    -1     1    -1    -1    -1
     1    -1    -1    -1    -1    -1    -1     1

Game over.
