DerGeileGetz against Bjoern:
     0     0     0     0     0     0     0     0
     0     0     0     0     0     0     0     0
     0     0     0     0     0     0     0     0
     0     0     0     1    -1     0     0     0
     0     0     0    -1     1     0     0     0
     0     0     0     0     0     0     0     0
     0     0     0     0     0     0     0     0
     0     0     0     0     0     0     0     0

Bjoern (-1) to move (time left: 180.0 sec.):
     0     0     0     0     0     0     0     0
     0     0     0     0     0     0     0     0
     0     0     0     0     0     0     0     0
     0     0    -1    -1    -1     0     0     0
     0     0     0    -1     1     0     0     0
     0     0     0     0     0     0     0     0
     0     0     0     0     0     0     0     0
     0     0     0     0     0     0     0     0

DerGeileGetz (1) to move (time left: 180.0 sec.):
     0     0     0     0     0     0     0     0
     0     0     0     0     0     0     0     0
     0     0     1     0     0     0     0     0
     0     0    -1     1    -1     0     0     0
     0     0     0    -1     1     0     0     0
     0     0     0     0     0     0     0     0
     0     0     0     0     0     0     0     0
     0     0     0     0     0     0     0     0

Bjoern (-1) to move (time left: 179.8 sec.):
     0     0     0     0     0     0     0     0
     0     0     0     0     0     0     0     0
     0     0     1    -1     0     0     0     0
     0     0    -1    -1    -1     0     0     0
     0     0     0    -1     1     0     0     0
     0     0     0     0     0     0     0     0
     0     0     0     0     0     0     0     0
     0     0     0     0     0     0     0     0

DerGeileGetz (1) to move (time left: 179.9 sec.):
     0     0     0     0     0     0     0     0
     0     0     0     0     0     0     0     0
     0     0     1    -1     0     0     0     0
     0     0     1    -1    -1     0     0     0
     0     0     1     1     1     0     0     0
     0     0     0     0     0     0     0     0
     0     0     0     0     0     0     0     0
     0     0     0     0     0     0     0     0

Bjoern (-1) to move (time left: 179.4 sec.):
     0     0     0     0     0     0     0     0
     0     0     0     0     0     0     0     0
     0    -1    -1    -1     0     0     0     0
     0     0     1    -1    -1     0     0     0
     0     0     1     1     1     0     0     0
     0     0     0     0     0     0     0     0
     0     0     0     0     0     0     0     0
     0     0     0     0     0     0     0     0

DerGeileGetz (1) to move (time left: 179.7 sec.):
     0     0     0     0     0     0     0     0
     0     0     0     0     0     0     0     0
     0    -1    -1    -1     1     0     0     0
     0     0     1     1     1     0     0     0
     0     0     1     1     1     0     0     0
     0     0     0     0     0     0     0     0
     0     0     0     0     0     0     0     0
     0     0     0     0     0     0     0     0

Bjoern (-1) to move (time left: 178.2 sec.):
     0     0     0     0     0     0     0     0
     0     0     0     0     0     0     0     0
     0    -1    -1    -1    -1    -1     0     0
     0     0     1     1     1     0     0     0
     0     0     1     1     1     0     0     0
     0     0     0     0     0     0     0     0
     0     0     0     0     0     0     0     0
     0     0     0     0     0     0     0     0

DerGeileGetz (1) to move (time left: 179.3 sec.):
     0     0     0     0     0     0     0     0
     0     0     1     0     0     0     0     0
     0    -1     1     1    -1    -1     0     0
     0     0     1     1     1     0     0     0
     0     0     1     1     1     0     0     0
     0     0     0     0     0     0     0     0
     0     0     0     0     0     0     0     0
     0     0     0     0     0     0     0     0

Bjoern (-1) to move (time left: 177.3 sec.):
     0     0     0     0     0     0     0     0
     0     0     1     0     0     0     0     0
     0    -1     1     1    -1    -1     0     0
     0     0     1     1    -1     0     0     0
     0     0     1    -1     1     0     0     0
     0     0    -1     0     0     0     0     0
     0     0     0     0     0     0     0     0
     0     0     0     0     0     0     0     0

DerGeileGetz (1) to move (time left: 178.9 sec.):
     0     0     0     0     0     0     0     0
     0     0     1     0     0     0     0     0
     0    -1     1     1    -1    -1     0     0
     0     0     1     1     1     1     0     0
     0     0     1    -1     1     0     0     0
     0     0    -1     0     0     0     0     0
     0     0     0     0     0     0     0     0
     0     0     0     0     0     0     0     0

Bjoern (-1) to move (time left: 176.4 sec.):
     0     0    -1     0     0     0     0     0
     0     0    -1     0     0     0     0     0
     0    -1    -1     1    -1    -1     0     0
     0     0    -1     1     1     1     0     0
     0     0    -1    -1     1     0     0     0
     0     0    -1     0     0     0     0     0
     0     0     0     0     0     0     0     0
     0     0     0     0     0     0     0     0

DerGeileGetz (1) to move (time left: 178.2 sec.):
     0     0    -1     0     0     0     0     0
     0     0    -1     0     0     0     0     0
     1     1     1     1    -1    -1     0     0
     0     0    -1     1     1     1     0     0
     0     0    -1    -1     1     0     0     0
     0     0    -1     0     0     0     0     0
     0     0     0     0     0     0     0     0
     0     0     0     0     0     0     0     0

Bjoern (-1) to move (time left: 175.0 sec.):
     0     0    -1     0     0     0     0     0
     0     0    -1    -1     0     0     0     0
     1     1     1    -1    -1    -1     0     0
     0     0    -1    -1     1     1     0     0
     0     0    -1    -1     1     0     0     0
     0     0    -1     0     0     0     0     0
     0     0     0     0     0     0     0     0
     0     0     0     0     0     0     0     0

DerGeileGetz (1) to move (time left: 177.9 sec.):
     0     0    -1     0     1     0     0     0
     0     0    -1     1     0     0     0     0
     1     1     1    -1    -1    -1     0     0
     0     0    -1    -1     1     1     0     0
     0     0    -1    -1     1     0     0     0
     0     0    -1     0     0     0     0     0
     0     0     0     0     0     0     0     0
     0     0     0     0     0     0     0     0

Bjoern (-1) to move (time left: 173.2 sec.):
     0     0    -1    -1     1     0     0     0
     0     0    -1    -1     0     0     0     0
     1     1     1    -1    -1    -1     0     0
     0     0    -1    -1     1     1     0     0
     0     0    -1    -1     1     0     0     0
     0     0    -1     0     0     0     0     0
     0     0     0     0     0     0     0     0
     0     0     0     0     0     0     0     0

DerGeileGetz (1) to move (time left: 177.2 sec.):
     0     1     1     1     1     0     0     0
     0     0     1    -1     0     0     0     0
     1     1     1     1    -1    -1     0     0
     0     0    -1    -1     1     1     0     0
     0     0    -1    -1     1     0     0     0
     0     0    -1     0     0     0     0     0
     0     0     0     0     0     0     0     0
     0     0     0     0     0     0     0     0

Bjoern (-1) to move (time left: 171.4 sec.):
     0     1     1     1     1     0     0     0
     0     0     1    -1     0     0     0     0
     1     1     1     1    -1    -1     0     0
     0     0    -1    -1     1     1     0     0
     0     0    -1    -1    -1     0     0     0
     0     0    -1     0     0    -1     0     0
     0     0     0     0     0     0     0     0
     0     0     0     0     0     0     0     0

DerGeileGetz (1) to move (time left: 176.8 sec.):
     0     1     1     1     1     0     0     0
     0     0     1    -1     0     0     0     0
     1     1     1     1    -1    -1     0     0
     0     0    -1     1     1     1     0     0
     0     0    -1     1     1     0     0     0
     0     0    -1     1     0    -1     0     0
     0     0     0     0     0     0     0     0
     0     0     0     0     0     0     0     0

Bjoern (-1) to move (time left: 170.0 sec.):
     0     1     1     1     1     0     0     0
     0     0     1    -1    -1     0     0     0
     1     1     1    -1    -1    -1     0     0
     0     0    -1     1     1     1     0     0
     0     0    -1     1     1     0     0     0
     0     0    -1     1     0    -1     0     0
     0     0     0     0     0     0     0     0
     0     0     0     0     0     0     0     0

DerGeileGetz (1) to move (time left: 174.8 sec.):
     0     1     1     1     1     0     0     0
     0     0     1    -1    -1     0     0     0
     1     1     1    -1    -1    -1     0     0
     0     0     1     1     1     1     0     0
     0     0     1     1     1     0     0     0
     0     0     1     1     0    -1     0     0
     0     0     1     0     0     0     0     0
     0     0     0     0     0     0     0     0

Bjoern (-1) to move (time left: 167.8 sec.):
     0     1     1     1     1     0     0     0
     0     0     1    -1    -1     0     0     0
     1     1     1    -1    -1    -1     0     0
     0     0    -1     1     1     1     0     0
     0    -1     1     1     1     0     0     0
     0     0     1     1     0    -1     0     0
     0     0     1     0     0     0     0     0
     0     0     0     0     0     0     0     0

DerGeileGetz (1) to move (time left: 172.4 sec.):
     0     1     1     1     1     0     0     0
     0     0     1    -1    -1     0     0     0
     1     1     1     1     1     1     1     0
     0     0    -1     1     1     1     0     0
     0    -1     1     1     1     0     0     0
     0     0     1     1     0    -1     0     0
     0     0     1     0     0     0     0     0
     0     0     0     0     0     0     0     0

Bjoern (-1) to move (time left: 166.7 sec.):
     0     1     1     1     1     0     0     0
     0     0     1    -1    -1     0     0     0
     1     1     1     1     1     1     1     0
     0     0    -1     1     1     1     0     0
     0    -1    -1     1     1     0     0     0
     0     0    -1     1     0    -1     0     0
     0     0    -1     0     0     0     0     0
     0     0    -1     0     0     0     0     0

DerGeileGetz (1) to move (time left: 171.0 sec.):
     0     1     1     1     1     1     0     0
     0     0     1    -1     1     0     0     0
     1     1     1     1     1     1     1     0
     0     0    -1     1     1     1     0     0
     0    -1    -1     1     1     0     0     0
     0     0    -1     1     0    -1     0     0
     0     0    -1     0     0     0     0     0
     0     0    -1     0     0     0     0     0

Bjoern (-1) to move (time left: 164.9 sec.):
     0     1     1     1     1     1     0     0
     0     0     1    -1     1     0     0     0
     1     1    -1     1     1     1     1     0
     0    -1    -1     1     1     1     0     0
     0    -1    -1     1     1     0     0     0
     0     0    -1     1     0    -1     0     0
     0     0    -1     0     0     0     0     0
     0     0    -1     0     0     0     0     0

DerGeileGetz (1) to move (time left: 169.1 sec.):
     0     1     1     1     1     1     0     0
     0     0     1    -1     1     0     0     0
     1     1    -1     1     1     1     1     0
     1     1     1     1     1     1     0     0
     0    -1    -1     1     1     0     0     0
     0     0    -1     1     0    -1     0     0
     0     0    -1     0     0     0     0     0
     0     0    -1     0     0     0     0     0

Bjoern (-1) to move (time left: 163.9 sec.):
     0     1     1     1     1     1     0     0
     0     0     1    -1     1     0     0     0
     1     1    -1     1     1     1     1     0
     1     1     1     1     1     1     0     0
     0    -1    -1     1     1     0     0     0
     0     0    -1    -1    -1    -1     0     0
     0     0    -1     0     0     0     0     0
     0     0    -1     0     0     0     0     0

DerGeileGetz (1) to move (time left: 168.4 sec.):
     0     1     1     1     1     1     0     0
     0     0     1    -1     1     0     0     0
     1     1    -1     1     1     1     1     0
     1     1     1     1     1     1     0     0
     0     1    -1     1     1     0     0     0
     1     0    -1    -1    -1    -1     0     0
     0     0    -1     0     0     0     0     0
     0     0    -1     0     0     0     0     0

Bjoern (-1) to move (time left: 162.8 sec.):
     0     1     1     1     1     1     0     0
     0     0     1    -1    -1    -1     0     0
     1     1    -1     1    -1     1     1     0
     1     1     1    -1     1     1     0     0
     0     1    -1     1     1     0     0     0
     1     0    -1    -1    -1    -1     0     0
     0     0    -1     0     0     0     0     0
     0     0    -1     0     0     0     0     0

DerGeileGetz (1) to move (time left: 167.3 sec.):
     0     1     1     1     1     1     0     0
     0     0     1    -1    -1    -1     0     0
     1     1    -1     1    -1     1     1     0
     1     1     1    -1     1     1     0     0
     0     1    -1     1     1     0     0     0
     1     0    -1    -1     1    -1     0     0
     0     0    -1     0     0     1     0     0
     0     0    -1     0     0     0     0     0

Bjoern (-1) to move (time left: 162.0 sec.):
     0     1     1     1     1     1     0     0
     0     0     1    -1    -1    -1     0     0
     1     1    -1     1    -1    -1     1     0
     1     1     1    -1     1    -1     0     0
     0     1    -1    -1    -1    -1     0     0
     1     0    -1    -1     1    -1     0     0
     0     0    -1     0     0     1     0     0
     0     0    -1     0     0     0     0     0

DerGeileGetz (1) to move (time left: 165.1 sec.):
     0     1     1     1     1     1     0     0
     0     0     1    -1    -1    -1     0     0
     1     1    -1     1    -1    -1     1     0
     1     1     1     1     1    -1     0     0
     0     1    -1     1    -1    -1     0     0
     1     0     1     1     1    -1     0     0
     0     0    -1     1     0     1     0     0
     0     0    -1     0     0     0     0     0

Bjoern (-1) to move (time left: 154.3 sec.):
     0     1     1     1     1     1     0     0
     0     0     1    -1    -1    -1     0     0
     1     1    -1    -1    -1    -1     1     0
     1     1     1    -1     1    -1     0     0
     0     1    -1    -1    -1    -1     0     0
     1     0     1    -1     1    -1     0     0
     0     0    -1    -1     0     1     0     0
     0     0    -1    -1     0     0     0     0

DerGeileGetz (1) to move (time left: 163.2 sec.):
     0     1     1     1     1     1     0     0
     0     0     1    -1    -1    -1     0     0
     1     1    -1    -1    -1    -1     1     0
     1     1     1    -1     1    -1     0     0
     0     1    -1    -1    -1     1     0     0
     1     0     1    -1     1     1     1     0
     0     0    -1    -1     0     1     0     0
     0     0    -1    -1     0     0     0     0

Bjoern (-1) to move (time left: 151.2 sec.):
     0     1     1     1     1     1     0     0
     0     0     1    -1    -1    -1     0     0
     1     1    -1    -1    -1    -1     1     0
     1     1     1    -1     1    -1     0     0
     0     1    -1    -1    -1     1     0     0
     1    -1    -1    -1     1     1     1     0
     0     0    -1    -1     0     1     0     0
     0     0    -1    -1     0     0     0     0

DerGeileGetz (1) to move (time left: 161.1 sec.):
     0     1     1     1     1     1     0     0
     0     0     1    -1    -1    -1     0     0
     1     1    -1    -1    -1    -1     1     0
     1     1     1    -1     1    -1     0     0
     0     1     1    -1    -1     1     0     0
     1    -1    -1     1     1     1     1     0
     0     0    -1    -1     1     1     0     0
     0     0    -1    -1     0     0     0     0

Bjoern (-1) to move (time left: 143.0 sec.):
     0     1     1     1     1     1     0     0
     0     0     1    -1    -1    -1     0     0
     1     1    -1    -1    -1    -1     1     0
     1     1     1    -1     1    -1     0     0
     0     1     1    -1    -1     1     0     0
     1    -1    -1     1    -1     1     1     0
     0     0    -1    -1    -1     1     0     0
     0     0    -1    -1    -1     0     0     0

DerGeileGetz (1) to move (time left: 159.0 sec.):
     0     1     1     1     1     1     0     0
     0     0     1    -1    -1    -1     0     0
     1     1    -1    -1    -1    -1     1     0
     1     1     1    -1     1    -1     0     0
     0     1     1    -1    -1     1     0     0
     1    -1    -1     1    -1     1     1     0
     0     0    -1    -1     1     1     0     0
     0     0    -1    -1    -1     1     0     0

Bjoern (-1) to move (time left: 138.8 sec.):
     0     1     1     1     1     1     0     0
     0     0     1    -1    -1    -1     0     0
     1     1    -1    -1    -1    -1     1     0
     1     1     1    -1     1    -1     0     0
     0     1     1    -1    -1     1     0     0
     1    -1    -1     1    -1    -1    -1    -1
     0     0    -1    -1     1     1     0     0
     0     0    -1    -1    -1     1     0     0

DerGeileGetz (1) to move (time left: 157.3 sec.):
     0     1     1     1     1     1     0     0
     0     0     1    -1    -1    -1     0     0
     1     1    -1    -1    -1    -1     1     0
     1     1     1    -1     1    -1     0     0
     0     1     1    -1    -1     1     0     0
     1    -1    -1     1    -1    -1    -1    -1
     0     0     1    -1     1     1     0     0
     0     1     1     1     1     1     0     0

Bjoern (-1) to move (time left: 132.8 sec.):
     0     1     1     1     1     1     0     0
     0     0     1    -1    -1    -1     0     0
     1     1    -1    -1    -1    -1     1     0
     1    -1     1    -1     1    -1     0     0
    -1    -1    -1    -1    -1     1     0     0
     1    -1    -1     1    -1    -1    -1    -1
     0     0     1    -1     1     1     0     0
     0     1     1     1     1     1     0     0

DerGeileGetz (1) to move (time left: 156.2 sec.):
     0     1     1     1     1     1     0     0
     0     0     1    -1     1    -1     0     0
     1     1    -1    -1    -1     1     1     0
     1    -1     1    -1     1     1     1     0
    -1    -1    -1    -1    -1     1     0     0
     1    -1    -1     1    -1    -1    -1    -1
     0     0     1    -1     1     1     0     0
     0     1     1     1     1     1     0     0

Bjoern (-1) to move (time left: 125.9 sec.):
     0     1     1     1     1     1     0     0
     0     0     1    -1     1    -1     0     0
     1     1    -1    -1    -1     1     1     0
     1    -1     1    -1     1    -1     1     0
    -1    -1    -1    -1    -1    -1    -1     0
     1    -1    -1     1    -1    -1    -1    -1
     0     0     1    -1     1     1     0     0
     0     1     1     1     1     1     0     0

DerGeileGetz (1) to move (time left: 154.5 sec.):
     0     1     1     1     1     1     0     0
     0     0     1    -1     1    -1     0     0
     1     1    -1    -1    -1     1     1     0
     1    -1     1    -1     1    -1     1     1
    -1    -1    -1    -1    -1    -1     1     0
     1    -1    -1     1    -1     1    -1    -1
     0     0     1    -1     1     1     0     0
     0     1     1     1     1     1     0     0

Bjoern (-1) to move (time left: 115.7 sec.):
     0     1     1     1     1     1     0     0
     0     0     1    -1     1    -1     0     0
     1     1    -1    -1    -1     1     1     0
     1    -1     1    -1     1    -1     1     1
    -1    -1    -1    -1    -1    -1    -1    -1
     1    -1    -1     1    -1     1    -1    -1
     0     0     1    -1     1     1     0     0
     0     1     1     1     1     1     0     0

DerGeileGetz (1) to move (time left: 153.5 sec.):
     0     1     1     1     1     1     0     0
     0     1     1    -1     1    -1     0     0
     1     1     1    -1    -1     1     1     0
     1    -1     1     1     1    -1     1     1
    -1    -1    -1    -1     1    -1    -1    -1
     1    -1    -1     1    -1     1    -1    -1
     0     0     1    -1     1     1     0     0
     0     1     1     1     1     1     0     0

Bjoern (-1) to move (time left: 106.9 sec.):
     0     1     1     1     1     1     0     0
     0     1     1    -1     1    -1     0     0
     1     1     1    -1    -1    -1    -1    -1
     1    -1     1     1     1    -1    -1    -1
    -1    -1    -1    -1     1    -1    -1    -1
     1    -1    -1     1    -1     1    -1    -1
     0     0     1    -1     1     1     0     0
     0     1     1     1     1     1     0     0

DerGeileGetz (1) to move (time left: 153.2 sec.):
     0     1     1     1     1     1     0     0
     0     1     1    -1     1    -1     0     1
     1     1     1    -1    -1    -1     1    -1
     1    -1     1     1     1     1    -1    -1
    -1    -1    -1    -1     1    -1    -1    -1
     1    -1    -1     1    -1     1    -1    -1
     0     0     1    -1     1     1     0     0
     0     1     1     1     1     1     0     0

Bjoern (-1) to move (time left: 97.0 sec.):
     0     1     1     1     1     1     0    -1
     0     1     1    -1     1    -1     0    -1
     1     1     1    -1    -1    -1     1    -1
     1    -1     1     1     1     1    -1    -1
    -1    -1    -1    -1     1    -1    -1    -1
     1    -1    -1     1    -1     1    -1    -1
     0     0     1    -1     1     1     0     0
     0     1     1     1     1     1     0     0

DerGeileGetz (1) to move (time left: 151.2 sec.):
     0     1     1     1     1     1     0    -1
     0     1     1    -1     1    -1     0    -1
     1     1     1    -1    -1    -1     1    -1
     1    -1     1     1     1     1     1    -1
    -1    -1    -1    -1     1    -1     1    -1
     1    -1    -1     1    -1     1     1    -1
     0     0     1    -1     1     1     1     0
     0     1     1     1     1     1     0     0

Bjoern (-1) to move (time left: 91.5 sec.):
     0     1     1     1     1     1     0    -1
     0     1     1    -1     1    -1     0    -1
     1     1     1    -1    -1    -1     1    -1
     1    -1     1     1     1     1     1    -1
    -1    -1    -1    -1     1    -1     1    -1
    -1    -1    -1     1    -1     1     1    -1
    -1     0     1    -1     1     1     1     0
     0     1     1     1     1     1     0     0

DerGeileGetz (1) to move (time left: 150.8 sec.):
     0     1     1     1     1     1     0    -1
     0     1     1    -1     1    -1     0    -1
     1     1     1    -1    -1    -1     1    -1
     1    -1     1     1     1     1     1    -1
     1    -1    -1    -1     1    -1     1    -1
     1    -1    -1     1    -1     1     1    -1
     1     0     1    -1     1     1     1     0
     1     1     1     1     1     1     0     0

Bjoern (-1) to move (time left: 91.2 sec.):
     0     1     1     1     1     1     0    -1
     0     1     1    -1     1    -1     0    -1
     1     1     1    -1    -1    -1     1    -1
     1    -1     1     1     1     1     1    -1
     1    -1    -1    -1     1    -1     1    -1
     1    -1    -1     1    -1     1     1    -1
     1    -1    -1    -1     1     1     1     0
     1     1     1     1     1     1     0     0

DerGeileGetz (1) to move (time left: 150.7 sec.):
     0     1     1     1     1     1     0    -1
     0     1     1    -1     1     1     1    -1
     1     1     1    -1    -1     1     1    -1
     1    -1     1     1     1     1     1    -1
     1    -1    -1    -1     1    -1     1    -1
     1    -1    -1     1    -1     1     1    -1
     1    -1    -1    -1     1     1     1     0
     1     1     1     1     1     1     0     0

Bjoern (-1) to move (time left: 91.1 sec.):
     0     1     1     1     1     1     0    -1
    -1    -1    -1    -1     1     1     1    -1
     1    -1     1    -1    -1     1     1    -1
     1    -1    -1     1     1     1     1    -1
     1    -1    -1    -1     1    -1     1    -1
     1    -1    -1     1    -1     1     1    -1
     1    -1    -1    -1     1     1     1     0
     1     1     1     1     1     1     0     0

DerGeileGetz (1) to move (time left: 150.6 sec.):
     1     1     1     1     1     1     0    -1
     1     1    -1    -1     1     1     1    -1
     1    -1     1    -1    -1     1     1    -1
     1    -1    -1     1     1     1     1    -1
     1    -1    -1    -1     1    -1     1    -1
     1    -1    -1     1    -1     1     1    -1
     1    -1    -1    -1     1     1     1     0
     1     1     1     1     1     1     0     0

Bjoern (-1) to move (time left: 91.0 sec.):
     1     1     1     1     1     1     0    -1
     1     1    -1    -1     1     1     1    -1
     1    -1     1    -1    -1     1     1    -1
     1    -1    -1     1     1     1     1    -1
     1    -1    -1    -1     1    -1     1    -1
     1    -1    -1     1    -1     1     1    -1
     1    -1    -1    -1     1    -1     1     0
     1     1     1     1     1     1    -1     0

DerGeileGetz (1) to move (time left: 150.5 sec.):
     1     1     1     1     1     1     0    -1
     1     1    -1    -1     1     1     1    -1
     1    -1     1    -1    -1     1     1    -1
     1    -1    -1     1     1     1     1    -1
     1    -1    -1    -1     1    -1     1    -1
     1    -1    -1     1    -1     1     1    -1
     1    -1    -1    -1     1    -1     1     0
     1     1     1     1     1     1     1     1

Bjoern (-1) to move (time left: 90.9 sec.):
     1     1     1     1     1     1     0    -1
     1     1    -1    -1     1     1     1    -1
     1    -1     1    -1    -1     1     1    -1
     1    -1    -1     1     1     1     1    -1
     1    -1    -1    -1     1    -1     1    -1
     1    -1    -1     1    -1     1    -1    -1
     1    -1    -1    -1     1    -1    -1    -1
     1     1     1     1     1     1     1     1

DerGeileGetz (1) to move (time left: 150.4 sec.):
     1     1     1     1     1     1     0    -1
     1     1    -1    -1     1     1     1    -1
     1    -1     1    -1    -1     1     1    -1
     1    -1    -1     1     1     1     1    -1
     1    -1    -1    -1     1    -1     1    -1
     1    -1    -1     1    -1     1    -1    -1
     1    -1    -1    -1     1    -1    -1    -1
     1     1     1     1     1     1     1     1

Bjoern (-1) to move (time left: 90.8 sec.):
     1     1     1     1     1     1    -1    -1
     1     1    -1    -1     1    -1    -1    -1
     1    -1     1    -1    -1     1    -1    -1
     1    -1    -1     1     1     1    -1    -1
     1    -1    -1    -1     1    -1    -1    -1
     1    -1    -1     1    -1     1    -1    -1
     1    -1    -1    -1     1    -1    -1    -1
     1     1     1     1     1     1     1     1

Game over.
