Jojo against hiba:
     0     0     0     0     0     0     0     0
     0     0     0     0     0     0     0     0
     0     0     0     0     0     0     0     0
     0     0     0     1    -1     0     0     0
     0     0     0    -1     1     0     0     0
     0     0     0     0     0     0     0     0
     0     0     0     0     0     0     0     0
     0     0     0     0     0     0     0     0

hiba (-1) to move (time left: 180.0 sec.):
     0     0     0     0     0     0     0     0
     0     0     0     0     0     0     0     0
     0     0     0     0     0     0     0     0
     0     0    -1    -1    -1     0     0     0
     0     0     0    -1     1     0     0     0
     0     0     0     0     0     0     0     0
     0     0     0     0     0     0     0     0
     0     0     0     0     0     0     0     0

Jojo (1) to move (time left: 180.0 sec.):
     0     0     0     0     0     0     0     0
     0     0     0     0     0     0     0     0
     0     0     1     0     0     0     0     0
     0     0    -1     1    -1     0     0     0
     0     0     0    -1     1     0     0     0
     0     0     0     0     0     0     0     0
     0     0     0     0     0     0     0     0
     0     0     0     0     0     0     0     0

hiba (-1) to move (time left: 179.9 sec.):
     0     0     0     0     0     0     0     0
     0     0    -1     0     0     0     0     0
     0     0    -1     0     0     0     0     0
     0     0    -1     1    -1     0     0     0
     0     0     0    -1     1     0     0     0
     0     0     0     0     0     0     0     0
     0     0     0     0     0     0     0     0
     0     0     0     0     0     0     0     0

Jojo (1) to move (time left: 179.9 sec.):
     0     0     0     0     0     0     0     0
     0     0    -1     0     0     0     0     0
     0     0    -1     0     0     0     0     0
     0     0    -1     1    -1     0     0     0
     0     0     1     1     1     0     0     0
     0     0     0     0     0     0     0     0
     0     0     0     0     0     0     0     0
     0     0     0     0     0     0     0     0

hiba (-1) to move (time left: 179.7 sec.):
     0     0     0     0     0     0     0     0
     0     0    -1     0     0     0     0     0
     0     0    -1     0     0     0     0     0
     0     0    -1     1    -1     0     0     0
     0     0     1    -1    -1     0     0     0
     0     0     0     0    -1     0     0     0
     0     0     0     0     0     0     0     0
     0     0     0     0     0     0     0     0

Jojo (1) to move (time left: 179.7 sec.):
     0     0     0     0     0     0     0     0
     0     0    -1     0     0     0     0     0
     0     0    -1     0     0     0     0     0
     0     0    -1     1    -1     0     0     0
     0     0     1     1     1     1     0     0
     0     0     0     0    -1     0     0     0
     0     0     0     0     0     0     0     0
     0     0     0     0     0     0     0     0

hiba (-1) to move (time left: 178.7 sec.):
     0     0     0     0     0     0     0     0
     0     0    -1     0     0     0     0     0
     0     0    -1     0     0     0     0     0
     0     0    -1     1    -1     0     0     0
     0     0    -1    -1     1     1     0     0
     0     0    -1     0    -1     0     0     0
     0     0     0     0     0     0     0     0
     0     0     0     0     0     0     0     0

Jojo (1) to move (time left: 179.5 sec.):
     0     0     0     0     0     0     0     0
     0     0    -1     0     0     0     0     0
     0     0    -1     0     0     0     0     0
     0     0    -1     1    -1     0     0     0
     0     0    -1     1     1     1     0     0
     0     0    -1     1    -1     0     0     0
     0     0     0     0     0     0     0     0
     0     0     0     0     0     0     0     0

hiba (-1) to move (time left: 178.3 sec.):
     0     0     0     0     0     0     0     0
     0     0    -1     0     0     0     0     0
     0     0    -1     0     0     0     0     0
     0     0    -1    -1    -1     0     0     0
     0     0    -1     1    -1     1     0     0
     0     0    -1     1    -1    -1     0     0
     0     0     0     0     0     0     0     0
     0     0     0     0     0     0     0     0

Jojo (1) to move (time left: 179.1 sec.):
     0     0     0     0     0     0     0     0
     0     0    -1     0     0     0     0     0
     0     0    -1     0     0     0     0     0
     0     0    -1    -1    -1     1     0     0
     0     0    -1     1     1     1     0     0
     0     0    -1     1    -1    -1     0     0
     0     0     0     0     0     0     0     0
     0     0     0     0     0     0     0     0

hiba (-1) to move (time left: 177.2 sec.):
     0     0     0     0     0     0     0     0
     0     0    -1     0     0     0     0     0
     0     0    -1     0     0     0     0     0
     0     0    -1    -1    -1     1     0     0
     0     0    -1    -1     1     1     0     0
     0     0    -1    -1    -1    -1     0     0
     0     0     0    -1     0     0     0     0
     0     0     0     0     0     0     0     0

Jojo (1) to move (time left: 178.7 sec.):
     0     0     0     0     0     0     0     0
     0     0    -1     0     0     0     0     0
     0     0    -1     0     0     0     0     0
     0     0    -1    -1    -1     1     0     0
     0     0    -1    -1     1     1     0     0
     0     0    -1    -1     1    -1     0     0
     0     0     0     1     0     0     0     0
     0     0     1     0     0     0     0     0

hiba (-1) to move (time left: 176.4 sec.):
     0     0     0     0     0     0     0     0
     0     0    -1     0     0     0     0     0
     0     0    -1     0     0     0     0     0
     0     0    -1    -1    -1     1     0     0
     0     0    -1    -1     1     1     0     0
     0     0    -1    -1     1    -1     0     0
     0     0     0    -1     0     0     0     0
     0     0     1     0    -1     0     0     0

Jojo (1) to move (time left: 178.2 sec.):
     0     0     0     0     0     0     0     0
     0     0    -1     0     0     0     0     0
     0     0    -1     0     1     0     0     0
     0     0    -1    -1     1     1     0     0
     0     0    -1    -1     1     1     0     0
     0     0    -1    -1     1    -1     0     0
     0     0     0    -1     0     0     0     0
     0     0     1     0    -1     0     0     0

hiba (-1) to move (time left: 175.3 sec.):
     0     0     0     0     0     0     0     0
     0     0    -1     0     0     0     0     0
     0     0    -1     0     1     0     0     0
     0     0    -1    -1     1     1     0     0
     0     0    -1    -1     1     1     0     0
     0     0    -1    -1    -1    -1     0     0
     0     0     0    -1     0    -1     0     0
     0     0     1     0    -1     0     0     0

Jojo (1) to move (time left: 177.7 sec.):
     0     0     0     0     0     0     0     0
     0     0    -1     0     0     0     0     0
     0     0    -1     0     1     0     0     0
     0     0    -1    -1     1     1     0     0
     0     0    -1    -1     1     1     0     0
     0     0    -1    -1     1    -1     0     0
     0     0     0    -1     1    -1     0     0
     0     0     1     0    -1     0     0     0

hiba (-1) to move (time left: 174.0 sec.):
     0     0     0     0     0     0     0     0
     0     0    -1     0    -1     0     0     0
     0     0    -1     0    -1     0     0     0
     0     0    -1    -1    -1     1     0     0
     0     0    -1    -1    -1     1     0     0
     0     0    -1    -1    -1    -1     0     0
     0     0     0    -1    -1    -1     0     0
     0     0     1     0    -1     0     0     0

Jojo (1) to move (time left: 177.2 sec.):
     0     0     0     0     0     0     0     0
     0     0    -1     0    -1     0     0     0
     0     0    -1     1    -1     0     0     0
     0     0    -1    -1     1     1     0     0
     0     0    -1    -1    -1     1     0     0
     0     0    -1    -1    -1    -1     0     0
     0     0     0    -1    -1    -1     0     0
     0     0     1     0    -1     0     0     0

hiba (-1) to move (time left: 172.6 sec.):
     0     0     0     0     0     0     0     0
     0     0    -1    -1    -1     0     0     0
     0     0    -1    -1    -1     0     0     0
     0     0    -1    -1     1     1     0     0
     0     0    -1    -1    -1     1     0     0
     0     0    -1    -1    -1    -1     0     0
     0     0     0    -1    -1    -1     0     0
     0     0     1     0    -1     0     0     0

Jojo (1) to move (time left: 176.8 sec.):
     0     0     0     0     0     0     0     0
     0     0    -1    -1    -1     0     0     0
     0     0    -1    -1    -1     0     0     0
     0     0    -1    -1     1     1     0     0
     0     0    -1    -1     1     1     0     0
     0     0    -1     1    -1    -1     0     0
     0     0     1    -1    -1    -1     0     0
     0     0     1     0    -1     0     0     0

hiba (-1) to move (time left: 171.8 sec.):
     0     0     0     0     0     0     0     0
     0     0    -1    -1    -1     0     0     0
     0     0    -1    -1    -1    -1     0     0
     0     0    -1    -1    -1    -1     0     0
     0     0    -1    -1     1    -1     0     0
     0     0    -1     1    -1    -1     0     0
     0     0     1    -1    -1    -1     0     0
     0     0     1     0    -1     0     0     0

Jojo (1) to move (time left: 176.4 sec.):
     0     0     0     0     0     0     0     0
     0     0    -1    -1    -1     0     0     0
     0     0    -1    -1    -1    -1     0     0
     0     0    -1    -1    -1    -1     0     0
     0     0    -1    -1     1    -1     0     0
     0     0    -1     1    -1    -1     0     0
     0     0     1     1    -1    -1     0     0
     0     0     1     1    -1     0     0     0

hiba (-1) to move (time left: 170.1 sec.):
     0     0     0     0     0     0     0     0
     0     0    -1    -1    -1     0     0     0
     0     0    -1    -1    -1    -1     0     0
     0     0    -1    -1    -1    -1     0     0
     0     0    -1    -1     1    -1     0     0
     0     0    -1     1    -1    -1     0     0
     0    -1    -1    -1    -1    -1     0     0
     0     0     1     1    -1     0     0     0

Jojo (1) to move (time left: 176.0 sec.):
     0     0     0     1     0     0     0     0
     0     0    -1     1    -1     0     0     0
     0     0    -1     1    -1    -1     0     0
     0     0    -1     1    -1    -1     0     0
     0     0    -1     1     1    -1     0     0
     0     0    -1     1    -1    -1     0     0
     0    -1    -1    -1    -1    -1     0     0
     0     0     1     1    -1     0     0     0

hiba (-1) to move (time left: 169.3 sec.):
     0     0    -1     1     0     0     0     0
     0     0    -1    -1    -1     0     0     0
     0     0    -1     1    -1    -1     0     0
     0     0    -1     1    -1    -1     0     0
     0     0    -1     1     1    -1     0     0
     0     0    -1     1    -1    -1     0     0
     0    -1    -1    -1    -1    -1     0     0
     0     0     1     1    -1     0     0     0

Jojo (1) to move (time left: 175.7 sec.):
     0     0    -1     1     0     0     0     0
     0     0    -1    -1    -1     0     0     0
     0     0    -1     1    -1    -1     0     0
     0     0    -1     1    -1    -1     0     0
     0     0    -1     1     1    -1     0     0
     0     0    -1     1    -1    -1     0     0
     0    -1    -1    -1     1    -1     0     0
     0     0     1     1     1     1     0     0

hiba (-1) to move (time left: 167.4 sec.):
     0     0    -1    -1    -1     0     0     0
     0     0    -1    -1    -1     0     0     0
     0     0    -1     1    -1    -1     0     0
     0     0    -1     1    -1    -1     0     0
     0     0    -1     1     1    -1     0     0
     0     0    -1     1    -1    -1     0     0
     0    -1    -1    -1     1    -1     0     0
     0     0     1     1     1     1     0     0

Jojo (1) to move (time left: 175.4 sec.):
     0     0    -1    -1    -1     0     0     0
     0     0    -1    -1    -1     0     0     0
     0     0    -1     1    -1    -1     0     0
     0     0    -1     1    -1    -1     0     0
     0     0    -1     1     1    -1     0     0
     0     0     1     1    -1    -1     0     0
     0     1    -1    -1     1    -1     0     0
     1     0     1     1     1     1     0     0

hiba (-1) to move (time left: 166.6 sec.):
     0     0    -1    -1    -1     0     0     0
     0     0    -1    -1    -1     0     0     0
     0     0    -1     1    -1    -1     0     0
     0     0    -1     1    -1    -1     0     0
     0     0    -1     1     1    -1     0     0
     0    -1    -1    -1    -1    -1     0     0
     0     1    -1    -1     1    -1     0     0
     1     0     1     1     1     1     0     0

Jojo (1) to move (time left: 175.2 sec.):
     0     0    -1    -1    -1     0     0     0
     0     0    -1    -1    -1     0     0     0
     0     0    -1     1    -1    -1     0     0
     0     0    -1     1    -1    -1     0     0
     0     0    -1     1     1    -1     0     0
     0    -1    -1     1    -1    -1     0     0
     0     1     1    -1     1    -1     0     0
     1     1     1     1     1     1     0     0

hiba (-1) to move (time left: 164.8 sec.):
     0     0    -1    -1    -1     0     0     0
     0     0    -1    -1    -1     0     0     0
     0     0    -1     1    -1    -1     0     0
     0     0    -1     1    -1    -1     0     0
     0     0    -1     1     1    -1     0     0
     0    -1    -1     1    -1    -1     0     0
    -1    -1    -1    -1     1    -1     0     0
     1     1     1     1     1     1     0     0

Jojo (1) to move (time left: 174.9 sec.):
     0     0    -1    -1    -1     0     0     0
     0     0    -1    -1    -1     0     0     0
     0     0    -1     1    -1    -1     0     0
     0     0    -1     1    -1    -1     0     0
     0     0    -1     1     1    -1     0     0
     0    -1    -1     1     1    -1     0     0
    -1    -1    -1    -1     1     1     0     0
     1     1     1     1     1     1     1     0

hiba (-1) to move (time left: 164.3 sec.):
     0     0    -1    -1    -1     0     0     0
     0     0    -1    -1    -1     0     0     0
     0     0    -1     1    -1    -1     0     0
     0     0    -1     1    -1    -1     0     0
     0     0    -1     1     1    -1     0     0
     0    -1    -1     1     1    -1     0     0
    -1    -1    -1    -1    -1    -1    -1     0
     1     1     1     1     1     1     1     0

Jojo (1) to move (time left: 174.7 sec.):
     0     0    -1    -1    -1     0     0     0
     0     0    -1    -1    -1     0     0     0
     0     0    -1     1    -1    -1     0     0
     0     0    -1     1    -1    -1     0     0
     0     0    -1     1     1    -1     0     0
     1     1     1     1     1    -1     0     0
     1     1    -1    -1    -1    -1    -1     0
     1     1     1     1     1     1     1     0

hiba (-1) to move (time left: 163.8 sec.):
     0     0    -1    -1    -1     0     0     0
     0     0    -1    -1    -1     0     0     0
     0     0    -1     1    -1    -1     0     0
     0     0    -1     1    -1    -1     0     0
    -1     0    -1     1     1    -1     0     0
     1    -1     1     1     1    -1     0     0
     1     1    -1    -1    -1    -1    -1     0
     1     1     1     1     1     1     1     0

Jojo (1) to move (time left: 174.5 sec.):
     0     0    -1    -1    -1     0     0     0
     0     0    -1    -1    -1     0     0     0
     0     0    -1     1    -1    -1     0     0
     1     0    -1     1    -1    -1     0     0
     1     0    -1     1     1    -1     0     0
     1    -1     1     1     1    -1     0     0
     1     1    -1    -1    -1    -1    -1     0
     1     1     1     1     1     1     1     0

hiba (-1) to move (time left: 163.0 sec.):
     0     0    -1    -1    -1     0     0     0
     0     0    -1    -1    -1     0     0     0
     0     0    -1     1    -1    -1     0     0
     1     0    -1     1    -1    -1     0     0
     1    -1    -1     1     1    -1     0     0
     1    -1    -1     1     1    -1     0     0
     1     1    -1    -1    -1    -1    -1     0
     1     1     1     1     1     1     1     0

Jojo (1) to move (time left: 174.3 sec.):
     0     0    -1    -1    -1     0     0     0
     0     0    -1    -1    -1     0     0     0
     0     1     1     1    -1    -1     0     0
     1     0     1     1    -1    -1     0     0
     1    -1    -1     1     1    -1     0     0
     1    -1    -1     1     1    -1     0     0
     1     1    -1    -1    -1    -1    -1     0
     1     1     1     1     1     1     1     0

hiba (-1) to move (time left: 162.7 sec.):
     0     0    -1    -1    -1     0     0     0
     0     0    -1    -1    -1     0     0     0
     0     1    -1     1    -1    -1     0     0
     1    -1    -1    -1    -1    -1     0     0
     1    -1    -1     1     1    -1     0     0
     1    -1    -1     1     1    -1     0     0
     1     1    -1    -1    -1    -1    -1     0
     1     1     1     1     1     1     1     0

Jojo (1) to move (time left: 174.2 sec.):
     0     0    -1    -1    -1     0     0     0
     0     0    -1    -1    -1     0     0     0
     1     1    -1     1    -1    -1     0     0
     1     1    -1    -1    -1    -1     0     0
     1    -1     1     1     1    -1     0     0
     1    -1    -1     1     1    -1     0     0
     1     1    -1    -1    -1    -1    -1     0
     1     1     1     1     1     1     1     0

hiba (-1) to move (time left: 162.1 sec.):
     0     0    -1    -1    -1     0     0     0
    -1     0    -1    -1    -1     0     0     0
     1    -1    -1     1    -1    -1     0     0
     1     1    -1    -1    -1    -1     0     0
     1    -1     1     1     1    -1     0     0
     1    -1    -1     1     1    -1     0     0
     1     1    -1    -1    -1    -1    -1     0
     1     1     1     1     1     1     1     0

Jojo (1) to move (time left: 174.0 sec.):
     1     0    -1    -1    -1     0     0     0
     1     0    -1    -1    -1     0     0     0
     1    -1    -1     1    -1    -1     0     0
     1     1    -1    -1    -1    -1     0     0
     1    -1     1     1     1    -1     0     0
     1    -1    -1     1     1    -1     0     0
     1     1    -1    -1    -1    -1    -1     0
     1     1     1     1     1     1     1     0

hiba (-1) to move (time left: 161.9 sec.):
     1     0    -1    -1    -1     0     0     0
     1     0    -1    -1    -1     0     0     0
     1    -1    -1     1    -1    -1     0     0
     1     1    -1    -1    -1    -1     0     0
     1    -1     1     1     1    -1     0     0
     1    -1    -1     1     1    -1     0     0
     1     1    -1    -1    -1    -1    -1     0
     1     1     1     1     1     1     1     0

Jojo (1) to move (time left: 173.9 sec.):
     1     1    -1    -1    -1     0     0     0
     1     0     1    -1    -1     0     0     0
     1    -1    -1     1    -1    -1     0     0
     1     1    -1    -1    -1    -1     0     0
     1    -1     1     1     1    -1     0     0
     1    -1    -1     1     1    -1     0     0
     1     1    -1    -1    -1    -1    -1     0
     1     1     1     1     1     1     1     0

hiba (-1) to move (time left: 161.8 sec.):
     1     1    -1    -1    -1     0     0     0
     1    -1    -1    -1    -1     0     0     0
     1    -1    -1     1    -1    -1     0     0
     1     1    -1    -1    -1    -1     0     0
     1    -1     1     1     1    -1     0     0
     1    -1    -1     1     1    -1     0     0
     1     1    -1    -1    -1    -1    -1     0
     1     1     1     1     1     1     1     0

Jojo (1) to move (time left: 173.8 sec.):
     1     1     1     1     1     1     0     0
     1    -1    -1    -1     1     0     0     0
     1    -1    -1     1    -1    -1     0     0
     1     1    -1    -1    -1    -1     0     0
     1    -1     1     1     1    -1     0     0
     1    -1    -1     1     1    -1     0     0
     1     1    -1    -1    -1    -1    -1     0
     1     1     1     1     1     1     1     0

hiba (-1) to move (time left: 161.6 sec.):
     1     1     1     1     1     1     0     0
     1    -1    -1    -1    -1    -1     0     0
     1    -1    -1     1    -1    -1     0     0
     1     1    -1    -1    -1    -1     0     0
     1    -1     1     1     1    -1     0     0
     1    -1    -1     1     1    -1     0     0
     1     1    -1    -1    -1    -1    -1     0
     1     1     1     1     1     1     1     0

Jojo (1) to move (time left: 173.7 sec.):
     1     1     1     1     1     1     0     0
     1    -1    -1    -1    -1    -1     0     0
     1    -1    -1     1    -1    -1     0     0
     1     1    -1    -1    -1    -1     0     0
     1    -1     1     1     1    -1     0     0
     1    -1    -1     1     1     1     0     0
     1     1    -1    -1    -1    -1     1     0
     1     1     1     1     1     1     1     1

hiba (-1) to move (time left: 161.5 sec.):
     1     1     1     1     1     1     0     0
     1    -1    -1    -1    -1    -1     0     0
     1    -1    -1     1    -1    -1     0     0
     1     1    -1    -1    -1    -1     0     0
     1    -1     1     1     1    -1     0     0
     1    -1    -1     1     1     1     0     0
     1     1    -1    -1    -1    -1    -1    -1
     1     1     1     1     1     1     1     1

Jojo (1) to move (time left: 173.5 sec.):
     1     1     1     1     1     1     0     0
     1    -1    -1    -1    -1    -1     0     0
     1    -1    -1     1    -1    -1     0     0
     1     1    -1    -1    -1    -1     0     0
     1    -1     1     1     1    -1     0     0
     1    -1    -1     1     1     1     0     1
     1     1    -1    -1    -1    -1     1     1
     1     1     1     1     1     1     1     1

hiba (-1) to move (time left: 161.3 sec.):
     1     1     1     1     1     1     0     0
     1    -1    -1    -1    -1    -1     0     0
     1    -1    -1     1    -1    -1     0     0
     1     1    -1    -1    -1    -1     0     0
     1    -1     1     1     1    -1     0     0
     1    -1    -1    -1    -1    -1    -1     1
     1     1    -1    -1    -1    -1     1     1
     1     1     1     1     1     1     1     1

Jojo (1) to move (time left: 173.4 sec.):
     1     1     1     1     1     1     0     0
     1    -1    -1    -1     1    -1     0     0
     1    -1    -1     1    -1     1     0     0
     1     1     1     1     1     1     1     0
     1    -1     1     1     1     1     0     0
     1    -1    -1    -1     1    -1    -1     1
     1     1    -1     1    -1    -1     1     1
     1     1     1     1     1     1     1     1

hiba (-1) to move (time left: 161.2 sec.):
     1     1     1     1     1     1     0     0
     1    -1    -1    -1     1    -1     0     0
     1    -1    -1     1    -1     1     0     0
     1     1     1     1     1    -1     1     0
     1    -1    -1    -1    -1    -1    -1     0
     1    -1    -1    -1     1    -1    -1     1
     1     1    -1     1    -1    -1     1     1
     1     1     1     1     1     1     1     1

Jojo (1) to move (time left: 171.9 sec.):
     1     1     1     1     1     1     0     0
     1    -1    -1    -1     1    -1     0     0
     1    -1    -1     1    -1     1     0     0
     1     1     1     1     1    -1     1     0
     1     1     1     1     1     1     1     1
     1    -1    -1    -1     1    -1     1     1
     1     1    -1     1    -1     1     1     1
     1     1     1     1     1     1     1     1

hiba (-1) to move (time left: 161.1 sec.):
     1     1     1     1     1     1     0     0
     1    -1    -1    -1     1    -1     0     0
     1    -1    -1     1    -1    -1    -1     0
     1     1     1     1     1    -1     1     0
     1     1     1     1     1     1     1     1
     1    -1    -1    -1     1    -1     1     1
     1     1    -1     1    -1     1     1     1
     1     1     1     1     1     1     1     1

Jojo (1) to move (time left: 171.6 sec.):
     1     1     1     1     1     1     0     0
     1    -1    -1    -1     1    -1     0     1
     1    -1    -1     1    -1    -1     1     0
     1     1     1     1     1     1     1     0
     1     1     1     1     1     1     1     1
     1    -1    -1    -1     1    -1     1     1
     1     1    -1     1    -1     1     1     1
     1     1     1     1     1     1     1     1

hiba (-1) to move (time left: 161.0 sec.):
     1     1     1     1     1     1     0     0
     1    -1    -1    -1     1    -1     0     1
     1    -1    -1     1    -1    -1    -1     0
     1     1     1     1     1     1     1    -1
     1     1     1     1     1     1    -1     1
     1    -1    -1    -1     1    -1     1     1
     1     1    -1     1    -1     1     1     1
     1     1     1     1     1     1     1     1

Jojo (1) to move (time left: 171.5 sec.):
     1     1     1     1     1     1     0     0
     1    -1    -1    -1     1    -1     0     1
     1    -1    -1     1     1     1     1     1
     1     1     1     1     1     1     1     1
     1     1     1     1     1     1    -1     1
     1    -1    -1    -1     1    -1     1     1
     1     1    -1     1    -1     1     1     1
     1     1     1     1     1     1     1     1

hiba (-1) to move (time left: 160.9 sec.):
     1     1     1     1     1     1     0     0
     1    -1    -1    -1     1    -1    -1     1
     1    -1    -1     1     1    -1    -1     1
     1     1     1     1    -1     1    -1     1
     1     1     1    -1     1     1    -1     1
     1    -1    -1    -1     1    -1     1     1
     1     1    -1     1    -1     1     1     1
     1     1     1     1     1     1     1     1

Jojo (1) to move (time left: 171.4 sec.):
     1     1     1     1     1     1     0     1
     1    -1    -1    -1     1    -1     1     1
     1    -1    -1     1     1     1    -1     1
     1     1     1     1     1     1    -1     1
     1     1     1     1     1     1    -1     1
     1    -1     1    -1     1    -1     1     1
     1     1    -1     1    -1     1     1     1
     1     1     1     1     1     1     1     1

hiba (-1) to move (time left: 160.8 sec.):
     1     1     1     1     1     1    -1     1
     1    -1    -1    -1     1    -1    -1     1
     1    -1    -1     1     1     1    -1     1
     1     1     1     1     1     1    -1     1
     1     1     1     1     1     1    -1     1
     1    -1     1    -1     1    -1     1     1
     1     1    -1     1    -1     1     1     1
     1     1     1     1     1     1     1     1

Game over.
