Jojo against Bjoern:
     0     0     0     0     0     0     0     0
     0     0     0     0     0     0     0     0
     0     0     0     0     0     0     0     0
     0     0     0     1    -1     0     0     0
     0     0     0    -1     1     0     0     0
     0     0     0     0     0     0     0     0
     0     0     0     0     0     0     0     0
     0     0     0     0     0     0     0     0

Bjoern (-1) to move (time left: 180.0 sec.):
     0     0     0     0     0     0     0     0
     0     0     0     0     0     0     0     0
     0     0     0     0     0     0     0     0
     0     0    -1    -1    -1     0     0     0
     0     0     0    -1     1     0     0     0
     0     0     0     0     0     0     0     0
     0     0     0     0     0     0     0     0
     0     0     0     0     0     0     0     0

Jojo (1) to move (time left: 180.0 sec.):
     0     0     0     0     0     0     0     0
     0     0     0     0     0     0     0     0
     0     0     1     0     0     0     0     0
     0     0    -1     1    -1     0     0     0
     0     0     0    -1     1     0     0     0
     0     0     0     0     0     0     0     0
     0     0     0     0     0     0     0     0
     0     0     0     0     0     0     0     0

Bjoern (-1) to move (time left: 179.8 sec.):
     0     0     0     0     0     0     0     0
     0     0     0     0     0     0     0     0
     0     0     1    -1     0     0     0     0
     0     0    -1    -1    -1     0     0     0
     0     0     0    -1     1     0     0     0
     0     0     0     0     0     0     0     0
     0     0     0     0     0     0     0     0
     0     0     0     0     0     0     0     0

Jojo (1) to move (time left: 179.9 sec.):
     0     0     0     0     0     0     0     0
     0     0     0     0     0     0     0     0
     0     0     1    -1     0     0     0     0
     0     0     1    -1    -1     0     0     0
     0     0     1     1     1     0     0     0
     0     0     0     0     0     0     0     0
     0     0     0     0     0     0     0     0
     0     0     0     0     0     0     0     0

Bjoern (-1) to move (time left: 179.5 sec.):
     0     0     0     0     0     0     0     0
     0     0     0     0     0     0     0     0
     0    -1    -1    -1     0     0     0     0
     0     0     1    -1    -1     0     0     0
     0     0     1     1     1     0     0     0
     0     0     0     0     0     0     0     0
     0     0     0     0     0     0     0     0
     0     0     0     0     0     0     0     0

Jojo (1) to move (time left: 179.6 sec.):
     0     0     0     0     0     0     0     0
     0     0     1     0     0     0     0     0
     0    -1     1    -1     0     0     0     0
     0     0     1    -1    -1     0     0     0
     0     0     1     1     1     0     0     0
     0     0     0     0     0     0     0     0
     0     0     0     0     0     0     0     0
     0     0     0     0     0     0     0     0

Bjoern (-1) to move (time left: 178.2 sec.):
     0     0     0     0     0     0     0     0
     0     0     1     0     0     0     0     0
     0    -1     1    -1     0     0     0     0
     0     0     1    -1    -1     0     0     0
     0     0     1    -1     1     0     0     0
     0     0    -1     0     0     0     0     0
     0     0     0     0     0     0     0     0
     0     0     0     0     0     0     0     0

Jojo (1) to move (time left: 179.2 sec.):
     0     0     0     0     0     0     0     0
     0     0     1     0     0     0     0     0
     0    -1     1     1     1     0     0     0
     0     0     1     1     1     0     0     0
     0     0     1    -1     1     0     0     0
     0     0    -1     0     0     0     0     0
     0     0     0     0     0     0     0     0
     0     0     0     0     0     0     0     0

Bjoern (-1) to move (time left: 176.4 sec.):
     0     0     0     0     0     0     0     0
     0     0     1     0     0     0     0     0
     0    -1    -1    -1    -1    -1     0     0
     0     0     1     1    -1     0     0     0
     0     0     1    -1     1     0     0     0
     0     0    -1     0     0     0     0     0
     0     0     0     0     0     0     0     0
     0     0     0     0     0     0     0     0

Jojo (1) to move (time left: 178.8 sec.):
     0     0     0     0     0     0     0     0
     0     0     1     0     0     0     0     0
     0    -1    -1     1    -1    -1     0     0
     0     0     1     1     1     0     0     0
     0     0     1    -1     1     1     0     0
     0     0    -1     0     0     0     0     0
     0     0     0     0     0     0     0     0
     0     0     0     0     0     0     0     0

Bjoern (-1) to move (time left: 175.0 sec.):
     0     0     0     0     0     0     0     0
     0     0     1    -1     0     0     0     0
     0    -1    -1    -1    -1    -1     0     0
     0     0     1    -1     1     0     0     0
     0     0     1    -1     1     1     0     0
     0     0    -1     0     0     0     0     0
     0     0     0     0     0     0     0     0
     0     0     0     0     0     0     0     0

Jojo (1) to move (time left: 178.0 sec.):
     0     0     0     0     0     0     0     0
     0     0     1    -1     0     1     0     0
     0    -1    -1    -1     1    -1     0     0
     0     0     1     1     1     0     0     0
     0     0     1    -1     1     1     0     0
     0     0    -1     0     0     0     0     0
     0     0     0     0     0     0     0     0
     0     0     0     0     0     0     0     0

Bjoern (-1) to move (time left: 173.3 sec.):
     0     0     0     0     0     0     0     0
     0     0     1    -1     0     1     0     0
     0    -1    -1    -1    -1    -1     0     0
     0     0     1     1     1    -1     0     0
     0     0     1    -1     1     1     0     0
     0     0    -1     0     0     0     0     0
     0     0     0     0     0     0     0     0
     0     0     0     0     0     0     0     0

Jojo (1) to move (time left: 177.4 sec.):
     0     0     0     1     0     0     0     0
     0     0     1     1     0     1     0     0
     0    -1    -1     1    -1    -1     0     0
     0     0     1     1     1    -1     0     0
     0     0     1    -1     1     1     0     0
     0     0    -1     0     0     0     0     0
     0     0     0     0     0     0     0     0
     0     0     0     0     0     0     0     0

Bjoern (-1) to move (time left: 170.4 sec.):
     0     0    -1     1     0     0     0     0
     0     0    -1    -1     0     1     0     0
     0    -1    -1     1    -1    -1     0     0
     0     0     1     1     1    -1     0     0
     0     0     1    -1     1     1     0     0
     0     0    -1     0     0     0     0     0
     0     0     0     0     0     0     0     0
     0     0     0     0     0     0     0     0

Jojo (1) to move (time left: 176.4 sec.):
     0     1     1     1     0     0     0     0
     0     0     1    -1     0     1     0     0
     0    -1    -1     1    -1    -1     0     0
     0     0     1     1     1    -1     0     0
     0     0     1    -1     1     1     0     0
     0     0    -1     0     0     0     0     0
     0     0     0     0     0     0     0     0
     0     0     0     0     0     0     0     0

Bjoern (-1) to move (time left: 167.0 sec.):
     0     1     1     1     0     0     0     0
     0     0     1    -1     0     1     0     0
     0    -1    -1     1    -1    -1     0     0
     0    -1    -1    -1    -1    -1     0     0
     0     0     1    -1     1     1     0     0
     0     0    -1     0     0     0     0     0
     0     0     0     0     0     0     0     0
     0     0     0     0     0     0     0     0

Jojo (1) to move (time left: 175.8 sec.):
     0     1     1     1     0     0     0     0
     0     0     1    -1     0     1     0     0
     0    -1    -1     1    -1    -1     0     0
     0    -1     1    -1    -1    -1     0     0
     0     1     1    -1     1     1     0     0
     0     0    -1     0     0     0     0     0
     0     0     0     0     0     0     0     0
     0     0     0     0     0     0     0     0

Bjoern (-1) to move (time left: 165.4 sec.):
     0     1     1     1     0    -1     0     0
     0     0     1    -1     0    -1     0     0
     0    -1    -1     1    -1    -1     0     0
     0    -1     1    -1    -1    -1     0     0
     0     1     1    -1     1     1     0     0
     0     0    -1     0     0     0     0     0
     0     0     0     0     0     0     0     0
     0     0     0     0     0     0     0     0

Jojo (1) to move (time left: 175.1 sec.):
     0     1     1     1     0    -1     0     0
     0     0     1    -1     0    -1     0     0
     0    -1    -1     1    -1    -1     0     0
     0    -1     1     1    -1    -1     0     0
     0     1     1     1     1     1     0     0
     0     0    -1     1     0     0     0     0
     0     0     0     0     0     0     0     0
     0     0     0     0     0     0     0     0

Bjoern (-1) to move (time left: 163.3 sec.):
     0     1     1     1     0    -1     0     0
     0     0     1    -1     0    -1     0     0
     0    -1    -1     1    -1    -1     0     0
     0    -1    -1     1    -1    -1     0     0
     0     1     1    -1    -1     1     0     0
     0     0    -1    -1    -1     0     0     0
     0     0     0     0     0     0     0     0
     0     0     0     0     0     0     0     0

Jojo (1) to move (time left: 174.6 sec.):
     0     1     1     1     0    -1     0     0
     0     0     1    -1     0    -1     0     0
     0     1    -1     1    -1    -1     0     0
     1     1     1     1    -1    -1     0     0
     0     1     1    -1    -1     1     0     0
     0     0    -1    -1    -1     0     0     0
     0     0     0     0     0     0     0     0
     0     0     0     0     0     0     0     0

Bjoern (-1) to move (time left: 162.5 sec.):
     0     1     1     1     0    -1     0     0
     0     0     1    -1     0    -1     0     0
     0     1    -1     1    -1    -1     0     0
     1     1     1     1    -1    -1     0     0
     0     1     1    -1    -1    -1     0     0
     0     0    -1    -1    -1    -1     0     0
     0     0     0     0     0     0     0     0
     0     0     0     0     0     0     0     0

Jojo (1) to move (time left: 174.1 sec.):
     0     1     1     1     0    -1     0     0
     0     0     1    -1     0    -1     0     0
     0     1    -1     1    -1    -1     0     0
     1     1     1     1    -1    -1     0     0
     0     1     1    -1    -1    -1     0     0
     0     0     1    -1    -1    -1     0     0
     0     0     1     0     0     0     0     0
     0     0     0     0     0     0     0     0

Bjoern (-1) to move (time left: 161.2 sec.):
     0     1     1     1     0    -1     0     0
     0     0     1    -1     0    -1     0     0
     0     1    -1     1    -1    -1     0     0
     1     1     1    -1    -1    -1     0     0
     0     1    -1    -1    -1    -1     0     0
     0    -1    -1    -1    -1    -1     0     0
     0     0     1     0     0     0     0     0
     0     0     0     0     0     0     0     0

Jojo (1) to move (time left: 173.7 sec.):
     0     1     1     1     0    -1     0     0
     0     0     1    -1     0    -1     0     0
     0     1    -1     1    -1    -1     0     0
     1     1     1    -1    -1    -1     0     0
     1     1    -1    -1    -1    -1     0     0
     0     1    -1    -1    -1    -1     0     0
     0     0     1     0     0     0     0     0
     0     0     0     0     0     0     0     0

Bjoern (-1) to move (time left: 160.6 sec.):
     0     1     1     1     0    -1     0     0
     0     0     1    -1     0    -1     0     0
    -1    -1    -1     1    -1    -1     0     0
     1    -1     1    -1    -1    -1     0     0
     1     1    -1    -1    -1    -1     0     0
     0     1    -1    -1    -1    -1     0     0
     0     0     1     0     0     0     0     0
     0     0     0     0     0     0     0     0

Jojo (1) to move (time left: 173.4 sec.):
     0     1     1     1     0    -1     0     0
     1     0     1    -1     0    -1     0     0
     1     1    -1     1    -1    -1     0     0
     1    -1     1    -1    -1    -1     0     0
     1     1    -1    -1    -1    -1     0     0
     0     1    -1    -1    -1    -1     0     0
     0     0     1     0     0     0     0     0
     0     0     0     0     0     0     0     0

Bjoern (-1) to move (time left: 159.6 sec.):
     0     1     1     1     0    -1     0     0
     1     0     1    -1     0    -1     0     0
     1     1    -1     1    -1    -1     0     0
     1    -1     1    -1    -1    -1     0     0
     1     1    -1    -1    -1    -1     0     0
     0    -1    -1    -1    -1    -1     0     0
    -1     0     1     0     0     0     0     0
     0     0     0     0     0     0     0     0

Jojo (1) to move (time left: 173.2 sec.):
     0     1     1     1     0    -1     0     0
     1     0     1    -1     0    -1     0     0
     1     1    -1     1    -1    -1     0     0
     1     1     1    -1    -1    -1     0     0
     1     1     1    -1    -1    -1     0     0
     0    -1    -1     1    -1    -1     0     0
    -1     0     1     0     1     0     0     0
     0     0     0     0     0     0     0     0

Bjoern (-1) to move (time left: 159.3 sec.):
     0     1     1     1     0    -1     0     0
     1     0     1    -1     0    -1     0     0
     1     1    -1     1    -1    -1     0     0
     1     1     1    -1    -1    -1     0     0
     1     1     1    -1    -1    -1     0     0
     0    -1    -1    -1    -1    -1     0     0
    -1     0     1    -1     1     0     0     0
     0     0     0     0     0     0     0     0

Jojo (1) to move (time left: 173.0 sec.):
     0     1     1     1     0    -1     0     0
     1     0     1    -1     0    -1     0     0
     1     1    -1     1    -1    -1     0     0
     1     1     1    -1    -1    -1     0     0
     1     1     1    -1    -1    -1     0     0
     0    -1     1    -1    -1    -1     0     0
    -1     0     1     1     1     0     0     0
     0     0     0     0     1     0     0     0

Bjoern (-1) to move (time left: 154.1 sec.):
     0     1     1     1     0    -1     0     0
     1     0     1    -1     0    -1     0     0
     1     1    -1     1    -1    -1     0     0
     1     1    -1    -1    -1    -1     0     0
     1     1    -1    -1    -1    -1     0     0
     0    -1    -1    -1    -1    -1     0     0
    -1     0    -1    -1     1     0     0     0
     0     0    -1     0     1     0     0     0

Jojo (1) to move (time left: 172.6 sec.):
     0     1     1     1     0    -1     0     0
     1     0     1    -1     0    -1     0     0
     1     1    -1     1    -1    -1     0     0
     1     1     1    -1    -1    -1     0     0
     1     1    -1     1    -1    -1     0     0
     0    -1    -1    -1     1    -1     0     0
    -1     0    -1    -1     1     1     0     0
     0     0    -1     0     1     0     0     0

Bjoern (-1) to move (time left: 151.6 sec.):
     0     1     1     1     0    -1     0     0
     1     0     1    -1     0    -1     0     0
     1     1    -1     1    -1    -1     0     0
     1     1     1    -1    -1    -1     0     0
     1     1    -1     1    -1    -1     0     0
     0    -1    -1    -1     1    -1     0     0
    -1     0    -1    -1    -1     1     0     0
     0     0    -1    -1     1     0     0     0

Jojo (1) to move (time left: 172.3 sec.):
     0     1     1     1     0    -1     0     0
     1     0     1    -1     0    -1     0     0
     1     1    -1     1    -1    -1     0     0
     1     1     1    -1    -1    -1     0     0
     1     1    -1     1    -1    -1     0     0
     0    -1    -1    -1     1    -1     0     0
    -1     0    -1    -1    -1     1     0     0
     0     1     1     1     1     0     0     0

Bjoern (-1) to move (time left: 149.9 sec.):
     0     1     1     1     0    -1     0     0
     1     0     1    -1     0    -1     0     0
     1     1    -1     1    -1    -1     0     0
     1     1     1    -1    -1    -1     0     0
     1     1    -1     1    -1    -1     0     0
     0    -1    -1    -1     1    -1     0     0
    -1     0    -1    -1    -1    -1     0     0
     0     1     1     1     1    -1     0     0

Jojo (1) to move (time left: 172.1 sec.):
     0     1     1     1     0    -1     0     0
     1     0     1    -1     0    -1     0     0
     1     1    -1     1    -1    -1     0     0
     1     1     1    -1    -1    -1     0     0
     1     1    -1     1    -1    -1     0     0
     0    -1    -1    -1     1    -1     0     0
    -1     0    -1    -1    -1     1     0     0
     0     1     1     1     1     1     1     0

Bjoern (-1) to move (time left: 148.9 sec.):
     0     1     1     1     0    -1     0     0
     1     0     1    -1     0    -1     0     0
     1     1    -1     1    -1    -1     0     0
     1     1     1    -1    -1    -1     0     0
     1     1    -1     1    -1    -1     0     0
     0    -1    -1    -1     1    -1     0     0
    -1     0    -1    -1    -1    -1    -1     0
     0     1     1     1     1     1     1     0

Jojo (1) to move (time left: 171.9 sec.):
     0     1     1     1     0    -1     0     0
     1     0     1    -1     0    -1     0     0
     1     1    -1     1    -1    -1     0     0
     1     1     1     1     1     1     1     0
     1     1    -1     1    -1     1     0     0
     0    -1    -1    -1     1    -1     0     0
    -1     0    -1    -1    -1    -1    -1     0
     0     1     1     1     1     1     1     0

Bjoern (-1) to move (time left: 147.1 sec.):
     0     1     1     1     0    -1     0     0
     1     0     1    -1     0    -1     0     0
     1     1    -1     1    -1    -1    -1     0
     1     1     1     1     1    -1     1     0
     1     1    -1     1    -1     1     0     0
     0    -1    -1    -1     1    -1     0     0
    -1     0    -1    -1    -1    -1    -1     0
     0     1     1     1     1     1     1     0

Jojo (1) to move (time left: 171.7 sec.):
     0     1     1     1     0    -1     0     0
     1     0     1    -1     0    -1     0     0
     1     1    -1     1     1     1     1     1
     1     1     1     1     1    -1     1     0
     1     1    -1     1    -1     1     0     0
     0    -1    -1    -1     1    -1     0     0
    -1     0    -1    -1    -1    -1    -1     0
     0     1     1     1     1     1     1     0

Bjoern (-1) to move (time left: 141.2 sec.):
     0     1     1     1     0    -1     0     0
     1     0     1    -1    -1    -1     0     0
     1     1    -1     1    -1     1     1     1
     1     1     1     1    -1    -1     1     0
     1     1    -1     1    -1     1     0     0
     0    -1    -1    -1     1    -1     0     0
    -1     0    -1    -1    -1    -1    -1     0
     0     1     1     1     1     1     1     0

Jojo (1) to move (time left: 171.3 sec.):
     0     1     1     1     0    -1     0     0
     1     0     1    -1    -1    -1     0     0
     1     1    -1     1    -1     1     1     1
     1     1     1     1    -1    -1     1     0
     1     1    -1     1     1     1     0     0
     0    -1    -1    -1     1     1     0     0
    -1     0    -1    -1    -1    -1     1     0
     0     1     1     1     1     1     1     1

Bjoern (-1) to move (time left: 135.0 sec.):
     0     1     1     1     0    -1     0     0
     1     0     1    -1    -1    -1     0     0
     1     1    -1     1    -1     1     1     1
     1     1     1     1    -1    -1     1     0
     1     1    -1    -1    -1    -1    -1     0
     0    -1    -1    -1     1    -1     0     0
    -1     0    -1    -1    -1    -1     1     0
     0     1     1     1     1     1     1     1

Jojo (1) to move (time left: 171.0 sec.):
     0     1     1     1     0    -1     0     0
     1     0     1    -1    -1    -1     0     0
     1     1    -1     1    -1     1     1     1
     1     1     1     1    -1    -1     1     0
     1     1     1     1     1     1     1     1
     0    -1    -1    -1     1    -1     0     0
    -1     0    -1    -1    -1    -1     1     0
     0     1     1     1     1     1     1     1

Bjoern (-1) to move (time left: 117.2 sec.):
     0     1     1     1     0    -1     0     0
     1     0     1    -1    -1    -1     0     0
     1     1    -1     1    -1     1     1     1
     1     1     1     1    -1    -1     1     0
     1     1     1     1     1    -1     1     1
     0    -1    -1    -1     1    -1    -1     0
    -1     0    -1    -1    -1    -1     1     0
     0     1     1     1     1     1     1     1

Jojo (1) to move (time left: 170.7 sec.):
     0     1     1     1     0    -1     0     0
     1     0     1    -1    -1    -1     0     0
     1     1    -1     1    -1     1     1     1
     1     1     1     1    -1    -1     1     0
     1     1     1     1     1    -1     1     1
     0    -1    -1    -1     1     1     1     1
    -1     0    -1    -1    -1    -1     1     0
     0     1     1     1     1     1     1     1

Bjoern (-1) to move (time left: 110.2 sec.):
     0     1     1     1     0    -1     0     0
     1     0     1    -1    -1    -1     0     0
     1     1    -1     1    -1     1     1     1
     1     1     1     1    -1    -1     1     0
     1     1     1     1     1    -1     1     1
     0    -1    -1    -1     1     1    -1     1
    -1     0    -1    -1    -1    -1    -1    -1
     0     1     1     1     1     1     1     1

Jojo (1) to move (time left: 170.5 sec.):
     0     1     1     1     0    -1     0     0
     1     1     1    -1    -1    -1     0     0
     1     1     1     1    -1     1     1     1
     1     1     1     1    -1    -1     1     0
     1     1     1     1     1    -1     1     1
     0    -1    -1    -1     1     1    -1     1
    -1     0    -1    -1    -1    -1    -1    -1
     0     1     1     1     1     1     1     1

Bjoern (-1) to move (time left: 108.2 sec.):
    -1     1     1     1     0    -1     0     0
     1    -1     1    -1    -1    -1     0     0
     1     1    -1     1    -1     1     1     1
     1     1     1    -1    -1    -1     1     0
     1     1     1     1    -1    -1     1     1
     0    -1    -1    -1     1    -1    -1     1
    -1     0    -1    -1    -1    -1    -1    -1
     0     1     1     1     1     1     1     1

Jojo (1) to move (time left: 170.4 sec.):
    -1     1     1     1     0    -1     0     0
     1    -1     1    -1    -1    -1     0     0
     1     1    -1     1    -1     1     1     1
     1     1     1    -1    -1    -1     1     0
     1     1     1     1    -1    -1     1     1
     1     1     1     1     1    -1    -1     1
    -1     0    -1    -1    -1    -1    -1    -1
     0     1     1     1     1     1     1     1

Bjoern (-1) to move (time left: 108.1 sec.):
    -1    -1    -1    -1    -1    -1     0     0
     1    -1     1    -1    -1    -1     0     0
     1     1    -1     1    -1     1     1     1
     1     1     1    -1    -1    -1     1     0
     1     1     1     1    -1    -1     1     1
     1     1     1     1     1    -1    -1     1
    -1     0    -1    -1    -1    -1    -1    -1
     0     1     1     1     1     1     1     1

Jojo (1) to move (time left: 170.2 sec.):
    -1    -1    -1    -1    -1    -1     0     0
     1    -1     1     1     1     1     1     0
     1     1    -1     1    -1     1     1     1
     1     1     1    -1    -1    -1     1     0
     1     1     1     1    -1    -1     1     1
     1     1     1     1     1    -1    -1     1
    -1     0    -1    -1    -1    -1    -1    -1
     0     1     1     1     1     1     1     1

Bjoern (-1) to move (time left: 107.9 sec.):
    -1    -1    -1    -1    -1    -1     0     0
     1    -1    -1    -1    -1    -1    -1    -1
     1     1    -1     1    -1     1    -1     1
     1     1     1    -1    -1    -1     1     0
     1     1     1     1    -1    -1     1     1
     1     1     1     1     1    -1    -1     1
    -1     0    -1    -1    -1    -1    -1    -1
     0     1     1     1     1     1     1     1

Jojo (1) to move (time left: 170.1 sec.):
    -1    -1    -1    -1    -1    -1     0     1
     1    -1    -1    -1    -1    -1     1     1
     1     1    -1     1    -1     1    -1     1
     1     1     1    -1    -1    -1     1     0
     1     1     1     1    -1    -1     1     1
     1     1     1     1     1    -1    -1     1
    -1     0    -1    -1    -1    -1    -1    -1
     0     1     1     1     1     1     1     1

Bjoern (-1) to move (time left: 107.8 sec.):
    -1    -1    -1    -1    -1    -1    -1     1
     1    -1    -1    -1    -1    -1    -1     1
     1     1    -1     1    -1     1    -1     1
     1     1     1    -1    -1    -1     1     0
     1     1     1     1    -1    -1     1     1
     1     1     1     1     1    -1    -1     1
    -1     0    -1    -1    -1    -1    -1    -1
     0     1     1     1     1     1     1     1

Jojo (1) to move (time left: 170.0 sec.):
    -1    -1    -1    -1    -1    -1    -1     1
     1    -1    -1    -1    -1    -1    -1     1
     1     1    -1     1    -1     1    -1     1
     1     1     1    -1    -1    -1     1     0
     1     1     1     1    -1    -1     1     1
     1     1     1     1     1    -1    -1     1
     1     0    -1    -1    -1    -1    -1    -1
     1     1     1     1     1     1     1     1

Bjoern (-1) to move (time left: 107.8 sec.):
    -1    -1    -1    -1    -1    -1    -1     1
     1    -1    -1    -1    -1    -1    -1     1
     1    -1    -1     1    -1     1    -1     1
     1    -1     1    -1    -1    -1     1     0
     1    -1     1    -1    -1    -1     1     1
     1    -1    -1     1     1    -1    -1     1
     1    -1    -1    -1    -1    -1    -1    -1
     1     1     1     1     1     1     1     1

Jojo (1) to move (time left: 169.9 sec.):
    -1    -1    -1    -1    -1    -1    -1     1
     1    -1    -1    -1    -1    -1    -1     1
     1    -1    -1     1    -1     1    -1     1
     1    -1     1    -1    -1    -1     1     0
     1    -1     1    -1    -1    -1     1     1
     1    -1    -1     1     1    -1    -1     1
     1    -1    -1    -1    -1    -1    -1    -1
     1     1     1     1     1     1     1     1

Bjoern (-1) to move (time left: 107.7 sec.):
    -1    -1    -1    -1    -1    -1    -1     1
     1    -1    -1    -1    -1    -1    -1     1
     1    -1    -1     1    -1     1    -1     1
     1    -1     1    -1    -1    -1    -1    -1
     1    -1     1    -1    -1    -1    -1    -1
     1    -1    -1     1     1    -1    -1    -1
     1    -1    -1    -1    -1    -1    -1    -1
     1     1     1     1     1     1     1     1

Game over.
