DerGeileGetz against Jojo:
     0     0     0     0     0     0     0     0
     0     0     0     0     0     0     0     0
     0     0     0     0     0     0     0     0
     0     0     0     1    -1     0     0     0
     0     0     0    -1     1     0     0     0
     0     0     0     0     0     0     0     0
     0     0     0     0     0     0     0     0
     0     0     0     0     0     0     0     0

Jojo (-1) to move (time left: 180.0 sec.):
     0     0     0     0     0     0     0     0
     0     0     0     0     0     0     0     0
     0     0     0     0     0     0     0     0
     0     0    -1    -1    -1     0     0     0
     0     0     0    -1     1     0     0     0
     0     0     0     0     0     0     0     0
     0     0     0     0     0     0     0     0
     0     0     0     0     0     0     0     0

DerGeileGetz (1) to move (time left: 180.0 sec.):
     0     0     0     0     0     0     0     0
     0     0     0     0     0     0     0     0
     0     0     1     0     0     0     0     0
     0     0    -1     1    -1     0     0     0
     0     0     0    -1     1     0     0     0
     0     0     0     0     0     0     0     0
     0     0     0     0     0     0     0     0
     0     0     0     0     0     0     0     0

Jojo (-1) to move (time left: 179.9 sec.):
     0     0     0     0     0     0     0     0
     0     0     0     0     0     0     0     0
     0     0     1     0     0     0     0     0
     0     0    -1     1    -1     0     0     0
     0     0     0    -1    -1    -1     0     0
     0     0     0     0     0     0     0     0
     0     0     0     0     0     0     0     0
     0     0     0     0     0     0     0     0

DerGeileGetz (1) to move (time left: 179.9 sec.):
     0     0     0     0     0     0     0     0
     0     0     0     0     0     0     0     0
     0     0     1     0     0     0     0     0
     0     0     1     1    -1     0     0     0
     0     0     1    -1    -1    -1     0     0
     0     0     0     0     0     0     0     0
     0     0     0     0     0     0     0     0
     0     0     0     0     0     0     0     0

Jojo (-1) to move (time left: 179.7 sec.):
     0     0     0     0     0     0     0     0
     0     0     0     0     0     0     0     0
     0     0     1     0     0     0     0     0
     0    -1    -1    -1    -1     0     0     0
     0     0     1    -1    -1    -1     0     0
     0     0     0     0     0     0     0     0
     0     0     0     0     0     0     0     0
     0     0     0     0     0     0     0     0

DerGeileGetz (1) to move (time left: 179.7 sec.):
     0     0     0     0     0     0     0     0
     0     0     0     0     0     0     0     0
     0     0     1     0     0     0     0     0
     0    -1    -1     1    -1     0     0     0
     0     0     1    -1     1    -1     0     0
     0     0     0     0     0     1     0     0
     0     0     0     0     0     0     0     0
     0     0     0     0     0     0     0     0

Jojo (-1) to move (time left: 179.5 sec.):
     0     0     0     0     0     0     0     0
     0     0     0     0     0     0     0     0
     0     0     1     0     0     0     0     0
     0    -1    -1     1    -1     0     0     0
     0     0    -1    -1     1    -1     0     0
     0     0    -1     0     0     1     0     0
     0     0     0     0     0     0     0     0
     0     0     0     0     0     0     0     0

DerGeileGetz (1) to move (time left: 179.5 sec.):
     0     0     0     0     0     0     0     0
     0     0     0     0     0     0     0     0
     0     0     1     0     0     0     0     0
     0    -1    -1     1    -1     0     0     0
     0     0    -1     1     1    -1     0     0
     0     0    -1     1     0     1     0     0
     0     0     0     0     0     0     0     0
     0     0     0     0     0     0     0     0

Jojo (-1) to move (time left: 179.2 sec.):
     0     0     0     0     0     0     0     0
     0     0     0     0     0     0     0     0
     0     0     1     0     0     0     0     0
     0    -1    -1     1    -1     0     0     0
     0     0    -1    -1    -1    -1     0     0
     0     0    -1    -1    -1     1     0     0
     0     0     0     0     0     0     0     0
     0     0     0     0     0     0     0     0

DerGeileGetz (1) to move (time left: 179.1 sec.):
     0     0     0     0     0     0     0     0
     0     0     0     0     0     0     0     0
     0     0     1     0     0     0     0     0
     0    -1     1     1    -1     0     0     0
     0     0     1    -1    -1    -1     0     0
     0     0     1    -1    -1     1     0     0
     0     0     1     0     0     0     0     0
     0     0     0     0     0     0     0     0

Jojo (-1) to move (time left: 178.9 sec.):
     0     0     0     0     0     0     0     0
     0     0     0     0     0     0     0     0
     0     0     1     0     0     0     0     0
     0    -1     1     1    -1     0     0     0
     0    -1    -1    -1    -1    -1     0     0
     0     0     1    -1    -1     1     0     0
     0     0     1     0     0     0     0     0
     0     0     0     0     0     0     0     0

DerGeileGetz (1) to move (time left: 178.6 sec.):
     0     0     0     0     0     0     0     0
     0     0     0     0     0     0     0     0
     0     0     1     0     0     0     0     0
     0    -1     1     1    -1     0     0     0
     0     1    -1    -1    -1    -1     0     0
     1     0     1    -1    -1     1     0     0
     0     0     1     0     0     0     0     0
     0     0     0     0     0     0     0     0

Jojo (-1) to move (time left: 178.5 sec.):
     0     0     0     0     0     0     0     0
     0     0     0     0     0     0     0     0
     0     0     1    -1     0     0     0     0
     0    -1     1    -1    -1     0     0     0
     0     1    -1    -1    -1    -1     0     0
     1     0     1    -1    -1     1     0     0
     0     0     1     0     0     0     0     0
     0     0     0     0     0     0     0     0

DerGeileGetz (1) to move (time left: 178.2 sec.):
     0     0     0     0     0     0     0     0
     0     0     0     0     0     0     0     0
     0     0     1    -1     0     0     0     0
     0    -1     1    -1    -1     0     0     0
     0     1     1     1     1     1     1     0
     1     0     1    -1    -1     1     0     0
     0     0     1     0     0     0     0     0
     0     0     0     0     0     0     0     0

Jojo (-1) to move (time left: 178.2 sec.):
     0     0     0     0     0     0     0     0
     0     0     0     0     0     0     0     0
     0     0     1    -1     0     0     0     0
     0    -1     1    -1    -1    -1     0     0
     0     1     1     1    -1     1     1     0
     1     0     1    -1    -1     1     0     0
     0     0     1     0     0     0     0     0
     0     0     0     0     0     0     0     0

DerGeileGetz (1) to move (time left: 177.6 sec.):
     0     0     0     0     0     0     0     0
     0     0     0     0     0     0     0     0
     1     0     1    -1     0     0     0     0
     0     1     1    -1    -1    -1     0     0
     0     1     1     1    -1     1     1     0
     1     0     1    -1    -1     1     0     0
     0     0     1     0     0     0     0     0
     0     0     0     0     0     0     0     0

Jojo (-1) to move (time left: 177.8 sec.):
     0     0     0     0     0     0     0     0
     0     0     0     0     0     0     0     0
     1     0     1    -1     0     0     0     0
     0     1     1    -1    -1    -1     0     0
     0     1    -1     1    -1     1     1     0
     1    -1    -1    -1    -1     1     0     0
     0     0     1     0     0     0     0     0
     0     0     0     0     0     0     0     0

DerGeileGetz (1) to move (time left: 177.2 sec.):
     0     0     0     0     0     0     0     0
     0     0     0     0     0     0     0     0
     1     0     1     1     1     0     0     0
     0     1     1    -1    -1     1     0     0
     0     1    -1     1    -1     1     1     0
     1    -1    -1    -1    -1     1     0     0
     0     0     1     0     0     0     0     0
     0     0     0     0     0     0     0     0

Jojo (-1) to move (time left: 177.3 sec.):
     0     0     0     0     0     0     0     0
     0     0     0     0     0     0     0     0
     1     0     1     1     1     0     0     0
     0     1     1    -1    -1     1     0     0
     0     1    -1     1    -1     1     1     0
     1    -1    -1    -1    -1     1     0     0
     0     0    -1     0     0     0     0     0
     0     0    -1     0     0     0     0     0

DerGeileGetz (1) to move (time left: 172.3 sec.):
     0     0     0     0     0     0     0     0
     0     0     0     0     0     0     0     0
     1     0     1     1     1     1     0     0
     0     1     1    -1     1     1     0     0
     0     1    -1     1    -1     1     1     0
     1    -1    -1    -1    -1     1     0     0
     0     0    -1     0     0     0     0     0
     0     0    -1     0     0     0     0     0

Jojo (-1) to move (time left: 176.9 sec.):
     0     0     0     0     0     0     0     0
     0     0     0     0     0     0     0     0
     1     0     1     1     1     1    -1     0
     0     1     1    -1     1    -1     0     0
     0     1    -1     1    -1     1     1     0
     1    -1    -1    -1    -1     1     0     0
     0     0    -1     0     0     0     0     0
     0     0    -1     0     0     0     0     0

DerGeileGetz (1) to move (time left: 167.2 sec.):
     0     0     0     0     0     0     0     0
     0     0     0     0     0     0     0     0
     1     0     1     1     1     1    -1     0
     0     1     1    -1     1    -1     0     0
     0     1     1     1     1     1     1     0
     1    -1    -1     1     1     1     0     0
     0     0    -1     0     1     0     0     0
     0     0    -1     0     0     0     0     0

Jojo (-1) to move (time left: 176.1 sec.):
     0     0     0     0     0     0     0     0
     0     0     0     0     0     0     0     0
     1     0     1     1     1     1    -1     0
     0     1     1    -1     1    -1     0     0
     0     1     1    -1     1     1     1     0
     1    -1    -1    -1     1     1     0     0
     0     0    -1    -1     1     0     0     0
     0     0    -1     0     0     0     0     0

DerGeileGetz (1) to move (time left: 159.8 sec.):
     0     0     0     0     0     0     0     0
     0     0     0     0     0     0     0     0
     1     0     1     1     1     1    -1     0
     0     1     1    -1     1    -1     0     0
     0     1     1    -1     1     1     1     0
     1    -1     1    -1     1     1     0     0
     0     0    -1     1     1     0     0     0
     0     0    -1     0     1     0     0     0

Jojo (-1) to move (time left: 175.4 sec.):
     0     0     0     0     0     0     0     0
     0     0     0     0     0     0     0     0
     1     0     1     1     1     1    -1     0
     0     1     1    -1     1    -1     0     0
     0     1     1    -1     1     1     1     0
     1    -1     1    -1     1     1     0     0
     0     0    -1     1    -1     0     0     0
     0     0    -1     0     1    -1     0     0

DerGeileGetz (1) to move (time left: 155.4 sec.):
     0     0     0     0     0     0     0     0
     0     0     0     0     0     0     0     0
     1     0     1     1     1     1    -1     0
     0     1     1    -1     1    -1     0     0
     0     1     1    -1     1     1     1     0
     1    -1     1    -1     1     1     0     0
     0     0    -1     1     1     0     0     0
     0     0    -1     1     1    -1     0     0

Jojo (-1) to move (time left: 174.6 sec.):
     0     0     0     0     0     0     0     0
     0     0     0     0     0     0     0     0
     1     0     1     1     1     1    -1     0
    -1    -1    -1    -1     1    -1     0     0
     0     1     1    -1     1     1     1     0
     1    -1     1    -1     1     1     0     0
     0     0    -1     1     1     0     0     0
     0     0    -1     1     1    -1     0     0

DerGeileGetz (1) to move (time left: 150.8 sec.):
     0     0     0     0     0     0     0     0
     0     0     0     0     0     0     0     0
     1     1     1     1     1     1    -1     0
    -1     1     1    -1     1    -1     0     0
     0     1     1     1     1     1     1     0
     1    -1     1    -1     1     1     0     0
     0     0    -1     1     1     0     0     0
     0     0    -1     1     1    -1     0     0

Jojo (-1) to move (time left: 174.1 sec.):
     0     0     0     0     0     0     0     0
    -1     0     0     0     0     0     0     0
    -1     1     1     1     1     1    -1     0
    -1     1     1    -1     1    -1     0     0
     0     1     1     1     1     1     1     0
     1    -1     1    -1     1     1     0     0
     0     0    -1     1     1     0     0     0
     0     0    -1     1     1    -1     0     0

DerGeileGetz (1) to move (time left: 149.2 sec.):
     0     0     0     0     0     0     0     0
    -1     0     0     0     0     0     0     0
    -1     1     1     1     1     1     1     1
    -1     1     1    -1     1    -1     0     0
     0     1     1     1     1     1     1     0
     1    -1     1    -1     1     1     0     0
     0     0    -1     1     1     0     0     0
     0     0    -1     1     1    -1     0     0

Jojo (-1) to move (time left: 173.9 sec.):
     0     0     0     0     0     0     0     0
    -1     0     0     0     0     0     0     0
    -1     1     1     1     1     1     1     1
    -1     1     1    -1     1    -1     0     0
     0     1     1     1     1     1    -1     0
     1    -1     1    -1     1     1     0    -1
     0     0    -1     1     1     0     0     0
     0     0    -1     1     1    -1     0     0

DerGeileGetz (1) to move (time left: 146.6 sec.):
     0     0     0     0     0     0     0     0
    -1     0     0     0     0     0     0     0
    -1     1     1     1     1     1     1     1
    -1     1     1    -1     1    -1     0     1
     0     1     1     1     1     1     1     0
     1    -1     1    -1     1     1     0    -1
     0     0    -1     1     1     0     0     0
     0     0    -1     1     1    -1     0     0

Jojo (-1) to move (time left: 173.3 sec.):
     0     0     0     0     0     0     0     0
    -1     0     0     0     0    -1     0     0
    -1     1     1     1    -1    -1     1     1
    -1     1     1    -1     1    -1     0     1
     0     1     1     1     1     1     1     0
     1    -1     1    -1     1     1     0    -1
     0     0    -1     1     1     0     0     0
     0     0    -1     1     1    -1     0     0

DerGeileGetz (1) to move (time left: 144.3 sec.):
     0     0     0     0     0     0     0     0
    -1     0     0     0     0    -1     0     0
    -1     1     1     1    -1    -1     1     1
    -1     1     1    -1     1     1     1     1
     0     1     1     1     1     1     1     0
     1    -1     1    -1     1     1     0    -1
     0     0    -1     1     1     0     0     0
     0     0    -1     1     1    -1     0     0

Jojo (-1) to move (time left: 172.9 sec.):
     0     0     0     0     0     0     0     0
    -1     0     0    -1     0    -1     0     0
    -1     1     1    -1    -1    -1     1     1
    -1     1     1    -1     1     1     1     1
     0     1     1     1     1     1     1     0
     1    -1     1    -1     1     1     0    -1
     0     0    -1     1     1     0     0     0
     0     0    -1     1     1    -1     0     0

DerGeileGetz (1) to move (time left: 141.8 sec.):
     0     0     0     0     0     1     0     0
    -1     0     0    -1     0     1     0     0
    -1     1     1    -1    -1     1     1     1
    -1     1     1    -1     1     1     1     1
     0     1     1     1     1     1     1     0
     1    -1     1    -1     1     1     0    -1
     0     0    -1     1     1     0     0     0
     0     0    -1     1     1    -1     0     0

Jojo (-1) to move (time left: 172.4 sec.):
     0     0     0     0     0     1     0     0
    -1     0    -1    -1     0     1     0     0
    -1    -1    -1    -1    -1     1     1     1
    -1     1    -1    -1     1     1     1     1
     0     1    -1     1     1     1     1     0
     1    -1    -1    -1     1     1     0    -1
     0     0    -1     1     1     0     0     0
     0     0    -1     1     1    -1     0     0

DerGeileGetz (1) to move (time left: 140.1 sec.):
     0     0     0     0     0     1     0     0
    -1     0    -1    -1     1     1     0     0
    -1    -1    -1     1     1     1     1     1
    -1     1     1    -1     1     1     1     1
     0     1    -1     1     1     1     1     0
     1    -1    -1    -1     1     1     0    -1
     0     0    -1     1     1     0     0     0
     0     0    -1     1     1    -1     0     0

Jojo (-1) to move (time left: 172.0 sec.):
     0     0     0     0     0     1     0     0
    -1     0    -1    -1     1     1     0     0
    -1    -1    -1     1     1     1     1     1
    -1     1    -1    -1     1     1     1     1
     0     1    -1    -1     1     1     1     0
     1    -1    -1    -1    -1     1     0    -1
     0     0    -1    -1    -1    -1     0     0
     0     0    -1     1     1    -1     0     0

DerGeileGetz (1) to move (time left: 138.9 sec.):
     0     0     0     0     1     1     0     0
    -1     0    -1     1     1     1     0     0
    -1    -1     1     1     1     1     1     1
    -1     1    -1    -1     1     1     1     1
     0     1    -1    -1     1     1     1     0
     1    -1    -1    -1    -1     1     0    -1
     0     0    -1    -1    -1    -1     0     0
     0     0    -1     1     1    -1     0     0

Jojo (-1) to move (time left: 171.7 sec.):
     0     0     0    -1     1     1     0     0
    -1     0    -1    -1     1     1     0     0
    -1    -1     1    -1     1     1     1     1
    -1     1    -1    -1     1     1     1     1
     0     1    -1    -1     1     1     1     0
     1    -1    -1    -1    -1     1     0    -1
     0     0    -1    -1    -1    -1     0     0
     0     0    -1     1     1    -1     0     0

DerGeileGetz (1) to move (time left: 138.1 sec.):
     0     0     0    -1     1     1     0     0
    -1     0    -1    -1     1     1     0     0
    -1    -1     1    -1     1     1     1     1
    -1     1    -1    -1     1     1     1     1
     1     1    -1    -1     1     1     1     0
     1     1    -1    -1    -1     1     0    -1
     0     0     1    -1    -1    -1     0     0
     0     0    -1     1     1    -1     0     0

Jojo (-1) to move (time left: 171.4 sec.):
     0     0     0    -1     1     1     0     0
    -1     0    -1    -1     1     1     0     0
    -1    -1     1    -1     1     1     1     1
    -1     1    -1    -1     1     1     1     1
    -1     1    -1    -1     1     1     1     0
    -1    -1    -1    -1    -1     1     0    -1
    -1     0     1    -1    -1    -1     0     0
     0     0    -1     1     1    -1     0     0

DerGeileGetz (1) to move (time left: 137.6 sec.):
     0     0     1     1     1     1     0     0
    -1     0     1     1     1     1     0     0
    -1    -1     1    -1     1     1     1     1
    -1     1    -1    -1     1     1     1     1
    -1     1    -1    -1     1     1     1     0
    -1    -1    -1    -1    -1     1     0    -1
    -1     0     1    -1    -1    -1     0     0
     0     0    -1     1     1    -1     0     0

Jojo (-1) to move (time left: 171.2 sec.):
     0     0     1     1     1     1     0     0
    -1     0     1     1     1     1     0     0
    -1    -1     1    -1     1     1     1     1
    -1     1    -1    -1    -1     1     1     1
    -1     1    -1    -1     1    -1     1     0
    -1    -1    -1    -1    -1    -1    -1    -1
    -1     0     1    -1    -1    -1     0     0
     0     0    -1     1     1    -1     0     0

DerGeileGetz (1) to move (time left: 136.8 sec.):
     0     0     1     1     1     1     0     0
    -1     0     1     1     1     1     0     0
    -1    -1     1    -1     1     1     1     1
    -1     1    -1    -1     1     1     1     1
    -1     1    -1     1     1    -1     1     0
    -1     1     1    -1    -1    -1    -1    -1
    -1     1     1    -1    -1    -1     0     0
     0     0    -1     1     1    -1     0     0

Jojo (-1) to move (time left: 170.9 sec.):
     0     0     1     1     1     1     0     0
    -1     0     1     1     1     1     0     0
    -1    -1     1    -1     1     1     1     1
    -1     1    -1    -1     1     1     1     1
    -1     1    -1     1     1    -1    -1    -1
    -1     1     1    -1    -1    -1    -1    -1
    -1     1     1    -1    -1    -1     0     0
     0     0    -1     1     1    -1     0     0

DerGeileGetz (1) to move (time left: 136.4 sec.):
     0     0     1     1     1     1     0     0
    -1     1     1     1     1     1     0     0
    -1     1     1    -1     1     1     1     1
    -1     1    -1    -1     1     1     1     1
    -1     1    -1     1     1    -1    -1    -1
    -1     1     1    -1    -1    -1    -1    -1
    -1     1     1    -1    -1    -1     0     0
     0     0    -1     1     1    -1     0     0

Jojo (-1) to move (time left: 170.7 sec.):
    -1     0     1     1     1     1     0     0
    -1    -1     1     1     1     1     0     0
    -1     1    -1    -1     1     1     1     1
    -1     1    -1    -1     1     1     1     1
    -1     1    -1     1     1    -1    -1    -1
    -1     1     1    -1    -1    -1    -1    -1
    -1     1     1    -1    -1    -1     0     0
     0     0    -1     1     1    -1     0     0

DerGeileGetz (1) to move (time left: 135.6 sec.):
    -1     1     1     1     1     1     0     0
    -1     1     1     1     1     1     0     0
    -1     1    -1    -1     1     1     1     1
    -1     1    -1    -1     1     1     1     1
    -1     1    -1     1     1    -1    -1    -1
    -1     1     1    -1    -1    -1    -1    -1
    -1     1     1    -1    -1    -1     0     0
     0     0    -1     1     1    -1     0     0

Jojo (-1) to move (time left: 170.6 sec.):
    -1    -1    -1    -1    -1    -1    -1     0
    -1     1     1     1     1    -1     0     0
    -1     1    -1    -1    -1     1     1     1
    -1     1    -1    -1     1     1     1     1
    -1     1    -1     1     1    -1    -1    -1
    -1     1     1    -1    -1    -1    -1    -1
    -1     1     1    -1    -1    -1     0     0
     0     0    -1     1     1    -1     0     0

DerGeileGetz (1) to move (time left: 135.4 sec.):
    -1    -1    -1    -1    -1    -1    -1     0
    -1     1     1     1     1     1     1     0
    -1     1    -1    -1    -1     1     1     1
    -1     1    -1    -1     1     1     1     1
    -1     1    -1     1     1    -1    -1    -1
    -1     1     1    -1    -1    -1    -1    -1
    -1     1     1    -1    -1    -1     0     0
     0     0    -1     1     1    -1     0     0

Jojo (-1) to move (time left: 169.8 sec.):
    -1    -1    -1    -1    -1    -1    -1     0
    -1    -1     1     1     1     1     1     0
    -1    -1    -1    -1    -1     1     1     1
    -1    -1    -1    -1     1     1     1     1
    -1    -1    -1     1     1    -1    -1    -1
    -1    -1     1    -1    -1    -1    -1    -1
    -1    -1    -1    -1    -1    -1     0     0
     0    -1    -1     1     1    -1     0     0

DerGeileGetz (1) to move (time left: 135.3 sec.):
    -1    -1    -1    -1    -1    -1    -1     0
    -1    -1     1     1     1     1     1     0
    -1    -1    -1    -1    -1     1     1     1
    -1    -1    -1    -1     1     1     1     1
    -1    -1    -1     1     1    -1    -1    -1
    -1    -1     1    -1    -1    -1    -1    -1
    -1     1    -1    -1    -1    -1     0     0
     1     1     1     1     1    -1     0     0

Jojo (-1) to move (time left: 169.7 sec.):
    -1    -1    -1    -1    -1    -1    -1     0
    -1    -1    -1    -1    -1    -1    -1    -1
    -1    -1    -1    -1    -1     1    -1    -1
    -1    -1    -1    -1     1    -1     1    -1
    -1    -1    -1     1    -1    -1    -1    -1
    -1    -1     1    -1    -1    -1    -1    -1
    -1     1    -1    -1    -1    -1     0     0
     1     1     1     1     1    -1     0     0

DerGeileGetz (1) to move (time left: 135.2 sec.):
    -1    -1    -1    -1    -1    -1    -1     0
    -1    -1    -1    -1    -1    -1    -1    -1
    -1    -1    -1    -1    -1     1    -1    -1
    -1    -1    -1    -1     1    -1     1    -1
    -1    -1    -1     1    -1    -1    -1    -1
    -1    -1     1    -1     1    -1    -1    -1
    -1     1    -1    -1    -1     1     0     0
     1     1     1     1     1     1     1     0

Jojo (-1) to move (time left: 169.6 sec.):
    -1    -1    -1    -1    -1    -1    -1     0
    -1    -1    -1    -1    -1    -1    -1    -1
    -1    -1    -1    -1    -1     1    -1    -1
    -1    -1    -1    -1     1    -1     1    -1
    -1    -1    -1     1    -1    -1    -1    -1
    -1    -1     1    -1     1    -1    -1    -1
    -1     1    -1    -1    -1    -1    -1     0
     1     1     1     1     1     1     1     0

DerGeileGetz (1) to move (time left: 135.2 sec.):
    -1    -1    -1    -1    -1    -1    -1     0
    -1    -1    -1    -1    -1    -1    -1    -1
    -1    -1    -1    -1    -1     1    -1    -1
    -1    -1    -1    -1     1    -1     1    -1
    -1    -1    -1     1    -1     1    -1    -1
    -1    -1     1    -1     1    -1     1    -1
    -1     1     1     1     1     1     1     1
     1     1     1     1     1     1     1     0

Jojo (-1) to move (time left: 169.5 sec.):
    -1    -1    -1    -1    -1    -1    -1     0
    -1    -1    -1    -1    -1    -1    -1    -1
    -1    -1    -1    -1    -1     1    -1    -1
    -1    -1    -1    -1     1    -1     1    -1
    -1    -1    -1     1    -1     1    -1    -1
    -1    -1     1    -1     1    -1     1    -1
    -1     1     1     1     1     1    -1    -1
     1     1     1     1     1     1     1    -1

DerGeileGetz (1) to move (time left: 135.1 sec.):
    -1    -1    -1    -1    -1    -1    -1     1
    -1    -1    -1    -1    -1    -1     1    -1
    -1    -1    -1    -1    -1     1    -1    -1
    -1    -1    -1    -1     1    -1     1    -1
    -1    -1    -1     1    -1     1    -1    -1
    -1    -1     1    -1     1    -1     1    -1
    -1     1     1     1     1     1    -1    -1
     1     1     1     1     1     1     1    -1

Game over.
