Bernhard against Jojo:
     0     0     0     0     0     0     0     0
     0     0     0     0     0     0     0     0
     0     0     0     0     0     0     0     0
     0     0     0     1    -1     0     0     0
     0     0     0    -1     1     0     0     0
     0     0     0     0     0     0     0     0
     0     0     0     0     0     0     0     0
     0     0     0     0     0     0     0     0

Jojo (-1) to move (time left: 180.0 sec.):
     0     0     0     0     0     0     0     0
     0     0     0     0     0     0     0     0
     0     0     0     0     0     0     0     0
     0     0    -1    -1    -1     0     0     0
     0     0     0    -1     1     0     0     0
     0     0     0     0     0     0     0     0
     0     0     0     0     0     0     0     0
     0     0     0     0     0     0     0     0

Bernhard (1) to move (time left: 180.0 sec.):
     0     0     0     0     0     0     0     0
     0     0     0     0     0     0     0     0
     0     0     1     0     0     0     0     0
     0     0    -1     1    -1     0     0     0
     0     0     0    -1     1     0     0     0
     0     0     0     0     0     0     0     0
     0     0     0     0     0     0     0     0
     0     0     0     0     0     0     0     0

Jojo (-1) to move (time left: 179.9 sec.):
     0     0     0     0     0     0     0     0
     0     0     0     0     0     0     0     0
     0     0     1     0     0     0     0     0
     0     0    -1     1    -1     0     0     0
     0     0     0    -1    -1    -1     0     0
     0     0     0     0     0     0     0     0
     0     0     0     0     0     0     0     0
     0     0     0     0     0     0     0     0

Bernhard (1) to move (time left: 179.7 sec.):
     0     0     0     0     0     0     0     0
     0     0     0     0     0     0     0     0
     0     0     1     0     0     0     0     0
     0     0    -1     1    -1     0     0     0
     0     0     0     1    -1    -1     0     0
     0     0     0     1     0     0     0     0
     0     0     0     0     0     0     0     0
     0     0     0     0     0     0     0     0

Jojo (-1) to move (time left: 179.7 sec.):
     0     0     0     0     0     0     0     0
     0     0     0     0     0     0     0     0
     0     0     1     0     0     0     0     0
     0     0    -1     1    -1     0     0     0
     0     0     0    -1    -1    -1     0     0
     0     0    -1     1     0     0     0     0
     0     0     0     0     0     0     0     0
     0     0     0     0     0     0     0     0

Bernhard (1) to move (time left: 179.2 sec.):
     0     0     0     0     0     0     0     0
     0     0     0     0     0     0     0     0
     0     0     1     0     0     0     0     0
     0     0     1     1    -1     0     0     0
     0     0     1    -1    -1    -1     0     0
     0     0    -1     1     0     0     0     0
     0     0     0     0     0     0     0     0
     0     0     0     0     0     0     0     0

Jojo (-1) to move (time left: 179.5 sec.):
     0     0     0     0     0     0     0     0
     0     0     0     0     0     0     0     0
     0     0     1     0     0     0     0     0
     0     0     1     1    -1     0     0     0
     0     0     1    -1    -1    -1     0     0
     0     0    -1    -1    -1     0     0     0
     0     0     0     0     0     0     0     0
     0     0     0     0     0     0     0     0

Bernhard (1) to move (time left: 178.4 sec.):
     0     0     0     0     0     0     0     0
     0     0     0     0     0     0     0     0
     0     0     1     0     0     0     0     0
     0     0     1     1    -1     0     0     0
     0     0     1     1    -1    -1     0     0
     0     0    -1     1    -1     0     0     0
     0     0     0     1     0     0     0     0
     0     0     0     0     0     0     0     0

Jojo (-1) to move (time left: 179.0 sec.):
     0     0     0     0     0     0     0     0
     0     0     0     0     0     0     0     0
     0     0     1     0     0     0     0     0
     0     0     1     1    -1     0     0     0
     0     0     1     1    -1    -1     0     0
     0     0    -1     1    -1     0     0     0
     0     0     0    -1     0     0     0     0
     0     0    -1     0     0     0     0     0

Bernhard (1) to move (time left: 176.4 sec.):
     0     0     0     0     0     0     0     0
     0     0     0     0     0     0     0     0
     0     0     1     0     0     0     0     0
     0     0     1     1    -1     0     0     0
     0     0     1     1     1     1     1     0
     0     0    -1     1    -1     0     0     0
     0     0     0    -1     0     0     0     0
     0     0    -1     0     0     0     0     0

Jojo (-1) to move (time left: 178.4 sec.):
     0     0     0     0     0     0     0     0
     0     0     0     0     0     0     0     0
     0     0     1    -1     0     0     0     0
     0     0     1    -1    -1     0     0     0
     0     0     1    -1     1     1     1     0
     0     0    -1    -1    -1     0     0     0
     0     0     0    -1     0     0     0     0
     0     0    -1     0     0     0     0     0

Bernhard (1) to move (time left: 173.2 sec.):
     0     0     0     0     0     0     0     0
     0     0     0     0     0     0     0     0
     0     0     1    -1     0     0     0     0
     0     0     1    -1    -1     0     0     0
     0     0     1    -1     1     1     1     0
     0     0     1     1    -1     0     0     0
     0     0     1    -1     0     0     0     0
     0     0    -1     0     0     0     0     0

Jojo (-1) to move (time left: 178.0 sec.):
     0     0     0     0     0     0     0     0
     0     0     0     0     0     0     0     0
     0     0     1    -1     0     0     0     0
     0     0     1    -1    -1     0     0     0
     0     0     1    -1    -1     1     1     0
     0     0     1     1    -1    -1     0     0
     0     0     1    -1     0     0     0     0
     0     0    -1     0     0     0     0     0

Bernhard (1) to move (time left: 170.0 sec.):
     0     0     0     0     0     0     0     0
     0     0     0     0     0     0     0     0
     0     0     1    -1     0     0     0     0
     0     0     1    -1    -1     0     0     0
     0     0     1    -1    -1     1     1     0
     0     0     1     1    -1    -1     0     0
     0     0     1     1     0     0     0     0
     0     0    -1     1     0     0     0     0

Jojo (-1) to move (time left: 177.3 sec.):
     0     0     0     0     0     0     0     0
     0     0     0     0     0     0     0     0
     0     0     1    -1     0     0     0     0
     0     0     1    -1    -1     0     0     0
     0     0     1    -1    -1     1     1     0
     0     0     1     1    -1    -1     0     0
     0     0     1     1     0     0     0     0
     0     0    -1    -1    -1     0     0     0

Bernhard (1) to move (time left: 164.1 sec.):
     0     0     0     0     0     0     0     0
     0     0     0     0     0     0     0     0
     0     0     1    -1     0     1     0     0
     0     0     1    -1     1     0     0     0
     0     0     1     1    -1     1     1     0
     0     0     1     1    -1    -1     0     0
     0     0     1     1     0     0     0     0
     0     0    -1    -1    -1     0     0     0

Jojo (-1) to move (time left: 176.5 sec.):
     0     0     0     0     0     0     0     0
     0     0     0     0     0     0     0     0
     0     0     1    -1    -1     1     0     0
     0     0     1    -1    -1     0     0     0
     0     0     1     1    -1     1     1     0
     0     0     1     1    -1    -1     0     0
     0     0     1     1     0     0     0     0
     0     0    -1    -1    -1     0     0     0

Bernhard (1) to move (time left: 160.1 sec.):
     0     0     0     0     0     0     0     0
     0     0     0     0     0     0     0     0
     0     0     1    -1    -1     1     0     0
     0     0     1     1     1     1     0     0
     0     0     1     1     1     1     1     0
     0     0     1     1    -1    -1     0     0
     0     0     1     1     0     0     0     0
     0     0    -1    -1    -1     0     0     0

Jojo (-1) to move (time left: 175.7 sec.):
     0     0     0     0     0     0     0     0
     0     0     0     0     0     0     0     0
     0     0     1    -1    -1     1     0     0
     0     0     1     1    -1     1     0     0
     0     0     1     1     1    -1     1     0
     0     0     1     1    -1    -1    -1     0
     0     0     1     1     0     0     0     0
     0     0    -1    -1    -1     0     0     0

Bernhard (1) to move (time left: 156.4 sec.):
     0     0     0     0     0     0     0     0
     0     0     0     0     0     1     0     0
     0     0     1    -1     1     1     0     0
     0     0     1     1    -1     1     0     0
     0     0     1     1     1    -1     1     0
     0     0     1     1    -1    -1    -1     0
     0     0     1     1     0     0     0     0
     0     0    -1    -1    -1     0     0     0

Jojo (-1) to move (time left: 175.0 sec.):
     0     0     0     0     0     0     0     0
     0     0     0     0     0     1     0     0
     0     0     1    -1     1     1     0     0
     0     0     1     1    -1     1     0    -1
     0     0     1     1     1    -1    -1     0
     0     0     1     1    -1    -1    -1     0
     0     0     1     1     0     0     0     0
     0     0    -1    -1    -1     0     0     0

Bernhard (1) to move (time left: 153.5 sec.):
     0     0     0     0     0     0     0     0
     0     0     0     0     0     1     0     0
     0     0     1    -1     1     1     0     0
     0     0     1     1    -1     1     0    -1
     0     0     1     1     1    -1    -1     0
     0     0     1     1     1    -1    -1     0
     0     0     1     1     1     0     0     0
     0     0    -1    -1    -1     0     0     0

Jojo (-1) to move (time left: 174.3 sec.):
     0     0     0     0     0     0     0     0
     0     0     0     0     0     1     0     0
     0     0     1    -1     1     1     0     0
     0     0     1     1    -1    -1    -1    -1
     0     0     1     1     1    -1    -1     0
     0     0     1     1     1    -1    -1     0
     0     0     1     1     1     0     0     0
     0     0    -1    -1    -1     0     0     0

Bernhard (1) to move (time left: 150.8 sec.):
     0     0     0     0     0     0     0     0
     0     0     0     0     0     1     0     0
     0     0     1    -1     1     1     1     0
     0     0     1     1    -1     1    -1    -1
     0     0     1     1     1    -1    -1     0
     0     0     1     1     1    -1    -1     0
     0     0     1     1     1     0     0     0
     0     0    -1    -1    -1     0     0     0

Jojo (-1) to move (time left: 173.7 sec.):
     0     0     0     0     0     0     0     0
     0     0     0     0     0     1     0     0
     0     0     1    -1    -1    -1    -1    -1
     0     0     1     1    -1     1    -1    -1
     0     0     1     1     1    -1    -1     0
     0     0     1     1     1    -1    -1     0
     0     0     1     1     1     0     0     0
     0     0    -1    -1    -1     0     0     0

Bernhard (1) to move (time left: 148.4 sec.):
     0     0     0     0     0     0     0     0
     0     0     0     0     0     1     0     0
     0     0     1    -1    -1    -1    -1    -1
     0     0     1     1    -1     1    -1    -1
     0     0     1     1     1     1    -1     0
     0     0     1     1     1     1    -1     0
     0     0     1     1     1     1     0     0
     0     0    -1    -1    -1     0     0     0

Jojo (-1) to move (time left: 173.0 sec.):
     0     0     0     0     0    -1     0     0
     0     0     0     0     0    -1     0     0
     0     0     1    -1    -1    -1    -1    -1
     0     0     1     1    -1     1    -1    -1
     0     0     1     1     1     1    -1     0
     0     0     1     1     1     1    -1     0
     0     0     1     1     1     1     0     0
     0     0    -1    -1    -1     0     0     0

Bernhard (1) to move (time left: 144.7 sec.):
     0     0     0     0     0    -1     0     0
     0     0     1     0     0    -1     0     0
     0     0     1     1    -1    -1    -1    -1
     0     0     1     1     1     1    -1    -1
     0     0     1     1     1     1    -1     0
     0     0     1     1     1     1    -1     0
     0     0     1     1     1     1     0     0
     0     0    -1    -1    -1     0     0     0

Jojo (-1) to move (time left: 172.5 sec.):
     0     0     0     0     0    -1     0     0
     0     0     1     0     0    -1     0     0
     0     0     1     1    -1    -1    -1    -1
     0     0     1     1     1    -1    -1    -1
     0     0     1     1    -1     1    -1     0
     0     0     1    -1     1     1    -1     0
     0     0    -1     1     1     1     0     0
     0    -1    -1    -1    -1     0     0     0

Bernhard (1) to move (time left: 140.4 sec.):
     0     0     0     0     0    -1     0     0
     0     0     1     0     0    -1     0     0
     0     0     1     1    -1    -1    -1    -1
     0     0     1     1     1    -1    -1    -1
     0     0     1     1    -1     1    -1     0
     0     0     1    -1     1     1     1     1
     0     0    -1     1     1     1     0     0
     0    -1    -1    -1    -1     0     0     0

Jojo (-1) to move (time left: 172.0 sec.):
     0     0     0     0     0    -1     0     0
     0     0     1     0     0    -1     0     0
     0     0     1     1    -1    -1    -1    -1
     0     0     1     1     1    -1    -1    -1
     0     0     1     1    -1    -1    -1     0
     0     0     1    -1     1    -1     1     1
     0     0    -1     1    -1    -1     0     0
     0    -1    -1    -1    -1    -1     0     0

Bernhard (1) to move (time left: 137.3 sec.):
     0     0     0     0     0    -1     0     0
     0     0     1     0     1    -1     0     0
     0     0     1     1     1    -1    -1    -1
     0     0     1     1     1    -1    -1    -1
     0     0     1     1    -1    -1    -1     0
     0     0     1    -1     1    -1     1     1
     0     0    -1     1    -1    -1     0     0
     0    -1    -1    -1    -1    -1     0     0

Jojo (-1) to move (time left: 171.2 sec.):
     0     0     0     0     0    -1     0     0
     0     0     1     0     1    -1     0     0
     0     0     1     1     1    -1    -1    -1
     0    -1    -1    -1    -1    -1    -1    -1
     0     0    -1     1    -1    -1    -1     0
     0     0     1    -1     1    -1     1     1
     0     0    -1     1    -1    -1     0     0
     0    -1    -1    -1    -1    -1     0     0

Bernhard (1) to move (time left: 134.0 sec.):
     0     0     0     0     0    -1     0     0
     0     0     1     0     1    -1     0     0
     0     1     1     1     1    -1    -1    -1
     0    -1     1    -1    -1    -1    -1    -1
     0     0    -1     1    -1    -1    -1     0
     0     0     1    -1     1    -1     1     1
     0     0    -1     1    -1    -1     0     0
     0    -1    -1    -1    -1    -1     0     0

Jojo (-1) to move (time left: 170.5 sec.):
     0     0     0     0     0    -1     0     0
     0     0     1     0     1    -1     0     0
    -1    -1    -1    -1    -1    -1    -1    -1
     0    -1     1    -1    -1    -1    -1    -1
     0     0    -1     1    -1    -1    -1     0
     0     0     1    -1     1    -1     1     1
     0     0    -1     1    -1    -1     0     0
     0    -1    -1    -1    -1    -1     0     0

Bernhard (1) to move (time left: 129.1 sec.):
     0     0     0     0     0    -1     0     0
     0     0     1     1     1    -1     0     0
    -1    -1    -1     1     1    -1    -1    -1
     0    -1     1     1    -1     1    -1    -1
     0     0    -1     1    -1    -1     1     0
     0     0     1    -1     1    -1     1     1
     0     0    -1     1    -1    -1     0     0
     0    -1    -1    -1    -1    -1     0     0

Jojo (-1) to move (time left: 169.9 sec.):
     0     0    -1     0     0    -1     0     0
     0     0    -1     1     1    -1     0     0
    -1    -1    -1     1     1    -1    -1    -1
     0    -1     1     1    -1     1    -1    -1
     0     0    -1     1    -1    -1     1     0
     0     0     1    -1     1    -1     1     1
     0     0    -1     1    -1    -1     0     0
     0    -1    -1    -1    -1    -1     0     0

Bernhard (1) to move (time left: 126.3 sec.):
     0     0    -1     0     0    -1     0     0
     0     0    -1     1     1    -1     0     0
    -1    -1    -1     1     1    -1    -1    -1
     0    -1     1     1    -1     1    -1    -1
     0     1     1     1    -1    -1     1     0
     0     0     1    -1     1    -1     1     1
     0     0    -1     1    -1    -1     0     0
     0    -1    -1    -1    -1    -1     0     0

Jojo (-1) to move (time left: 169.2 sec.):
     0     0    -1     0     0    -1     0     0
     0     0    -1     1     1    -1     0     0
    -1    -1    -1     1     1    -1    -1    -1
     0    -1     1     1    -1     1    -1    -1
    -1    -1    -1    -1    -1    -1     1     0
     0     0     1    -1     1    -1     1     1
     0     0    -1     1    -1    -1     0     0
     0    -1    -1    -1    -1    -1     0     0

Bernhard (1) to move (time left: 122.7 sec.):
     0     0    -1     0     0    -1     0     0
     0     0    -1     1     1    -1     0     0
    -1    -1    -1     1     1    -1    -1    -1
     1     1     1     1    -1     1    -1    -1
    -1     1    -1    -1    -1    -1     1     0
     0     0     1    -1     1    -1     1     1
     0     0    -1     1    -1    -1     0     0
     0    -1    -1    -1    -1    -1     0     0

Jojo (-1) to move (time left: 168.7 sec.):
     0     0    -1     0     0    -1     0     0
     0     0    -1     1    -1    -1     0     0
    -1    -1    -1    -1     1    -1    -1    -1
     1     1    -1     1    -1     1    -1    -1
    -1    -1    -1    -1    -1    -1     1     0
    -1     0     1    -1     1    -1     1     1
     0     0    -1     1    -1    -1     0     0
     0    -1    -1    -1    -1    -1     0     0

Bernhard (1) to move (time left: 120.9 sec.):
     0     0    -1     0     0    -1     0     0
     0     0    -1     1    -1    -1     0     0
    -1    -1    -1    -1     1    -1    -1    -1
     1     1    -1     1    -1     1    -1    -1
    -1     1     1    -1    -1    -1     1     0
    -1     1     1    -1     1    -1     1     1
     0     0    -1     1    -1    -1     0     0
     0    -1    -1    -1    -1    -1     0     0

Jojo (-1) to move (time left: 168.5 sec.):
     0     0    -1    -1     0    -1     0     0
     0     0    -1    -1    -1    -1     0     0
    -1    -1    -1    -1     1    -1    -1    -1
     1     1    -1     1    -1     1    -1    -1
    -1     1     1    -1    -1    -1     1     0
    -1     1     1    -1     1    -1     1     1
     0     0    -1     1    -1    -1     0     0
     0    -1    -1    -1    -1    -1     0     0

Bernhard (1) to move (time left: 113.6 sec.):
     0     0    -1    -1     1    -1     0     0
     0     0    -1     1     1    -1     0     0
    -1    -1     1    -1     1    -1    -1    -1
     1     1    -1     1    -1     1    -1    -1
    -1     1     1    -1    -1    -1     1     0
    -1     1     1    -1     1    -1     1     1
     0     0    -1     1    -1    -1     0     0
     0    -1    -1    -1    -1    -1     0     0

Jojo (-1) to move (time left: 168.2 sec.):
     0     0    -1    -1     1    -1     0     0
     0    -1    -1     1     1    -1     0     0
    -1    -1    -1    -1     1    -1    -1    -1
     1     1    -1    -1    -1     1    -1    -1
    -1     1     1    -1    -1    -1     1     0
    -1     1     1    -1     1    -1     1     1
     0     0    -1     1    -1    -1     0     0
     0    -1    -1    -1    -1    -1     0     0

Bernhard (1) to move (time left: 107.1 sec.):
     0     0    -1    -1     1    -1     0     0
     0    -1    -1     1     1    -1     0     0
    -1    -1    -1    -1     1     1    -1    -1
     1     1    -1    -1    -1     1     1    -1
    -1     1     1    -1    -1    -1     1     1
    -1     1     1    -1     1    -1     1     1
     0     0    -1     1    -1    -1     0     0
     0    -1    -1    -1    -1    -1     0     0

Jojo (-1) to move (time left: 167.9 sec.):
     0     0    -1    -1     1    -1     0     0
     0    -1    -1     1     1    -1     0     0
    -1    -1    -1    -1     1     1    -1    -1
     1     1    -1    -1    -1     1     1    -1
    -1     1     1    -1    -1    -1     1    -1
    -1     1     1    -1     1    -1    -1    -1
     0     0    -1     1    -1    -1     0    -1
     0    -1    -1    -1    -1    -1     0     0

Bernhard (1) to move (time left: 102.3 sec.):
     0     0    -1    -1     1    -1     0     0
     0    -1    -1     1     1     1     1     0
    -1    -1    -1    -1     1     1     1    -1
     1     1    -1    -1    -1     1     1    -1
    -1     1     1    -1    -1    -1     1    -1
    -1     1     1    -1     1    -1    -1    -1
     0     0    -1     1    -1    -1     0    -1
     0    -1    -1    -1    -1    -1     0     0

Jojo (-1) to move (time left: 167.7 sec.):
     0     0    -1    -1     1    -1     0    -1
     0    -1    -1     1     1     1    -1     0
    -1    -1    -1    -1     1    -1     1    -1
     1     1    -1    -1    -1     1     1    -1
    -1     1     1    -1    -1    -1     1    -1
    -1     1     1    -1     1    -1    -1    -1
     0     0    -1     1    -1    -1     0    -1
     0    -1    -1    -1    -1    -1     0     0

Bernhard (1) to move (time left: 99.8 sec.):
     0     0    -1    -1     1    -1     0    -1
     0    -1    -1     1     1     1     1     1
    -1    -1    -1    -1     1    -1     1    -1
     1     1    -1    -1    -1     1     1    -1
    -1     1     1    -1    -1    -1     1    -1
    -1     1     1    -1     1    -1    -1    -1
     0     0    -1     1    -1    -1     0    -1
     0    -1    -1    -1    -1    -1     0     0

Jojo (-1) to move (time left: 167.5 sec.):
     0     0    -1    -1     1    -1     0    -1
     0    -1    -1     1     1     1     1     1
    -1    -1    -1    -1     1    -1     1    -1
     1     1    -1    -1    -1     1     1    -1
    -1     1    -1    -1    -1    -1     1    -1
    -1    -1     1    -1     1    -1    -1    -1
    -1     0    -1     1    -1    -1     0    -1
     0    -1    -1    -1    -1    -1     0     0

Bernhard (1) to move (time left: 98.0 sec.):
     0     0    -1    -1     1    -1     0    -1
     0    -1    -1     1     1     1     1     1
    -1    -1    -1    -1     1    -1     1     1
     1     1    -1    -1    -1     1     1     1
    -1     1    -1    -1    -1    -1     1     1
    -1    -1     1    -1     1    -1    -1     1
    -1     0    -1     1    -1    -1     0     1
     0    -1    -1    -1    -1    -1     0     1

Jojo (-1) to move (time left: 167.1 sec.):
     0     0    -1    -1     1    -1     0    -1
     0    -1    -1     1     1     1     1     1
    -1    -1    -1    -1     1    -1     1     1
     1     1    -1    -1    -1     1     1     1
    -1     1    -1    -1    -1    -1     1     1
    -1    -1    -1    -1     1    -1    -1     1
    -1    -1    -1     1    -1    -1     0     1
     0    -1    -1    -1    -1    -1     0     1

Bernhard (1) to move (time left: 97.9 sec.):
     0     0    -1    -1     1    -1     0    -1
     0    -1    -1     1     1     1     1     1
    -1    -1    -1    -1     1     1     1     1
     1     1    -1    -1     1     1     1     1
     1     1    -1     1    -1    -1     1     1
     1    -1     1    -1     1    -1    -1     1
     1     1    -1     1    -1    -1     0     1
     1    -1    -1    -1    -1    -1     0     1

Jojo (-1) to move (time left: 167.0 sec.):
     0     0    -1    -1     1    -1    -1    -1
     0    -1    -1     1     1    -1    -1     1
    -1    -1    -1    -1    -1     1    -1     1
     1     1    -1    -1     1     1    -1     1
     1     1    -1     1    -1    -1    -1     1
     1    -1     1    -1     1    -1    -1     1
     1     1    -1     1    -1    -1     0     1
     1    -1    -1    -1    -1    -1     0     1

Bernhard (1) to move (time left: 97.8 sec.):
     0     0    -1    -1     1    -1    -1    -1
     0    -1    -1     1     1    -1    -1     1
    -1    -1    -1    -1    -1     1    -1     1
     1     1    -1    -1     1     1    -1     1
     1     1    -1     1    -1    -1    -1     1
     1    -1     1    -1     1    -1    -1     1
     1     1    -1     1     1     1     1     1
     1    -1    -1    -1    -1    -1     0     1

Jojo (-1) to move (time left: 166.9 sec.):
     0     0    -1    -1     1    -1    -1    -1
     0    -1    -1     1     1    -1    -1     1
    -1    -1    -1    -1    -1     1    -1     1
     1     1    -1    -1     1     1    -1     1
     1     1    -1    -1    -1    -1    -1     1
     1    -1     1    -1    -1    -1    -1     1
     1     1    -1     1     1    -1    -1     1
     1    -1    -1    -1    -1    -1    -1     1

Bernhard (1) to move (time left: 97.7 sec.):
     1     0    -1    -1     1    -1    -1    -1
     0     1    -1     1     1    -1    -1     1
    -1    -1     1    -1    -1     1    -1     1
     1     1    -1     1     1     1    -1     1
     1     1    -1    -1     1    -1    -1     1
     1    -1     1    -1    -1     1    -1     1
     1     1    -1     1     1    -1     1     1
     1    -1    -1    -1    -1    -1    -1     1

Jojo (-1) to move (time left: 166.8 sec.):
     1     0    -1    -1     1    -1    -1    -1
    -1    -1    -1     1     1    -1    -1     1
    -1    -1     1    -1    -1     1    -1     1
     1     1    -1     1     1     1    -1     1
     1     1    -1    -1     1    -1    -1     1
     1    -1     1    -1    -1     1    -1     1
     1     1    -1     1     1    -1     1     1
     1    -1    -1    -1    -1    -1    -1     1

Bernhard (1) to move (time left: 97.6 sec.):
     1     1     1     1     1    -1    -1    -1
    -1     1     1     1     1    -1    -1     1
    -1     1     1     1    -1     1    -1     1
     1     1    -1     1     1     1    -1     1
     1     1    -1    -1     1    -1    -1     1
     1    -1     1    -1    -1     1    -1     1
     1     1    -1     1     1    -1     1     1
     1    -1    -1    -1    -1    -1    -1     1

Game over.
