hiba against DerGeileGetz:
     0     0     0     0     0     0     0     0
     0     0     0     0     0     0     0     0
     0     0     0     0     0     0     0     0
     0     0     0     1    -1     0     0     0
     0     0     0    -1     1     0     0     0
     0     0     0     0     0     0     0     0
     0     0     0     0     0     0     0     0
     0     0     0     0     0     0     0     0

DerGeileGetz (-1) to move (time left: 180.0 sec.):
     0     0     0     0     0     0     0     0
     0     0     0     0     0     0     0     0
     0     0     0     0     0     0     0     0
     0     0    -1    -1    -1     0     0     0
     0     0     0    -1     1     0     0     0
     0     0     0     0     0     0     0     0
     0     0     0     0     0     0     0     0
     0     0     0     0     0     0     0     0

hiba (1) to move (time left: 180.0 sec.):
     0     0     0     0     0     0     0     0
     0     0     0     0     0     0     0     0
     0     0     1     0     0     0     0     0
     0     0    -1     1    -1     0     0     0
     0     0     0    -1     1     0     0     0
     0     0     0     0     0     0     0     0
     0     0     0     0     0     0     0     0
     0     0     0     0     0     0     0     0

DerGeileGetz (-1) to move (time left: 179.9 sec.):
     0     0     0     0     0     0     0     0
     0     0     0     0     0     0     0     0
     0     0     1    -1     0     0     0     0
     0     0    -1    -1    -1     0     0     0
     0     0     0    -1     1     0     0     0
     0     0     0     0     0     0     0     0
     0     0     0     0     0     0     0     0
     0     0     0     0     0     0     0     0

hiba (1) to move (time left: 179.9 sec.):
     0     0     0     0     0     0     0     0
     0     0     0     0     0     0     0     0
     0     0     1    -1     0     0     0     0
     0     0     1    -1    -1     0     0     0
     0     0     1     1     1     0     0     0
     0     0     0     0     0     0     0     0
     0     0     0     0     0     0     0     0
     0     0     0     0     0     0     0     0

DerGeileGetz (-1) to move (time left: 179.8 sec.):
     0     0     0     0     0     0     0     0
     0     0     0     0     0     0     0     0
     0    -1    -1    -1     0     0     0     0
     0     0     1    -1    -1     0     0     0
     0     0     1     1     1     0     0     0
     0     0     0     0     0     0     0     0
     0     0     0     0     0     0     0     0
     0     0     0     0     0     0     0     0

hiba (1) to move (time left: 179.6 sec.):
     0     0     0     0     0     0     0     0
     0     0     1     0     0     0     0     0
     0    -1     1    -1     0     0     0     0
     0     0     1    -1    -1     0     0     0
     0     0     1     1     1     0     0     0
     0     0     0     0     0     0     0     0
     0     0     0     0     0     0     0     0
     0     0     0     0     0     0     0     0

DerGeileGetz (-1) to move (time left: 179.4 sec.):
     0     0     0     0     0     0     0     0
     0     0     1     0     0     0     0     0
     0    -1     1    -1     0     0     0     0
     0     0     1    -1    -1     0     0     0
     0     0     1    -1     1     0     0     0
     0     0    -1     0     0     0     0     0
     0     0     0     0     0     0     0     0
     0     0     0     0     0     0     0     0

hiba (1) to move (time left: 179.2 sec.):
     0     0     0     0     0     0     0     0
     0     0     1     0     0     0     0     0
     0     1     1    -1     0     0     0     0
     1     0     1    -1    -1     0     0     0
     0     0     1    -1     1     0     0     0
     0     0    -1     0     0     0     0     0
     0     0     0     0     0     0     0     0
     0     0     0     0     0     0     0     0

DerGeileGetz (-1) to move (time left: 179.0 sec.):
     0     0     0     0     0     0     0     0
     0     0     1     0     0     0     0     0
    -1    -1    -1    -1     0     0     0     0
     1     0     1    -1    -1     0     0     0
     0     0     1    -1     1     0     0     0
     0     0    -1     0     0     0     0     0
     0     0     0     0     0     0     0     0
     0     0     0     0     0     0     0     0

hiba (1) to move (time left: 178.7 sec.):
     0     0     0     0     0     0     0     0
     1     0     1     0     0     0     0     0
     1     1    -1    -1     0     0     0     0
     1     0     1    -1    -1     0     0     0
     0     0     1    -1     1     0     0     0
     0     0    -1     0     0     0     0     0
     0     0     0     0     0     0     0     0
     0     0     0     0     0     0     0     0

DerGeileGetz (-1) to move (time left: 178.7 sec.):
     0     0     0     0     0     0     0     0
     1     0     1     0     0     0     0     0
     1     1    -1    -1     0     0     0     0
     1     0     1    -1    -1     0     0     0
     0     0     1    -1    -1     0     0     0
     0     0    -1     0     0    -1     0     0
     0     0     0     0     0     0     0     0
     0     0     0     0     0     0     0     0

hiba (1) to move (time left: 178.6 sec.):
     0     0     0     0     0     0     0     0
     1     0     1     0     0     0     0     0
     1     1    -1     1     0     0     0     0
     1     0     1    -1     1     0     0     0
     0     0     1     1     1     1     0     0
     0     0    -1     0     0    -1     0     0
     0     0     0     0     0     0     0     0
     0     0     0     0     0     0     0     0

DerGeileGetz (-1) to move (time left: 178.3 sec.):
     0     0     0     0     0     0     0     0
     1     0     1     0     0     0     0     0
     1     1    -1     1     0     0     0     0
     1     0     1    -1     1     0     0     0
     0     0     1    -1     1     1     0     0
     0     0    -1    -1     0    -1     0     0
     0     0     0     0     0     0     0     0
     0     0     0     0     0     0     0     0

hiba (1) to move (time left: 178.3 sec.):
     0     0     0     0     0     0     0     0
     1     0     1     0     0     0     0     0
     1     1    -1     1     0     0     0     0
     1     0     1    -1     1     0     0     0
     0     0     1    -1     1     1     0     0
     0     0    -1    -1     0     1     0     0
     0     0     0     0     0     1     0     0
     0     0     0     0     0     0     0     0

DerGeileGetz (-1) to move (time left: 177.8 sec.):
     0     0     0     0     0     0     0     0
     1     0     1     0     0     0     0     0
     1     1    -1     1     0     0     0     0
     1     0     1    -1    -1    -1     0     0
     0     0     1    -1    -1     1     0     0
     0     0    -1    -1     0     1     0     0
     0     0     0     0     0     1     0     0
     0     0     0     0     0     0     0     0

hiba (1) to move (time left: 177.2 sec.):
     0     0     0     0     0     0     0     0
     1     0     1     0     0     0     0     0
     1     1    -1     1     0     1     0     0
     1     0     1    -1    -1     1     0     0
     0     0     1    -1    -1     1     0     0
     0     0    -1    -1     0     1     0     0
     0     0     0     0     0     1     0     0
     0     0     0     0     0     0     0     0

DerGeileGetz (-1) to move (time left: 177.1 sec.):
     0     0    -1     0     0     0     0     0
     1     0    -1     0     0     0     0     0
     1     1    -1     1     0     1     0     0
     1     0     1    -1    -1     1     0     0
     0     0     1    -1    -1     1     0     0
     0     0    -1    -1     0     1     0     0
     0     0     0     0     0     1     0     0
     0     0     0     0     0     0     0     0

hiba (1) to move (time left: 175.9 sec.):
     0     0    -1     1     0     0     0     0
     1     0     1     0     0     0     0     0
     1     1    -1     1     0     1     0     0
     1     0     1    -1    -1     1     0     0
     0     0     1    -1    -1     1     0     0
     0     0    -1    -1     0     1     0     0
     0     0     0     0     0     1     0     0
     0     0     0     0     0     0     0     0

DerGeileGetz (-1) to move (time left: 174.0 sec.):
     0     0    -1    -1    -1     0     0     0
     1     0     1     0     0     0     0     0
     1     1    -1     1     0     1     0     0
     1     0     1    -1    -1     1     0     0
     0     0     1    -1    -1     1     0     0
     0     0    -1    -1     0     1     0     0
     0     0     0     0     0     1     0     0
     0     0     0     0     0     0     0     0

hiba (1) to move (time left: 173.8 sec.):
     0     0    -1    -1    -1     0     0     0
     1     0     1     0     0     0     0     0
     1     1    -1     1     1     1     0     0
     1     0     1     1    -1     1     0     0
     0     0     1    -1    -1     1     0     0
     0     0    -1    -1     0     1     0     0
     0     0     0     0     0     1     0     0
     0     0     0     0     0     0     0     0

DerGeileGetz (-1) to move (time left: 172.7 sec.):
     0     0    -1    -1    -1     0     0     0
     1     0     1    -1     0     0     0     0
     1     1    -1    -1     1     1     0     0
     1     0     1    -1    -1     1     0     0
     0     0     1    -1    -1     1     0     0
     0     0    -1    -1     0     1     0     0
     0     0     0     0     0     1     0     0
     0     0     0     0     0     0     0     0

hiba (1) to move (time left: 171.6 sec.):
     0     0    -1    -1    -1     0     0     0
     1     0     1     1     1     0     0     0
     1     1    -1     1     1     1     0     0
     1     0     1    -1    -1     1     0     0
     0     0     1    -1    -1     1     0     0
     0     0    -1    -1     0     1     0     0
     0     0     0     0     0     1     0     0
     0     0     0     0     0     0     0     0

DerGeileGetz (-1) to move (time left: 169.9 sec.):
     0     0    -1    -1    -1     0     0     0
     1     0     1     1     1     0     0     0
     1     1    -1    -1    -1    -1    -1     0
     1     0     1    -1    -1    -1     0     0
     0     0     1    -1    -1     1     0     0
     0     0    -1    -1     0     1     0     0
     0     0     0     0     0     1     0     0
     0     0     0     0     0     0     0     0

hiba (1) to move (time left: 169.5 sec.):
     0     0    -1    -1    -1     0     0     0
     1     0     1     1     1     0     0     0
     1     1    -1    -1    -1    -1    -1     0
     1     0     1    -1    -1    -1     0     0
     0     0     1    -1    -1     1     0     0
     0     0    -1     1     0     1     0     0
     0     0     0     0     1     1     0     0
     0     0     0     0     0     0     0     0

DerGeileGetz (-1) to move (time left: 167.6 sec.):
     0     0    -1    -1    -1    -1     0     0
     1     0     1     1    -1     0     0     0
     1     1    -1    -1    -1    -1    -1     0
     1     0     1    -1    -1    -1     0     0
     0     0     1    -1    -1     1     0     0
     0     0    -1     1     0     1     0     0
     0     0     0     0     1     1     0     0
     0     0     0     0     0     0     0     0

hiba (1) to move (time left: 168.4 sec.):
     0     0    -1    -1    -1    -1     0     0
     1     0     1     1     1     1     0     0
     1     1    -1    -1     1     1    -1     0
     1     0     1     1    -1     1     0     0
     0     0     1    -1    -1     1     0     0
     0     0    -1     1     0     1     0     0
     0     0     0     0     1     1     0     0
     0     0     0     0     0     0     0     0

DerGeileGetz (-1) to move (time left: 162.4 sec.):
     0     0    -1    -1    -1    -1     0     0
     1     0     1     1     1    -1     0     0
     1     1    -1    -1     1    -1    -1     0
     1     0     1     1    -1    -1     0     0
     0     0     1    -1    -1    -1     0     0
     0     0    -1     1     0    -1     0     0
     0     0     0     0     1    -1     0     0
     0     0     0     0     0    -1     0     0

hiba (1) to move (time left: 167.2 sec.):
     0     0    -1    -1    -1    -1     0     0
     1     0     1     1     1    -1     0     0
     1     1    -1    -1     1    -1    -1     0
     1     0     1     1     1    -1     0     0
     0     0     1     1     1    -1     0     0
     0     0    -1     1     1    -1     0     0
     0     0     0     0     1    -1     0     0
     0     0     0     0     0    -1     0     0

DerGeileGetz (-1) to move (time left: 159.2 sec.):
     0     0    -1    -1    -1    -1     0     0
     1     0     1     1     1    -1     0     0
     1     1    -1    -1     1    -1    -1     0
     1     0    -1     1     1    -1     0     0
     0    -1    -1    -1    -1    -1     0     0
     0     0    -1     1     1    -1     0     0
     0     0     0     0     1    -1     0     0
     0     0     0     0     0    -1     0     0

hiba (1) to move (time left: 166.9 sec.):
     0     0    -1    -1    -1    -1     0     0
     1     0     1     1     1    -1     0     0
     1     1    -1    -1     1    -1    -1     0
     1     0    -1     1     1    -1     0     0
     0    -1    -1    -1    -1     1     0     0
     0     0    -1     1     1     1     1     0
     0     0     0     0     1    -1     0     0
     0     0     0     0     0    -1     0     0

DerGeileGetz (-1) to move (time left: 154.9 sec.):
     0     0    -1    -1    -1    -1     0     0
     1     0     1     1     1    -1     0     0
     1     1    -1    -1     1    -1    -1     0
     1     0    -1     1     1    -1     0     0
     0    -1    -1    -1    -1     1     0     0
     0     0    -1     1    -1     1     1     0
     0     0     0     0    -1    -1     0     0
     0     0     0     0    -1    -1     0     0

hiba (1) to move (time left: 166.4 sec.):
     0     0    -1    -1    -1    -1     0     0
     1     0     1     1     1    -1     0     0
     1     1    -1    -1     1    -1    -1     0
     1     0    -1     1     1    -1     0     0
     0    -1    -1    -1    -1     1     0     0
     0     0    -1     1    -1     1     1     0
     0     0     0     0     1    -1     0     0
     0     0     0     1    -1    -1     0     0

DerGeileGetz (-1) to move (time left: 149.9 sec.):
     0     0    -1    -1    -1    -1     0     0
     1     0     1     1     1    -1     0     0
     1     1    -1    -1     1    -1    -1     0
     1     0    -1     1     1    -1     0     0
     0    -1    -1    -1    -1     1     0     0
     0     0    -1     1    -1     1     1     0
     0     0     0     0     1    -1     0     0
     0     0    -1    -1    -1    -1     0     0

hiba (1) to move (time left: 165.5 sec.):
     0     0    -1    -1    -1    -1     0     0
     1     0     1     1     1    -1     0     0
     1     1    -1    -1     1     1     1     1
     1     0    -1     1     1    -1     0     0
     0    -1    -1    -1    -1     1     0     0
     0     0    -1     1    -1     1     1     0
     0     0     0     0     1    -1     0     0
     0     0    -1    -1    -1    -1     0     0

DerGeileGetz (-1) to move (time left: 144.8 sec.):
     0     0    -1    -1    -1    -1     0     0
     1     0     1     1     1    -1     0     0
     1     1    -1    -1     1     1     1     1
     1     0    -1     1     1    -1     0     0
     0    -1    -1    -1    -1     1     0     0
     0     0    -1    -1    -1     1     1     0
     0     0    -1     0     1    -1     0     0
     0     0    -1    -1    -1    -1     0     0

hiba (1) to move (time left: 164.2 sec.):
     0     0    -1    -1    -1    -1     0     0
     1     0     1     1     1    -1     0     0
     1     1    -1    -1     1     1     1     1
     1     0    -1     1     1     1     1     0
     0    -1    -1    -1    -1     1     0     0
     0     0    -1    -1    -1     1     1     0
     0     0    -1     0     1    -1     0     0
     0     0    -1    -1    -1    -1     0     0

DerGeileGetz (-1) to move (time left: 139.4 sec.):
     0     0    -1    -1    -1    -1     0     0
     1     0     1     1     1    -1     0     0
     1     1    -1    -1     1     1     1     1
     1     0    -1     1     1     1     1     0
     0    -1    -1    -1    -1     1     0     0
     0     0    -1    -1    -1    -1    -1    -1
     0     0    -1     0     1    -1     0     0
     0     0    -1    -1    -1    -1     0     0

hiba (1) to move (time left: 163.1 sec.):
     0     0    -1    -1    -1    -1     0     0
     1     0     1     1     1    -1     0     0
     1     1    -1    -1     1     1     1     1
     1     0    -1     1     1     1     1     0
     0    -1    -1    -1    -1     1     1     0
     0     0    -1    -1    -1     1    -1    -1
     0     0    -1     0     1    -1     0     0
     0     0    -1    -1    -1    -1     0     0

DerGeileGetz (-1) to move (time left: 137.3 sec.):
     0     0    -1    -1    -1    -1     0     0
     1     0     1     1     1    -1     0     0
     1     1    -1    -1     1     1     1     1
     1     0    -1     1     1     1     1     0
     0    -1    -1    -1    -1     1     1     0
     0     0    -1    -1    -1     1    -1    -1
     0     0    -1    -1    -1    -1     0     0
     0     0    -1    -1    -1    -1     0     0

hiba (1) to move (time left: 162.6 sec.):
     0     0    -1    -1    -1    -1     0     0
     1     0     1     1     1    -1     0     0
     1     1    -1    -1     1     1     1     1
     1     0     1     1     1     1     1     0
     0    -1    -1     1    -1     1     1     0
     0     0    -1    -1     1     1    -1    -1
     0     0    -1    -1    -1     1     0     0
     0     0    -1    -1    -1    -1     1     0

DerGeileGetz (-1) to move (time left: 136.1 sec.):
     0     0    -1    -1    -1    -1     0     0
     1     0     1     1     1    -1     0     0
     1     1    -1    -1     1     1     1     1
     1     0     1     1     1     1     1     0
     0    -1    -1     1    -1     1     1     0
     0     0    -1    -1     1     1    -1    -1
     0     0    -1    -1    -1     1     0     0
     0     0    -1    -1    -1    -1    -1    -1

hiba (1) to move (time left: 162.1 sec.):
     0     0    -1    -1    -1    -1     0     0
     1     0     1     1     1    -1     0     0
     1     1    -1    -1     1     1     1     1
     1     0     1     1     1     1     1     0
     0    -1    -1     1    -1     1     1     0
     0     0    -1    -1     1     1     1    -1
     0     0    -1    -1    -1     1     1     0
     0     0    -1    -1    -1    -1    -1    -1

DerGeileGetz (-1) to move (time left: 133.6 sec.):
     0     0    -1    -1    -1    -1     0     0
     1     0     1     1     1    -1     0     0
     1     1    -1    -1     1     1    -1     1
     1     0     1     1     1     1     1    -1
     0    -1    -1     1    -1     1    -1     0
     0     0    -1    -1     1    -1     1    -1
     0     0    -1    -1    -1     1     1     0
     0     0    -1    -1    -1    -1    -1    -1

hiba (1) to move (time left: 161.7 sec.):
     0     0    -1    -1    -1    -1     0     0
     1     0     1     1     1    -1     0     0
     1     1    -1    -1     1     1    -1     1
     1     0     1     1     1     1     1     1
     0    -1    -1     1    -1     1     1     1
     0     0    -1    -1     1    -1     1    -1
     0     0    -1    -1    -1     1     1     0
     0     0    -1    -1    -1    -1    -1    -1

DerGeileGetz (-1) to move (time left: 132.8 sec.):
     0     0    -1    -1    -1    -1     0     0
     1     0     1     1     1    -1     0    -1
     1     1    -1    -1     1     1    -1    -1
     1     0     1     1     1     1     1    -1
     0    -1    -1     1    -1     1     1    -1
     0     0    -1    -1     1    -1     1    -1
     0     0    -1    -1    -1     1     1     0
     0     0    -1    -1    -1    -1    -1    -1

hiba (1) to move (time left: 161.4 sec.):
     0     0    -1    -1    -1    -1     0     0
     1     0     1     1     1     1     1    -1
     1     1    -1    -1     1     1     1    -1
     1     0     1     1     1     1     1    -1
     0    -1    -1     1    -1     1     1    -1
     0     0    -1    -1     1    -1     1    -1
     0     0    -1    -1    -1     1     1     0
     0     0    -1    -1    -1    -1    -1    -1

DerGeileGetz (-1) to move (time left: 132.2 sec.):
     0     0    -1    -1    -1    -1     0     0
     1     0     1     1     1     1     1    -1
     1     1    -1    -1     1     1     1    -1
     1    -1    -1    -1    -1    -1    -1    -1
     0    -1    -1     1    -1     1     1    -1
     0     0    -1    -1     1    -1     1    -1
     0     0    -1    -1    -1     1     1     0
     0     0    -1    -1    -1    -1    -1    -1

hiba (1) to move (time left: 161.0 sec.):
     0     0    -1    -1    -1    -1     0     0
     1     1     1     1     1     1     1    -1
     1     1     1    -1     1     1     1    -1
     1    -1    -1     1    -1    -1    -1    -1
     0    -1    -1     1     1     1     1    -1
     0     0    -1    -1     1     1     1    -1
     0     0    -1    -1    -1     1     1     0
     0     0    -1    -1    -1    -1    -1    -1

DerGeileGetz (-1) to move (time left: 131.6 sec.):
    -1     0    -1    -1    -1    -1     0     0
     1    -1     1     1     1     1     1    -1
     1     1    -1    -1     1     1     1    -1
     1    -1    -1    -1    -1    -1    -1    -1
     0    -1    -1     1    -1     1     1    -1
     0     0    -1    -1     1    -1     1    -1
     0     0    -1    -1    -1     1    -1     0
     0     0    -1    -1    -1    -1    -1    -1

hiba (1) to move (time left: 160.4 sec.):
    -1     0    -1    -1    -1    -1     0     0
     1    -1     1     1     1     1     1    -1
     1     1    -1    -1     1     1     1    -1
     1    -1    -1    -1    -1    -1    -1    -1
     0    -1    -1     1    -1     1     1    -1
     0     0    -1    -1     1    -1     1    -1
     0     0    -1    -1    -1     1     1     1
     0     0    -1    -1    -1    -1    -1    -1

DerGeileGetz (-1) to move (time left: 130.9 sec.):
    -1     0    -1    -1    -1    -1     0    -1
     1    -1     1     1     1     1    -1    -1
     1     1    -1    -1     1    -1     1    -1
     1    -1    -1    -1    -1    -1    -1    -1
     0    -1    -1     1    -1     1     1    -1
     0     0    -1    -1     1    -1     1    -1
     0     0    -1    -1    -1     1     1     1
     0     0    -1    -1    -1    -1    -1    -1

hiba (1) to move (time left: 160.3 sec.):
    -1     0    -1    -1    -1    -1     1    -1
     1    -1     1     1     1     1     1    -1
     1     1    -1    -1     1    -1     1    -1
     1    -1    -1    -1    -1    -1    -1    -1
     0    -1    -1     1    -1     1     1    -1
     0     0    -1    -1     1    -1     1    -1
     0     0    -1    -1    -1     1     1     1
     0     0    -1    -1    -1    -1    -1    -1

DerGeileGetz (-1) to move (time left: 130.4 sec.):
    -1     0    -1    -1    -1    -1     1    -1
    -1    -1     1     1     1     1     1    -1
    -1     1    -1    -1     1    -1     1    -1
    -1    -1    -1    -1    -1    -1    -1    -1
    -1    -1    -1     1    -1     1     1    -1
     0     0    -1    -1     1    -1     1    -1
     0     0    -1    -1    -1     1     1     1
     0     0    -1    -1    -1    -1    -1    -1

hiba (1) to move (time left: 160.2 sec.):
    -1     1     1     1     1     1     1    -1
    -1     1     1     1     1     1     1    -1
    -1     1    -1    -1     1    -1     1    -1
    -1    -1    -1    -1    -1    -1    -1    -1
    -1    -1    -1     1    -1     1     1    -1
     0     0    -1    -1     1    -1     1    -1
     0     0    -1    -1    -1     1     1     1
     0     0    -1    -1    -1    -1    -1    -1

DerGeileGetz (-1) to move (time left: 130.3 sec.):
    -1     1     1     1     1     1     1    -1
    -1     1     1     1     1     1     1    -1
    -1     1    -1    -1     1    -1     1    -1
    -1    -1    -1    -1    -1    -1    -1    -1
    -1    -1    -1     1    -1     1     1    -1
     0     0    -1    -1     1    -1     1    -1
     0     0    -1    -1    -1     1     1     1
     0     0    -1    -1    -1    -1    -1    -1

hiba (1) to move (time left: 160.1 sec.):
    -1     1     1     1     1     1     1    -1
    -1     1     1     1     1     1     1    -1
    -1     1    -1    -1     1    -1     1    -1
    -1    -1    -1    -1    -1     1    -1    -1
    -1    -1    -1     1     1     1     1    -1
     0     0    -1     1     1    -1     1    -1
     0     0     1    -1    -1     1     1     1
     0     1    -1    -1    -1    -1    -1    -1

DerGeileGetz (-1) to move (time left: 130.3 sec.):
    -1     1     1     1     1     1     1    -1
    -1     1     1     1     1     1     1    -1
    -1     1    -1    -1     1    -1     1    -1
    -1    -1    -1    -1    -1     1    -1    -1
    -1    -1    -1     1     1     1     1    -1
     0     0    -1     1     1    -1     1    -1
     0     0     1    -1    -1     1     1     1
    -1    -1    -1    -1    -1    -1    -1    -1

hiba (1) to move (time left: 160.0 sec.):
    -1     1     1     1     1     1     1    -1
    -1     1     1     1     1     1     1    -1
    -1     1    -1    -1     1    -1     1    -1
    -1     1    -1     1    -1     1    -1    -1
    -1     1     1     1     1     1     1    -1
     0     1     1     1     1    -1     1    -1
     0     0     1    -1    -1     1     1     1
    -1    -1    -1    -1    -1    -1    -1    -1

DerGeileGetz (-1) to move (time left: 130.2 sec.):
    -1     1     1     1     1     1     1    -1
    -1     1     1     1     1     1     1    -1
    -1     1    -1    -1     1    -1     1    -1
    -1     1    -1     1    -1     1    -1    -1
    -1    -1     1     1     1     1     1    -1
    -1    -1    -1    -1    -1    -1     1    -1
     0     0     1    -1    -1     1     1     1
    -1    -1    -1    -1    -1    -1    -1    -1

hiba (1) to move (time left: 160.0 sec.):
    -1     1     1     1     1     1     1    -1
    -1     1     1     1     1     1     1    -1
    -1     1    -1    -1     1    -1     1    -1
    -1     1    -1     1    -1     1    -1    -1
    -1     1     1     1     1     1     1    -1
    -1     1     1    -1    -1    -1     1    -1
     0     1     1    -1    -1     1     1     1
    -1    -1    -1    -1    -1    -1    -1    -1

DerGeileGetz (-1) to move (time left: 130.1 sec.):
    -1     1     1     1     1     1     1    -1
    -1     1     1     1     1     1     1    -1
    -1     1    -1    -1     1    -1     1    -1
    -1     1    -1     1    -1     1    -1    -1
    -1     1     1     1     1     1     1    -1
    -1     1     1    -1    -1    -1     1    -1
    -1    -1    -1    -1    -1     1     1     1
    -1    -1    -1    -1    -1    -1    -1    -1

Game over.
