DerGeileGetz against Bernhard:
     0     0     0     0     0     0     0     0
     0     0     0     0     0     0     0     0
     0     0     0     0     0     0     0     0
     0     0     0     1    -1     0     0     0
     0     0     0    -1     1     0     0     0
     0     0     0     0     0     0     0     0
     0     0     0     0     0     0     0     0
     0     0     0     0     0     0     0     0

Bernhard (-1) to move (time left: 180.0 sec.):
     0     0     0     0     0     0     0     0
     0     0     0     0     0     0     0     0
     0     0     0     0     0     0     0     0
     0     0    -1    -1    -1     0     0     0
     0     0     0    -1     1     0     0     0
     0     0     0     0     0     0     0     0
     0     0     0     0     0     0     0     0
     0     0     0     0     0     0     0     0

DerGeileGetz (1) to move (time left: 180.0 sec.):
     0     0     0     0     0     0     0     0
     0     0     0     0     0     0     0     0
     0     0     1     0     0     0     0     0
     0     0    -1     1    -1     0     0     0
     0     0     0    -1     1     0     0     0
     0     0     0     0     0     0     0     0
     0     0     0     0     0     0     0     0
     0     0     0     0     0     0     0     0

Bernhard (-1) to move (time left: 179.8 sec.):
     0     0     0     0     0     0     0     0
     0     0     0     0     0     0     0     0
     0     0     1    -1     0     0     0     0
     0     0    -1    -1    -1     0     0     0
     0     0     0    -1     1     0     0     0
     0     0     0     0     0     0     0     0
     0     0     0     0     0     0     0     0
     0     0     0     0     0     0     0     0

DerGeileGetz (1) to move (time left: 179.9 sec.):
     0     0     0     0     0     0     0     0
     0     0     0     0     0     0     0     0
     0     0     1    -1     0     0     0     0
     0     0     1    -1    -1     0     0     0
     0     0     1     1     1     0     0     0
     0     0     0     0     0     0     0     0
     0     0     0     0     0     0     0     0
     0     0     0     0     0     0     0     0

Bernhard (-1) to move (time left: 179.6 sec.):
     0     0     0     0     0     0     0     0
     0     0     0     0     0     0     0     0
     0     0     1    -1     0     0     0     0
     0     0     1    -1    -1     0     0     0
     0     0    -1     1     1     0     0     0
     0    -1     0     0     0     0     0     0
     0     0     0     0     0     0     0     0
     0     0     0     0     0     0     0     0

DerGeileGetz (1) to move (time left: 179.7 sec.):
     0     0     0     0     0     0     0     0
     0     0     0     0     0     0     0     0
     0     0     1    -1     0     0     0     0
     0     0     1    -1    -1     0     0     0
     0     0     1     1     1     0     0     0
     0    -1     1     0     0     0     0     0
     0     0     0     0     0     0     0     0
     0     0     0     0     0     0     0     0

Bernhard (-1) to move (time left: 178.4 sec.):
     0     0     0     0     0     0     0     0
     0     0     0     0     0     0     0     0
     0     0     1    -1     0     0     0     0
     0     0    -1    -1    -1     0     0     0
     0    -1     1     1     1     0     0     0
     0    -1     1     0     0     0     0     0
     0     0     0     0     0     0     0     0
     0     0     0     0     0     0     0     0

DerGeileGetz (1) to move (time left: 179.4 sec.):
     0     0     0     0     0     0     0     0
     0     0     0     0     0     0     0     0
     0     0     1    -1     0     0     0     0
     0     0    -1    -1    -1     0     0     0
     0    -1     1     1     1     0     0     0
     1     1     1     0     0     0     0     0
     0     0     0     0     0     0     0     0
     0     0     0     0     0     0     0     0

Bernhard (-1) to move (time left: 177.3 sec.):
     0     0     0     0     0     0     0     0
     0     0     0     0     0     0     0     0
     0     0     1    -1     0     0     0     0
     0     0    -1    -1    -1     0     0     0
     0    -1     1    -1     1     0     0     0
     1     1     1    -1     0     0     0     0
     0     0     0     0     0     0     0     0
     0     0     0     0     0     0     0     0

DerGeileGetz (1) to move (time left: 179.0 sec.):
     0     0     0     0     0     0     0     0
     0     0     0     0     0     0     0     0
     0     0     1    -1     0     1     0     0
     0     0    -1    -1     1     0     0     0
     0    -1     1     1     1     0     0     0
     1     1     1    -1     0     0     0     0
     0     0     0     0     0     0     0     0
     0     0     0     0     0     0     0     0

Bernhard (-1) to move (time left: 176.0 sec.):
     0     0     0     0     0     0     0     0
     0     0     0     0     0     0     0     0
     0     0     1    -1     0     1     0     0
     0    -1    -1    -1     1     0     0     0
     0    -1    -1     1     1     0     0     0
     1     1     1    -1     0     0     0     0
     0     0     0     0     0     0     0     0
     0     0     0     0     0     0     0     0

DerGeileGetz (1) to move (time left: 178.4 sec.):
     0     0     0     0     0     0     0     0
     0     0     0     0     0     0     0     0
     0     0     1    -1     0     1     0     0
     0    -1    -1    -1     1     0     0     0
     0    -1    -1     1     1     0     0     0
     1     1     1     1     1     0     0     0
     0     0     0     0     0     0     0     0
     0     0     0     0     0     0     0     0

Bernhard (-1) to move (time left: 174.2 sec.):
     0     0     0     0     0     0     0     0
     0     0     0     0     0     0     0     0
     0     0     1    -1     0     1     0     0
     0    -1    -1    -1    -1    -1     0     0
     0    -1    -1     1     1     0     0     0
     1     1     1     1     1     0     0     0
     0     0     0     0     0     0     0     0
     0     0     0     0     0     0     0     0

DerGeileGetz (1) to move (time left: 177.6 sec.):
     0     0     0     0     0     0     0     0
     0     0     0     0     0     0     0     0
     0     0     1     1     1     1     0     0
     0    -1    -1     1     1    -1     0     0
     0    -1     1     1     1     0     0     0
     1     1     1     1     1     0     0     0
     0     0     0     0     0     0     0     0
     0     0     0     0     0     0     0     0

Bernhard (-1) to move (time left: 172.0 sec.):
     0     0     0     0     0     0     0     0
     0     0     0     0     0     0     0     0
     0     0     1     1     1     1     0     0
     0    -1    -1     1     1    -1     0     0
     0    -1    -1    -1    -1    -1     0     0
     1     1     1     1     1     0     0     0
     0     0     0     0     0     0     0     0
     0     0     0     0     0     0     0     0

DerGeileGetz (1) to move (time left: 177.0 sec.):
     0     0     0     0     0     0     0     0
     0     0     0     0     0     0     0     0
     0     0     1     1     1     1     0     0
     0    -1    -1     1     1     1     0     0
     0    -1    -1    -1     1     1     0     0
     1     1     1     1     1     1     0     0
     0     0     0     0     0     0     0     0
     0     0     0     0     0     0     0     0

Bernhard (-1) to move (time left: 169.4 sec.):
     0     0     0     0     0     0     0     0
     0     0     0     0     0     0     0     0
     0     0     1     1     1     1     0     0
     0    -1    -1     1     1     1     0     0
     0    -1    -1    -1     1     1     0     0
     1     1    -1     1     1     1     0     0
     0     0    -1     0     0     0     0     0
     0     0     0     0     0     0     0     0

DerGeileGetz (1) to move (time left: 176.5 sec.):
     0     0     0     0     0     0     0     0
     0     0     0     0     0     0     0     0
     1     0     1     1     1     1     0     0
     0     1    -1     1     1     1     0     0
     0    -1     1    -1     1     1     0     0
     1     1    -1     1     1     1     0     0
     0     0    -1     0     0     0     0     0
     0     0     0     0     0     0     0     0

Bernhard (-1) to move (time left: 166.7 sec.):
     0     0     0     0     0     0     0     0
     0     0     0     0     0     0     0     0
     1    -1     1     1     1     1     0     0
     0    -1    -1     1     1     1     0     0
     0    -1     1    -1     1     1     0     0
     1     1    -1     1     1     1     0     0
     0     0    -1     0     0     0     0     0
     0     0     0     0     0     0     0     0

DerGeileGetz (1) to move (time left: 175.5 sec.):
     0     0     0     0     0     0     0     0
     0     0     0     0     0     0     0     0
     1    -1     1     1     1     1     0     0
     0    -1    -1     1     1     1     0     0
     0    -1     1    -1     1     1     0     0
     1     1     1     1     1     1     0     0
     0     0     1     0     0     0     0     0
     0     0     1     0     0     0     0     0

Bernhard (-1) to move (time left: 166.0 sec.):
     0     0     0     0     0     0     0     0
     0     0     0     0     0     0     0     0
     1    -1     1     1     1     1     0     0
     0    -1    -1     1     1     1     0     0
     0    -1    -1    -1     1     1     0     0
     1     1     1    -1     1     1     0     0
     0     0     1     0    -1     0     0     0
     0     0     1     0     0     0     0     0

DerGeileGetz (1) to move (time left: 173.5 sec.):
     0     0     0     0     0     0     0     0
     0     0     0     0     0     0     0     0
     1    -1     1     1     1     1     0     0
     0    -1    -1     1     1     1     0     0
     0    -1    -1     1     1     1     0     0
     1     1     1     1     1     1     0     0
     0     0     1     1    -1     0     0     0
     0     0     1     0     0     0     0     0

Bernhard (-1) to move (time left: 164.5 sec.):
     0     0     0     0     0     0     0     0
     0     0     0     0     0     0     0     0
     1    -1     1     1     1     1     0     0
     0    -1    -1     1     1     1     0     0
     0    -1    -1    -1     1     1     0     0
     1     1     1     1    -1     1     0     0
     0     0     1     1    -1    -1     0     0
     0     0     1     0     0     0     0     0

DerGeileGetz (1) to move (time left: 170.6 sec.):
     0     0     0     0     0     0     0     0
     0     0     0     0     0     0     0     0
     1    -1     1     1     1     1     0     0
     0    -1    -1     1     1     1     0     0
     0    -1    -1    -1     1     1     0     0
     1     1     1     1    -1     1     0     0
     0     0     1     1     1     1     0     0
     0     0     1     0     0     1     0     0

Bernhard (-1) to move (time left: 162.9 sec.):
     0     0     0     0     0     0     0     0
     0     0     0     0     0    -1     0     0
     1    -1     1     1    -1     1     0     0
     0    -1    -1    -1     1     1     0     0
     0    -1    -1    -1     1     1     0     0
     1     1     1     1    -1     1     0     0
     0     0     1     1     1     1     0     0
     0     0     1     0     0     1     0     0

DerGeileGetz (1) to move (time left: 167.5 sec.):
     0     0     0     0     0     1     0     0
     0     0     0     0     0     1     0     0
     1    -1     1     1    -1     1     0     0
     0    -1    -1    -1     1     1     0     0
     0    -1    -1    -1     1     1     0     0
     1     1     1     1    -1     1     0     0
     0     0     1     1     1     1     0     0
     0     0     1     0     0     1     0     0

Bernhard (-1) to move (time left: 160.9 sec.):
     0     0     0     0     0     1     0     0
     0     0     0     0    -1     1     0     0
     1    -1     1    -1    -1     1     0     0
     0    -1    -1    -1     1     1     0     0
     0    -1    -1    -1     1     1     0     0
     1     1     1     1    -1     1     0     0
     0     0     1     1     1     1     0     0
     0     0     1     0     0     1     0     0

DerGeileGetz (1) to move (time left: 163.0 sec.):
     0     0     0     0     1     1     0     0
     0     0     0     0     1     1     0     0
     1    -1     1    -1     1     1     0     0
     0    -1    -1    -1     1     1     0     0
     0    -1    -1    -1     1     1     0     0
     1     1     1     1    -1     1     0     0
     0     0     1     1     1     1     0     0
     0     0     1     0     0     1     0     0

Bernhard (-1) to move (time left: 158.3 sec.):
     0     0     0     0     1     1     0     0
     0     0     0    -1     1     1     0     0
     1    -1    -1    -1     1     1     0     0
     0    -1    -1    -1     1     1     0     0
     0    -1    -1    -1     1     1     0     0
     1     1     1     1    -1     1     0     0
     0     0     1     1     1     1     0     0
     0     0     1     0     0     1     0     0

DerGeileGetz (1) to move (time left: 157.9 sec.):
     0     0     0     1     1     1     0     0
     0     0     0     1     1     1     0     0
     1    -1    -1     1     1     1     0     0
     0    -1    -1     1     1     1     0     0
     0    -1    -1     1     1     1     0     0
     1     1     1     1    -1     1     0     0
     0     0     1     1     1     1     0     0
     0     0     1     0     0     1     0     0

Bernhard (-1) to move (time left: 155.5 sec.):
     0     0     0     1     1     1     0     0
     0     0     0     1     1     1     0     0
     1    -1    -1     1     1     1     0     0
     0    -1    -1     1     1     1     0     0
     0    -1    -1     1     1     1     0     0
     1     1     1     1    -1    -1    -1     0
     0     0     1     1     1     1     0     0
     0     0     1     0     0     1     0     0

DerGeileGetz (1) to move (time left: 155.0 sec.):
     0     0     0     1     1     1     0     0
     0     0     1     1     1     1     0     0
     1    -1     1     1     1     1     0     0
     0    -1     1     1     1     1     0     0
     0    -1     1     1     1     1     0     0
     1     1     1     1    -1    -1    -1     0
     0     0     1     1     1     1     0     0
     0     0     1     0     0     1     0     0

Bernhard (-1) to move (time left: 153.4 sec.):
     0     0     0     1     1     1     0     0
     0     0     1     1     1     1     0     0
     1    -1     1     1     1     1     0     0
     0    -1     1     1     1     1     0     0
     0    -1    -1    -1    -1    -1    -1     0
     1     1     1     1    -1    -1    -1     0
     0     0     1     1     1     1     0     0
     0     0     1     0     0     1     0     0

DerGeileGetz (1) to move (time left: 152.5 sec.):
     0     0     0     1     1     1     0     0
     0     0     1     1     1     1     0     0
     1    -1     1     1     1     1     0     0
     0     1     1     1     1     1     0     0
     1    -1    -1    -1    -1    -1    -1     0
     1     1     1     1    -1    -1    -1     0
     0     0     1     1     1     1     0     0
     0     0     1     0     0     1     0     0

Bernhard (-1) to move (time left: 152.4 sec.):
     0     0    -1     1     1     1     0     0
     0     0    -1    -1     1     1     0     0
     1    -1    -1     1    -1     1     0     0
     0     1    -1     1     1    -1     0     0
     1    -1    -1    -1    -1    -1    -1     0
     1     1     1     1    -1    -1    -1     0
     0     0     1     1     1     1     0     0
     0     0     1     0     0     1     0     0

DerGeileGetz (1) to move (time left: 149.6 sec.):
     0     0    -1     1     1     1     0     0
     0     0    -1    -1     1     1     0     0
     1    -1    -1     1    -1     1     0     0
     0     1    -1     1     1    -1     0     0
     1    -1    -1    -1    -1    -1    -1     0
     1     1     1     1     1     1     1     1
     0     0     1     1     1     1     0     0
     0     0     1     0     0     1     0     0

Bernhard (-1) to move (time left: 151.3 sec.):
     0     0    -1     1     1     1     0     0
     0     0    -1    -1     1     1     0     0
     1    -1    -1     1    -1     1     0     0
    -1    -1    -1     1     1    -1     0     0
     1    -1    -1    -1    -1    -1    -1     0
     1     1     1     1     1     1     1     1
     0     0     1     1     1     1     0     0
     0     0     1     0     0     1     0     0

DerGeileGetz (1) to move (time left: 148.2 sec.):
     0     1     1     1     1     1     0     0
     0     0     1    -1     1     1     0     0
     1    -1    -1     1    -1     1     0     0
    -1    -1    -1     1     1    -1     0     0
     1    -1    -1    -1    -1    -1    -1     0
     1     1     1     1     1     1     1     1
     0     0     1     1     1     1     0     0
     0     0     1     0     0     1     0     0

Bernhard (-1) to move (time left: 149.9 sec.):
     0     1     1     1     1     1     0     0
     0     0     1    -1     1     1     0     0
     1    -1    -1     1    -1    -1    -1     0
    -1    -1    -1     1     1    -1     0     0
     1    -1    -1    -1    -1    -1    -1     0
     1     1     1     1     1     1     1     1
     0     0     1     1     1     1     0     0
     0     0     1     0     0     1     0     0

DerGeileGetz (1) to move (time left: 147.1 sec.):
     0     1     1     1     1     1     0     0
     0     0     1    -1     1     1     0     0
     1    -1    -1     1     1     1     1     1
    -1    -1    -1     1     1    -1     0     0
     1    -1    -1    -1    -1    -1    -1     0
     1     1     1     1     1     1     1     1
     0     0     1     1     1     1     0     0
     0     0     1     0     0     1     0     0

Bernhard (-1) to move (time left: 148.0 sec.):
     0     1     1     1     1     1     0     0
     0     0     1    -1     1     1     0     0
     1    -1    -1     1     1     1     1     1
    -1    -1    -1     1     1    -1     0     0
     1    -1    -1    -1    -1    -1    -1     0
     1     1     1    -1     1    -1     1     1
     0     0     1    -1    -1     1     0     0
     0     0     1    -1     0     1     0     0

DerGeileGetz (1) to move (time left: 145.3 sec.):
     0     1     1     1     1     1     0     0
     0     0     1    -1     1     1     0     0
     1    -1    -1     1     1     1     1     1
    -1    -1    -1     1     1    -1     0     0
     1     1     1     1     1     1     1     1
     1     1     1    -1     1    -1     1     1
     0     0     1    -1    -1     1     0     0
     0     0     1    -1     0     1     0     0

Bernhard (-1) to move (time left: 126.8 sec.):
     0     1     1     1     1     1     0     0
     0     0     1    -1     1     1     0     0
     1    -1    -1     1     1     1     1     1
    -1    -1    -1     1     1    -1    -1     0
     1     1     1     1     1    -1     1     1
     1     1     1    -1    -1    -1     1     1
     0     0     1    -1    -1     1     0     0
     0     0     1    -1     0     1     0     0

DerGeileGetz (1) to move (time left: 144.5 sec.):
     0     1     1     1     1     1     0     0
     0     0     1    -1     1     1     0     0
     1    -1    -1     1     1     1     1     1
    -1    -1    -1     1     1     1     1     1
     1     1     1     1     1    -1     1     1
     1     1     1    -1    -1    -1     1     1
     0     0     1    -1    -1     1     0     0
     0     0     1    -1     0     1     0     0

Bernhard (-1) to move (time left: 119.6 sec.):
     0     1     1     1     1     1     0     0
     0     0     1    -1     1     1     0     0
     1    -1    -1     1     1     1     1     1
    -1    -1    -1     1     1     1     1     1
     1     1     1     1     1    -1     1     1
     1     1     1    -1    -1    -1     1     1
     0     0    -1    -1    -1     1     0     0
     0    -1    -1    -1     0     1     0     0

DerGeileGetz (1) to move (time left: 143.6 sec.):
     0     1     1     1     1     1     0     0
     0     0     1    -1     1     1     0     0
     1    -1    -1     1     1     1     1     1
    -1    -1    -1     1     1     1     1     1
     1     1     1     1     1    -1     1     1
     1     1     1    -1    -1    -1     1     1
     0     1     1     1     1     1     0     0
     0    -1    -1    -1     0     1     0     0

Bernhard (-1) to move (time left: 113.6 sec.):
     0     1     1     1     1     1     0     0
     0     0     1    -1     1     1     0     0
     1    -1    -1     1     1     1     1     1
    -1    -1    -1     1     1     1     1     1
     1    -1     1     1     1    -1     1     1
     1     1    -1    -1    -1    -1     1     1
     0     1     1    -1    -1     1     0     0
     0    -1    -1    -1    -1     1     0     0

DerGeileGetz (1) to move (time left: 143.3 sec.):
     0     1     1     1     1     1     0     0
     0     0     1    -1     1     1     0     0
     1    -1    -1     1     1     1     1     1
    -1    -1    -1     1     1     1     1     1
     1    -1     1     1     1    -1     1     1
     1     1    -1    -1    -1    -1     1     1
     0     1     1    -1    -1     1     0     0
     1     1     1     1     1     1     0     0

Bernhard (-1) to move (time left: 112.1 sec.):
     0     1     1     1     1     1     0     0
     0     0     1    -1     1     1     0     0
     1    -1    -1     1     1     1     1     1
    -1    -1    -1     1     1     1     1     1
    -1    -1     1     1     1    -1     1     1
    -1     1    -1    -1    -1    -1     1     1
    -1    -1    -1    -1    -1     1     0     0
     1     1     1     1     1     1     0     0

DerGeileGetz (1) to move (time left: 142.7 sec.):
     0     1     1     1     1     1     0     0
     0     0     1    -1     1     1     0     0
     1    -1    -1     1     1     1     1     1
    -1    -1    -1     1     1     1     1     1
    -1    -1     1     1     1    -1     1     1
    -1     1    -1    -1    -1     1     1     1
    -1    -1    -1    -1    -1     1     1     0
     1     1     1     1     1     1     0     0

Bernhard (-1) to move (time left: 111.3 sec.):
     0     1     1     1     1     1     0     0
     0     0     1    -1     1     1     0     0
     1    -1    -1     1     1     1     1     1
    -1    -1    -1    -1     1     1     1     1
    -1    -1     1     1    -1    -1     1     1
    -1     1    -1    -1    -1    -1     1     1
    -1    -1    -1    -1    -1     1    -1     0
     1     1     1     1     1     1     0    -1

DerGeileGetz (1) to move (time left: 142.4 sec.):
     0     1     1     1     1     1     0     0
     0     0     1    -1     1     1     0     0
     1    -1    -1     1     1     1     1     1
    -1    -1    -1    -1     1     1     1     1
    -1    -1     1     1    -1    -1     1     1
    -1     1    -1    -1    -1    -1     1     1
    -1    -1    -1    -1    -1     1     1     0
     1     1     1     1     1     1     1    -1

Bernhard (-1) to move (time left: 111.2 sec.):
     0     1     1     1     1     1     0     0
     0     0     1    -1     1     1     0     0
     1    -1    -1     1     1     1     1     1
    -1    -1    -1    -1     1     1     1     1
    -1    -1     1     1    -1    -1     1     1
    -1     1    -1    -1    -1    -1    -1     1
    -1    -1    -1    -1    -1    -1    -1    -1
     1     1     1     1     1     1     1    -1

DerGeileGetz (1) to move (time left: 142.2 sec.):
     0     1     1     1     1     1     0     0
     0     1     1    -1     1     1     0     0
     1     1    -1     1     1     1     1     1
    -1     1    -1    -1     1     1     1     1
    -1     1     1     1    -1    -1     1     1
    -1     1    -1    -1    -1    -1    -1     1
    -1    -1    -1    -1    -1    -1    -1    -1
     1     1     1     1     1     1     1    -1

Bernhard (-1) to move (time left: 111.0 sec.):
    -1     1     1     1     1     1     0     0
     0    -1     1    -1     1     1     0     0
     1     1    -1     1     1     1     1     1
    -1     1    -1    -1     1     1     1     1
    -1     1     1     1    -1    -1     1     1
    -1     1    -1    -1    -1    -1    -1     1
    -1    -1    -1    -1    -1    -1    -1    -1
     1     1     1     1     1     1     1    -1

DerGeileGetz (1) to move (time left: 142.1 sec.):
    -1     1     1     1     1     1     0     0
     1     1     1    -1     1     1     0     0
     1     1    -1     1     1     1     1     1
    -1     1    -1    -1     1     1     1     1
    -1     1     1     1    -1    -1     1     1
    -1     1    -1    -1    -1    -1    -1     1
    -1    -1    -1    -1    -1    -1    -1    -1
     1     1     1     1     1     1     1    -1

Bernhard (-1) to move (time left: 110.9 sec.):
    -1    -1    -1    -1    -1    -1    -1     0
     1     1     1    -1     1    -1     0     0
     1     1    -1     1    -1     1     1     1
    -1     1    -1    -1     1     1     1     1
    -1     1     1     1    -1    -1     1     1
    -1     1    -1    -1    -1    -1    -1     1
    -1    -1    -1    -1    -1    -1    -1    -1
     1     1     1     1     1     1     1    -1

DerGeileGetz (1) to move (time left: 142.0 sec.):
    -1    -1    -1    -1    -1    -1    -1     0
     1     1     1    -1     1     1     1     0
     1     1    -1     1    -1     1     1     1
    -1     1    -1    -1     1     1     1     1
    -1     1     1     1    -1    -1     1     1
    -1     1    -1    -1    -1    -1    -1     1
    -1    -1    -1    -1    -1    -1    -1    -1
     1     1     1     1     1     1     1    -1

Bernhard (-1) to move (time left: 110.8 sec.):
    -1    -1    -1    -1    -1    -1    -1    -1
     1     1     1    -1     1     1    -1     0
     1     1    -1     1    -1    -1     1     1
    -1     1    -1    -1    -1     1     1     1
    -1     1     1    -1    -1    -1     1     1
    -1     1    -1    -1    -1    -1    -1     1
    -1    -1    -1    -1    -1    -1    -1    -1
     1     1     1     1     1     1     1    -1

DerGeileGetz (1) to move (time left: 141.9 sec.):
    -1    -1    -1    -1    -1    -1    -1    -1
     1     1     1    -1     1     1     1     1
     1     1    -1     1    -1    -1     1     1
    -1     1    -1    -1    -1     1     1     1
    -1     1     1    -1    -1    -1     1     1
    -1     1    -1    -1    -1    -1    -1     1
    -1    -1    -1    -1    -1    -1    -1    -1
     1     1     1     1     1     1     1    -1

Game over.
