hiba against Bjoern:
     0     0     0     0     0     0     0     0
     0     0     0     0     0     0     0     0
     0     0     0     0     0     0     0     0
     0     0     0     1    -1     0     0     0
     0     0     0    -1     1     0     0     0
     0     0     0     0     0     0     0     0
     0     0     0     0     0     0     0     0
     0     0     0     0     0     0     0     0

Bjoern (-1) to move (time left: 180.0 sec.):
     0     0     0     0     0     0     0     0
     0     0     0     0     0     0     0     0
     0     0     0     0     0     0     0     0
     0     0    -1    -1    -1     0     0     0
     0     0     0    -1     1     0     0     0
     0     0     0     0     0     0     0     0
     0     0     0     0     0     0     0     0
     0     0     0     0     0     0     0     0

hiba (1) to move (time left: 180.0 sec.):
     0     0     0     0     0     0     0     0
     0     0     0     0     0     0     0     0
     0     0     1     0     0     0     0     0
     0     0    -1     1    -1     0     0     0
     0     0     0    -1     1     0     0     0
     0     0     0     0     0     0     0     0
     0     0     0     0     0     0     0     0
     0     0     0     0     0     0     0     0

Bjoern (-1) to move (time left: 179.8 sec.):
     0     0     0     0     0     0     0     0
     0     0     0     0     0     0     0     0
     0     0     1    -1     0     0     0     0
     0     0    -1    -1    -1     0     0     0
     0     0     0    -1     1     0     0     0
     0     0     0     0     0     0     0     0
     0     0     0     0     0     0     0     0
     0     0     0     0     0     0     0     0

hiba (1) to move (time left: 179.9 sec.):
     0     0     0     0     0     0     0     0
     0     0     0     0     0     0     0     0
     0     0     1    -1     0     0     0     0
     0     0     1    -1    -1     0     0     0
     0     0     1     1     1     0     0     0
     0     0     0     0     0     0     0     0
     0     0     0     0     0     0     0     0
     0     0     0     0     0     0     0     0

Bjoern (-1) to move (time left: 179.4 sec.):
     0     0     0     0     0     0     0     0
     0     0     0     0     0     0     0     0
     0    -1    -1    -1     0     0     0     0
     0     0     1    -1    -1     0     0     0
     0     0     1     1     1     0     0     0
     0     0     0     0     0     0     0     0
     0     0     0     0     0     0     0     0
     0     0     0     0     0     0     0     0

hiba (1) to move (time left: 179.6 sec.):
     0     0     0     0     0     0     0     0
     0     0     1     0     0     0     0     0
     0    -1     1    -1     0     0     0     0
     0     0     1    -1    -1     0     0     0
     0     0     1     1     1     0     0     0
     0     0     0     0     0     0     0     0
     0     0     0     0     0     0     0     0
     0     0     0     0     0     0     0     0

Bjoern (-1) to move (time left: 178.2 sec.):
     0     0     0     0     0     0     0     0
     0     0     1     0     0     0     0     0
     0    -1     1    -1     0     0     0     0
     0     0     1    -1    -1     0     0     0
     0     0     1    -1     1     0     0     0
     0     0    -1     0     0     0     0     0
     0     0     0     0     0     0     0     0
     0     0     0     0     0     0     0     0

hiba (1) to move (time left: 179.2 sec.):
     0     0     0     0     0     0     0     0
     0     0     1     0     0     0     0     0
     0     1     1    -1     0     0     0     0
     1     0     1    -1    -1     0     0     0
     0     0     1    -1     1     0     0     0
     0     0    -1     0     0     0     0     0
     0     0     0     0     0     0     0     0
     0     0     0     0     0     0     0     0

Bjoern (-1) to move (time left: 176.4 sec.):
     0     0     0     0     0     0     0     0
     0     0     1     0     0     0     0     0
    -1    -1    -1    -1     0     0     0     0
     1     0     1    -1    -1     0     0     0
     0     0     1    -1     1     0     0     0
     0     0    -1     0     0     0     0     0
     0     0     0     0     0     0     0     0
     0     0     0     0     0     0     0     0

hiba (1) to move (time left: 178.7 sec.):
     0     0     0     0     0     0     0     0
     1     0     1     0     0     0     0     0
     1     1    -1    -1     0     0     0     0
     1     0     1    -1    -1     0     0     0
     0     0     1    -1     1     0     0     0
     0     0    -1     0     0     0     0     0
     0     0     0     0     0     0     0     0
     0     0     0     0     0     0     0     0

Bjoern (-1) to move (time left: 175.2 sec.):
     0     0     0     0     0     0     0     0
     1     0     1     0     0     0     0     0
     1     1    -1    -1     0     0     0     0
     1     0     1    -1    -1     0     0     0
     0     0     1    -1    -1     0     0     0
     0     0    -1     0     0    -1     0     0
     0     0     0     0     0     0     0     0
     0     0     0     0     0     0     0     0

hiba (1) to move (time left: 178.6 sec.):
     0     0     0     0     0     0     0     0
     1     0     1     0     0     0     0     0
     1     1    -1     1     0     0     0     0
     1     0     1    -1     1     0     0     0
     0     0     1     1     1     1     0     0
     0     0    -1     0     0    -1     0     0
     0     0     0     0     0     0     0     0
     0     0     0     0     0     0     0     0

Bjoern (-1) to move (time left: 172.9 sec.):
     0     0    -1     0     0     0     0     0
     1     0    -1     0     0     0     0     0
     1     1    -1     1     0     0     0     0
     1     0     1    -1     1     0     0     0
     0     0     1     1     1     1     0     0
     0     0    -1     0     0    -1     0     0
     0     0     0     0     0     0     0     0
     0     0     0     0     0     0     0     0

hiba (1) to move (time left: 178.3 sec.):
     0     0    -1     1     0     0     0     0
     1     0     1     0     0     0     0     0
     1     1    -1     1     0     0     0     0
     1     0     1    -1     1     0     0     0
     0     0     1     1     1     1     0     0
     0     0    -1     0     0    -1     0     0
     0     0     0     0     0     0     0     0
     0     0     0     0     0     0     0     0

Bjoern (-1) to move (time left: 171.1 sec.):
     0     0    -1    -1    -1     0     0     0
     1     0     1     0     0     0     0     0
     1     1    -1     1     0     0     0     0
     1     0     1    -1     1     0     0     0
     0     0     1     1     1     1     0     0
     0     0    -1     0     0    -1     0     0
     0     0     0     0     0     0     0     0
     0     0     0     0     0     0     0     0

hiba (1) to move (time left: 177.7 sec.):
     0     0    -1    -1    -1     0     0     0
     1     0     1     0     0     0     0     0
     1     1    -1     1     0     0     0     0
     1     0     1    -1     1     0     0     0
     0     0     1     1     1     1     0     0
     0     0    -1     0     0     1     0     0
     0     0     0     0     0     1     0     0
     0     0     0     0     0     0     0     0

Bjoern (-1) to move (time left: 169.6 sec.):
     0     0    -1    -1    -1     0     0     0
     1     0     1     0     0     0     0     0
     1     1    -1     1     0     0     0     0
     1     0     1    -1     1     0     0     0
     0     0    -1     1     1     1     0     0
     0    -1    -1     0     0     1     0     0
     0     0     0     0     0     1     0     0
     0     0     0     0     0     0     0     0

hiba (1) to move (time left: 177.2 sec.):
     0     0    -1    -1    -1     0     0     0
     1     0     1     0     0     0     0     0
     1     1    -1     1     0     0     0     0
     1     0     1    -1     1     0     0     0
     0     0     1     1     1     1     0     0
     0    -1     1     0     0     1     0     0
     0     0     1     0     0     1     0     0
     0     0     0     0     0     0     0     0

Bjoern (-1) to move (time left: 167.9 sec.):
     0     0    -1    -1    -1     0     0     0
     1     0     1     0     0     0     0     0
     1     1    -1     1     0     0     0     0
     1     0    -1    -1     1     0     0     0
     0     0    -1     1     1     1     0     0
     0    -1    -1     0     0     1     0     0
     0     0    -1     0     0     1     0     0
     0     0    -1     0     0     0     0     0

hiba (1) to move (time left: 176.6 sec.):
     0     0    -1    -1    -1     0     0     0
     1     0     1     0     0     0     0     0
     1     1    -1     1     0     0     0     0
     1     0    -1    -1     1     0     0     0
     0     0    -1     1     1     1     0     0
     0    -1     1     0     0     1     0     0
     0     1    -1     0     0     1     0     0
     0     0    -1     0     0     0     0     0

Bjoern (-1) to move (time left: 167.0 sec.):
     0     0    -1    -1    -1     0     0     0
     1     0     1     0     0     0     0     0
     1     1    -1     1     0     0     0     0
     1     0    -1    -1     1     0     0     0
     0     0    -1    -1     1     1     0     0
     0    -1    -1    -1     0     1     0     0
     0     1    -1     0     0     1     0     0
     0     0    -1     0     0     0     0     0

hiba (1) to move (time left: 176.0 sec.):
     0     0    -1    -1    -1     0     0     0
     1     0     1     0     0     0     0     0
     1     1    -1     1     0     0     0     0
     1     0    -1     1     1     0     0     0
     0     0    -1     1     1     1     0     0
     0    -1    -1     1     0     1     0     0
     0     1     1     1     0     1     0     0
     0     0    -1     0     0     0     0     0

Bjoern (-1) to move (time left: 165.6 sec.):
     0     0    -1    -1    -1     0     0     0
     1     0     1     0     0     0     0     0
     1     1    -1     1     0     0     0     0
     1     0    -1     1     1     0     0     0
     0     0    -1     1     1     1     0     0
     0    -1    -1     1     0     1     0     0
     0    -1     1     1     0     1     0     0
    -1     0    -1     0     0     0     0     0

hiba (1) to move (time left: 174.6 sec.):
     0     0    -1    -1    -1     0     0     0
     1     0     1     0     0     0     0     0
     1     1    -1     1     0     0     0     0
     1     0    -1     1     1     0     0     0
     0     0     1     1     1     1     0     0
     0     1    -1     1     0     1     0     0
     1     1     1     1     0     1     0     0
    -1     0    -1     0     0     0     0     0

Bjoern (-1) to move (time left: 163.2 sec.):
     0     0    -1    -1    -1     0     0     0
     1     0     1     0     0     0     0     0
     1     1    -1     1     0     0     0     0
     1     0    -1     1     1     0     0     0
     0     0     1    -1     1     1     0     0
     0     1    -1    -1    -1     1     0     0
     1     1     1    -1     0     1     0     0
    -1     0    -1     0     0     0     0     0

hiba (1) to move (time left: 173.5 sec.):
     0     0    -1    -1    -1     0     0     0
     1     0     1     0     0     0     0     0
     1     1    -1     1     0     0     0     0
     1     0    -1     1     1     0     0     0
     0     0     1     1     1     1     0     0
     0     1    -1     1    -1     1     0     0
     1     1     1     1     0     1     0     0
    -1     0    -1     1     0     0     0     0

Bjoern (-1) to move (time left: 162.7 sec.):
     0     0    -1    -1    -1     0     0     0
     1     0     1     0     0     0     0     0
     1     1    -1     1     0     0     0     0
     1     0    -1     1     1     0     0     0
     0     0     1     1     1     1     0     0
     0     1    -1     1    -1     1     0     0
     1     1     1    -1     0     1     0     0
    -1     0    -1    -1    -1     0     0     0

hiba (1) to move (time left: 172.4 sec.):
     0     0    -1    -1    -1     0     0     0
     1     0     1     0     0     0     0     0
     1     1    -1     1     0     0     0     0
     1     0    -1     1     1     0     0     0
     0     0     1     1     1     1     0     0
     0     1    -1     1     1     1     0     0
     1     1     1     1     1     1     0     0
    -1     0    -1    -1    -1     0     0     0

Bjoern (-1) to move (time left: 161.1 sec.):
     0     0    -1    -1    -1     0     0     0
     1     0     1    -1     0     0     0     0
     1     1    -1    -1     0     0     0     0
     1     0    -1    -1     1     0     0     0
     0     0     1    -1     1     1     0     0
     0     1    -1    -1     1     1     0     0
     1     1     1    -1     1     1     0     0
    -1     0    -1    -1    -1     0     0     0

hiba (1) to move (time left: 171.4 sec.):
     0     0    -1    -1    -1     0     0     0
     1     0     1    -1     0     0     0     0
     1     1     1     1     1     0     0     0
     1     0    -1     1     1     0     0     0
     0     0     1    -1     1     1     0     0
     0     1    -1    -1     1     1     0     0
     1     1     1    -1     1     1     0     0
    -1     0    -1    -1    -1     0     0     0

Bjoern (-1) to move (time left: 160.3 sec.):
     0     0    -1    -1    -1     0     0     0
     1     0     1    -1     0     0     0     0
     1     1    -1     1     1     0     0     0
     1    -1    -1     1     1     0     0     0
     0     0    -1    -1     1     1     0     0
     0     1    -1    -1     1     1     0     0
     1     1     1    -1     1     1     0     0
    -1     0    -1    -1    -1     0     0     0

hiba (1) to move (time left: 170.2 sec.):
     0     0    -1    -1    -1     0     0     0
     1     0     1    -1     0     0     0     0
     1     1    -1     1     1     0     0     0
     1     1     1     1     1     0     0     0
     0     1     1     1     1     1     0     0
     0     1    -1    -1     1     1     0     0
     1     1     1    -1     1     1     0     0
    -1     0    -1    -1    -1     0     0     0

Bjoern (-1) to move (time left: 159.4 sec.):
     0     0    -1    -1    -1     0     0     0
     1     0     1    -1     0     0     0     0
     1     1    -1     1     1     0     0     0
     1     1     1     1     1     0     0     0
     0     1     1     1     1     1     0     0
     0     1    -1    -1     1     1     0     0
     1     1    -1    -1     1     1     0     0
    -1    -1    -1    -1    -1     0     0     0

hiba (1) to move (time left: 169.6 sec.):
     0     0    -1    -1    -1     0     0     0
     1     0     1     1     1     0     0     0
     1     1    -1     1     1     0     0     0
     1     1     1     1     1     0     0     0
     0     1     1     1     1     1     0     0
     0     1    -1    -1     1     1     0     0
     1     1    -1    -1     1     1     0     0
    -1    -1    -1    -1    -1     0     0     0

Bjoern (-1) to move (time left: 158.8 sec.):
     0     0    -1    -1    -1     0     0     0
     1     0     1     1     1     0     0     0
     1     1    -1     1     1     0     0     0
     1     1     1     1     1     0     0     0
     0     1     1     1     1     1     0     0
     0     1    -1    -1     1     1     0     0
     1     1    -1    -1    -1     1     0     0
    -1    -1    -1    -1    -1    -1     0     0

hiba (1) to move (time left: 169.3 sec.):
     0     0    -1    -1    -1     0     0     0
     1     1     1     1     1     0     0     0
     1     1     1     1     1     0     0     0
     1     1     1     1     1     0     0     0
     0     1     1     1     1     1     0     0
     0     1    -1    -1     1     1     0     0
     1     1    -1    -1    -1     1     0     0
    -1    -1    -1    -1    -1    -1     0     0

Bjoern (-1) to move (time left: 158.5 sec.):
     0     0    -1    -1    -1     0     0     0
     1     1     1     1     1     0     0     0
     1     1     1     1     1     0     0     0
     1     1     1     1     1     0     0     0
     0     1     1     1     1     1     0     0
    -1    -1    -1    -1     1     1     0     0
    -1    -1    -1    -1    -1     1     0     0
    -1    -1    -1    -1    -1    -1     0     0

hiba (1) to move (time left: 169.1 sec.):
     0     0    -1    -1    -1     0     0     0
     1     1     1     1     1     0     0     0
     1     1     1     1     1     0     0     0
     1     1     1     1     1     0     0     0
     0     1     1     1     1     1     0     0
    -1    -1    -1    -1     1     1     0     0
    -1    -1    -1    -1    -1     1     0     0
    -1    -1    -1    -1    -1    -1     0     0

Bjoern (-1) to move (time left: 158.2 sec.):
     0     0    -1    -1    -1     0     0     0
     1     1     1     1     1     0     0     0
     1     1     1     1     1     0     0     0
     1     1     1     1     1     0     0     0
     0     1     1     1     1     1     0     0
    -1    -1    -1    -1    -1    -1    -1     0
    -1    -1    -1    -1    -1    -1     0     0
    -1    -1    -1    -1    -1    -1     0     0

hiba (1) to move (time left: 169.0 sec.):
     0     0    -1    -1    -1     0     0     0
     1     1     1     1     1     0     0     0
     1     1     1     1     1     0     0     0
     1     1     1     1     1     0     0     0
     0     1     1     1     1     1     0     0
    -1    -1    -1    -1     1    -1    -1     0
    -1    -1    -1    -1    -1     1     0     0
    -1    -1    -1    -1    -1    -1     1     0

Bjoern (-1) to move (time left: 157.5 sec.):
     0     0    -1    -1    -1     0     0     0
     1     1     1     1     1     0     0     0
     1     1     1     1     1     0     0     0
     1     1     1     1     1     0     0     0
     0     1     1     1     1     1     0     0
    -1    -1    -1    -1     1    -1    -1     0
    -1    -1    -1    -1    -1     1     0     0
    -1    -1    -1    -1    -1    -1    -1    -1

hiba (1) to move (time left: 168.7 sec.):
     0     0    -1    -1    -1     0     0     0
     1     1     1     1     1     0     0     0
     1     1     1     1     1     0     0     0
     1     1     1     1     1     0     0     0
     0     1     1     1     1     1     0     0
    -1    -1    -1    -1     1     1    -1     0
    -1    -1    -1    -1    -1     1     1     0
    -1    -1    -1    -1    -1    -1    -1    -1

Bjoern (-1) to move (time left: 156.9 sec.):
     0     0    -1    -1    -1     0     0     0
     1     1     1    -1     1     0     0     0
     1     1    -1     1     1     0     0     0
     1    -1     1     1     1     0     0     0
    -1     1     1     1     1     1     0     0
    -1    -1    -1    -1     1     1    -1     0
    -1    -1    -1    -1    -1     1     1     0
    -1    -1    -1    -1    -1    -1    -1    -1

hiba (1) to move (time left: 168.5 sec.):
     0     0    -1    -1    -1     0     0     0
     1     1     1    -1     1     0     0     0
     1     1    -1     1     1     0     0     0
     1    -1     1     1     1     0     0     0
    -1     1     1     1     1     1     0     1
    -1    -1    -1    -1     1     1     1     0
    -1    -1    -1    -1    -1     1     1     0
    -1    -1    -1    -1    -1    -1    -1    -1

Bjoern (-1) to move (time left: 154.9 sec.):
    -1     0    -1    -1    -1     0     0     0
    -1    -1     1    -1     1     0     0     0
    -1     1    -1     1     1     0     0     0
    -1    -1     1     1     1     0     0     0
    -1     1     1     1     1     1     0     1
    -1    -1    -1    -1     1     1     1     0
    -1    -1    -1    -1    -1     1     1     0
    -1    -1    -1    -1    -1    -1    -1    -1

hiba (1) to move (time left: 168.2 sec.):
    -1     1    -1    -1    -1     0     0     0
    -1     1     1    -1     1     0     0     0
    -1     1    -1     1     1     0     0     0
    -1    -1     1     1     1     0     0     0
    -1     1     1     1     1     1     0     1
    -1    -1    -1    -1     1     1     1     0
    -1    -1    -1    -1    -1     1     1     0
    -1    -1    -1    -1    -1    -1    -1    -1

Bjoern (-1) to move (time left: 154.0 sec.):
    -1     1    -1    -1    -1    -1     0     0
    -1     1     1    -1    -1     0     0     0
    -1     1    -1    -1     1     0     0     0
    -1    -1    -1     1     1     0     0     0
    -1    -1     1     1     1     1     0     1
    -1    -1    -1    -1     1     1     1     0
    -1    -1    -1    -1    -1     1     1     0
    -1    -1    -1    -1    -1    -1    -1    -1

hiba (1) to move (time left: 168.1 sec.):
    -1     1    -1    -1    -1    -1     0     0
    -1     1     1     1     1     1     0     0
    -1     1    -1    -1     1     0     0     0
    -1    -1    -1     1     1     0     0     0
    -1    -1     1     1     1     1     0     1
    -1    -1    -1    -1     1     1     1     0
    -1    -1    -1    -1    -1     1     1     0
    -1    -1    -1    -1    -1    -1    -1    -1

Bjoern (-1) to move (time left: 153.3 sec.):
    -1     1    -1    -1    -1    -1     0     0
    -1    -1    -1    -1    -1    -1    -1     0
    -1     1    -1    -1     1     0     0     0
    -1    -1    -1     1     1     0     0     0
    -1    -1     1     1     1     1     0     1
    -1    -1    -1    -1     1     1     1     0
    -1    -1    -1    -1    -1     1     1     0
    -1    -1    -1    -1    -1    -1    -1    -1

hiba (1) to move (time left: 168.0 sec.):
    -1     1     1     1     1     1     1     0
    -1    -1    -1    -1    -1     1    -1     0
    -1     1    -1    -1     1     0     0     0
    -1    -1    -1     1     1     0     0     0
    -1    -1     1     1     1     1     0     1
    -1    -1    -1    -1     1     1     1     0
    -1    -1    -1    -1    -1     1     1     0
    -1    -1    -1    -1    -1    -1    -1    -1

Bjoern (-1) to move (time left: 149.9 sec.):
    -1     1     1     1     1     1     1     0
    -1    -1    -1    -1    -1     1    -1     0
    -1     1    -1    -1    -1    -1     0     0
    -1    -1    -1     1    -1     0     0     0
    -1    -1     1    -1     1     1     0     1
    -1    -1    -1    -1     1     1     1     0
    -1    -1    -1    -1    -1     1     1     0
    -1    -1    -1    -1    -1    -1    -1    -1

hiba (1) to move (time left: 167.8 sec.):
    -1     1     1     1     1     1     1     0
    -1    -1    -1     1    -1     1    -1     0
    -1     1    -1    -1     1     1     0     0
    -1    -1    -1     1     1     1     0     0
    -1    -1     1    -1     1     1     0     1
    -1    -1    -1    -1     1     1     1     0
    -1    -1    -1    -1    -1     1     1     0
    -1    -1    -1    -1    -1    -1    -1    -1

Bjoern (-1) to move (time left: 149.8 sec.):
    -1     1     1     1     1     1     1     0
    -1    -1    -1     1    -1     1    -1     0
    -1     1    -1    -1    -1    -1    -1     0
    -1    -1    -1     1     1    -1     0     0
    -1    -1     1    -1    -1     1     0     1
    -1    -1    -1    -1     1     1     1     0
    -1    -1    -1    -1    -1     1     1     0
    -1    -1    -1    -1    -1    -1    -1    -1

hiba (1) to move (time left: 167.6 sec.):
    -1     1     1     1     1     1     1     1
    -1    -1    -1     1    -1     1     1     0
    -1     1    -1    -1    -1     1    -1     0
    -1    -1    -1     1     1    -1     0     0
    -1    -1     1    -1    -1     1     0     1
    -1    -1    -1    -1     1     1     1     0
    -1    -1    -1    -1    -1     1     1     0
    -1    -1    -1    -1    -1    -1    -1    -1

Bjoern (-1) to move (time left: 149.7 sec.):
    -1     1     1     1     1     1     1     1
    -1    -1    -1     1    -1     1     1     0
    -1     1    -1    -1    -1    -1    -1     0
    -1    -1    -1     1     1    -1    -1     0
    -1    -1     1    -1    -1    -1     0     1
    -1    -1    -1    -1    -1     1     1     0
    -1    -1    -1    -1    -1     1     1     0
    -1    -1    -1    -1    -1    -1    -1    -1

hiba (1) to move (time left: 167.5 sec.):
    -1     1     1     1     1     1     1     1
    -1    -1    -1     1    -1     1     1     0
    -1     1     1     1     1     1     1     1
    -1    -1    -1     1     1    -1    -1     0
    -1    -1     1    -1    -1    -1     0     1
    -1    -1    -1    -1    -1     1     1     0
    -1    -1    -1    -1    -1     1     1     0
    -1    -1    -1    -1    -1    -1    -1    -1

Bjoern (-1) to move (time left: 149.6 sec.):
    -1     1     1     1     1     1     1     1
    -1    -1    -1     1    -1     1     1     0
    -1     1     1     1     1     1     1     1
    -1    -1    -1     1     1    -1    -1     0
    -1    -1     1    -1    -1    -1    -1     1
    -1    -1    -1    -1    -1    -1    -1     0
    -1    -1    -1    -1    -1     1    -1     0
    -1    -1    -1    -1    -1    -1    -1    -1

hiba (1) to move (time left: 167.4 sec.):
    -1     1     1     1     1     1     1     1
    -1    -1    -1     1    -1     1     1     0
    -1     1     1     1     1     1     1     1
    -1    -1    -1     1     1     1     1     1
    -1    -1     1    -1    -1    -1    -1     1
    -1    -1    -1    -1    -1    -1    -1     0
    -1    -1    -1    -1    -1     1    -1     0
    -1    -1    -1    -1    -1    -1    -1    -1

Bjoern (-1) to move (time left: 149.5 sec.):
    -1     1     1     1     1     1     1     1
    -1    -1    -1     1    -1    -1    -1    -1
    -1     1     1     1     1     1    -1     1
    -1    -1    -1     1     1    -1     1     1
    -1    -1     1    -1    -1    -1    -1     1
    -1    -1    -1    -1    -1    -1    -1     0
    -1    -1    -1    -1    -1     1    -1     0
    -1    -1    -1    -1    -1    -1    -1    -1

hiba (1) to move (time left: 167.3 sec.):
    -1     1     1     1     1     1     1     1
    -1    -1    -1     1    -1    -1    -1    -1
    -1     1     1     1     1     1    -1     1
    -1    -1    -1     1     1     1     1     1
    -1    -1     1    -1    -1    -1     1     1
    -1    -1    -1    -1    -1    -1    -1     1
    -1    -1    -1    -1    -1     1    -1     0
    -1    -1    -1    -1    -1    -1    -1    -1

Bjoern (-1) to move (time left: 149.4 sec.):
    -1     1     1     1     1     1     1     1
    -1    -1    -1     1    -1    -1    -1    -1
    -1     1     1     1     1     1    -1    -1
    -1    -1    -1     1     1     1     1    -1
    -1    -1     1    -1    -1    -1     1    -1
    -1    -1    -1    -1    -1    -1    -1    -1
    -1    -1    -1    -1    -1     1    -1    -1
    -1    -1    -1    -1    -1    -1    -1    -1

Game over.
