hiba against Bernhard:
     0     0     0     0     0     0     0     0
     0     0     0     0     0     0     0     0
     0     0     0     0     0     0     0     0
     0     0     0     1    -1     0     0     0
     0     0     0    -1     1     0     0     0
     0     0     0     0     0     0     0     0
     0     0     0     0     0     0     0     0
     0     0     0     0     0     0     0     0

Bernhard (-1) to move (time left: 180.0 sec.):
     0     0     0     0     0     0     0     0
     0     0     0     0     0     0     0     0
     0     0     0     0     0     0     0     0
     0     0    -1    -1    -1     0     0     0
     0     0     0    -1     1     0     0     0
     0     0     0     0     0     0     0     0
     0     0     0     0     0     0     0     0
     0     0     0     0     0     0     0     0

hiba (1) to move (time left: 180.0 sec.):
     0     0     0     0     0     0     0     0
     0     0     0     0     0     0     0     0
     0     0     1     0     0     0     0     0
     0     0    -1     1    -1     0     0     0
     0     0     0    -1     1     0     0     0
     0     0     0     0     0     0     0     0
     0     0     0     0     0     0     0     0
     0     0     0     0     0     0     0     0

Bernhard (-1) to move (time left: 179.8 sec.):
     0     0     0     0     0     0     0     0
     0     0     0     0     0     0     0     0
     0     0     1    -1     0     0     0     0
     0     0    -1    -1    -1     0     0     0
     0     0     0    -1     1     0     0     0
     0     0     0     0     0     0     0     0
     0     0     0     0     0     0     0     0
     0     0     0     0     0     0     0     0

hiba (1) to move (time left: 179.8 sec.):
     0     0     0     0     0     0     0     0
     0     0     0     0     0     0     0     0
     0     0     1    -1     0     0     0     0
     0     0     1    -1    -1     0     0     0
     0     0     1     1     1     0     0     0
     0     0     0     0     0     0     0     0
     0     0     0     0     0     0     0     0
     0     0     0     0     0     0     0     0

Bernhard (-1) to move (time left: 179.6 sec.):
     0     0     0     0     0     0     0     0
     0     0     0     0     0     0     0     0
     0     0     1    -1     0     0     0     0
     0     0     1    -1    -1     0     0     0
     0     0    -1     1     1     0     0     0
     0    -1     0     0     0     0     0     0
     0     0     0     0     0     0     0     0
     0     0     0     0     0     0     0     0

hiba (1) to move (time left: 179.5 sec.):
     0     0     0     0     0     0     0     0
     0     0     0     0     0     0     0     0
     0     0     1    -1     0     0     0     0
     0     0     1    -1    -1     0     0     0
     0     0     1     1     1     0     0     0
     0    -1     1     0     0     0     0     0
     0     0     0     0     0     0     0     0
     0     0     0     0     0     0     0     0

Bernhard (-1) to move (time left: 178.4 sec.):
     0     0     0     0     0     0     0     0
     0     0     0     0     0     0     0     0
     0     0     1    -1     0     0     0     0
     0     0    -1    -1    -1     0     0     0
     0    -1     1     1     1     0     0     0
     0    -1     1     0     0     0     0     0
     0     0     0     0     0     0     0     0
     0     0     0     0     0     0     0     0

hiba (1) to move (time left: 179.1 sec.):
     0     0     0     0     0     0     0     0
     0     0     0     1     0     0     0     0
     0     0     1     1     0     0     0     0
     0     0    -1     1    -1     0     0     0
     0    -1     1     1     1     0     0     0
     0    -1     1     0     0     0     0     0
     0     0     0     0     0     0     0     0
     0     0     0     0     0     0     0     0

Bernhard (-1) to move (time left: 177.3 sec.):
     0     0     0     0     0     0     0     0
     0     0     0     1     0     0     0     0
     0     0     1     1    -1     0     0     0
     0     0    -1    -1    -1     0     0     0
     0    -1    -1     1     1     0     0     0
     0    -1     1     0     0     0     0     0
     0     0     0     0     0     0     0     0
     0     0     0     0     0     0     0     0

hiba (1) to move (time left: 178.6 sec.):
     0     0     0     0     0     0     0     0
     0     0     0     1     0     0     0     0
     0     0     1     1    -1     0     0     0
     0     0     1    -1    -1     0     0     0
     0     1    -1     1     1     0     0     0
     1     1     1     0     0     0     0     0
     0     0     0     0     0     0     0     0
     0     0     0     0     0     0     0     0

Bernhard (-1) to move (time left: 175.3 sec.):
     0     0     0     0     0     0     0     0
     0     0     0     1     0     0     0     0
     0     0     1     1    -1     0     0     0
     0     0     1    -1    -1     0     0     0
     0     1    -1    -1     1     0     0     0
     1     1     1    -1     0     0     0     0
     0     0     0     0     0     0     0     0
     0     0     0     0     0     0     0     0

hiba (1) to move (time left: 177.7 sec.):
     0     0     0     0     0     0     0     0
     0     0     0     1     0     0     0     0
     0     0     1     1     1     0     0     0
     0     0     1     1     1     1     0     0
     0     1    -1    -1     1     0     0     0
     1     1     1    -1     0     0     0     0
     0     0     0     0     0     0     0     0
     0     0     0     0     0     0     0     0

Bernhard (-1) to move (time left: 173.7 sec.):
     0     0     0     0     0     0     0     0
     0     0     0     1     0     0     0     0
     0     0     1     1     1     0     0     0
     0     0     1     1     1     1     0     0
    -1    -1    -1    -1     1     0     0     0
     1     1     1    -1     0     0     0     0
     0     0     0     0     0     0     0     0
     0     0     0     0     0     0     0     0

hiba (1) to move (time left: 175.4 sec.):
     0     0     0     0     0     0     0     0
     0     0     0     1     0     0     0     0
     0     0     1     1     1     0     0     0
     1     0     1     1     1     1     0     0
     1     1    -1    -1     1     0     0     0
     1     1     1    -1     0     0     0     0
     0     0     0     0     0     0     0     0
     0     0     0     0     0     0     0     0

Bernhard (-1) to move (time left: 172.6 sec.):
     0     0     0     0     0     0     0     0
     0     0     0     1     0    -1     0     0
     0     0     1     1    -1     0     0     0
     1     0     1    -1     1     1     0     0
     1     1    -1    -1     1     0     0     0
     1     1     1    -1     0     0     0     0
     0     0     0     0     0     0     0     0
     0     0     0     0     0     0     0     0

hiba (1) to move (time left: 175.1 sec.):
     0     0     0     0     0     0     0     0
     0     0     0     1     0    -1     0     0
     0     0     1     1    -1     0     0     0
     1     0     1     1     1     1     0     0
     1     1    -1     1     1     0     0     0
     1     1     1     1     0     0     0     0
     0     0     0     1     0     0     0     0
     0     0     0     0     0     0     0     0

Bernhard (-1) to move (time left: 171.5 sec.):
     0     0     0     0     0     0     0     0
     0     0     0     1     0    -1     0     0
     0     0     1     1    -1     0     0     0
     1     0     1     1    -1     1     0     0
     1     1    -1     1    -1     0     0     0
     1     1     1     1    -1     0     0     0
     0     0     0     1     0     0     0     0
     0     0     0     0     0     0     0     0

hiba (1) to move (time left: 174.0 sec.):
     0     0     0     0     0     0     0     0
     0     0     0     1     0    -1     0     0
     0     0     1     1     1     1     0     0
     1     0     1     1     1     1     0     0
     1     1    -1     1    -1     0     0     0
     1     1     1     1    -1     0     0     0
     0     0     0     1     0     0     0     0
     0     0     0     0     0     0     0     0

Bernhard (-1) to move (time left: 170.1 sec.):
     0     0     0     0     0     0     0     0
     0     0     0     1     0    -1     0     0
     0     0     1     1     1     1     0     0
     1     0     1     1     1     1     0     0
     1     1    -1     1    -1     0     0     0
     1     1    -1    -1    -1     0     0     0
     0     0    -1     1     0     0     0     0
     0     0     0     0     0     0     0     0

hiba (1) to move (time left: 173.4 sec.):
     0     0     0     0     0     0     0     0
     0     0     0     1     0    -1     0     0
     0     0     1     1     1     1     0     0
     1     0     1     1     1     1     0     0
     1     1    -1     1     1     0     0     0
     1     1     1     1     1     1     0     0
     0     0    -1     1     0     0     0     0
     0     0     0     0     0     0     0     0

Bernhard (-1) to move (time left: 168.8 sec.):
     0     0     0     0     0     0     0     0
     0     0     0     1     0    -1     0     0
     0     0     1     1     1     1     0     0
     1     0     1     1     1     1     0     0
     1     1    -1     1     1     0     0     0
     1     1     1    -1     1     1     0     0
     0     0    -1    -1    -1     0     0     0
     0     0     0     0     0     0     0     0

hiba (1) to move (time left: 171.7 sec.):
     0     0     0     0     0     0     0     0
     0     0     0     1     0    -1     0     0
     0     0     1     1     1     1     0     0
     1     0     1     1     1     1     0     0
     1     1    -1     1     1     0     0     0
     1     1     1    -1     1     1     0     0
     0     0    -1     1     1     0     0     0
     0     0     0     0     1     0     0     0

Bernhard (-1) to move (time left: 167.9 sec.):
     0     0     0     0     0     0     0     0
     0     0     0     1     0    -1     0     0
     0     0     1     1     1     1     0     0
     1     0     1     1     1     1     0     0
     1     1    -1     1     1     0     0     0
     1     1     1    -1     1     1     0     0
     0     0    -1    -1     1     0     0     0
     0     0     0    -1     1     0     0     0

hiba (1) to move (time left: 170.8 sec.):
     0     0     0     0     0     0     0     0
     0     0     0     1     0    -1     0     0
     0     0     1     1     1     1     0     0
     1     0     1     1     1     1     0     0
     1     1    -1     1     1     0     0     0
     1     1     1    -1     1     1     0     0
     0     0     1     1     1     0     0     0
     0     0     1     1     1     0     0     0

Bernhard (-1) to move (time left: 166.4 sec.):
     0     0     0     0     0     0     0     0
     0     0     0     1     0    -1     0     0
     0     0     1     1     1     1     0     0
     1     0     1     1     1     1     0     0
     1     1    -1     1     1     0     0     0
     1     1     1    -1     1     1     0     0
     0     0     1     1    -1     0     0     0
     0     0     1     1     1    -1     0     0

hiba (1) to move (time left: 170.3 sec.):
     0     0     0     0     0     0     0     0
     0     0     0     1     0    -1     0     0
     0     0     1     1     1     1     0     0
     1     0     1     1     1     1     0     0
     1     1    -1     1     1     0     0     0
     1     1     1    -1     1     1     0     0
     0     0     1     1     1     1     0     0
     0     0     1     1     1    -1     0     0

Bernhard (-1) to move (time left: 165.6 sec.):
     0     0     0    -1     0     0     0     0
     0     0     0    -1     0    -1     0     0
     0     0     1    -1     1     1     0     0
     1     0     1    -1     1     1     0     0
     1     1    -1    -1     1     0     0     0
     1     1     1    -1     1     1     0     0
     0     0     1     1     1     1     0     0
     0     0     1     1     1    -1     0     0

hiba (1) to move (time left: 169.7 sec.):
     0     0     0    -1     0     0     0     0
     0     0     0    -1     0    -1     0     0
     0     0     1    -1     1     1     0     0
     1     1     1    -1     1     1     0     0
     1     1     1    -1     1     0     0     0
     1     1     1     1     1     1     0     0
     0     0     1     1     1     1     0     0
     0     0     1     1     1    -1     0     0

Bernhard (-1) to move (time left: 165.2 sec.):
     0     0     0    -1     0     0     0     0
     0     0     0    -1     0    -1     0     0
    -1     0     1    -1     1     1     0     0
     1    -1     1    -1     1     1     0     0
     1     1    -1    -1     1     0     0     0
     1     1     1    -1     1     1     0     0
     0     0     1     1    -1     1     0     0
     0     0     1     1     1    -1     0     0

hiba (1) to move (time left: 169.0 sec.):
     0     0     0    -1     1     0     0     0
     0     0     0     1     0    -1     0     0
    -1     0     1    -1     1     1     0     0
     1    -1     1    -1     1     1     0     0
     1     1    -1    -1     1     0     0     0
     1     1     1    -1     1     1     0     0
     0     0     1     1    -1     1     0     0
     0     0     1     1     1    -1     0     0

Bernhard (-1) to move (time left: 164.0 sec.):
     0     0     0    -1    -1    -1     0     0
     0     0     0     1     0    -1     0     0
    -1     0     1    -1     1     1     0     0
     1    -1     1    -1     1     1     0     0
     1     1    -1    -1     1     0     0     0
     1     1     1    -1     1     1     0     0
     0     0     1     1    -1     1     0     0
     0     0     1     1     1    -1     0     0

hiba (1) to move (time left: 167.2 sec.):
     0     0     0    -1    -1    -1     0     0
     0     0     0     1     1    -1     0     0
    -1     0     1     1     1     1     0     0
     1    -1     1    -1     1     1     0     0
     1     1    -1    -1     1     0     0     0
     1     1     1    -1     1     1     0     0
     0     0     1     1    -1     1     0     0
     0     0     1     1     1    -1     0     0

Bernhard (-1) to move (time left: 162.5 sec.):
     0     0     0    -1    -1    -1     0     0
     0     0     0     1     1    -1     0     0
    -1    -1     1     1     1     1     0     0
     1    -1    -1    -1     1     1     0     0
     1     1    -1    -1     1     0     0     0
     1     1     1    -1     1     1     0     0
     0     0     1     1    -1     1     0     0
     0     0     1     1     1    -1     0     0

hiba (1) to move (time left: 166.1 sec.):
     0     0     0    -1    -1    -1     0     0
     0     0     1     1     1    -1     0     0
    -1     1     1     1     1     1     0     0
     1    -1    -1    -1     1     1     0     0
     1     1    -1    -1     1     0     0     0
     1     1     1    -1     1     1     0     0
     0     0     1     1    -1     1     0     0
     0     0     1     1     1    -1     0     0

Bernhard (-1) to move (time left: 161.7 sec.):
     0     0    -1    -1    -1    -1     0     0
     0     0    -1     1     1    -1     0     0
    -1     1    -1     1     1     1     0     0
     1    -1    -1    -1     1     1     0     0
     1     1    -1    -1     1     0     0     0
     1     1     1    -1     1     1     0     0
     0     0     1     1    -1     1     0     0
     0     0     1     1     1    -1     0     0

hiba (1) to move (time left: 165.6 sec.):
     0     0    -1    -1    -1    -1     0     0
     0     1     1     1     1    -1     0     0
    -1     1     1     1     1     1     0     0
     1    -1    -1     1     1     1     0     0
     1     1    -1    -1     1     0     0     0
     1     1     1    -1     1     1     0     0
     0     0     1     1    -1     1     0     0
     0     0     1     1     1    -1     0     0

Bernhard (-1) to move (time left: 161.0 sec.):
     0     0    -1    -1    -1    -1     0     0
     0     1     1     1     1    -1     0     0
    -1    -1    -1    -1    -1    -1    -1     0
     1    -1    -1     1     1    -1     0     0
     1     1    -1    -1    -1     0     0     0
     1     1     1    -1     1     1     0     0
     0     0     1     1    -1     1     0     0
     0     0     1     1     1    -1     0     0

hiba (1) to move (time left: 165.2 sec.):
     0     0    -1    -1    -1    -1     1     0
     0     1     1     1     1     1     0     0
    -1    -1    -1    -1     1    -1    -1     0
     1    -1    -1     1     1    -1     0     0
     1     1    -1    -1    -1     0     0     0
     1     1     1    -1     1     1     0     0
     0     0     1     1    -1     1     0     0
     0     0     1     1     1    -1     0     0

Bernhard (-1) to move (time left: 160.3 sec.):
     0     0    -1    -1    -1    -1    -1    -1
     0     1     1     1     1     1     0     0
    -1    -1    -1    -1     1    -1    -1     0
     1    -1    -1     1     1    -1     0     0
     1     1    -1    -1    -1     0     0     0
     1     1     1    -1     1     1     0     0
     0     0     1     1    -1     1     0     0
     0     0     1     1     1    -1     0     0

hiba (1) to move (time left: 164.9 sec.):
     0     0    -1    -1    -1    -1    -1    -1
     0     1     1     1     1     1     0     0
    -1    -1    -1    -1     1    -1    -1     0
     1    -1    -1     1     1    -1     0     0
     1     1    -1    -1    -1     0     0     0
     1     1     1    -1     1     1     0     0
     0     0     1     1    -1     1     0     0
     0     0     1     1     1     1     1     0

Bernhard (-1) to move (time left: 160.2 sec.):
    -1     0    -1    -1    -1    -1    -1    -1
     0    -1     1     1     1     1     0     0
    -1    -1    -1    -1     1    -1    -1     0
     1    -1    -1     1     1    -1     0     0
     1     1    -1    -1    -1     0     0     0
     1     1     1    -1     1     1     0     0
     0     0     1     1    -1     1     0     0
     0     0     1     1     1     1     1     0

hiba (1) to move (time left: 164.7 sec.):
    -1     1    -1    -1    -1    -1    -1    -1
     0     1     1     1     1     1     0     0
    -1     1    -1    -1     1    -1    -1     0
     1     1    -1     1     1    -1     0     0
     1     1    -1    -1    -1     0     0     0
     1     1     1    -1     1     1     0     0
     0     0     1     1    -1     1     0     0
     0     0     1     1     1     1     1     0

Bernhard (-1) to move (time left: 160.1 sec.):
    -1     1    -1    -1    -1    -1    -1    -1
    -1     1     1     1     1     1     0     0
    -1    -1    -1    -1     1    -1    -1     0
     1     1    -1     1     1    -1     0     0
     1     1    -1    -1    -1     0     0     0
     1     1     1    -1     1     1     0     0
     0     0     1     1    -1     1     0     0
     0     0     1     1     1     1     1     0

hiba (1) to move (time left: 164.5 sec.):
    -1     1    -1    -1    -1    -1    -1    -1
    -1     1     1     1     1     1     1     0
    -1    -1    -1    -1     1     1    -1     0
     1     1    -1     1     1    -1     0     0
     1     1    -1    -1    -1     0     0     0
     1     1     1    -1     1     1     0     0
     0     0     1     1    -1     1     0     0
     0     0     1     1     1     1     1     0

Bernhard (-1) to move (time left: 159.6 sec.):
    -1     1    -1    -1    -1    -1    -1    -1
    -1    -1    -1    -1    -1    -1    -1    -1
    -1    -1    -1    -1     1     1    -1     0
     1     1    -1     1     1    -1     0     0
     1     1    -1    -1    -1     0     0     0
     1     1     1    -1     1     1     0     0
     0     0     1     1    -1     1     0     0
     0     0     1     1     1     1     1     0

hiba (1) to move (time left: 164.3 sec.):
    -1     1    -1    -1    -1    -1    -1    -1
    -1    -1    -1    -1    -1    -1    -1    -1
    -1    -1    -1    -1     1     1     1     1
     1     1    -1     1     1    -1     0     0
     1     1    -1    -1    -1     0     0     0
     1     1     1    -1     1     1     0     0
     0     0     1     1    -1     1     0     0
     0     0     1     1     1     1     1     0

Bernhard (-1) to move (time left: 158.5 sec.):
    -1     1    -1    -1    -1    -1    -1    -1
    -1    -1    -1    -1    -1    -1    -1    -1
    -1    -1    -1    -1     1     1     1     1
     1     1    -1     1    -1    -1     0     0
     1     1    -1    -1    -1    -1     0     0
     1     1     1    -1     1     1     0     0
     0     0     1     1    -1     1     0     0
     0     0     1     1     1     1     1     0

hiba (1) to move (time left: 162.4 sec.):
    -1     1    -1    -1    -1    -1    -1    -1
    -1    -1    -1    -1    -1    -1    -1    -1
    -1    -1    -1    -1     1     1     1     1
     1     1    -1     1     1     1     1     0
     1     1    -1    -1    -1     1     0     0
     1     1     1    -1     1     1     0     0
     0     0     1     1    -1     1     0     0
     0     0     1     1     1     1     1     0

Bernhard (-1) to move (time left: 157.9 sec.):
    -1     1    -1    -1    -1    -1    -1    -1
    -1    -1    -1    -1    -1    -1    -1    -1
    -1    -1    -1    -1     1    -1     1     1
     1     1    -1     1     1     1    -1     0
     1     1    -1    -1    -1     1     0    -1
     1     1     1    -1     1     1     0     0
     0     0     1     1    -1     1     0     0
     0     0     1     1     1     1     1     0

hiba (1) to move (time left: 161.4 sec.):
    -1     1    -1    -1    -1    -1    -1    -1
    -1    -1    -1    -1    -1    -1    -1    -1
    -1    -1    -1    -1     1    -1     1     1
     1     1    -1     1     1     1     1     1
     1     1    -1    -1    -1     1     0    -1
     1     1     1    -1     1     1     0     0
     0     0     1     1    -1     1     0     0
     0     0     1     1     1     1     1     0

Bernhard (-1) to move (time left: 157.5 sec.):
    -1     1    -1    -1    -1    -1    -1    -1
    -1    -1    -1    -1    -1    -1    -1    -1
    -1    -1    -1    -1    -1    -1    -1     1
     1     1    -1     1     1    -1    -1     1
     1     1    -1    -1    -1    -1    -1    -1
     1     1     1    -1     1    -1     0     0
     0     0     1     1    -1     1     0     0
     0     0     1     1     1     1     1     0

hiba (1) to move (time left: 161.1 sec.):
    -1     1    -1    -1    -1    -1    -1    -1
    -1    -1    -1    -1    -1    -1    -1    -1
    -1    -1    -1    -1    -1    -1    -1     1
     1     1    -1     1     1    -1    -1     1
     1     1    -1    -1    -1     1    -1    -1
     1     1     1    -1     1     1     1     0
     0     0     1     1    -1     1     0     0
     0     0     1     1     1     1     1     0

Bernhard (-1) to move (time left: 157.3 sec.):
    -1     1    -1    -1    -1    -1    -1    -1
    -1    -1    -1    -1    -1    -1    -1    -1
    -1    -1    -1    -1    -1    -1    -1     1
     1     1    -1     1     1    -1    -1     1
     1     1    -1    -1    -1     1    -1    -1
     1     1     1    -1    -1    -1    -1    -1
     0     0     1     1    -1     1     0     0
     0     0     1     1     1     1     1     0

hiba (1) to move (time left: 160.9 sec.):
    -1     1    -1    -1    -1    -1    -1    -1
    -1    -1    -1    -1    -1    -1    -1    -1
    -1    -1    -1    -1    -1    -1    -1     1
     1     1    -1     1     1    -1    -1     1
     1     1    -1    -1     1     1    -1    -1
     1     1     1    -1    -1     1    -1    -1
     0     0     1     1    -1     1     1     0
     0     0     1     1     1     1     1     0

Bernhard (-1) to move (time left: 157.2 sec.):
    -1     1    -1    -1    -1    -1    -1    -1
    -1    -1    -1    -1    -1    -1    -1    -1
    -1    -1    -1    -1    -1    -1    -1     1
     1     1    -1    -1     1    -1    -1     1
     1     1    -1    -1    -1     1    -1    -1
     1     1     1    -1    -1    -1    -1    -1
     0     0     1     1    -1     1    -1     0
     0     0     1     1     1     1     1    -1

hiba (1) to move (time left: 160.8 sec.):
    -1     1    -1    -1    -1    -1    -1    -1
    -1    -1    -1    -1    -1    -1    -1    -1
    -1    -1    -1    -1    -1    -1    -1     1
     1     1    -1    -1     1    -1    -1     1
     1     1    -1    -1    -1     1    -1     1
     1     1     1    -1    -1    -1     1     1
     0     0     1     1    -1     1     1     1
     0     0     1     1     1     1     1    -1

Bernhard (-1) to move (time left: 157.1 sec.):
    -1     1    -1    -1    -1    -1    -1    -1
    -1    -1    -1    -1    -1    -1    -1    -1
    -1    -1    -1    -1    -1    -1    -1     1
    -1     1    -1    -1     1    -1    -1     1
    -1     1    -1    -1    -1     1    -1     1
    -1    -1     1    -1    -1    -1     1     1
    -1     0     1     1    -1     1     1     1
     0     0     1     1     1     1     1    -1

hiba (1) to move (time left: 160.8 sec.):
    -1     1    -1    -1    -1    -1    -1    -1
    -1    -1    -1    -1    -1    -1    -1    -1
    -1    -1    -1    -1    -1    -1    -1     1
    -1     1    -1    -1     1    -1    -1     1
    -1     1    -1    -1    -1     1    -1     1
    -1     1     1    -1    -1    -1     1     1
    -1     1     1     1    -1     1     1     1
     0     0     1     1     1     1     1    -1

Bernhard (-1) to move (time left: 157.0 sec.):
    -1     1    -1    -1    -1    -1    -1    -1
    -1    -1    -1    -1    -1    -1    -1    -1
    -1    -1    -1    -1    -1    -1    -1     1
    -1     1    -1    -1     1    -1    -1     1
    -1     1    -1    -1    -1     1    -1     1
    -1     1    -1    -1    -1    -1     1     1
    -1    -1     1     1    -1     1     1     1
    -1     0     1     1     1     1     1    -1

hiba (1) to move (time left: 160.7 sec.):
    -1     1    -1    -1    -1    -1    -1    -1
    -1    -1    -1    -1    -1    -1    -1    -1
    -1    -1    -1    -1    -1    -1    -1     1
    -1     1    -1    -1     1    -1    -1     1
    -1     1    -1    -1    -1     1    -1     1
    -1     1    -1    -1    -1    -1     1     1
    -1     1     1     1    -1     1     1     1
    -1     1     1     1     1     1     1    -1

Game over.
