Jojo against MiniMaxPlayer:
     0     0     0     0     0     0     0     0
     0     0     0     0     0     0     0     0
     0     0     0     0     0     0     0     0
     0     0     0     1    -1     0     0     0
     0     0     0    -1     1     0     0     0
     0     0     0     0     0     0     0     0
     0     0     0     0     0     0     0     0
     0     0     0     0     0     0     0     0

MiniMaxPlayer (-1) to move (time left: 180.0 sec.):
     0     0     0     0     0     0     0     0
     0     0     0     0     0     0     0     0
     0     0     0     0     0     0     0     0
     0     0    -1    -1    -1     0     0     0
     0     0     0    -1     1     0     0     0
     0     0     0     0     0     0     0     0
     0     0     0     0     0     0     0     0
     0     0     0     0     0     0     0     0

Jojo (1) to move (time left: 180.0 sec.):
     0     0     0     0     0     0     0     0
     0     0     0     0     0     0     0     0
     0     0     1     0     0     0     0     0
     0     0    -1     1    -1     0     0     0
     0     0     0    -1     1     0     0     0
     0     0     0     0     0     0     0     0
     0     0     0     0     0     0     0     0
     0     0     0     0     0     0     0     0

MiniMaxPlayer (-1) to move (time left: 179.7 sec.):
     0     0     0     0     0     0     0     0
     0     0    -1     0     0     0     0     0
     0     0    -1     0     0     0     0     0
     0     0    -1     1    -1     0     0     0
     0     0     0    -1     1     0     0     0
     0     0     0     0     0     0     0     0
     0     0     0     0     0     0     0     0
     0     0     0     0     0     0     0     0

Jojo (1) to move (time left: 180.0 sec.):
     0     0     0     0     0     0     0     0
     0     0    -1     0     0     0     0     0
     0     0    -1     0     0     0     0     0
     0     0    -1     1    -1     0     0     0
     0     0     1     1     1     0     0     0
     0     0     0     0     0     0     0     0
     0     0     0     0     0     0     0     0
     0     0     0     0     0     0     0     0

MiniMaxPlayer (-1) to move (time left: 179.3 sec.):
     0     0     0     0     0     0     0     0
     0     0    -1     0     0     0     0     0
     0     0    -1     0     0     0     0     0
     0     0    -1     1    -1     0     0     0
     0     0    -1    -1     1     0     0     0
     0     0    -1     0     0     0     0     0
     0     0     0     0     0     0     0     0
     0     0     0     0     0     0     0     0

Jojo (1) to move (time left: 180.0 sec.):
     0     0     0     0     0     0     0     0
     0     0    -1     0     0     0     0     0
     0     0    -1     0     0     0     0     0
     0     0    -1     1    -1     0     0     0
     0     1     1     1     1     0     0     0
     0     0    -1     0     0     0     0     0
     0     0     0     0     0     0     0     0
     0     0     0     0     0     0     0     0

MiniMaxPlayer (-1) to move (time left: 179.0 sec.):
     0     0     0     0     0     0     0     0
     0     0    -1     0     0     0     0     0
     0     0    -1     0     0     0     0     0
     0     0    -1    -1    -1     0     0     0
     0     1     1     1    -1     0     0     0
     0     0    -1     0     0    -1     0     0
     0     0     0     0     0     0     0     0
     0     0     0     0     0     0     0     0

Jojo (1) to move (time left: 179.9 sec.):
     0     0     1     0     0     0     0     0
     0     0     1     0     0     0     0     0
     0     0     1     0     0     0     0     0
     0     0     1    -1    -1     0     0     0
     0     1     1     1    -1     0     0     0
     0     0    -1     0     0    -1     0     0
     0     0     0     0     0     0     0     0
     0     0     0     0     0     0     0     0

MiniMaxPlayer (-1) to move (time left: 178.6 sec.):
     0     0     1     0     0     0     0     0
     0     0     1     0     0     0     0     0
     0     0     1     0     0     0     0     0
     0     0     1    -1    -1     0     0     0
    -1    -1    -1    -1    -1     0     0     0
     0     0    -1     0     0    -1     0     0
     0     0     0     0     0     0     0     0
     0     0     0     0     0     0     0     0

Jojo (1) to move (time left: 179.9 sec.):
     0     0     1     0     0     0     0     0
     0     0     1     0     0     0     0     0
     0     0     1     0     0     0     0     0
     0     0     1    -1    -1     0     0     0
    -1     1    -1    -1    -1     0     0     0
     1     0    -1     0     0    -1     0     0
     0     0     0     0     0     0     0     0
     0     0     0     0     0     0     0     0

MiniMaxPlayer (-1) to move (time left: 178.2 sec.):
     0     0     1     0     0     0     0     0
     0     0     1     0     0     0     0     0
     0     0     1     0     0     0     0     0
     0    -1    -1    -1    -1     0     0     0
    -1     1    -1    -1    -1     0     0     0
     1     0    -1     0     0    -1     0     0
     0     0     0     0     0     0     0     0
     0     0     0     0     0     0     0     0

Jojo (1) to move (time left: 179.9 sec.):
     0     0     1     0     0     0     0     0
     0     0     1     0     0     0     0     0
     0     0     1     0     0     0     0     0
     1    -1    -1    -1    -1     0     0     0
     1     1    -1    -1    -1     0     0     0
     1     0    -1     0     0    -1     0     0
     0     0     0     0     0     0     0     0
     0     0     0     0     0     0     0     0

MiniMaxPlayer (-1) to move (time left: 177.8 sec.):
     0     0     1     0     0     0     0     0
     0     0     1     0     0     0     0     0
     0     0     1     0     0     0     0     0
     1    -1    -1    -1    -1     0     0     0
     1    -1    -1    -1    -1     0     0     0
     1    -1    -1     0     0    -1     0     0
     0     0     0     0     0     0     0     0
     0     0     0     0     0     0     0     0

Jojo (1) to move (time left: 179.8 sec.):
     0     0     1     0     0     0     0     0
     0     0     1     0     0     0     0     0
     0     0     1     0     0     0     0     0
     1    -1    -1    -1    -1     0     0     0
     1     1    -1    -1    -1     0     0     0
     1    -1     1     0     0    -1     0     0
     0     0     0     1     0     0     0     0
     0     0     0     0     0     0     0     0

MiniMaxPlayer (-1) to move (time left: 177.5 sec.):
     0     0     1     0     0     0     0     0
     0     0     1     0     0     0     0     0
     0     0     1     0     0     0     0     0
     1    -1    -1    -1    -1     0     0     0
     1     1    -1    -1    -1     0     0     0
     1    -1    -1     0     0    -1     0     0
     0     0    -1     1     0     0     0     0
     0     0     0     0     0     0     0     0

Jojo (1) to move (time left: 179.8 sec.):
     0     0     1     0     0     0     0     0
     0     0     1     0     0     0     0     0
     0     0     1     1     0     0     0     0
     1    -1     1    -1    -1     0     0     0
     1     1    -1    -1    -1     0     0     0
     1    -1    -1     0     0    -1     0     0
     0     0    -1     1     0     0     0     0
     0     0     0     0     0     0     0     0

MiniMaxPlayer (-1) to move (time left: 177.1 sec.):
     0     0     1     0     0     0     0     0
     0     0     1    -1     0     0     0     0
     0     0    -1    -1     0     0     0     0
     1    -1     1    -1    -1     0     0     0
     1     1    -1    -1    -1     0     0     0
     1    -1    -1     0     0    -1     0     0
     0     0    -1     1     0     0     0     0
     0     0     0     0     0     0     0     0

Jojo (1) to move (time left: 179.8 sec.):
     0     0     1     0     0     0     0     0
     0     0     1    -1     0     0     0     0
     0     1    -1    -1     0     0     0     0
     1     1     1    -1    -1     0     0     0
     1     1    -1    -1    -1     0     0     0
     1    -1    -1     0     0    -1     0     0
     0     0    -1     1     0     0     0     0
     0     0     0     0     0     0     0     0

MiniMaxPlayer (-1) to move (time left: 176.7 sec.):
     0     0     1     0     0     0     0     0
     0     0     1    -1     0     0     0     0
    -1    -1    -1    -1     0     0     0     0
     1    -1     1    -1    -1     0     0     0
     1     1    -1    -1    -1     0     0     0
     1    -1    -1     0     0    -1     0     0
     0     0    -1     1     0     0     0     0
     0     0     0     0     0     0     0     0

Jojo (1) to move (time left: 179.7 sec.):
     0     0     1     0     0     0     0     0
     1     0     1    -1     0     0     0     0
     1     1    -1    -1     0     0     0     0
     1    -1     1    -1    -1     0     0     0
     1     1    -1    -1    -1     0     0     0
     1    -1    -1     0     0    -1     0     0
     0     0    -1     1     0     0     0     0
     0     0     0     0     0     0     0     0

MiniMaxPlayer (-1) to move (time left: 176.2 sec.):
     0    -1     1     0     0     0     0     0
     1     0    -1    -1     0     0     0     0
     1     1    -1    -1     0     0     0     0
     1    -1     1    -1    -1     0     0     0
     1     1    -1    -1    -1     0     0     0
     1    -1    -1     0     0    -1     0     0
     0     0    -1     1     0     0     0     0
     0     0     0     0     0     0     0     0

Jojo (1) to move (time left: 179.7 sec.):
     1     1     1     0     0     0     0     0
     1     0    -1    -1     0     0     0     0
     1     1    -1    -1     0     0     0     0
     1    -1     1    -1    -1     0     0     0
     1     1    -1    -1    -1     0     0     0
     1    -1    -1     0     0    -1     0     0
     0     0    -1     1     0     0     0     0
     0     0     0     0     0     0     0     0

MiniMaxPlayer (-1) to move (time left: 175.9 sec.):
     1     1     1     0     0     0     0     0
     1     0    -1    -1     0     0     0     0
     1     1    -1    -1     0     0     0     0
     1    -1     1    -1    -1     0     0     0
     1     1    -1    -1    -1     0     0     0
     1    -1    -1     0     0    -1     0     0
     0     0    -1    -1    -1     0     0     0
     0     0     0     0     0     0     0     0

Jojo (1) to move (time left: 179.7 sec.):
     1     1     1     1     0     0     0     0
     1     0     1    -1     0     0     0     0
     1     1    -1    -1     0     0     0     0
     1    -1     1    -1    -1     0     0     0
     1     1    -1    -1    -1     0     0     0
     1    -1    -1     0     0    -1     0     0
     0     0    -1    -1    -1     0     0     0
     0     0     0     0     0     0     0     0

MiniMaxPlayer (-1) to move (time left: 175.5 sec.):
     1     1     1     1     0     0     0     0
     1    -1    -1    -1     0     0     0     0
     1    -1    -1    -1     0     0     0     0
     1    -1     1    -1    -1     0     0     0
     1     1    -1    -1    -1     0     0     0
     1    -1    -1     0     0    -1     0     0
     0     0    -1    -1    -1     0     0     0
     0     0     0     0     0     0     0     0

Jojo (1) to move (time left: 179.7 sec.):
     1     1     1     1     0     0     0     0
     1    -1    -1    -1     0     0     0     0
     1    -1    -1    -1     0     0     0     0
     1    -1     1    -1    -1     0     0     0
     1     1     1    -1    -1     0     0     0
     1    -1     1     0     0    -1     0     0
     0     0     1    -1    -1     0     0     0
     0     0     1     0     0     0     0     0

MiniMaxPlayer (-1) to move (time left: 175.2 sec.):
     1     1     1     1     0     0     0     0
     1    -1    -1    -1     0     0     0     0
     1    -1    -1    -1     0     0     0     0
     1    -1     1    -1    -1     0     0     0
     1     1     1    -1    -1     0     0     0
     1    -1     1     0     0    -1     0     0
     0     0    -1    -1    -1     0     0     0
     0     0     1    -1     0     0     0     0

Jojo (1) to move (time left: 179.7 sec.):
     1     1     1     1     0     0     0     0
     1    -1    -1    -1     0     0     0     0
     1    -1    -1    -1     0     0     0     0
     1    -1     1    -1    -1     0     0     0
     1     1     1    -1    -1     0     0     0
     1     1     1     0     0    -1     0     0
     1     0    -1    -1    -1     0     0     0
     0     0     1    -1     0     0     0     0

MiniMaxPlayer (-1) to move (time left: 174.8 sec.):
     1     1     1     1     0     0     0     0
     1    -1    -1    -1     0     0     0     0
     1    -1    -1    -1     0     0     0     0
     1    -1     1    -1    -1     0     0     0
     1     1    -1    -1    -1     0     0     0
     1     1     1    -1     0    -1     0     0
     1     0    -1    -1    -1     0     0     0
     0     0     1    -1     0     0     0     0

Jojo (1) to move (time left: 179.6 sec.):
     1     1     1     1     1     0     0     0
     1    -1    -1     1     0     0     0     0
     1    -1     1    -1     0     0     0     0
     1     1     1    -1    -1     0     0     0
     1     1    -1    -1    -1     0     0     0
     1     1     1    -1     0    -1     0     0
     1     0    -1    -1    -1     0     0     0
     0     0     1    -1     0     0     0     0

MiniMaxPlayer (-1) to move (time left: 174.5 sec.):
     1     1     1     1     1     0     0     0
     1    -1    -1    -1    -1     0     0     0
     1    -1     1    -1     0     0     0     0
     1     1     1    -1    -1     0     0     0
     1     1    -1    -1    -1     0     0     0
     1     1     1    -1     0    -1     0     0
     1     0    -1    -1    -1     0     0     0
     0     0     1    -1     0     0     0     0

Jojo (1) to move (time left: 179.6 sec.):
     1     1     1     1     1     0     0     0
     1    -1    -1     1     1     0     0     0
     1    -1     1     1     1     0     0     0
     1     1     1     1    -1     0     0     0
     1     1     1    -1    -1     0     0     0
     1     1     1    -1     0    -1     0     0
     1     0    -1    -1    -1     0     0     0
     0     0     1    -1     0     0     0     0

MiniMaxPlayer (-1) to move (time left: 174.1 sec.):
     1     1     1     1     1     0     0     0
     1    -1    -1    -1    -1    -1     0     0
     1    -1     1     1     1     0     0     0
     1     1     1     1    -1     0     0     0
     1     1     1    -1    -1     0     0     0
     1     1     1    -1     0    -1     0     0
     1     0    -1    -1    -1     0     0     0
     0     0     1    -1     0     0     0     0

Jojo (1) to move (time left: 179.6 sec.):
     1     1     1     1     1     0     0     0
     1    -1    -1    -1    -1    -1     0     0
     1    -1     1     1     1     0     0     0
     1     1     1     1    -1     0     0     0
     1     1     1    -1    -1     0     0     0
     1     1     1    -1     0    -1     0     0
     1     0    -1     1    -1     0     0     0
     0     0     1     1     1     0     0     0

MiniMaxPlayer (-1) to move (time left: 173.8 sec.):
     1     1     1     1     1     0     0     0
     1    -1    -1    -1    -1    -1     0     0
     1    -1     1     1     1     0     0     0
     1    -1     1     1    -1     0     0     0
     1    -1     1    -1    -1     0     0     0
     1    -1    -1    -1     0    -1     0     0
     1    -1    -1     1    -1     0     0     0
     0     0     1     1     1     0     0     0

Jojo (1) to move (time left: 179.5 sec.):
     1     1     1     1     1     1     0     0
     1    -1    -1    -1     1    -1     0     0
     1    -1     1     1     1     0     0     0
     1    -1     1     1    -1     0     0     0
     1    -1     1    -1    -1     0     0     0
     1    -1    -1    -1     0    -1     0     0
     1    -1    -1     1    -1     0     0     0
     0     0     1     1     1     0     0     0

MiniMaxPlayer (-1) to move (time left: 173.4 sec.):
     1     1     1     1     1     1     0     0
     1    -1    -1    -1     1    -1     0     0
     1    -1    -1    -1    -1    -1     0     0
     1    -1     1     1    -1     0     0     0
     1    -1     1    -1    -1     0     0     0
     1    -1    -1    -1     0    -1     0     0
     1    -1    -1     1    -1     0     0     0
     0     0     1     1     1     0     0     0

Jojo (1) to move (time left: 179.5 sec.):
     1     1     1     1     1     1     0     0
     1    -1    -1     1     1     1     0     0
     1    -1    -1    -1     1     1     0     0
     1    -1     1     1     1     1     0     0
     1    -1     1    -1    -1     0     0     0
     1    -1    -1    -1     0    -1     0     0
     1    -1    -1     1    -1     0     0     0
     0     0     1     1     1     0     0     0

MiniMaxPlayer (-1) to move (time left: 173.1 sec.):
     1     1     1     1     1     1     0     0
     1    -1    -1     1     1     1     0     0
     1    -1    -1    -1     1     1     0     0
     1    -1    -1    -1    -1    -1    -1     0
     1    -1     1    -1    -1     0     0     0
     1    -1    -1    -1     0    -1     0     0
     1    -1    -1     1    -1     0     0     0
     0     0     1     1     1     0     0     0

Jojo (1) to move (time left: 179.4 sec.):
     1     1     1     1     1     1     0     0
     1    -1    -1     1     1     1     0     0
     1    -1    -1    -1     1     1     0     0
     1    -1    -1    -1    -1    -1    -1     0
     1    -1     1    -1    -1     0     0     0
     1    -1    -1     1     0    -1     0     0
     1    -1    -1     1     1     0     0     0
     0     0     1     1     1     1     0     0

MiniMaxPlayer (-1) to move (time left: 172.7 sec.):
     1     1     1     1     1     1     0     0
     1    -1    -1     1     1     1     0     0
     1    -1    -1    -1     1     1     0     0
     1    -1    -1    -1    -1    -1    -1     0
     1    -1     1    -1    -1     0     0     0
     1    -1    -1     1     0    -1     0     0
     1    -1    -1    -1    -1    -1     0     0
     0     0     1     1     1     1     0     0

Jojo (1) to move (time left: 179.3 sec.):
     1     1     1     1     1     1     0     0
     1    -1    -1     1     1     1     0     0
     1     1    -1    -1     1     1     0     0
     1    -1     1    -1     1    -1    -1     0
     1    -1     1     1     1     0     0     0
     1    -1    -1     1     1    -1     0     0
     1    -1    -1     1     1    -1     0     0
     0     0     1     1     1     1     0     0

MiniMaxPlayer (-1) to move (time left: 172.3 sec.):
     1     1     1     1     1     1     0     0
     1    -1    -1     1     1     1     0     0
     1     1    -1    -1     1     1     0     0
     1    -1     1    -1    -1    -1    -1     0
     1    -1    -1    -1    -1    -1     0     0
     1    -1    -1     1     1    -1     0     0
     1    -1    -1     1     1    -1     0     0
     0     0     1     1     1     1     0     0

Jojo (1) to move (time left: 179.2 sec.):
     1     1     1     1     1     1     0     0
     1    -1    -1     1     1     1     0     0
     1     1    -1    -1     1     1     0     0
     1    -1     1    -1     1    -1    -1     0
     1    -1    -1     1    -1    -1     0     0
     1    -1     1     1     1    -1     0     0
     1     1    -1     1     1    -1     0     0
     1     0     1     1     1     1     0     0

MiniMaxPlayer (-1) to move (time left: 171.9 sec.):
     1     1     1     1     1     1     0     0
     1    -1    -1    -1    -1    -1    -1     0
     1     1    -1    -1     1     1     0     0
     1    -1     1    -1     1    -1    -1     0
     1    -1    -1     1    -1    -1     0     0
     1    -1     1     1     1    -1     0     0
     1     1    -1     1     1    -1     0     0
     1     0     1     1     1     1     0     0

Jojo (1) to move (time left: 179.2 sec.):
     1     1     1     1     1     1     0     0
     1    -1    -1    -1    -1    -1    -1     0
     1     1    -1    -1     1     1     0     0
     1    -1     1    -1     1    -1    -1     0
     1    -1    -1     1    -1    -1     0     0
     1    -1     1     1     1    -1     0     0
     1     1     1     1     1    -1     0     0
     1     1     1     1     1     1     0     0

MiniMaxPlayer (-1) to move (time left: 171.6 sec.):
     1     1     1     1     1     1     0     0
     1    -1    -1    -1    -1    -1    -1     0
     1     1    -1    -1    -1    -1    -1     0
     1    -1     1    -1     1    -1    -1     0
     1    -1    -1     1    -1    -1     0     0
     1    -1     1     1     1    -1     0     0
     1     1     1     1     1    -1     0     0
     1     1     1     1     1     1     0     0

Jojo (1) to move (time left: 179.2 sec.):
     1     1     1     1     1     1     1     0
     1    -1    -1    -1    -1     1    -1     0
     1     1    -1    -1     1    -1    -1     0
     1    -1     1     1     1    -1    -1     0
     1    -1     1     1    -1    -1     0     0
     1     1     1     1     1    -1     0     0
     1     1     1     1     1    -1     0     0
     1     1     1     1     1     1     0     0

MiniMaxPlayer (-1) to move (time left: 171.2 sec.):
     1     1     1     1     1     1     1     0
     1    -1    -1    -1    -1     1    -1     0
     1     1    -1    -1     1    -1    -1     0
     1    -1     1     1     1    -1    -1     0
     1    -1     1     1    -1    -1     0     0
     1     1     1     1     1    -1     0     0
     1     1     1     1     1    -1     0     0
     1     1     1     1     1     1     0     0

Jojo (1) to move (time left: 179.1 sec.):
     1     1     1     1     1     1     1     0
     1    -1    -1    -1    -1     1    -1     0
     1     1    -1    -1     1    -1    -1     0
     1    -1     1     1     1    -1    -1     0
     1    -1     1     1    -1    -1     0     0
     1     1     1     1     1    -1     0     0
     1     1     1     1     1     1     0     0
     1     1     1     1     1     1     1     0

MiniMaxPlayer (-1) to move (time left: 170.9 sec.):
     1     1     1     1     1     1     1     0
     1    -1    -1    -1    -1     1    -1     0
     1     1    -1    -1     1    -1    -1     0
     1    -1     1     1     1    -1    -1     0
     1    -1     1     1    -1    -1     0     0
     1     1     1     1     1    -1     0     0
     1     1     1     1     1     1     0     0
     1     1     1     1     1     1     1     0

Jojo (1) to move (time left: 178.7 sec.):
     1     1     1     1     1     1     1     0
     1    -1    -1    -1     1     1    -1     0
     1     1    -1    -1     1     1    -1     0
     1    -1     1     1     1    -1     1     0
     1    -1     1     1    -1    -1     0     1
     1     1     1     1     1    -1     0     0
     1     1     1     1     1     1     0     0
     1     1     1     1     1     1     1     0

MiniMaxPlayer (-1) to move (time left: 170.6 sec.):
     1     1     1     1     1     1     1     0
     1    -1    -1    -1     1     1    -1     0
     1     1    -1    -1     1     1    -1     0
     1    -1     1     1     1    -1    -1    -1
     1    -1     1     1    -1    -1     0     1
     1     1     1     1     1    -1     0     0
     1     1     1     1     1     1     0     0
     1     1     1     1     1     1     1     0

Jojo (1) to move (time left: 178.2 sec.):
     1     1     1     1     1     1     1     1
     1    -1    -1    -1     1     1     1     0
     1     1    -1    -1     1     1    -1     0
     1    -1     1     1     1    -1    -1    -1
     1    -1     1     1    -1    -1     0     1
     1     1     1     1     1    -1     0     0
     1     1     1     1     1     1     0     0
     1     1     1     1     1     1     1     0

MiniMaxPlayer (-1) to move (time left: 170.3 sec.):
     1     1     1     1     1     1     1     1
     1    -1    -1    -1     1     1     1     0
     1     1    -1    -1     1     1    -1     0
     1    -1     1     1     1    -1    -1    -1
     1    -1     1     1    -1    -1     0    -1
     1     1     1     1     1    -1     0    -1
     1     1     1     1     1     1     0     0
     1     1     1     1     1     1     1     0

Jojo (1) to move (time left: 178.1 sec.):
     1     1     1     1     1     1     1     1
     1    -1    -1    -1     1     1     1     1
     1     1    -1    -1     1     1     1     0
     1    -1     1     1     1     1    -1    -1
     1    -1     1     1     1    -1     0    -1
     1     1     1     1     1    -1     0    -1
     1     1     1     1     1     1     0     0
     1     1     1     1     1     1     1     0

MiniMaxPlayer (-1) to move (time left: 170.0 sec.):
     1     1     1     1     1     1     1     1
     1    -1    -1    -1     1     1     1     1
     1     1    -1    -1    -1    -1    -1    -1
     1    -1     1     1     1     1    -1    -1
     1    -1     1     1     1    -1     0    -1
     1     1     1     1     1    -1     0    -1
     1     1     1     1     1     1     0     0
     1     1     1     1     1     1     1     0

Jojo (1) to move (time left: 178.1 sec.):
     1     1     1     1     1     1     1     1
     1    -1    -1    -1     1     1     1     1
     1     1    -1    -1    -1    -1    -1     1
     1    -1     1     1     1     1    -1     1
     1    -1     1     1     1    -1     0     1
     1     1     1     1     1    -1     0     1
     1     1     1     1     1     1     0     1
     1     1     1     1     1     1     1     0

MiniMaxPlayer (-1) to move (time left: 169.7 sec.):
     1     1     1     1     1     1     1     1
     1    -1    -1    -1     1     1     1     1
     1     1    -1    -1    -1    -1    -1     1
     1    -1     1     1     1    -1    -1     1
     1    -1     1     1     1    -1    -1     1
     1     1     1     1     1    -1     0     1
     1     1     1     1     1     1     0     1
     1     1     1     1     1     1     1     0

Jojo (1) to move (time left: 178.1 sec.):
     1     1     1     1     1     1     1     1
     1    -1    -1    -1     1     1     1     1
     1     1    -1    -1    -1    -1     1     1
     1    -1     1     1     1    -1     1     1
     1    -1     1     1     1     1     1     1
     1     1     1     1     1     1     1     1
     1     1     1     1     1     1     0     1
     1     1     1     1     1     1     1     0

MiniMaxPlayer (-1) to move (time left: 169.4 sec.):
     1     1     1     1     1     1     1     1
     1    -1    -1    -1     1     1     1     1
     1     1    -1    -1    -1    -1     1     1
     1    -1     1    -1     1    -1     1     1
     1    -1     1     1    -1     1     1     1
     1     1     1     1     1    -1     1     1
     1     1     1     1     1     1    -1     1
     1     1     1     1     1     1     1     0

Jojo (1) to move (time left: 178.1 sec.):
     1     1     1     1     1     1     1     1
     1     1    -1    -1     1     1     1     1
     1     1     1    -1    -1    -1     1     1
     1    -1     1     1     1    -1     1     1
     1    -1     1     1     1     1     1     1
     1     1     1     1     1     1     1     1
     1     1     1     1     1     1     1     1
     1     1     1     1     1     1     1     1

Game over.
