MiniMaxPlayer2 against MiniMaxPlayer:
     0     0     0     0     0     0     0     0
     0     0     0     0     0     0     0     0
     0     0     0     0     0     0     0     0
     0     0     0     1    -1     0     0     0
     0     0     0    -1     1     0     0     0
     0     0     0     0     0     0     0     0
     0     0     0     0     0     0     0     0
     0     0     0     0     0     0     0     0

MiniMaxPlayer (-1) to move (time left: 180.0 sec.):
     0     0     0     0     0     0     0     0
     0     0     0     0     0     0     0     0
     0     0     0     0     0     0     0     0
     0     0    -1    -1    -1     0     0     0
     0     0     0    -1     1     0     0     0
     0     0     0     0     0     0     0     0
     0     0     0     0     0     0     0     0
     0     0     0     0     0     0     0     0

MiniMaxPlayer2 (1) to move (time left: 180.0 sec.):
     0     0     0     0     0     0     0     0
     0     0     0     0     0     0     0     0
     0     0     0     0     1     0     0     0
     0     0    -1    -1     1     0     0     0
     0     0     0    -1     1     0     0     0
     0     0     0     0     0     0     0     0
     0     0     0     0     0     0     0     0
     0     0     0     0     0     0     0     0

MiniMaxPlayer (-1) to move (time left: 179.6 sec.):
     0     0     0     0     0     0     0     0
     0     0     0     0     0    -1     0     0
     0     0     0     0    -1     0     0     0
     0     0    -1    -1     1     0     0     0
     0     0     0    -1     1     0     0     0
     0     0     0     0     0     0     0     0
     0     0     0     0     0     0     0     0
     0     0     0     0     0     0     0     0

MiniMaxPlayer2 (1) to move (time left: 179.6 sec.):
     0     0     0     0     0     0     0     0
     0     0     0     0     0    -1     0     0
     0     0     0     0    -1     0     0     0
     0     1     1     1     1     0     0     0
     0     0     0    -1     1     0     0     0
     0     0     0     0     0     0     0     0
     0     0     0     0     0     0     0     0
     0     0     0     0     0     0     0     0

MiniMaxPlayer (-1) to move (time left: 179.3 sec.):
     0     0     0     0     0     0     0     0
     0     0     0     0     0    -1     0     0
     0    -1     0     0    -1     0     0     0
     0     1    -1     1     1     0     0     0
     0     0     0    -1     1     0     0     0
     0     0     0     0     0     0     0     0
     0     0     0     0     0     0     0     0
     0     0     0     0     0     0     0     0

MiniMaxPlayer2 (1) to move (time left: 179.3 sec.):
     0     0     0     0     0     0     0     0
     0     0     0     0     0    -1     0     0
     0    -1     0     0    -1     0     0     0
     0     1    -1     1     1     0     0     0
     0     0     1     1     1     0     0     0
     0     0     0     0     0     0     0     0
     0     0     0     0     0     0     0     0
     0     0     0     0     0     0     0     0

MiniMaxPlayer (-1) to move (time left: 178.9 sec.):
     0     0     0     0     0     0     0     0
     0     0     0     0     0    -1     0     0
     0    -1     0     0    -1     0     0     0
    -1    -1    -1     1     1     0     0     0
     0     0     1     1     1     0     0     0
     0     0     0     0     0     0     0     0
     0     0     0     0     0     0     0     0
     0     0     0     0     0     0     0     0

MiniMaxPlayer2 (1) to move (time left: 178.8 sec.):
     0     0     0     0     0     0     0     0
     0     0     0     0     0    -1     0     0
     1    -1     0     0    -1     0     0     0
    -1     1    -1     1     1     0     0     0
     0     0     1     1     1     0     0     0
     0     0     0     0     0     0     0     0
     0     0     0     0     0     0     0     0
     0     0     0     0     0     0     0     0

MiniMaxPlayer (-1) to move (time left: 178.4 sec.):
     0     0     0     0     0     0     0     0
     0     0     0     0     0    -1     0     0
     1    -1     0     0    -1     0     0     0
    -1     1    -1     1    -1     0     0     0
     0     0     1    -1    -1     0     0     0
     0     0     0     0    -1     0     0     0
     0     0     0     0     0     0     0     0
     0     0     0     0     0     0     0     0

MiniMaxPlayer2 (1) to move (time left: 178.4 sec.):
     0     0     0     0     0     0     0     0
     0     0     0     0     0    -1     0     0
     1    -1     0     0    -1     0     0     0
     1     1    -1     1    -1     0     0     0
     1     0     1    -1    -1     0     0     0
     0     0     0     0    -1     0     0     0
     0     0     0     0     0     0     0     0
     0     0     0     0     0     0     0     0

MiniMaxPlayer (-1) to move (time left: 178.0 sec.):
     0     0     0     0     0     0     0     0
     0     0     0     0     0    -1     0     0
     1    -1     0     0    -1     0     0     0
     1     1    -1     1    -1     0     0     0
     1     0    -1    -1    -1     0     0     0
     0     0    -1     0    -1     0     0     0
     0     0     0     0     0     0     0     0
     0     0     0     0     0     0     0     0

MiniMaxPlayer2 (1) to move (time left: 177.8 sec.):
     0     0     0     0     0     0     0     0
     0     0     1     0     0    -1     0     0
     1     1     0     0    -1     0     0     0
     1     1    -1     1    -1     0     0     0
     1     0    -1    -1    -1     0     0     0
     0     0    -1     0    -1     0     0     0
     0     0     0     0     0     0     0     0
     0     0     0     0     0     0     0     0

MiniMaxPlayer (-1) to move (time left: 177.5 sec.):
     0     0     0     0     0     0     0     0
     0     0     1     0     0    -1     0     0
     1     1    -1     0    -1     0     0     0
     1     1    -1    -1    -1     0     0     0
     1     0    -1    -1    -1     0     0     0
     0     0    -1     0    -1     0     0     0
     0     0     0     0     0     0     0     0
     0     0     0     0     0     0     0     0

MiniMaxPlayer2 (1) to move (time left: 177.4 sec.):
     0     0     0     0     0     0     0     0
     0     0     1     0     0    -1     0     0
     1     1     1     0    -1     0     0     0
     1     1     1    -1    -1     0     0     0
     1     0     1    -1    -1     0     0     0
     0     0     1     0    -1     0     0     0
     0     0     1     0     0     0     0     0
     0     0     0     0     0     0     0     0

MiniMaxPlayer (-1) to move (time left: 177.2 sec.):
     0     0     0     0     0     0     0     0
     0     0     1     0     0    -1     0     0
     1     1     1     0    -1     0     0     0
     1     1     1    -1    -1     0     0     0
     1     0    -1    -1    -1     0     0     0
     0    -1     1     0    -1     0     0     0
     0     0     1     0     0     0     0     0
     0     0     0     0     0     0     0     0

MiniMaxPlayer2 (1) to move (time left: 177.0 sec.):
     0     0     0     0     0     0     0     0
     0     0     1     0     0    -1     0     0
     1     1     1     0    -1     0     0     0
     1     1     1    -1    -1     0     0     0
     1     0     1    -1    -1     0     0     0
     0    -1     1     1    -1     0     0     0
     0     0     1     0     0     0     0     0
     0     0     0     0     0     0     0     0

MiniMaxPlayer (-1) to move (time left: 176.8 sec.):
     0     0     0     0     0     0     0     0
     0     0     1     0     0    -1     0     0
     1     1     1     0    -1     0     0     0
     1     1     1    -1    -1     0     0     0
     1     0     1    -1    -1     0     0     0
     0    -1     1     1    -1     0     0     0
     0     0    -1     0     0     0     0     0
     0     0     0    -1     0     0     0     0

MiniMaxPlayer2 (1) to move (time left: 176.5 sec.):
     0     0     0     0     0     0     0     0
     0     0     1     0     0    -1     0     0
     1     1     1     0    -1     0     0     0
     1     1     1    -1    -1     0     0     0
     1     0     1    -1    -1     0     0     0
     0    -1     1     1    -1     0     0     0
     0     0     1     0     0     0     0     0
     0     0     1    -1     0     0     0     0

MiniMaxPlayer (-1) to move (time left: 176.3 sec.):
     0     0     0     0     0     0     0     0
     0     0     1     0     0    -1     0     0
     1     1     1     0    -1     0     0     0
     1     1     1    -1    -1     0     0     0
     1    -1    -1    -1    -1     0     0     0
     0    -1     1     1    -1     0     0     0
     0     0     1     0     0     0     0     0
     0     0     1    -1     0     0     0     0

MiniMaxPlayer2 (1) to move (time left: 176.0 sec.):
     0     0     0     0     0     0     0     0
     0     0     1     0     0    -1     0     0
     1     1     1     0    -1     0     0     0
     1     1     1    -1    -1     0     0     0
     1     1    -1    -1    -1     0     0     0
     1     1     1     1    -1     0     0     0
     0     0     1     0     0     0     0     0
     0     0     1    -1     0     0     0     0

MiniMaxPlayer (-1) to move (time left: 175.8 sec.):
     0     0    -1     0     0     0     0     0
     0     0    -1     0     0    -1     0     0
     1     1    -1     0    -1     0     0     0
     1     1    -1    -1    -1     0     0     0
     1     1    -1    -1    -1     0     0     0
     1     1     1     1    -1     0     0     0
     0     0     1     0     0     0     0     0
     0     0     1    -1     0     0     0     0

MiniMaxPlayer2 (1) to move (time left: 175.3 sec.):
     0     0    -1     0     0     0     0     0
     0     0    -1     0     0    -1     0     0
     1     1     1     1    -1     0     0     0
     1     1     1     1    -1     0     0     0
     1     1    -1     1    -1     0     0     0
     1     1     1     1    -1     0     0     0
     0     0     1     0     0     0     0     0
     0     0     1    -1     0     0     0     0

MiniMaxPlayer (-1) to move (time left: 175.2 sec.):
     0     0    -1     0     0     0     0     0
     0     0    -1     0     0    -1     0     0
     1     1     1     1    -1     0     0     0
     1     1     1     1    -1     0     0     0
     1     1    -1     1    -1     0     0     0
     1     1     1    -1    -1     0     0     0
     0     0     1     0    -1     0     0     0
     0     0     1    -1     0     0     0     0

MiniMaxPlayer2 (1) to move (time left: 174.8 sec.):
     0     0    -1     0     0     0     0     0
     0     0    -1     0     0    -1     0     0
     1     1     1     1    -1     0     0     0
     1     1     1     1    -1     0     0     0
     1     1    -1     1    -1     0     0     0
     1     1     1     1    -1     0     0     0
     0     0     1     1    -1     0     0     0
     0     0     1    -1     0     0     0     0

MiniMaxPlayer (-1) to move (time left: 174.8 sec.):
     0     0    -1     0     0     0     0     0
     0     0    -1     0     0    -1     0     0
     1     1     1     1    -1     0     0     0
     1     1     1     1    -1     0     0     0
     1     1    -1     1    -1     0     0     0
     1     1     1    -1    -1     0     0     0
     0     0    -1     1    -1     0     0     0
     0    -1    -1    -1     0     0     0     0

MiniMaxPlayer2 (1) to move (time left: 174.2 sec.):
     0     0    -1     1     0     0     0     0
     0     0     1     0     0    -1     0     0
     1     1     1     1    -1     0     0     0
     1     1     1     1    -1     0     0     0
     1     1    -1     1    -1     0     0     0
     1     1     1    -1    -1     0     0     0
     0     0    -1     1    -1     0     0     0
     0    -1    -1    -1     0     0     0     0

MiniMaxPlayer (-1) to move (time left: 174.3 sec.):
     0     0    -1     1     0     0     0     0
     0     0     1    -1     0    -1     0     0
     1     1     1    -1    -1     0     0     0
     1     1     1    -1    -1     0     0     0
     1     1    -1    -1    -1     0     0     0
     1     1     1    -1    -1     0     0     0
     0     0    -1     1    -1     0     0     0
     0    -1    -1    -1     0     0     0     0

MiniMaxPlayer2 (1) to move (time left: 173.7 sec.):
     0     1     1     1     0     0     0     0
     0     0     1    -1     0    -1     0     0
     1     1     1    -1    -1     0     0     0
     1     1     1    -1    -1     0     0     0
     1     1    -1    -1    -1     0     0     0
     1     1     1    -1    -1     0     0     0
     0     0    -1     1    -1     0     0     0
     0    -1    -1    -1     0     0     0     0

MiniMaxPlayer (-1) to move (time left: 173.8 sec.):
     0     1     1     1     0     0     0     0
     0    -1    -1    -1     0    -1     0     0
     1     1    -1    -1    -1     0     0     0
     1     1     1    -1    -1     0     0     0
     1     1    -1    -1    -1     0     0     0
     1     1     1    -1    -1     0     0     0
     0     0    -1     1    -1     0     0     0
     0    -1    -1    -1     0     0     0     0

MiniMaxPlayer2 (1) to move (time left: 173.1 sec.):
     0     1     1     1     1     0     0     0
     0    -1    -1     1     0    -1     0     0
     1     1     1    -1    -1     0     0     0
     1     1     1    -1    -1     0     0     0
     1     1    -1    -1    -1     0     0     0
     1     1     1    -1    -1     0     0     0
     0     0    -1     1    -1     0     0     0
     0    -1    -1    -1     0     0     0     0

MiniMaxPlayer (-1) to move (time left: 173.4 sec.):
     0     1     1     1     1     0     0     0
     0    -1    -1     1     0    -1     0     0
     1    -1     1    -1    -1     0     0     0
     1    -1     1    -1    -1     0     0     0
     1    -1    -1    -1    -1     0     0     0
     1    -1    -1    -1    -1     0     0     0
     0    -1    -1     1    -1     0     0     0
     0    -1    -1    -1     0     0     0     0

MiniMaxPlayer2 (1) to move (time left: 172.6 sec.):
     0     1     1     1     1     0     0     0
     0    -1    -1     1     0     1     0     0
     1    -1     1    -1    -1     0     1     0
     1    -1     1    -1    -1     0     0     0
     1    -1    -1    -1    -1     0     0     0
     1    -1    -1    -1    -1     0     0     0
     0    -1    -1     1    -1     0     0     0
     0    -1    -1    -1     0     0     0     0

MiniMaxPlayer (-1) to move (time left: 173.0 sec.):
     0     1     1     1     1     0     0     0
     0    -1    -1    -1    -1     1     0     0
     1    -1     1    -1    -1     0     1     0
     1    -1     1    -1    -1     0     0     0
     1    -1    -1    -1    -1     0     0     0
     1    -1    -1    -1    -1     0     0     0
     0    -1    -1     1    -1     0     0     0
     0    -1    -1    -1     0     0     0     0

MiniMaxPlayer2 (1) to move (time left: 172.2 sec.):
     1     1     1     1     1     0     0     0
     0     1    -1    -1    -1     1     0     0
     1    -1     1    -1    -1     0     1     0
     1    -1     1    -1    -1     0     0     0
     1    -1    -1    -1    -1     0     0     0
     1    -1    -1    -1    -1     0     0     0
     0    -1    -1     1    -1     0     0     0
     0    -1    -1    -1     0     0     0     0

MiniMaxPlayer (-1) to move (time left: 172.6 sec.):
     1     1     1     1     1     0     0     0
     0     1    -1    -1    -1     1     0     0
     1    -1     1    -1    -1     0     1     0
     1    -1     1    -1    -1     0     0     0
     1    -1    -1    -1    -1     0     0     0
     1    -1    -1    -1    -1     0     0     0
     0    -1    -1    -1    -1     0     0     0
     0    -1    -1    -1    -1     0     0     0

MiniMaxPlayer2 (1) to move (time left: 171.7 sec.):
     1     1     1     1     1     0     0     0
     0     1    -1    -1    -1     1     0     0
     1    -1     1    -1    -1     0     1     0
     1     1     1    -1    -1     0     0     0
     1    -1     1    -1    -1     0     0     0
     1    -1    -1     1    -1     0     0     0
     0    -1    -1    -1     1     0     0     0
     0    -1    -1    -1    -1     1     0     0

MiniMaxPlayer (-1) to move (time left: 172.2 sec.):
     1     1     1     1     1     0     0     0
     0     1    -1    -1    -1     1     0     0
     1    -1     1    -1    -1     0     1     0
     1     1     1    -1    -1     0     0     0
     1    -1     1    -1    -1     0     0     0
     1    -1    -1     1    -1     0     0     0
     0    -1    -1    -1     1     0     0     0
     0    -1    -1    -1    -1    -1    -1     0

MiniMaxPlayer2 (1) to move (time left: 171.2 sec.):
     1     1     1     1     1     1     0     0
     0     1    -1    -1     1     1     0     0
     1    -1     1     1    -1     0     1     0
     1     1     1    -1    -1     0     0     0
     1    -1     1    -1    -1     0     0     0
     1    -1    -1     1    -1     0     0     0
     0    -1    -1    -1     1     0     0     0
     0    -1    -1    -1    -1    -1    -1     0

MiniMaxPlayer (-1) to move (time left: 171.7 sec.):
     1     1     1     1     1     1     0     0
     0     1    -1    -1     1     1     0     0
     1    -1     1     1    -1     0     1     0
     1     1     1    -1    -1     0     0     0
     1    -1     1    -1    -1     0     0     0
     1    -1    -1     1    -1     0     0     0
     0    -1    -1    -1    -1    -1     0     0
     0    -1    -1    -1    -1    -1    -1     0

MiniMaxPlayer2 (1) to move (time left: 170.7 sec.):
     1     1     1     1     1     1     0     0
     1     1    -1    -1     1     1     0     0
     1     1     1     1    -1     0     1     0
     1     1     1    -1    -1     0     0     0
     1    -1     1    -1    -1     0     0     0
     1    -1    -1     1    -1     0     0     0
     0    -1    -1    -1    -1    -1     0     0
     0    -1    -1    -1    -1    -1    -1     0

MiniMaxPlayer (-1) to move (time left: 171.3 sec.):
     1     1     1     1     1     1     0     0
     1     1    -1    -1    -1    -1    -1     0
     1     1     1     1    -1     0     1     0
     1     1     1    -1    -1     0     0     0
     1    -1     1    -1    -1     0     0     0
     1    -1    -1     1    -1     0     0     0
     0    -1    -1    -1    -1    -1     0     0
     0    -1    -1    -1    -1    -1    -1     0

MiniMaxPlayer2 (1) to move (time left: 170.3 sec.):
     1     1     1     1     1     1     0     0
     1     1    -1    -1    -1    -1     1     0
     1     1     1     1    -1     0     1     1
     1     1     1    -1    -1     0     0     0
     1    -1     1    -1    -1     0     0     0
     1    -1    -1     1    -1     0     0     0
     0    -1    -1    -1    -1    -1     0     0
     0    -1    -1    -1    -1    -1    -1     0

MiniMaxPlayer (-1) to move (time left: 170.9 sec.):
     1     1     1     1     1     1     0     0
     1     1    -1    -1    -1    -1    -1    -1
     1     1     1     1    -1     0     1     1
     1     1     1    -1    -1     0     0     0
     1    -1     1    -1    -1     0     0     0
     1    -1    -1     1    -1     0     0     0
     0    -1    -1    -1    -1    -1     0     0
     0    -1    -1    -1    -1    -1    -1     0

MiniMaxPlayer2 (1) to move (time left: 169.8 sec.):
     1     1     1     1     1     1     0     0
     1     1    -1    -1     1     1    -1    -1
     1     1     1     1     1     1     1     1
     1     1     1    -1    -1     0     0     0
     1    -1     1    -1    -1     0     0     0
     1    -1    -1     1    -1     0     0     0
     0    -1    -1    -1    -1    -1     0     0
     0    -1    -1    -1    -1    -1    -1     0

MiniMaxPlayer (-1) to move (time left: 170.5 sec.):
     1     1     1     1     1     1     0     0
     1     1    -1    -1     1     1    -1    -1
     1     1     1     1     1     1     1    -1
     1     1     1    -1    -1     0     0    -1
     1    -1     1    -1    -1     0     0     0
     1    -1    -1     1    -1     0     0     0
     0    -1    -1    -1    -1    -1     0     0
     0    -1    -1    -1    -1    -1    -1     0

MiniMaxPlayer2 (1) to move (time left: 169.4 sec.):
     1     1     1     1     1     1     0     1
     1     1    -1    -1     1     1     1    -1
     1     1     1     1     1     1     1    -1
     1     1     1    -1    -1     0     0    -1
     1    -1     1    -1    -1     0     0     0
     1    -1    -1     1    -1     0     0     0
     0    -1    -1    -1    -1    -1     0     0
     0    -1    -1    -1    -1    -1    -1     0

MiniMaxPlayer (-1) to move (time left: 170.2 sec.):
     1     1     1     1     1     1    -1     1
     1     1    -1    -1     1    -1     1    -1
     1     1     1     1    -1     1     1    -1
     1     1     1    -1    -1     0     0    -1
     1    -1     1    -1    -1     0     0     0
     1    -1    -1     1    -1     0     0     0
     0    -1    -1    -1    -1    -1     0     0
     0    -1    -1    -1    -1    -1    -1     0

MiniMaxPlayer2 (1) to move (time left: 169.1 sec.):
     1     1     1     1     1     1    -1     1
     1     1    -1     1     1    -1     1    -1
     1     1     1     1     1     1     1    -1
     1     1     1     1     1     1     0    -1
     1    -1     1    -1     1     0     0     0
     1    -1    -1     1    -1     0     0     0
     0    -1    -1    -1    -1    -1     0     0
     0    -1    -1    -1    -1    -1    -1     0

MiniMaxPlayer (-1) to move (time left: 169.9 sec.):
     1     1     1     1     1     1    -1     1
     1     1    -1     1     1    -1    -1    -1
     1     1     1     1     1     1    -1    -1
     1     1     1     1     1     1    -1    -1
     1    -1     1    -1     1     0     0     0
     1    -1    -1     1    -1     0     0     0
     0    -1    -1    -1    -1    -1     0     0
     0    -1    -1    -1    -1    -1    -1     0

MiniMaxPlayer2 (1) to move (time left: 168.7 sec.):
     1     1     1     1     1     1    -1     1
     1     1    -1     1     1    -1    -1    -1
     1     1     1     1     1     1    -1    -1
     1     1     1     1     1     1    -1    -1
     1    -1     1     1     1     0     0     0
     1    -1     1     1    -1     0     0     0
     0     1    -1    -1    -1    -1     0     0
     1    -1    -1    -1    -1    -1    -1     0

MiniMaxPlayer (-1) to move (time left: 169.5 sec.):
     1     1     1     1     1     1    -1     1
     1     1    -1     1     1    -1    -1    -1
     1     1     1    -1     1    -1    -1    -1
     1     1     1     1    -1    -1    -1    -1
     1    -1    -1    -1    -1    -1     0     0
     1    -1     1     1    -1     0     0     0
     0     1    -1    -1    -1    -1     0     0
     1    -1    -1    -1    -1    -1    -1     0

MiniMaxPlayer2 (1) to move (time left: 168.4 sec.):
     1     1     1     1     1     1    -1     1
     1     1    -1     1     1    -1    -1    -1
     1     1     1    -1     1    -1    -1    -1
     1     1     1     1    -1    -1    -1    -1
     1    -1    -1    -1    -1    -1     0     0
     1    -1     1     1    -1     0     0     0
     0     1    -1    -1    -1    -1     0     0
     1     1     1     1     1     1     1     1

MiniMaxPlayer (-1) to move (time left: 169.2 sec.):
     1     1     1     1     1     1    -1     1
     1     1    -1     1     1    -1    -1    -1
     1     1     1    -1     1    -1    -1    -1
     1     1     1     1    -1    -1    -1    -1
     1    -1    -1    -1    -1    -1     0     0
     1    -1     1     1    -1     0     0     0
    -1    -1    -1    -1    -1    -1     0     0
     1     1     1     1     1     1     1     1

MiniMaxPlayer2 (1) to move (time left: 168.0 sec.):
     1     1     1     1     1     1    -1     1
     1     1     1     1     1    -1    -1    -1
     1     1     1     1     1    -1    -1    -1
     1     1     1     1     1    -1    -1    -1
     1    -1    -1    -1    -1     1     0     0
     1    -1     1     1    -1     0     1     0
    -1    -1    -1    -1    -1     1     0     0
     1     1     1     1     1     1     1     1

MiniMaxPlayer (-1) to move (time left: 168.8 sec.):
     1     1     1     1     1     1    -1     1
     1     1     1     1     1    -1    -1    -1
     1     1     1     1     1    -1    -1    -1
     1     1     1     1     1    -1    -1    -1
     1    -1    -1    -1    -1    -1    -1     0
     1    -1     1     1    -1     0     1     0
    -1    -1    -1    -1    -1     1     0     0
     1     1     1     1     1     1     1     1

MiniMaxPlayer2 (1) to move (time left: 167.6 sec.):
     1     1     1     1     1     1    -1     1
     1     1     1     1     1    -1    -1    -1
     1     1     1     1     1    -1    -1    -1
     1     1     1     1     1     1    -1    -1
     1    -1    -1    -1    -1    -1     1     0
     1    -1     1     1    -1     0     1     1
    -1    -1    -1    -1    -1     1     0     0
     1     1     1     1     1     1     1     1

MiniMaxPlayer (-1) to move (time left: 168.5 sec.):
     1     1     1     1     1     1    -1     1
     1     1     1     1     1    -1    -1    -1
     1     1     1     1     1    -1    -1    -1
     1     1     1     1     1     1    -1    -1
     1    -1    -1    -1    -1    -1    -1    -1
     1    -1     1     1    -1     0     1     1
    -1    -1    -1    -1    -1     1     0     0
     1     1     1     1     1     1     1     1

MiniMaxPlayer2 (1) to move (time left: 167.3 sec.):
     1     1     1     1     1     1    -1     1
     1     1     1     1     1    -1    -1    -1
     1     1     1     1     1    -1    -1    -1
     1     1     1     1     1     1    -1    -1
     1    -1    -1    -1     1     1    -1    -1
     1    -1     1     1     1     1     1     1
    -1    -1    -1    -1     1     1     0     0
     1     1     1     1     1     1     1     1

MiniMaxPlayer (-1) to move (time left: 168.2 sec.):
     1     1     1     1     1     1    -1     1
     1     1     1     1     1    -1    -1    -1
     1     1     1     1     1    -1    -1    -1
     1     1     1     1     1     1    -1    -1
     1    -1    -1    -1     1     1    -1    -1
     1    -1     1     1     1     1    -1     1
    -1    -1    -1    -1    -1    -1    -1     0
     1     1     1     1     1     1     1     1

MiniMaxPlayer2 (1) to move (time left: 167.0 sec.):
     1     1     1     1     1     1    -1     1
     1     1     1     1     1    -1    -1    -1
     1     1     1     1     1    -1    -1    -1
     1     1     1     1     1     1    -1    -1
     1    -1    -1    -1     1     1    -1    -1
     1    -1     1     1     1     1     1     1
    -1    -1    -1    -1    -1    -1    -1     1
     1     1     1     1     1     1     1     1

Game over.
