MiniMaxPlayer2 against Jojo:
     0     0     0     0     0     0     0     0
     0     0     0     0     0     0     0     0
     0     0     0     0     0     0     0     0
     0     0     0     1    -1     0     0     0
     0     0     0    -1     1     0     0     0
     0     0     0     0     0     0     0     0
     0     0     0     0     0     0     0     0
     0     0     0     0     0     0     0     0

Jojo (-1) to move (time left: 180.0 sec.):
     0     0     0     0     0     0     0     0
     0     0     0     0     0     0     0     0
     0     0     0     0     0     0     0     0
     0     0    -1    -1    -1     0     0     0
     0     0     0    -1     1     0     0     0
     0     0     0     0     0     0     0     0
     0     0     0     0     0     0     0     0
     0     0     0     0     0     0     0     0

MiniMaxPlayer2 (1) to move (time left: 180.0 sec.):
     0     0     0     0     0     0     0     0
     0     0     0     0     0     0     0     0
     0     0     0     0     1     0     0     0
     0     0    -1    -1     1     0     0     0
     0     0     0    -1     1     0     0     0
     0     0     0     0     0     0     0     0
     0     0     0     0     0     0     0     0
     0     0     0     0     0     0     0     0

Jojo (-1) to move (time left: 180.0 sec.):
     0     0     0     0     0     0     0     0
     0     0     0     0     0    -1     0     0
     0     0     0     0    -1     0     0     0
     0     0    -1    -1     1     0     0     0
     0     0     0    -1     1     0     0     0
     0     0     0     0     0     0     0     0
     0     0     0     0     0     0     0     0
     0     0     0     0     0     0     0     0

MiniMaxPlayer2 (1) to move (time left: 179.6 sec.):
     0     0     0     0     0     0     0     0
     0     0     0     0     0    -1     0     0
     0     0     0     0    -1     0     0     0
     0     1     1     1     1     0     0     0
     0     0     0    -1     1     0     0     0
     0     0     0     0     0     0     0     0
     0     0     0     0     0     0     0     0
     0     0     0     0     0     0     0     0

Jojo (-1) to move (time left: 180.0 sec.):
     0     0     0     0     0     0     0     0
     0     0     0     0     0    -1     0     0
     0    -1     0     0    -1     0     0     0
     0     1    -1     1     1     0     0     0
     0     0     0    -1     1     0     0     0
     0     0     0     0     0     0     0     0
     0     0     0     0     0     0     0     0
     0     0     0     0     0     0     0     0

MiniMaxPlayer2 (1) to move (time left: 179.3 sec.):
     0     0     0     0     0     0     0     0
     0     0     0     0     0    -1     0     0
     0    -1     0     0    -1     0     0     0
     0     1    -1     1     1     0     0     0
     0     0     1     1     1     0     0     0
     0     0     0     0     0     0     0     0
     0     0     0     0     0     0     0     0
     0     0     0     0     0     0     0     0

Jojo (-1) to move (time left: 179.9 sec.):
     0     0     0     0     0     0     0     0
     0     0     0     0     0    -1     0     0
     0    -1     0     0    -1     0     0     0
    -1    -1    -1     1     1     0     0     0
     0     0     1     1     1     0     0     0
     0     0     0     0     0     0     0     0
     0     0     0     0     0     0     0     0
     0     0     0     0     0     0     0     0

MiniMaxPlayer2 (1) to move (time left: 178.8 sec.):
     0     0     0     0     0     0     0     0
     0     0     0     0     0    -1     0     0
     1    -1     0     0    -1     0     0     0
    -1     1    -1     1     1     0     0     0
     0     0     1     1     1     0     0     0
     0     0     0     0     0     0     0     0
     0     0     0     0     0     0     0     0
     0     0     0     0     0     0     0     0

Jojo (-1) to move (time left: 179.9 sec.):
     0     0     0     0     0     0     0     0
    -1     0     0     0     0    -1     0     0
    -1    -1     0     0    -1     0     0     0
    -1     1    -1     1     1     0     0     0
     0     0     1     1     1     0     0     0
     0     0     0     0     0     0     0     0
     0     0     0     0     0     0     0     0
     0     0     0     0     0     0     0     0

MiniMaxPlayer2 (1) to move (time left: 178.4 sec.):
     0     0     0     0     0     0     0     0
    -1     0     0     0     0    -1     0     0
    -1    -1     1     0    -1     0     0     0
    -1     1     1     1     1     0     0     0
     0     0     1     1     1     0     0     0
     0     0     0     0     0     0     0     0
     0     0     0     0     0     0     0     0
     0     0     0     0     0     0     0     0

Jojo (-1) to move (time left: 179.9 sec.):
     0     0     0     0     0     0     0     0
    -1     0     0     0     0    -1     0     0
    -1    -1    -1    -1    -1     0     0     0
    -1     1     1     1     1     0     0     0
     0     0     1     1     1     0     0     0
     0     0     0     0     0     0     0     0
     0     0     0     0     0     0     0     0
     0     0     0     0     0     0     0     0

MiniMaxPlayer2 (1) to move (time left: 178.0 sec.):
     0     0     0     0     0     0     0     0
    -1     0     1     0     0    -1     0     0
    -1    -1     1     1    -1     0     0     0
    -1     1     1     1     1     0     0     0
     0     0     1     1     1     0     0     0
     0     0     0     0     0     0     0     0
     0     0     0     0     0     0     0     0
     0     0     0     0     0     0     0     0

Jojo (-1) to move (time left: 179.8 sec.):
     0     0     0     0     0     0     0     0
    -1     0     1     0     0    -1     0     0
    -1    -1     1     1    -1     0     0     0
    -1     1     1    -1     1     0     0     0
     0     0    -1     1     1     0     0     0
     0    -1     0     0     0     0     0     0
     0     0     0     0     0     0     0     0
     0     0     0     0     0     0     0     0

MiniMaxPlayer2 (1) to move (time left: 177.6 sec.):
     0     0     0     0     0     0     0     0
    -1     0     1     0     0    -1     0     0
    -1    -1     1     1    -1     0     0     0
    -1     1     1    -1     1     0     0     0
     0     1     1     1     1     0     0     0
     0    -1     0     0     0     0     0     0
     0     0     0     0     0     0     0     0
     0     0     0     0     0     0     0     0

Jojo (-1) to move (time left: 179.8 sec.):
     0     0     0     0     0     0     0     0
    -1     0     1     0     0    -1     0     0
    -1    -1     1     1    -1     0     0     0
    -1     1     1    -1     1     0     0     0
     0     1     1     1    -1     0     0     0
     0    -1     0     0     0    -1     0     0
     0     0     0     0     0     0     0     0
     0     0     0     0     0     0     0     0

MiniMaxPlayer2 (1) to move (time left: 177.1 sec.):
     0     0     0     0     0     0     0     0
    -1     0     1     0     0    -1     0     0
    -1    -1     1     1    -1     0     0     0
    -1     1     1    -1     1     0     0     0
     0     1     1     1     1     0     0     0
     0    -1     0     0     1    -1     0     0
     0     0     0     0     0     0     0     0
     0     0     0     0     0     0     0     0

Jojo (-1) to move (time left: 179.7 sec.):
     0     0     0     0     0     0     0     0
    -1     0     1     0     0    -1     0     0
    -1    -1     1     1    -1     0     0     0
    -1     1    -1    -1     1     0     0     0
     0     1     1    -1     1     0     0     0
     0    -1     0     0    -1    -1     0     0
     0     0     0     0     0    -1     0     0
     0     0     0     0     0     0     0     0

MiniMaxPlayer2 (1) to move (time left: 176.6 sec.):
     0     0     0     0     0     0     0     0
    -1     0     1     0     0    -1     0     0
    -1    -1     1     1    -1     0     0     0
    -1     1    -1     1     1     0     0     0
     0     1     1     1     1     0     0     0
     0    -1     0     1    -1    -1     0     0
     0     0     0     0     0    -1     0     0
     0     0     0     0     0     0     0     0

Jojo (-1) to move (time left: 179.5 sec.):
     0     0     0     0     0     0     0     0
    -1     0     1     0     0    -1     0     0
    -1    -1     1     1    -1     0     0     0
    -1     1    -1    -1    -1    -1     0     0
     0     1     1     1     1     0     0     0
     0    -1     0     1    -1    -1     0     0
     0     0     0     0     0    -1     0     0
     0     0     0     0     0     0     0     0

MiniMaxPlayer2 (1) to move (time left: 175.8 sec.):
     0     0     0     0     0     0     0     0
    -1     0     1     0     1    -1     0     0
    -1    -1     1     1     1     0     0     0
    -1     1    -1    -1     1    -1     0     0
     0     1     1     1     1     0     0     0
     0    -1     0     1    -1    -1     0     0
     0     0     0     0     0    -1     0     0
     0     0     0     0     0     0     0     0

Jojo (-1) to move (time left: 179.3 sec.):
     0     0     0    -1     0     0     0     0
    -1     0    -1     0     1    -1     0     0
    -1    -1     1     1     1     0     0     0
    -1     1    -1    -1     1    -1     0     0
     0     1     1     1     1     0     0     0
     0    -1     0     1    -1    -1     0     0
     0     0     0     0     0    -1     0     0
     0     0     0     0     0     0     0     0

MiniMaxPlayer2 (1) to move (time left: 174.9 sec.):
     0     0     0    -1     0     0     0     0
    -1     0    -1     0     1    -1     0     0
    -1    -1     1     1     1     0     1     0
    -1     1    -1    -1     1     1     0     0
     0     1     1     1     1     0     0     0
     0    -1     0     1    -1    -1     0     0
     0     0     0     0     0    -1     0     0
     0     0     0     0     0     0     0     0

Jojo (-1) to move (time left: 157.1 sec.):
     0     0     0    -1     0     0     0     0
    -1     0    -1     0     1    -1     0     0
    -1    -1     1     1     1     0    -1     0
    -1     1    -1    -1     1     1     0    -1
     0     1     1     1     1     0     0     0
     0    -1     0     1    -1    -1     0     0
     0     0     0     0     0    -1     0     0
     0     0     0     0     0     0     0     0

MiniMaxPlayer2 (1) to move (time left: 173.8 sec.):
     0     0     1    -1     0     0     0     0
    -1     0     1     0     1    -1     0     0
    -1    -1     1     1     1     0    -1     0
    -1     1    -1    -1     1     1     0    -1
     0     1     1     1     1     0     0     0
     0    -1     0     1    -1    -1     0     0
     0     0     0     0     0    -1     0     0
     0     0     0     0     0     0     0     0

Jojo (-1) to move (time left: 135.6 sec.):
     0     0     1    -1     0    -1     0     0
    -1     0     1     0    -1    -1     0     0
    -1    -1     1    -1     1     0    -1     0
    -1     1    -1    -1     1     1     0    -1
     0     1     1     1     1     0     0     0
     0    -1     0     1    -1    -1     0     0
     0     0     0     0     0    -1     0     0
     0     0     0     0     0     0     0     0

MiniMaxPlayer2 (1) to move (time left: 172.9 sec.):
     0     0     1     1     1    -1     0     0
    -1     0     1     0     1    -1     0     0
    -1    -1     1    -1     1     0    -1     0
    -1     1    -1    -1     1     1     0    -1
     0     1     1     1     1     0     0     0
     0    -1     0     1    -1    -1     0     0
     0     0     0     0     0    -1     0     0
     0     0     0     0     0     0     0     0

Jojo (-1) to move (time left: 122.0 sec.):
     0     0     1     1     1    -1     0     0
    -1     0     1    -1    -1    -1     0     0
    -1    -1     1    -1     1     0    -1     0
    -1     1    -1    -1     1     1     0    -1
     0     1     1     1     1     0     0     0
     0    -1     0     1    -1    -1     0     0
     0     0     0     0     0    -1     0     0
     0     0     0     0     0     0     0     0

MiniMaxPlayer2 (1) to move (time left: 172.1 sec.):
     0     0     1     1     1    -1     0     0
    -1     0     1    -1    -1    -1     0     0
    -1    -1     1    -1     1     0    -1     0
    -1     1    -1    -1     1     1     0    -1
     0     1     1     1     1     0     0     0
     0    -1     0     1     1     1     1     0
     0     0     0     0     0    -1     0     0
     0     0     0     0     0     0     0     0

Jojo (-1) to move (time left: 105.0 sec.):
     0     0     1     1     1    -1     0     0
    -1     0     1    -1    -1    -1     0     0
    -1    -1     1    -1    -1    -1    -1     0
    -1     1    -1    -1     1     1     0    -1
     0     1     1     1     1     0     0     0
     0    -1     0     1     1     1     1     0
     0     0     0     0     0    -1     0     0
     0     0     0     0     0     0     0     0

MiniMaxPlayer2 (1) to move (time left: 171.4 sec.):
     0     0     1     1     1    -1     0     0
    -1     0     1    -1    -1    -1     0     0
    -1    -1     1     1     1     1     1     1
    -1     1    -1    -1     1     1     0    -1
     0     1     1     1     1     0     0     0
     0    -1     0     1     1     1     1     0
     0     0     0     0     0    -1     0     0
     0     0     0     0     0     0     0     0

Jojo (-1) to move (time left: 102.1 sec.):
     0     0     1     1     1    -1     0     0
    -1     0     1    -1    -1    -1     0    -1
    -1    -1     1     1     1     1     1    -1
    -1     1    -1    -1     1     1     0    -1
     0     1     1     1     1     0     0     0
     0    -1     0     1     1     1     1     0
     0     0     0     0     0    -1     0     0
     0     0     0     0     0     0     0     0

MiniMaxPlayer2 (1) to move (time left: 170.6 sec.):
     0     0     1     1     1    -1     0     0
    -1     0     1     1     1     1     1    -1
    -1    -1     1     1     1     1     1    -1
    -1     1    -1    -1     1     1     0    -1
     0     1     1     1     1     0     0     0
     0    -1     0     1     1     1     1     0
     0     0     0     0     0    -1     0     0
     0     0     0     0     0     0     0     0

Jojo (-1) to move (time left: 101.1 sec.):
     0    -1    -1    -1    -1    -1     0     0
    -1     0     1     1     1     1     1    -1
    -1    -1     1     1     1     1     1    -1
    -1     1    -1    -1     1     1     0    -1
     0     1     1     1     1     0     0     0
     0    -1     0     1     1     1     1     0
     0     0     0     0     0    -1     0     0
     0     0     0     0     0     0     0     0

MiniMaxPlayer2 (1) to move (time left: 170.0 sec.):
     0    -1    -1    -1    -1    -1     0     0
    -1     0     1     1     1     1     1    -1
    -1    -1     1     1     1     1     1    -1
    -1     1    -1    -1     1     1     0    -1
     0     1     1     1     1     0     0     0
     0    -1     0     1     1     1     1     0
     0     0     0     0     0     1     0     0
     0     0     0     0     1     0     0     0

Jojo (-1) to move (time left: 100.7 sec.):
     0    -1    -1    -1    -1    -1     0     0
    -1     0     1    -1     1     1     1    -1
    -1    -1    -1     1     1     1     1    -1
    -1    -1    -1    -1     1     1     0    -1
    -1     1     1     1     1     0     0     0
     0    -1     0     1     1     1     1     0
     0     0     0     0     0     1     0     0
     0     0     0     0     1     0     0     0

MiniMaxPlayer2 (1) to move (time left: 169.5 sec.):
     0    -1    -1    -1    -1    -1     0     0
    -1     0     1    -1     1     1     1    -1
    -1    -1    -1     1     1     1     1    -1
    -1    -1    -1    -1     1     1     0    -1
    -1     1     1     1     1     0     0     0
     0     1     0     1     1     1     1     0
     1     0     0     0     0     1     0     0
     0     0     0     0     1     0     0     0

Jojo (-1) to move (time left: 100.7 sec.):
     0    -1    -1    -1    -1    -1     0     0
    -1     0     1    -1     1     1     1    -1
    -1    -1    -1     1     1     1     1    -1
    -1    -1    -1    -1     1     1     0    -1
    -1     1     1    -1     1     0     0     0
     0     1     0    -1     1     1     1     0
     1     0     0    -1     0     1     0     0
     0     0     0     0     1     0     0     0

MiniMaxPlayer2 (1) to move (time left: 169.1 sec.):
     0    -1    -1    -1    -1    -1     0     0
    -1     0     1    -1     1     1     1    -1
    -1    -1    -1     1     1     1     1    -1
    -1    -1    -1     1     1     1     0    -1
    -1     1     1     1     1     0     0     0
     0     1     0     1     1     1     1     0
     1     0     0     1     0     1     0     0
     0     0     0     1     1     0     0     0

Jojo (-1) to move (time left: 100.7 sec.):
     0    -1    -1    -1    -1    -1     0     0
    -1     0     1    -1    -1     1     1    -1
    -1    -1    -1     1    -1     1     1    -1
    -1    -1    -1     1    -1     1     0    -1
    -1     1    -1     1    -1     0     0     0
     0     1     0    -1    -1     1     1     0
     1     0     0     1    -1     1     0     0
     0     0     0     1     1     0     0     0

MiniMaxPlayer2 (1) to move (time left: 168.7 sec.):
     0    -1    -1    -1    -1    -1     0     0
    -1     0     1    -1    -1     1     1    -1
    -1    -1    -1     1    -1     1     1    -1
    -1    -1    -1     1    -1     1     0    -1
    -1     1    -1     1     1     0     0     0
     0     1     0     1    -1     1     1     0
     1     0     1     1    -1     1     0     0
     0     0     0     1     1     0     0     0

Jojo (-1) to move (time left: 100.6 sec.):
     0    -1    -1    -1    -1    -1    -1     0
    -1     0     1    -1    -1    -1     1    -1
    -1    -1    -1     1    -1     1     1    -1
    -1    -1    -1     1    -1     1     0    -1
    -1     1    -1     1     1     0     0     0
     0     1     0     1    -1     1     1     0
     1     0     1     1    -1     1     0     0
     0     0     0     1     1     0     0     0

MiniMaxPlayer2 (1) to move (time left: 168.3 sec.):
     0    -1    -1    -1    -1    -1    -1     0
    -1     0     1    -1    -1    -1     1    -1
    -1    -1    -1     1    -1     1     1    -1
    -1    -1    -1     1    -1     1     0    -1
    -1     1    -1     1     1     0     0     0
     0     1     0     1    -1     1     1     0
     1     0     1     1     1     1     0     0
     0     0     0     1     1     1     0     0

Jojo (-1) to move (time left: 100.4 sec.):
     0    -1    -1    -1    -1    -1    -1    -1
    -1     0     1    -1    -1    -1    -1    -1
    -1    -1    -1     1    -1    -1     1    -1
    -1    -1    -1     1    -1     1     0    -1
    -1     1    -1     1     1     0     0     0
     0     1     0     1    -1     1     1     0
     1     0     1     1     1     1     0     0
     0     0     0     1     1     1     0     0

MiniMaxPlayer2 (1) to move (time left: 167.9 sec.):
     0    -1    -1    -1    -1    -1    -1    -1
    -1     0     1    -1    -1    -1    -1    -1
    -1    -1     1     1    -1    -1     1    -1
    -1    -1     1     1    -1     1     0    -1
    -1     1     1     1     1     0     0     0
     0     1     1     1    -1     1     1     0
     1     0     1     1     1     1     0     0
     0     0     0     1     1     1     0     0

Jojo (-1) to move (time left: 100.3 sec.):
     0    -1    -1    -1    -1    -1    -1    -1
    -1     0    -1    -1    -1    -1    -1    -1
    -1    -1    -1     1    -1    -1     1    -1
    -1    -1    -1     1    -1     1     0    -1
    -1     1    -1     1     1     0     0     0
     0     1    -1     1    -1     1     1     0
     1     0    -1    -1     1     1     0     0
     0     0    -1     1     1     1     0     0

MiniMaxPlayer2 (1) to move (time left: 167.5 sec.):
     0    -1    -1    -1    -1    -1    -1    -1
    -1     0    -1    -1    -1    -1    -1    -1
    -1    -1    -1     1    -1    -1     1    -1
    -1    -1    -1     1     1     1     0    -1
    -1     1    -1     1     1     1     0     0
     0     1    -1     1    -1     1     1     0
     1     0    -1    -1     1     1     0     0
     0     0    -1     1     1     1     0     0

Jojo (-1) to move (time left: 100.3 sec.):
     0    -1    -1    -1    -1    -1    -1    -1
    -1     0    -1    -1    -1    -1    -1    -1
    -1    -1    -1     1    -1    -1    -1    -1
    -1    -1    -1    -1    -1    -1    -1    -1
    -1     1    -1     1     1    -1     0     0
     0     1    -1     1    -1     1     1     0
     1     0    -1    -1     1     1     0     0
     0     0    -1     1     1     1     0     0

MiniMaxPlayer2 (1) to move (time left: 167.1 sec.):
     0    -1    -1    -1    -1    -1    -1    -1
    -1     1    -1    -1    -1    -1    -1    -1
    -1     1     1     1    -1    -1    -1    -1
    -1     1    -1     1    -1    -1    -1    -1
    -1     1    -1     1     1    -1     0     0
     0     1    -1     1    -1     1     1     0
     1     0    -1    -1     1     1     0     0
     0     0    -1     1     1     1     0     0

Jojo (-1) to move (time left: 100.3 sec.):
     0    -1    -1    -1    -1    -1    -1    -1
    -1     1    -1    -1    -1    -1    -1    -1
    -1     1     1     1    -1    -1    -1    -1
    -1     1    -1     1    -1    -1    -1    -1
    -1     1    -1     1     1    -1     0     0
     0     1    -1     1    -1    -1    -1    -1
     1     0    -1    -1     1     1     0     0
     0     0    -1     1     1     1     0     0

MiniMaxPlayer2 (1) to move (time left: 166.8 sec.):
     0    -1    -1    -1    -1    -1    -1    -1
    -1     1    -1    -1    -1    -1    -1    -1
    -1     1     1     1    -1    -1    -1    -1
    -1     1    -1     1    -1    -1    -1    -1
    -1     1    -1     1     1    -1     0     0
     0     1    -1     1    -1     1    -1    -1
     1     0    -1    -1     1     1     1     0
     0     0    -1     1     1     1     0     0

Jojo (-1) to move (time left: 100.1 sec.):
     0    -1    -1    -1    -1    -1    -1    -1
    -1     1    -1    -1    -1    -1    -1    -1
    -1     1     1     1    -1    -1    -1    -1
    -1     1    -1     1    -1    -1    -1    -1
    -1     1    -1     1     1    -1     0     0
     0     1    -1     1    -1     1    -1    -1
     1     0    -1    -1     1    -1    -1     0
     0     0    -1    -1    -1    -1    -1     0

MiniMaxPlayer2 (1) to move (time left: 166.4 sec.):
     0    -1    -1    -1    -1    -1    -1    -1
    -1     1    -1    -1    -1    -1    -1    -1
    -1     1     1     1    -1    -1    -1    -1
    -1     1    -1     1    -1    -1    -1    -1
    -1     1    -1     1     1    -1     0     0
     0     1    -1     1    -1     1    -1    -1
     1     0    -1    -1     1    -1     1     0
     0     0    -1    -1    -1    -1    -1     1

Jojo (-1) to move (time left: 99.9 sec.):
     0    -1    -1    -1    -1    -1    -1    -1
    -1     1    -1    -1    -1    -1    -1    -1
    -1     1     1     1    -1    -1    -1    -1
    -1     1    -1     1    -1    -1    -1    -1
    -1     1    -1     1     1    -1     0     0
     0     1    -1     1    -1     1    -1    -1
     1     0    -1    -1     1    -1    -1    -1
     0     0    -1    -1    -1    -1    -1     1

MiniMaxPlayer2 (1) to move (time left: 166.0 sec.):
     0    -1    -1    -1    -1    -1    -1    -1
    -1     1    -1    -1    -1    -1    -1    -1
    -1     1     1     1    -1    -1    -1    -1
    -1     1    -1     1    -1    -1    -1    -1
    -1     1    -1     1     1     1     1     0
     0     1    -1     1    -1     1    -1    -1
     1     0    -1    -1     1    -1    -1    -1
     0     0    -1    -1    -1    -1    -1     1

Jojo (-1) to move (time left: 99.8 sec.):
     0    -1    -1    -1    -1    -1    -1    -1
    -1     1    -1    -1    -1    -1    -1    -1
    -1     1     1     1    -1    -1    -1    -1
    -1     1    -1     1    -1    -1    -1    -1
    -1     1    -1    -1    -1    -1    -1    -1
     0     1    -1     1    -1     1    -1    -1
     1     0    -1    -1     1    -1    -1    -1
     0     0    -1    -1    -1    -1    -1     1

MiniMaxPlayer2 (1) to move (time left: 165.7 sec.):
     0    -1    -1    -1    -1    -1    -1    -1
    -1     1    -1    -1    -1    -1    -1    -1
    -1     1     1     1    -1    -1    -1    -1
    -1     1    -1     1    -1    -1    -1    -1
    -1     1    -1    -1    -1    -1    -1    -1
     0     1    -1     1    -1     1    -1    -1
     1     0     1    -1     1    -1    -1    -1
     0     1     1     1     1     1     1     1

Jojo (-1) to move (time left: 99.8 sec.):
    -1    -1    -1    -1    -1    -1    -1    -1
    -1    -1    -1    -1    -1    -1    -1    -1
    -1     1    -1     1    -1    -1    -1    -1
    -1     1    -1    -1    -1    -1    -1    -1
    -1     1    -1    -1    -1    -1    -1    -1
     0     1    -1     1    -1     1    -1    -1
     1     0     1    -1     1    -1    -1    -1
     0     1     1     1     1     1     1     1

MiniMaxPlayer2 (1) to move (time left: 165.3 sec.):
    -1    -1    -1    -1    -1    -1    -1    -1
    -1    -1    -1    -1    -1    -1    -1    -1
    -1     1    -1     1    -1    -1    -1    -1
    -1     1    -1    -1    -1    -1    -1    -1
    -1     1    -1    -1    -1    -1    -1    -1
     0     1    -1     1    -1     1    -1    -1
     1     0     1    -1     1    -1    -1    -1
     0     1     1     1     1     1     1     1

Jojo (-1) to move (time left: 99.8 sec.):
    -1    -1    -1    -1    -1    -1    -1    -1
    -1    -1    -1    -1    -1    -1    -1    -1
    -1     1    -1     1    -1    -1    -1    -1
    -1     1    -1    -1    -1    -1    -1    -1
    -1    -1    -1    -1    -1    -1    -1    -1
    -1    -1    -1     1    -1     1    -1    -1
     1     0     1    -1     1    -1    -1    -1
     0     1     1     1     1     1     1     1

MiniMaxPlayer2 (1) to move (time left: 165.0 sec.):
    -1    -1    -1    -1    -1    -1    -1    -1
    -1    -1    -1    -1    -1    -1    -1    -1
    -1     1    -1     1    -1    -1    -1    -1
    -1     1    -1    -1    -1    -1    -1    -1
    -1     1    -1    -1    -1    -1    -1    -1
    -1     1    -1     1    -1     1    -1    -1
     1     1     1    -1     1    -1    -1    -1
     0     1     1     1     1     1     1     1

Jojo (-1) to move (time left: 99.7 sec.):
    -1    -1    -1    -1    -1    -1    -1    -1
    -1    -1    -1    -1    -1    -1    -1    -1
    -1     1    -1     1    -1    -1    -1    -1
    -1     1    -1    -1    -1    -1    -1    -1
    -1     1    -1    -1    -1    -1    -1    -1
    -1     1    -1     1    -1     1    -1    -1
    -1    -1     1    -1     1    -1    -1    -1
    -1     1     1     1     1     1     1     1

Game over.
