DerGeileTyp against MiniMaxPlayer2:
     0     0     0     0     0     0     0     0
     0     0     0     0     0     0     0     0
     0     0     0     0     0     0     0     0
     0     0     0     1    -1     0     0     0
     0     0     0    -1     1     0     0     0
     0     0     0     0     0     0     0     0
     0     0     0     0     0     0     0     0
     0     0     0     0     0     0     0     0

MiniMaxPlayer2 (-1) to move (time left: 180.0 sec.):
     0     0     0     0     0     0     0     0
     0     0     0     0     0     0     0     0
     0     0     0     0     0     0     0     0
     0     0    -1    -1    -1     0     0     0
     0     0     0    -1     1     0     0     0
     0     0     0     0     0     0     0     0
     0     0     0     0     0     0     0     0
     0     0     0     0     0     0     0     0

DerGeileTyp (1) to move (time left: 180.0 sec.):
     0     0     0     0     0     0     0     0
     0     0     0     0     0     0     0     0
     0     0     1     0     0     0     0     0
     0     0    -1     1    -1     0     0     0
     0     0     0    -1     1     0     0     0
     0     0     0     0     0     0     0     0
     0     0     0     0     0     0     0     0
     0     0     0     0     0     0     0     0

MiniMaxPlayer2 (-1) to move (time left: 179.7 sec.):
     0     0     0     0     0     0     0     0
     0     0    -1     0     0     0     0     0
     0     0    -1     0     0     0     0     0
     0     0    -1     1    -1     0     0     0
     0     0     0    -1     1     0     0     0
     0     0     0     0     0     0     0     0
     0     0     0     0     0     0     0     0
     0     0     0     0     0     0     0     0

DerGeileTyp (1) to move (time left: 180.0 sec.):
     0     0     0     0     0     0     0     0
     0     1    -1     0     0     0     0     0
     0     0     1     0     0     0     0     0
     0     0    -1     1    -1     0     0     0
     0     0     0    -1     1     0     0     0
     0     0     0     0     0     0     0     0
     0     0     0     0     0     0     0     0
     0     0     0     0     0     0     0     0

MiniMaxPlayer2 (-1) to move (time left: 179.3 sec.):
     0     0     0     0     0     0     0     0
     0     1    -1     0     0     0     0     0
     0     0     1    -1     0     0     0     0
     0     0    -1    -1    -1     0     0     0
     0     0     0    -1     1     0     0     0
     0     0     0     0     0     0     0     0
     0     0     0     0     0     0     0     0
     0     0     0     0     0     0     0     0

DerGeileTyp (1) to move (time left: 179.9 sec.):
     0     0     1     0     0     0     0     0
     0     1     1     0     0     0     0     0
     0     0     1    -1     0     0     0     0
     0     0    -1    -1    -1     0     0     0
     0     0     0    -1     1     0     0     0
     0     0     0     0     0     0     0     0
     0     0     0     0     0     0     0     0
     0     0     0     0     0     0     0     0

MiniMaxPlayer2 (-1) to move (time left: 178.9 sec.):
     0     0     1     0     0     0     0     0
     0     1     1     0     0     0     0     0
     0     0     1    -1     0     0     0     0
     0     0    -1    -1    -1     0     0     0
     0     0     0    -1    -1     0     0     0
     0     0     0     0     0    -1     0     0
     0     0     0     0     0     0     0     0
     0     0     0     0     0     0     0     0

DerGeileTyp (1) to move (time left: 179.8 sec.):
     0     0     1     0     0     0     0     0
     0     1     1     0     0     0     0     0
     0     0     1    -1     0     0     0     0
     0     0     1    -1    -1     0     0     0
     0     0     1    -1    -1     0     0     0
     0     0     0     0     0    -1     0     0
     0     0     0     0     0     0     0     0
     0     0     0     0     0     0     0     0

MiniMaxPlayer2 (-1) to move (time left: 178.5 sec.):
     0     0     1     0     0     0     0     0
     0     1     1     0     0     0     0     0
     0     0     1    -1     0     0     0     0
     0     0    -1    -1    -1     0     0     0
     0    -1    -1    -1    -1     0     0     0
     0     0     0     0     0    -1     0     0
     0     0     0     0     0     0     0     0
     0     0     0     0     0     0     0     0

DerGeileTyp (1) to move (time left: 179.5 sec.):
     0     0     1     0     0     0     0     0
     0     1     1     0     0     0     0     0
     0     0     1    -1     0     0     0     0
     0     0     1    -1    -1     0     0     0
     0    -1     1    -1    -1     0     0     0
     0     0     1     0     0    -1     0     0
     0     0     0     0     0     0     0     0
     0     0     0     0     0     0     0     0

MiniMaxPlayer2 (-1) to move (time left: 178.1 sec.):
     0     0     1     0     0     0     0     0
     0     1     1     0     0     0     0     0
     0    -1    -1    -1     0     0     0     0
     0     0    -1    -1    -1     0     0     0
     0    -1     1    -1    -1     0     0     0
     0     0     1     0     0    -1     0     0
     0     0     0     0     0     0     0     0
     0     0     0     0     0     0     0     0

DerGeileTyp (1) to move (time left: 179.0 sec.):
     0     0     1     0     0     0     0     0
     0     1     1     0     0     0     0     0
     0     1    -1    -1     0     0     0     0
     1     0    -1    -1    -1     0     0     0
     0     1     1    -1    -1     0     0     0
     0     0     1     0     0    -1     0     0
     0     0     0     0     0     0     0     0
     0     0     0     0     0     0     0     0

MiniMaxPlayer2 (-1) to move (time left: 177.6 sec.):
     0     0     1     0     0     0     0     0
     0     1     1     0     0     0     0     0
    -1    -1    -1    -1     0     0     0     0
     1     0    -1    -1    -1     0     0     0
     0     1     1    -1    -1     0     0     0
     0     0     1     0     0    -1     0     0
     0     0     0     0     0     0     0     0
     0     0     0     0     0     0     0     0

DerGeileTyp (1) to move (time left: 177.9 sec.):
     0     0     1     0     0     0     0     0
     1     1     1     0     0     0     0     0
     1    -1    -1    -1     0     0     0     0
     1     0    -1    -1    -1     0     0     0
     0     1     1    -1    -1     0     0     0
     0     0     1     0     0    -1     0     0
     0     0     0     0     0     0     0     0
     0     0     0     0     0     0     0     0

MiniMaxPlayer2 (-1) to move (time left: 177.1 sec.):
     0     0     1     0     0     0     0     0
     1     1     1     0     0     0     0     0
     1    -1    -1    -1     0     0     0     0
     1     0    -1    -1    -1     0     0     0
    -1    -1    -1    -1    -1     0     0     0
     0     0     1     0     0    -1     0     0
     0     0     0     0     0     0     0     0
     0     0     0     0     0     0     0     0

DerGeileTyp (1) to move (time left: 176.0 sec.):
     0     0     1     0     0     0     0     0
     1     1     1     0     0     0     0     0
     1    -1    -1    -1     0     0     0     0
     1     0    -1    -1    -1     0     0     0
     1    -1    -1    -1    -1     0     0     0
     1     0     1     0     0    -1     0     0
     0     0     0     0     0     0     0     0
     0     0     0     0     0     0     0     0

MiniMaxPlayer2 (-1) to move (time left: 176.6 sec.):
     0     0     1    -1     0     0     0     0
     1     1    -1     0     0     0     0     0
     1    -1    -1    -1     0     0     0     0
     1     0    -1    -1    -1     0     0     0
     1    -1    -1    -1    -1     0     0     0
     1     0     1     0     0    -1     0     0
     0     0     0     0     0     0     0     0
     0     0     0     0     0     0     0     0

DerGeileTyp (1) to move (time left: 175.9 sec.):
     0     0     1     1     1     0     0     0
     1     1    -1     0     0     0     0     0
     1    -1    -1    -1     0     0     0     0
     1     0    -1    -1    -1     0     0     0
     1    -1    -1    -1    -1     0     0     0
     1     0     1     0     0    -1     0     0
     0     0     0     0     0     0     0     0
     0     0     0     0     0     0     0     0

MiniMaxPlayer2 (-1) to move (time left: 176.2 sec.):
     0     0     1     1     1     0     0     0
     1     1    -1     0     0     0     0     0
     1    -1    -1    -1     0     0     0     0
     1     0    -1    -1    -1     0     0     0
     1    -1    -1    -1    -1     0     0     0
     1     0    -1     0     0    -1     0     0
     0     0     0    -1     0     0     0     0
     0     0     0     0     0     0     0     0

DerGeileTyp (1) to move (time left: 175.8 sec.):
     0     0     1     1     1     0     0     0
     1     1    -1     0     0     0     0     0
     1     1    -1    -1     0     0     0     0
     1     1    -1    -1    -1     0     0     0
     1    -1    -1    -1    -1     0     0     0
     1     0    -1     0     0    -1     0     0
     0     0     0    -1     0     0     0     0
     0     0     0     0     0     0     0     0

MiniMaxPlayer2 (-1) to move (time left: 175.8 sec.):
    -1     0     1     1     1     0     0     0
     1    -1    -1     0     0     0     0     0
     1     1    -1    -1     0     0     0     0
     1     1    -1    -1    -1     0     0     0
     1    -1    -1    -1    -1     0     0     0
     1     0    -1     0     0    -1     0     0
     0     0     0    -1     0     0     0     0
     0     0     0     0     0     0     0     0

DerGeileTyp (1) to move (time left: 175.7 sec.):
    -1     0     1     1     1     0     0     0
     1    -1    -1     0     0     0     0     0
     1     1    -1    -1     0     0     0     0
     1     1    -1    -1    -1     0     0     0
     1    -1     1    -1    -1     0     0     0
     1     0    -1     1     0    -1     0     0
     0     0     0    -1     0     0     0     0
     0     0     0     0     0     0     0     0

MiniMaxPlayer2 (-1) to move (time left: 175.4 sec.):
    -1     0     1     1     1     0     0     0
     1    -1    -1     0     0     0     0     0
     1     1    -1    -1     0     0     0     0
     1     1    -1    -1    -1     0     0     0
     1    -1    -1    -1    -1     0     0     0
     1    -1    -1     1     0    -1     0     0
     0     0     0    -1     0     0     0     0
     0     0     0     0     0     0     0     0

DerGeileTyp (1) to move (time left: 175.6 sec.):
    -1     0     1     1     1     0     0     0
     1    -1    -1     0     0     0     0     0
     1     1    -1    -1     0     0     0     0
     1     1    -1    -1    -1     0     0     0
     1     1    -1    -1    -1     0     0     0
     1    -1     1     1     0    -1     0     0
     0     0     0     1     0     0     0     0
     0     0     0     0     1     0     0     0

MiniMaxPlayer2 (-1) to move (time left: 175.0 sec.):
    -1     0     1     1     1     0     0     0
     1    -1    -1     0     0     0     0     0
     1     1    -1    -1     0     0     0     0
     1     1    -1    -1    -1     0     0     0
     1     1    -1    -1    -1     0     0     0
     1    -1     1    -1     0    -1     0     0
     0     0     0    -1     0     0     0     0
     0     0     0    -1     1     0     0     0

DerGeileTyp (1) to move (time left: 175.4 sec.):
    -1     0     1     1     1     0     0     0
     1    -1    -1     0     0     0     0     0
     1     1    -1    -1     0     0     0     0
     1     1    -1    -1    -1     0     0     0
     1     1    -1    -1    -1     0     0     0
     1    -1     1    -1     0    -1     0     0
     0     0     0    -1     0     0     0     0
     0     0     1     1     1     0     0     0

MiniMaxPlayer2 (-1) to move (time left: 174.5 sec.):
    -1     0     1     1     1     0     0     0
     1    -1    -1     0     0     0     0     0
     1     1    -1    -1     0     0     0     0
     1     1    -1    -1    -1     0     0     0
     1     1    -1    -1    -1     0     0     0
     1    -1    -1    -1     0    -1     0     0
     0     0    -1    -1     0     0     0     0
     0     0     1     1     1     0     0     0

DerGeileTyp (1) to move (time left: 175.4 sec.):
    -1     0     1     1     1     0     0     0
     1    -1    -1     0     0     0     0     0
     1     1    -1    -1     0     0     0     0
     1     1     1     1     1     1     0     0
     1     1    -1    -1    -1     0     0     0
     1    -1    -1    -1     0    -1     0     0
     0     0    -1    -1     0     0     0     0
     0     0     1     1     1     0     0     0

MiniMaxPlayer2 (-1) to move (time left: 174.1 sec.):
    -1     0     1     1     1     0     0     0
     1    -1    -1     0     0     0     0     0
     1     1    -1    -1    -1     0     0     0
     1     1     1    -1    -1     1     0     0
     1     1    -1    -1    -1     0     0     0
     1    -1    -1    -1     0    -1     0     0
     0     0    -1    -1     0     0     0     0
     0     0     1     1     1     0     0     0

DerGeileTyp (1) to move (time left: 175.3 sec.):
    -1     0     1     1     1     0     0     0
     1    -1    -1     0     0     0     0     0
     1     1    -1    -1    -1     0     0     0
     1     1     1    -1    -1     1     0     0
     1     1    -1    -1     1     0     0     0
     1    -1    -1     1     0    -1     0     0
     0     0     1    -1     0     0     0     0
     0     1     1     1     1     0     0     0

MiniMaxPlayer2 (-1) to move (time left: 173.7 sec.):
    -1     0     1     1     1     0     0     0
     1    -1    -1     0     0     0     0     0
     1     1    -1    -1    -1     0     0     0
     1     1     1    -1    -1    -1     0     0
     1     1    -1    -1     1     0    -1     0
     1    -1    -1     1     0    -1     0     0
     0     0     1    -1     0     0     0     0
     0     1     1     1     1     0     0     0

DerGeileTyp (1) to move (time left: 175.1 sec.):
    -1     0     1     1     1     0     0     0
     1    -1    -1     0     0     0     0     0
     1     1    -1    -1    -1     0     1     0
     1     1     1    -1    -1     1     0     0
     1     1    -1    -1     1     0    -1     0
     1    -1    -1     1     0    -1     0     0
     0     0     1    -1     0     0     0     0
     0     1     1     1     1     0     0     0

MiniMaxPlayer2 (-1) to move (time left: 173.3 sec.):
    -1     0     1     1     1     0     0     0
     1    -1    -1     0     0     0     0     0
     1     1    -1    -1    -1     0     1     0
     1     1     1    -1    -1     1     0     0
     1     1    -1    -1    -1    -1    -1     0
     1    -1    -1     1     0    -1     0     0
     0     0     1    -1     0     0     0     0
     0     1     1     1     1     0     0     0

DerGeileTyp (1) to move (time left: 174.8 sec.):
    -1     0     1     1     1     0     0     0
     1    -1    -1     0     0     0     0     0
     1     1    -1    -1    -1     0     1     0
     1     1     1    -1    -1     1     0     0
     1     1    -1    -1    -1    -1     1     0
     1    -1    -1     1     0    -1     0     1
     0     0     1    -1     0     0     0     0
     0     1     1     1     1     0     0     0

MiniMaxPlayer2 (-1) to move (time left: 172.8 sec.):
    -1     0     1     1     1     0     0     0
     1    -1    -1     0     0     0     0     0
     1     1    -1    -1    -1    -1     1     0
     1     1     1    -1    -1    -1     0     0
     1     1    -1    -1    -1    -1     1     0
     1    -1    -1     1     0    -1     0     1
     0     0     1    -1     0     0     0     0
     0     1     1     1     1     0     0     0

DerGeileTyp (1) to move (time left: 172.0 sec.):
    -1     0     1     1     1     0     0     0
     1     1     1     1     0     0     0     0
     1     1     1     1     1    -1     1     0
     1     1     1     1    -1     1     0     0
     1     1    -1     1    -1    -1     1     0
     1    -1    -1     1     0    -1     0     1
     0     0     1    -1     0     0     0     0
     0     1     1     1     1     0     0     0

MiniMaxPlayer2 (-1) to move (time left: 172.3 sec.):
    -1     0     1     1     1     0     0     0
     1     1     1     1     0    -1     0     0
     1     1     1     1    -1    -1     1     0
     1     1     1    -1    -1     1     0     0
     1     1    -1     1    -1    -1     1     0
     1    -1    -1     1     0    -1     0     1
     0     0     1    -1     0     0     0     0
     0     1     1     1     1     0     0     0

DerGeileTyp (1) to move (time left: 168.7 sec.):
    -1     0     1     1     1     0     0     0
     1     1     1     1     0    -1     0     0
     1     1     1     1    -1    -1     1     0
     1     1     1    -1    -1     1     0     0
     1     1    -1     1    -1    -1     1     0
     1    -1    -1     1     0     1     0     1
     0     0     1     1     1     0     0     0
     0     1     1     1     1     0     0     0

MiniMaxPlayer2 (-1) to move (time left: 171.7 sec.):
    -1     0     1     1     1     0     0     0
     1     1     1     1     0    -1     0     0
     1     1     1     1    -1    -1     1     0
     1     1     1    -1    -1     1     0     0
     1     1    -1     1    -1    -1    -1    -1
     1    -1    -1     1     0     1     0     1
     0     0     1     1     1     0     0     0
     0     1     1     1     1     0     0     0

DerGeileTyp (1) to move (time left: 164.7 sec.):
    -1     0     1     1     1     0     0     0
     1     1     1     1     0    -1     0     0
     1     1     1     1    -1    -1     1     0
     1     1     1    -1    -1     1     0     1
     1     1    -1     1    -1    -1     1     1
     1    -1    -1     1     0     1     0     1
     0     0     1     1     1     0     0     0
     0     1     1     1     1     0     0     0

MiniMaxPlayer2 (-1) to move (time left: 171.2 sec.):
    -1     0     1     1     1     0     0     0
     1     1     1     1     0    -1     0     0
     1     1     1     1    -1    -1     1     0
     1     1     1    -1    -1    -1    -1     1
     1     1    -1     1    -1    -1     1     1
     1    -1    -1     1     0     1     0     1
     0     0     1     1     1     0     0     0
     0     1     1     1     1     0     0     0

DerGeileTyp (1) to move (time left: 154.8 sec.):
    -1     0     1     1     1     1     0     0
     1     1     1     1     0     1     0     0
     1     1     1     1    -1     1     1     0
     1     1     1    -1    -1     1    -1     1
     1     1    -1     1    -1     1     1     1
     1    -1    -1     1     0     1     0     1
     0     0     1     1     1     0     0     0
     0     1     1     1     1     0     0     0

MiniMaxPlayer2 (-1) to move (time left: 170.7 sec.):
    -1     0     1     1     1     1     0     0
     1     1     1     1     0     1     0     0
     1     1     1     1    -1     1     1     0
     1     1     1    -1    -1     1    -1     1
     1     1    -1     1    -1    -1    -1     1
     1    -1    -1     1     0     1    -1     1
     0     0     1     1     1     0     0     0
     0     1     1     1     1     0     0     0

DerGeileTyp (1) to move (time left: 150.4 sec.):
    -1     0     1     1     1     1     0     0
     1     1     1     1     0     1     0     0
     1     1     1     1    -1     1     1     0
     1     1     1    -1    -1     1     1     1
     1     1    -1     1    -1    -1     1     1
     1    -1    -1     1     0     1     1     1
     0     0     1     1     1     0     1     0
     0     1     1     1     1     0     0     0

MiniMaxPlayer2 (-1) to move (time left: 170.3 sec.):
    -1     0     1     1     1     1     0     0
     1     1     1     1     0     1     0     0
     1     1     1     1    -1    -1    -1    -1
     1     1     1    -1    -1     1    -1     1
     1     1    -1     1    -1    -1     1     1
     1    -1    -1     1     0     1     1     1
     0     0     1     1     1     0     1     0
     0     1     1     1     1     0     0     0

DerGeileTyp (1) to move (time left: 144.5 sec.):
    -1     0     1     1     1     1     0     0
     1     1     1     1     0     1     0     1
     1     1     1     1    -1    -1     1     1
     1     1     1    -1    -1     1    -1     1
     1     1    -1     1    -1    -1     1     1
     1    -1    -1     1     0     1     1     1
     0     0     1     1     1     0     1     0
     0     1     1     1     1     0     0     0

MiniMaxPlayer2 (-1) to move (time left: 169.8 sec.):
    -1     0     1     1     1     1     0     0
     1     1     1     1     0     1     0     1
     1     1     1     1    -1    -1     1     1
     1     1     1    -1    -1     1    -1     1
     1     1    -1     1    -1    -1     1     1
     1    -1    -1     1     0    -1     1     1
     0     0     1     1     1     0    -1     0
     0     1     1     1     1     0     0    -1

DerGeileTyp (1) to move (time left: 140.9 sec.):
    -1     0     1     1     1     1     0     0
     1     1     1     1     0     1     0     1
     1     1     1     1    -1    -1     1     1
     1     1     1    -1    -1     1    -1     1
     1     1    -1     1    -1    -1     1     1
     1    -1    -1     1     0    -1     1     1
     0     0     1     1     1     0     1     0
     0     1     1     1     1     1     0    -1

MiniMaxPlayer2 (-1) to move (time left: 169.4 sec.):
    -1     0     1     1     1     1     0     0
     1     1     1     1     0     1    -1     1
     1     1     1     1    -1    -1    -1     1
     1     1     1    -1    -1     1    -1     1
     1     1    -1     1    -1    -1     1     1
     1    -1    -1     1     0    -1     1     1
     0     0     1     1     1     0     1     0
     0     1     1     1     1     1     0    -1

DerGeileTyp (1) to move (time left: 139.5 sec.):
    -1     0     1     1     1     1     0     0
     1     1     1     1     1     1    -1     1
     1     1     1     1    -1     1    -1     1
     1     1     1    -1    -1     1     1     1
     1     1    -1     1    -1    -1     1     1
     1    -1    -1     1     0    -1     1     1
     0     0     1     1     1     0     1     0
     0     1     1     1     1     1     0    -1

MiniMaxPlayer2 (-1) to move (time left: 169.0 sec.):
    -1     0     1     1     1     1    -1     0
     1     1     1     1     1    -1    -1     1
     1     1     1     1    -1     1    -1     1
     1     1     1    -1    -1     1     1     1
     1     1    -1     1    -1    -1     1     1
     1    -1    -1     1     0    -1     1     1
     0     0     1     1     1     0     1     0
     0     1     1     1     1     1     0    -1

DerGeileTyp (1) to move (time left: 138.9 sec.):
    -1     0     1     1     1     1     1     1
     1     1     1     1     1    -1     1     1
     1     1     1     1    -1     1    -1     1
     1     1     1    -1    -1     1     1     1
     1     1    -1     1    -1    -1     1     1
     1    -1    -1     1     0    -1     1     1
     0     0     1     1     1     0     1     0
     0     1     1     1     1     1     0    -1

MiniMaxPlayer2 (-1) to move (time left: 168.6 sec.):
    -1     0     1     1     1     1     1     1
     1     1     1     1     1    -1     1     1
     1     1     1     1    -1     1    -1     1
     1     1     1    -1    -1     1     1     1
     1     1    -1     1    -1    -1     1     1
     1    -1    -1    -1    -1    -1     1     1
     0     0     1     1     1     0     1     0
     0     1     1     1     1     1     0    -1

DerGeileTyp (1) to move (time left: 138.8 sec.):
    -1     0     1     1     1     1     1     1
     1     1     1     1     1     1     1     1
     1     1     1     1     1     1    -1     1
     1     1     1     1    -1     1     1     1
     1     1     1     1    -1    -1     1     1
     1     1    -1    -1    -1    -1     1     1
     1     0     1     1     1     0     1     0
     0     1     1     1     1     1     0    -1

MiniMaxPlayer2 (-1) to move (time left: 168.2 sec.):
    -1    -1     1     1     1     1     1     1
     1     1    -1     1     1     1     1     1
     1     1     1    -1     1     1    -1     1
     1     1     1     1    -1     1     1     1
     1     1     1     1    -1    -1     1     1
     1     1    -1    -1    -1    -1     1     1
     1     0     1     1     1     0     1     0
     0     1     1     1     1     1     0    -1

DerGeileTyp (1) to move (time left: 138.8 sec.):
    -1    -1     1     1     1     1     1     1
     1     1    -1     1     1     1     1     1
     1     1     1    -1     1     1    -1     1
     1     1     1     1    -1     1     1     1
     1     1     1     1    -1    -1     1     1
     1     1     1    -1    -1    -1     1     1
     1     1     1     1     1     0     1     0
     0     1     1     1     1     1     0    -1

MiniMaxPlayer2 (-1) to move (time left: 167.9 sec.):
    -1    -1     1     1     1     1     1     1
    -1     1    -1     1     1     1     1     1
    -1     1     1    -1     1     1    -1     1
    -1     1     1     1    -1     1     1     1
    -1     1     1    -1    -1    -1     1     1
    -1     1    -1    -1    -1    -1     1     1
    -1    -1     1     1     1     0     1     0
    -1     1     1     1     1     1     0    -1

DerGeileTyp (1) to move (time left: 138.7 sec.):
    -1    -1     1     1     1     1     1     1
    -1     1    -1     1     1     1     1     1
    -1     1     1    -1     1     1    -1     1
    -1     1     1     1    -1     1     1     1
    -1     1     1     1    -1     1     1     1
    -1     1    -1    -1     1     1     1     1
    -1    -1     1     1     1     1     1     0
    -1     1     1     1     1     1     0    -1

MiniMaxPlayer2 (-1) to move (time left: 167.5 sec.):
    -1    -1     1     1     1     1     1     1
    -1     1    -1     1     1     1     1     1
    -1     1     1    -1     1     1    -1     1
    -1     1     1     1    -1     1     1     1
    -1     1     1     1    -1    -1     1     1
    -1     1    -1    -1     1     1    -1     1
    -1    -1    -1    -1    -1    -1    -1    -1
    -1     1     1     1     1     1     0    -1

DerGeileTyp (1) to move (time left: 138.7 sec.):
    -1    -1     1     1     1     1     1     1
    -1     1    -1     1     1     1     1     1
    -1     1     1    -1     1     1    -1     1
    -1     1     1     1    -1     1     1     1
    -1     1     1     1    -1    -1     1     1
    -1     1    -1    -1     1     1     1     1
    -1    -1    -1    -1    -1     1     1    -1
    -1     1     1     1     1     1     1    -1

Game over.
