MiniMaxPlayer against Jojo:
     0     0     0     0     0     0     0     0
     0     0     0     0     0     0     0     0
     0     0     0     0     0     0     0     0
     0     0     0     1    -1     0     0     0
     0     0     0    -1     1     0     0     0
     0     0     0     0     0     0     0     0
     0     0     0     0     0     0     0     0
     0     0     0     0     0     0     0     0

Jojo (-1) to move (time left: 180.0 sec.):
     0     0     0     0     0     0     0     0
     0     0     0     0     0     0     0     0
     0     0     0     0     0     0     0     0
     0     0    -1    -1    -1     0     0     0
     0     0     0    -1     1     0     0     0
     0     0     0     0     0     0     0     0
     0     0     0     0     0     0     0     0
     0     0     0     0     0     0     0     0

MiniMaxPlayer (1) to move (time left: 180.0 sec.):
     0     0     0     0     0     0     0     0
     0     0     0     0     0     0     0     0
     0     0     0     0     1     0     0     0
     0     0    -1    -1     1     0     0     0
     0     0     0    -1     1     0     0     0
     0     0     0     0     0     0     0     0
     0     0     0     0     0     0     0     0
     0     0     0     0     0     0     0     0

Jojo (-1) to move (time left: 180.0 sec.):
     0     0     0     0     0     0     0     0
     0     0     0     0     0    -1     0     0
     0     0     0     0    -1     0     0     0
     0     0    -1    -1     1     0     0     0
     0     0     0    -1     1     0     0     0
     0     0     0     0     0     0     0     0
     0     0     0     0     0     0     0     0
     0     0     0     0     0     0     0     0

MiniMaxPlayer (1) to move (time left: 179.7 sec.):
     0     0     0     0     0     0     0     0
     0     0     0     0     0    -1     0     0
     0     0     0     0    -1     0     0     0
     0     1     1     1     1     0     0     0
     0     0     0    -1     1     0     0     0
     0     0     0     0     0     0     0     0
     0     0     0     0     0     0     0     0
     0     0     0     0     0     0     0     0

Jojo (-1) to move (time left: 180.0 sec.):
     0     0     0     0     0     0     0     0
     0     0     0     0     0    -1     0     0
     0    -1     0     0    -1     0     0     0
     0     1    -1     1     1     0     0     0
     0     0     0    -1     1     0     0     0
     0     0     0     0     0     0     0     0
     0     0     0     0     0     0     0     0
     0     0     0     0     0     0     0     0

MiniMaxPlayer (1) to move (time left: 179.3 sec.):
     0     0     0     0     0     0     0     0
     0     0     0     0     0    -1     0     0
     0    -1     0     0    -1     0     0     0
     0     1    -1     1     1     0     0     0
     0     0     1     1     1     0     0     0
     0     0     0     0     0     0     0     0
     0     0     0     0     0     0     0     0
     0     0     0     0     0     0     0     0

Jojo (-1) to move (time left: 179.9 sec.):
     0     0     0     0     0     0     0     0
     0     0     0     0     0    -1     0     0
     0    -1     0     0    -1     0     0     0
    -1    -1    -1     1     1     0     0     0
     0     0     1     1     1     0     0     0
     0     0     0     0     0     0     0     0
     0     0     0     0     0     0     0     0
     0     0     0     0     0     0     0     0

MiniMaxPlayer (1) to move (time left: 178.8 sec.):
     0     0     0     0     0     0     0     0
     0     0     0     0     0    -1     0     0
     1    -1     0     0    -1     0     0     0
    -1     1    -1     1     1     0     0     0
     0     0     1     1     1     0     0     0
     0     0     0     0     0     0     0     0
     0     0     0     0     0     0     0     0
     0     0     0     0     0     0     0     0

Jojo (-1) to move (time left: 179.9 sec.):
     0     0     0     0     0     0     0     0
    -1     0     0     0     0    -1     0     0
    -1    -1     0     0    -1     0     0     0
    -1     1    -1     1     1     0     0     0
     0     0     1     1     1     0     0     0
     0     0     0     0     0     0     0     0
     0     0     0     0     0     0     0     0
     0     0     0     0     0     0     0     0

MiniMaxPlayer (1) to move (time left: 178.5 sec.):
     0     0     0     0     0     0     0     0
    -1     0     0     0     0    -1     0     0
    -1    -1     1     0    -1     0     0     0
    -1     1     1     1     1     0     0     0
     0     0     1     1     1     0     0     0
     0     0     0     0     0     0     0     0
     0     0     0     0     0     0     0     0
     0     0     0     0     0     0     0     0

Jojo (-1) to move (time left: 179.9 sec.):
     0     0     0     0     0     0     0     0
    -1     0     0     0     0    -1     0     0
    -1    -1    -1    -1    -1     0     0     0
    -1     1     1     1     1     0     0     0
     0     0     1     1     1     0     0     0
     0     0     0     0     0     0     0     0
     0     0     0     0     0     0     0     0
     0     0     0     0     0     0     0     0

MiniMaxPlayer (1) to move (time left: 178.1 sec.):
     0     0     0     0     0     0     0     0
    -1     0     1     0     0    -1     0     0
    -1    -1     1     1    -1     0     0     0
    -1     1     1     1     1     0     0     0
     0     0     1     1     1     0     0     0
     0     0     0     0     0     0     0     0
     0     0     0     0     0     0     0     0
     0     0     0     0     0     0     0     0

Jojo (-1) to move (time left: 179.9 sec.):
     0     0     0     0     0     0     0     0
    -1     0     1     0     0    -1     0     0
    -1    -1     1     1    -1     0     0     0
    -1     1     1    -1     1     0     0     0
     0     0    -1     1     1     0     0     0
     0    -1     0     0     0     0     0     0
     0     0     0     0     0     0     0     0
     0     0     0     0     0     0     0     0

MiniMaxPlayer (1) to move (time left: 177.7 sec.):
     0     0     0     0     0     0     0     0
    -1     0     1     0     0    -1     0     0
    -1    -1     1     1    -1     0     0     0
    -1     1     1    -1     1     0     0     0
     0     1     1     1     1     0     0     0
     0    -1     0     0     0     0     0     0
     0     0     0     0     0     0     0     0
     0     0     0     0     0     0     0     0

Jojo (-1) to move (time left: 179.8 sec.):
     0     0     0     0     0     0     0     0
    -1     0     1     0     0    -1     0     0
    -1    -1     1     1    -1     0     0     0
    -1     1     1    -1     1     0     0     0
     0     1     1     1    -1     0     0     0
     0    -1     0     0     0    -1     0     0
     0     0     0     0     0     0     0     0
     0     0     0     0     0     0     0     0

MiniMaxPlayer (1) to move (time left: 177.2 sec.):
     0     0     0     0     0     0     0     0
    -1     0     1     0     0    -1     0     0
    -1    -1     1     1    -1     0     0     0
    -1     1     1    -1     1     0     0     0
     0     1     1     1     1     0     0     0
     0    -1     0     0     1    -1     0     0
     0     0     0     0     0     0     0     0
     0     0     0     0     0     0     0     0

Jojo (-1) to move (time left: 179.7 sec.):
     0     0     0     0     0     0     0     0
    -1     0     1     0     0    -1     0     0
    -1    -1     1     1    -1     0     0     0
    -1     1    -1    -1     1     0     0     0
     0     1     1    -1     1     0     0     0
     0    -1     0     0    -1    -1     0     0
     0     0     0     0     0    -1     0     0
     0     0     0     0     0     0     0     0

MiniMaxPlayer (1) to move (time left: 176.7 sec.):
     0     0     0     0     0     0     0     0
    -1     0     1     0     0    -1     0     0
    -1    -1     1     1    -1     0     0     0
    -1     1    -1     1     1     0     0     0
     0     1     1     1     1     0     0     0
     0    -1     0     1    -1    -1     0     0
     0     0     0     0     0    -1     0     0
     0     0     0     0     0     0     0     0

Jojo (-1) to move (time left: 179.5 sec.):
     0     0     0     0     0     0     0     0
    -1     0     1     0     0    -1     0     0
    -1    -1     1     1    -1     0     0     0
    -1     1    -1    -1    -1    -1     0     0
     0     1     1     1     1     0     0     0
     0    -1     0     1    -1    -1     0     0
     0     0     0     0     0    -1     0     0
     0     0     0     0     0     0     0     0

MiniMaxPlayer (1) to move (time left: 175.9 sec.):
     0     0     0     0     0     0     0     0
    -1     0     1     0     1    -1     0     0
    -1    -1     1     1     1     0     0     0
    -1     1    -1    -1     1    -1     0     0
     0     1     1     1     1     0     0     0
     0    -1     0     1    -1    -1     0     0
     0     0     0     0     0    -1     0     0
     0     0     0     0     0     0     0     0

Jojo (-1) to move (time left: 179.3 sec.):
     0     0     0    -1     0     0     0     0
    -1     0    -1     0     1    -1     0     0
    -1    -1     1     1     1     0     0     0
    -1     1    -1    -1     1    -1     0     0
     0     1     1     1     1     0     0     0
     0    -1     0     1    -1    -1     0     0
     0     0     0     0     0    -1     0     0
     0     0     0     0     0     0     0     0

MiniMaxPlayer (1) to move (time left: 175.1 sec.):
     0     0     0    -1     0     0     0     0
    -1     0    -1     0     1    -1     0     0
    -1    -1     1     1     1     0     1     0
    -1     1    -1    -1     1     1     0     0
     0     1     1     1     1     0     0     0
     0    -1     0     1    -1    -1     0     0
     0     0     0     0     0    -1     0     0
     0     0     0     0     0     0     0     0

Jojo (-1) to move (time left: 158.1 sec.):
     0     0     0    -1     0     0     0     0
    -1     0    -1     0     1    -1     0     0
    -1    -1     1     1     1     0    -1     0
    -1     1    -1    -1     1     1     0    -1
     0     1     1     1     1     0     0     0
     0    -1     0     1    -1    -1     0     0
     0     0     0     0     0    -1     0     0
     0     0     0     0     0     0     0     0

MiniMaxPlayer (1) to move (time left: 174.1 sec.):
     0     0     1    -1     0     0     0     0
    -1     0     1     0     1    -1     0     0
    -1    -1     1     1     1     0    -1     0
    -1     1    -1    -1     1     1     0    -1
     0     1     1     1     1     0     0     0
     0    -1     0     1    -1    -1     0     0
     0     0     0     0     0    -1     0     0
     0     0     0     0     0     0     0     0

Jojo (-1) to move (time left: 137.7 sec.):
     0     0     1    -1     0    -1     0     0
    -1     0     1     0    -1    -1     0     0
    -1    -1     1    -1     1     0    -1     0
    -1     1    -1    -1     1     1     0    -1
     0     1     1     1     1     0     0     0
     0    -1     0     1    -1    -1     0     0
     0     0     0     0     0    -1     0     0
     0     0     0     0     0     0     0     0

MiniMaxPlayer (1) to move (time left: 173.3 sec.):
     0     0     1     1     1    -1     0     0
    -1     0     1     0     1    -1     0     0
    -1    -1     1    -1     1     0    -1     0
    -1     1    -1    -1     1     1     0    -1
     0     1     1     1     1     0     0     0
     0    -1     0     1    -1    -1     0     0
     0     0     0     0     0    -1     0     0
     0     0     0     0     0     0     0     0

Jojo (-1) to move (time left: 124.9 sec.):
     0     0     1     1     1    -1     0     0
    -1     0     1    -1    -1    -1     0     0
    -1    -1     1    -1     1     0    -1     0
    -1     1    -1    -1     1     1     0    -1
     0     1     1     1     1     0     0     0
     0    -1     0     1    -1    -1     0     0
     0     0     0     0     0    -1     0     0
     0     0     0     0     0     0     0     0

MiniMaxPlayer (1) to move (time left: 172.6 sec.):
     0     0     1     1     1    -1     0     0
    -1     0     1    -1    -1    -1     0     0
    -1    -1     1    -1     1     0    -1     0
    -1     1    -1    -1     1     1     0    -1
     0     1     1     1     1     0     0     0
     0    -1     0     1     1     1     1     0
     0     0     0     0     0    -1     0     0
     0     0     0     0     0     0     0     0

Jojo (-1) to move (time left: 108.7 sec.):
     0     0     1     1     1    -1     0     0
    -1     0     1    -1    -1    -1     0     0
    -1    -1     1    -1    -1    -1    -1     0
    -1     1    -1    -1     1     1     0    -1
     0     1     1     1     1     0     0     0
     0    -1     0     1     1     1     1     0
     0     0     0     0     0    -1     0     0
     0     0     0     0     0     0     0     0

MiniMaxPlayer (1) to move (time left: 171.8 sec.):
     0     0     1     1     1    -1     0     0
    -1     0     1    -1    -1    -1     0     0
    -1    -1     1     1     1     1     1     1
    -1     1    -1    -1     1     1     0    -1
     0     1     1     1     1     0     0     0
     0    -1     0     1     1     1     1     0
     0     0     0     0     0    -1     0     0
     0     0     0     0     0     0     0     0

Jojo (-1) to move (time left: 105.9 sec.):
     0     0     1     1     1    -1     0     0
    -1     0     1    -1    -1    -1     0    -1
    -1    -1     1     1     1     1     1    -1
    -1     1    -1    -1     1     1     0    -1
     0     1     1     1     1     0     0     0
     0    -1     0     1     1     1     1     0
     0     0     0     0     0    -1     0     0
     0     0     0     0     0     0     0     0

MiniMaxPlayer (1) to move (time left: 171.0 sec.):
     0     0     1     1     1    -1     0     0
    -1     0     1     1     1     1     1    -1
    -1    -1     1     1     1     1     1    -1
    -1     1    -1    -1     1     1     0    -1
     0     1     1     1     1     0     0     0
     0    -1     0     1     1     1     1     0
     0     0     0     0     0    -1     0     0
     0     0     0     0     0     0     0     0

Jojo (-1) to move (time left: 105.0 sec.):
     0    -1    -1    -1    -1    -1     0     0
    -1     0     1     1     1     1     1    -1
    -1    -1     1     1     1     1     1    -1
    -1     1    -1    -1     1     1     0    -1
     0     1     1     1     1     0     0     0
     0    -1     0     1     1     1     1     0
     0     0     0     0     0    -1     0     0
     0     0     0     0     0     0     0     0

MiniMaxPlayer (1) to move (time left: 170.5 sec.):
     0    -1    -1    -1    -1    -1     0     0
    -1     0     1     1     1     1     1    -1
    -1    -1     1     1     1     1     1    -1
    -1     1    -1    -1     1     1     0    -1
     0     1     1     1     1     0     0     0
     0    -1     0     1     1     1     1     0
     0     0     0     0     0     1     0     0
     0     0     0     0     1     0     0     0

Jojo (-1) to move (time left: 104.7 sec.):
     0    -1    -1    -1    -1    -1     0     0
    -1     0     1    -1     1     1     1    -1
    -1    -1    -1     1     1     1     1    -1
    -1    -1    -1    -1     1     1     0    -1
    -1     1     1     1     1     0     0     0
     0    -1     0     1     1     1     1     0
     0     0     0     0     0     1     0     0
     0     0     0     0     1     0     0     0

MiniMaxPlayer (1) to move (time left: 170.0 sec.):
     0    -1    -1    -1    -1    -1     0     0
    -1     0     1    -1     1     1     1    -1
    -1    -1    -1     1     1     1     1    -1
    -1    -1    -1    -1     1     1     0    -1
    -1     1     1     1     1     0     0     0
     0     1     0     1     1     1     1     0
     1     0     0     0     0     1     0     0
     0     0     0     0     1     0     0     0

Jojo (-1) to move (time left: 104.7 sec.):
     0    -1    -1    -1    -1    -1     0     0
    -1     0     1    -1     1     1     1    -1
    -1    -1    -1     1     1     1     1    -1
    -1    -1    -1    -1     1     1     0    -1
    -1     1     1    -1     1     0     0     0
     0     1     0    -1     1     1     1     0
     1     0     0    -1     0     1     0     0
     0     0     0     0     1     0     0     0

MiniMaxPlayer (1) to move (time left: 169.7 sec.):
     0    -1    -1    -1    -1    -1     0     0
    -1     0     1    -1     1     1     1    -1
    -1    -1    -1     1     1     1     1    -1
    -1    -1    -1     1     1     1     0    -1
    -1     1     1     1     1     0     0     0
     0     1     0     1     1     1     1     0
     1     0     0     1     0     1     0     0
     0     0     0     1     1     0     0     0

Jojo (-1) to move (time left: 104.6 sec.):
     0    -1    -1    -1    -1    -1     0     0
    -1     0     1    -1    -1     1     1    -1
    -1    -1    -1     1    -1     1     1    -1
    -1    -1    -1     1    -1     1     0    -1
    -1     1    -1     1    -1     0     0     0
     0     1     0    -1    -1     1     1     0
     1     0     0     1    -1     1     0     0
     0     0     0     1     1     0     0     0

MiniMaxPlayer (1) to move (time left: 169.3 sec.):
     0    -1    -1    -1    -1    -1     0     0
    -1     0     1    -1    -1     1     1    -1
    -1    -1    -1     1    -1     1     1    -1
    -1    -1    -1     1    -1     1     0    -1
    -1     1    -1     1     1     0     0     0
     0     1     0     1    -1     1     1     0
     1     0     1     1    -1     1     0     0
     0     0     0     1     1     0     0     0

Jojo (-1) to move (time left: 104.6 sec.):
     0    -1    -1    -1    -1    -1    -1     0
    -1     0     1    -1    -1    -1     1    -1
    -1    -1    -1     1    -1     1     1    -1
    -1    -1    -1     1    -1     1     0    -1
    -1     1    -1     1     1     0     0     0
     0     1     0     1    -1     1     1     0
     1     0     1     1    -1     1     0     0
     0     0     0     1     1     0     0     0

MiniMaxPlayer (1) to move (time left: 168.9 sec.):
     0    -1    -1    -1    -1    -1    -1     0
    -1     0     1    -1    -1    -1     1    -1
    -1    -1    -1     1    -1     1     1    -1
    -1    -1    -1     1    -1     1     0    -1
    -1     1    -1     1     1     0     0     0
     0     1     0     1    -1     1     1     0
     1     0     1     1     1     1     0     0
     0     0     0     1     1     1     0     0

Jojo (-1) to move (time left: 104.4 sec.):
     0    -1    -1    -1    -1    -1    -1    -1
    -1     0     1    -1    -1    -1    -1    -1
    -1    -1    -1     1    -1    -1     1    -1
    -1    -1    -1     1    -1     1     0    -1
    -1     1    -1     1     1     0     0     0
     0     1     0     1    -1     1     1     0
     1     0     1     1     1     1     0     0
     0     0     0     1     1     1     0     0

MiniMaxPlayer (1) to move (time left: 168.5 sec.):
     0    -1    -1    -1    -1    -1    -1    -1
    -1     0     1    -1    -1    -1    -1    -1
    -1    -1     1     1    -1    -1     1    -1
    -1    -1     1     1    -1     1     0    -1
    -1     1     1     1     1     0     0     0
     0     1     1     1    -1     1     1     0
     1     0     1     1     1     1     0     0
     0     0     0     1     1     1     0     0

Jojo (-1) to move (time left: 104.3 sec.):
     0    -1    -1    -1    -1    -1    -1    -1
    -1     0    -1    -1    -1    -1    -1    -1
    -1    -1    -1     1    -1    -1     1    -1
    -1    -1    -1     1    -1     1     0    -1
    -1     1    -1     1     1     0     0     0
     0     1    -1     1    -1     1     1     0
     1     0    -1    -1     1     1     0     0
     0     0    -1     1     1     1     0     0

MiniMaxPlayer (1) to move (time left: 168.2 sec.):
     0    -1    -1    -1    -1    -1    -1    -1
    -1     0    -1    -1    -1    -1    -1    -1
    -1    -1    -1     1    -1    -1     1    -1
    -1    -1    -1     1     1     1     0    -1
    -1     1    -1     1     1     1     0     0
     0     1    -1     1    -1     1     1     0
     1     0    -1    -1     1     1     0     0
     0     0    -1     1     1     1     0     0

Jojo (-1) to move (time left: 104.3 sec.):
     0    -1    -1    -1    -1    -1    -1    -1
    -1     0    -1    -1    -1    -1    -1    -1
    -1    -1    -1     1    -1    -1    -1    -1
    -1    -1    -1    -1    -1    -1    -1    -1
    -1     1    -1     1     1    -1     0     0
     0     1    -1     1    -1     1     1     0
     1     0    -1    -1     1     1     0     0
     0     0    -1     1     1     1     0     0

MiniMaxPlayer (1) to move (time left: 167.8 sec.):
     0    -1    -1    -1    -1    -1    -1    -1
    -1     1    -1    -1    -1    -1    -1    -1
    -1     1     1     1    -1    -1    -1    -1
    -1     1    -1     1    -1    -1    -1    -1
    -1     1    -1     1     1    -1     0     0
     0     1    -1     1    -1     1     1     0
     1     0    -1    -1     1     1     0     0
     0     0    -1     1     1     1     0     0

Jojo (-1) to move (time left: 104.2 sec.):
     0    -1    -1    -1    -1    -1    -1    -1
    -1     1    -1    -1    -1    -1    -1    -1
    -1     1     1     1    -1    -1    -1    -1
    -1     1    -1     1    -1    -1    -1    -1
    -1     1    -1     1     1    -1     0     0
     0     1    -1     1    -1    -1    -1    -1
     1     0    -1    -1     1     1     0     0
     0     0    -1     1     1     1     0     0

MiniMaxPlayer (1) to move (time left: 167.5 sec.):
     0    -1    -1    -1    -1    -1    -1    -1
    -1     1    -1    -1    -1    -1    -1    -1
    -1     1     1     1    -1    -1    -1    -1
    -1     1    -1     1    -1    -1    -1    -1
    -1     1    -1     1     1    -1     0     0
     0     1    -1     1    -1     1    -1    -1
     1     0    -1    -1     1     1     1     0
     0     0    -1     1     1     1     0     0

Jojo (-1) to move (time left: 104.1 sec.):
     0    -1    -1    -1    -1    -1    -1    -1
    -1     1    -1    -1    -1    -1    -1    -1
    -1     1     1     1    -1    -1    -1    -1
    -1     1    -1     1    -1    -1    -1    -1
    -1     1    -1     1     1    -1     0     0
     0     1    -1     1    -1     1    -1    -1
     1     0    -1    -1     1    -1    -1     0
     0     0    -1    -1    -1    -1    -1     0

MiniMaxPlayer (1) to move (time left: 167.1 sec.):
     0    -1    -1    -1    -1    -1    -1    -1
    -1     1    -1    -1    -1    -1    -1    -1
    -1     1     1     1    -1    -1    -1    -1
    -1     1    -1     1    -1    -1    -1    -1
    -1     1    -1     1     1    -1     0     0
     0     1    -1     1    -1     1    -1    -1
     1     0    -1    -1     1    -1     1     0
     0     0    -1    -1    -1    -1    -1     1

Jojo (-1) to move (time left: 103.9 sec.):
     0    -1    -1    -1    -1    -1    -1    -1
    -1     1    -1    -1    -1    -1    -1    -1
    -1     1     1     1    -1    -1    -1    -1
    -1     1    -1     1    -1    -1    -1    -1
    -1     1    -1     1     1    -1     0     0
     0     1    -1     1    -1     1    -1    -1
     1     0    -1    -1     1    -1    -1    -1
     0     0    -1    -1    -1    -1    -1     1

MiniMaxPlayer (1) to move (time left: 166.8 sec.):
     0    -1    -1    -1    -1    -1    -1    -1
    -1     1    -1    -1    -1    -1    -1    -1
    -1     1     1     1    -1    -1    -1    -1
    -1     1    -1     1    -1    -1    -1    -1
    -1     1    -1     1     1     1     1     0
     0     1    -1     1    -1     1    -1    -1
     1     0    -1    -1     1    -1    -1    -1
     0     0    -1    -1    -1    -1    -1     1

Jojo (-1) to move (time left: 103.8 sec.):
     0    -1    -1    -1    -1    -1    -1    -1
    -1     1    -1    -1    -1    -1    -1    -1
    -1     1     1     1    -1    -1    -1    -1
    -1     1    -1     1    -1    -1    -1    -1
    -1     1    -1    -1    -1    -1    -1    -1
     0     1    -1     1    -1     1    -1    -1
     1     0    -1    -1     1    -1    -1    -1
     0     0    -1    -1    -1    -1    -1     1

MiniMaxPlayer (1) to move (time left: 166.5 sec.):
     0    -1    -1    -1    -1    -1    -1    -1
    -1     1    -1    -1    -1    -1    -1    -1
    -1     1     1     1    -1    -1    -1    -1
    -1     1    -1     1    -1    -1    -1    -1
    -1     1    -1    -1    -1    -1    -1    -1
     0     1    -1     1    -1     1    -1    -1
     1     0     1    -1     1    -1    -1    -1
     0     1     1     1     1     1     1     1

Jojo (-1) to move (time left: 103.8 sec.):
    -1    -1    -1    -1    -1    -1    -1    -1
    -1    -1    -1    -1    -1    -1    -1    -1
    -1     1    -1     1    -1    -1    -1    -1
    -1     1    -1    -1    -1    -1    -1    -1
    -1     1    -1    -1    -1    -1    -1    -1
     0     1    -1     1    -1     1    -1    -1
     1     0     1    -1     1    -1    -1    -1
     0     1     1     1     1     1     1     1

MiniMaxPlayer (1) to move (time left: 166.2 sec.):
    -1    -1    -1    -1    -1    -1    -1    -1
    -1    -1    -1    -1    -1    -1    -1    -1
    -1     1    -1     1    -1    -1    -1    -1
    -1     1    -1    -1    -1    -1    -1    -1
    -1     1    -1    -1    -1    -1    -1    -1
     0     1    -1     1    -1     1    -1    -1
     1     0     1    -1     1    -1    -1    -1
     0     1     1     1     1     1     1     1

Jojo (-1) to move (time left: 103.8 sec.):
    -1    -1    -1    -1    -1    -1    -1    -1
    -1    -1    -1    -1    -1    -1    -1    -1
    -1     1    -1     1    -1    -1    -1    -1
    -1     1    -1    -1    -1    -1    -1    -1
    -1    -1    -1    -1    -1    -1    -1    -1
    -1    -1    -1     1    -1     1    -1    -1
     1     0     1    -1     1    -1    -1    -1
     0     1     1     1     1     1     1     1

MiniMaxPlayer (1) to move (time left: 165.9 sec.):
    -1    -1    -1    -1    -1    -1    -1    -1
    -1    -1    -1    -1    -1    -1    -1    -1
    -1     1    -1     1    -1    -1    -1    -1
    -1     1    -1    -1    -1    -1    -1    -1
    -1     1    -1    -1    -1    -1    -1    -1
    -1     1    -1     1    -1     1    -1    -1
     1     1     1    -1     1    -1    -1    -1
     0     1     1     1     1     1     1     1

Jojo (-1) to move (time left: 103.8 sec.):
    -1    -1    -1    -1    -1    -1    -1    -1
    -1    -1    -1    -1    -1    -1    -1    -1
    -1     1    -1     1    -1    -1    -1    -1
    -1     1    -1    -1    -1    -1    -1    -1
    -1     1    -1    -1    -1    -1    -1    -1
    -1     1    -1     1    -1     1    -1    -1
    -1    -1     1    -1     1    -1    -1    -1
    -1     1     1     1     1     1     1     1

Game over.
