MiniMaxPlayer against DerGeileTyp:
     0     0     0     0     0     0     0     0
     0     0     0     0     0     0     0     0
     0     0     0     0     0     0     0     0
     0     0     0     1    -1     0     0     0
     0     0     0    -1     1     0     0     0
     0     0     0     0     0     0     0     0
     0     0     0     0     0     0     0     0
     0     0     0     0     0     0     0     0

DerGeileTyp (-1) to move (time left: 180.0 sec.):
     0     0     0     0     0     0     0     0
     0     0     0     0     0     0     0     0
     0     0     0     0     0     0     0     0
     0     0    -1    -1    -1     0     0     0
     0     0     0    -1     1     0     0     0
     0     0     0     0     0     0     0     0
     0     0     0     0     0     0     0     0
     0     0     0     0     0     0     0     0

MiniMaxPlayer (1) to move (time left: 180.0 sec.):
     0     0     0     0     0     0     0     0
     0     0     0     0     0     0     0     0
     0     0     0     0     1     0     0     0
     0     0    -1    -1     1     0     0     0
     0     0     0    -1     1     0     0     0
     0     0     0     0     0     0     0     0
     0     0     0     0     0     0     0     0
     0     0     0     0     0     0     0     0

DerGeileTyp (-1) to move (time left: 180.0 sec.):
     0     0     0     0     0     0     0     0
     0     0     0     0     0    -1     0     0
     0     0     0     0    -1     0     0     0
     0     0    -1    -1     1     0     0     0
     0     0     0    -1     1     0     0     0
     0     0     0     0     0     0     0     0
     0     0     0     0     0     0     0     0
     0     0     0     0     0     0     0     0

MiniMaxPlayer (1) to move (time left: 179.6 sec.):
     0     0     0     0     0     0     0     0
     0     0     0     0     0    -1     0     0
     0     0     0     0    -1     0     0     0
     0     1     1     1     1     0     0     0
     0     0     0    -1     1     0     0     0
     0     0     0     0     0     0     0     0
     0     0     0     0     0     0     0     0
     0     0     0     0     0     0     0     0

DerGeileTyp (-1) to move (time left: 179.8 sec.):
     0     0     0     0     0     0     0     0
     0     0     0     0     0    -1     0     0
     0    -1     0     0    -1     0     0     0
     0     1    -1     1     1     0     0     0
     0     0     0    -1     1     0     0     0
     0     0     0     0     0     0     0     0
     0     0     0     0     0     0     0     0
     0     0     0     0     0     0     0     0

MiniMaxPlayer (1) to move (time left: 179.3 sec.):
     0     0     0     0     0     0     0     0
     0     0     0     0     0    -1     0     0
     0    -1     0     0    -1     0     0     0
     0     1    -1     1     1     0     0     0
     0     0     1     1     1     0     0     0
     0     0     0     0     0     0     0     0
     0     0     0     0     0     0     0     0
     0     0     0     0     0     0     0     0

DerGeileTyp (-1) to move (time left: 179.8 sec.):
     0     0     0     0     0     0     0     0
     0     0     0     0     0    -1     0     0
     0    -1     0     0    -1     0     0     0
    -1    -1    -1     1     1     0     0     0
     0     0     1     1     1     0     0     0
     0     0     0     0     0     0     0     0
     0     0     0     0     0     0     0     0
     0     0     0     0     0     0     0     0

MiniMaxPlayer (1) to move (time left: 178.9 sec.):
     0     0     0     0     0     0     0     0
     0     0     0     0     0    -1     0     0
     1    -1     0     0    -1     0     0     0
    -1     1    -1     1     1     0     0     0
     0     0     1     1     1     0     0     0
     0     0     0     0     0     0     0     0
     0     0     0     0     0     0     0     0
     0     0     0     0     0     0     0     0

DerGeileTyp (-1) to move (time left: 179.6 sec.):
     0     0     0     0     0     0     0     0
    -1     0     0     0     0    -1     0     0
    -1    -1     0     0    -1     0     0     0
    -1     1    -1     1     1     0     0     0
     0     0     1     1     1     0     0     0
     0     0     0     0     0     0     0     0
     0     0     0     0     0     0     0     0
     0     0     0     0     0     0     0     0

MiniMaxPlayer (1) to move (time left: 178.5 sec.):
     0     0     0     0     0     0     0     0
    -1     0     0     0     0    -1     0     0
    -1    -1     1     0    -1     0     0     0
    -1     1     1     1     1     0     0     0
     0     0     1     1     1     0     0     0
     0     0     0     0     0     0     0     0
     0     0     0     0     0     0     0     0
     0     0     0     0     0     0     0     0

DerGeileTyp (-1) to move (time left: 179.6 sec.):
     0     0     0     0     0     0     0     0
    -1     0     0     0     0    -1     0     0
    -1    -1     1     0    -1     0     0     0
    -1     1     1    -1     1     0     0     0
     0     0    -1     1     1     0     0     0
     0    -1     0     0     0     0     0     0
     0     0     0     0     0     0     0     0
     0     0     0     0     0     0     0     0

MiniMaxPlayer (1) to move (time left: 178.2 sec.):
     0     0     0     0     0     0     0     0
    -1     0     0     0     1    -1     0     0
    -1    -1     1     0     1     0     0     0
    -1     1     1    -1     1     0     0     0
     0     0    -1     1     1     0     0     0
     0    -1     0     0     0     0     0     0
     0     0     0     0     0     0     0     0
     0     0     0     0     0     0     0     0

DerGeileTyp (-1) to move (time left: 179.2 sec.):
     0     0     0     0     0     0     0     0
    -1     0    -1     0     1    -1     0     0
    -1    -1    -1     0     1     0     0     0
    -1     1    -1    -1     1     0     0     0
     0     0    -1     1     1     0     0     0
     0    -1     0     0     0     0     0     0
     0     0     0     0     0     0     0     0
     0     0     0     0     0     0     0     0

MiniMaxPlayer (1) to move (time left: 177.8 sec.):
     0     0     0     0     0     0     0     0
    -1     0    -1     0     1    -1     0     0
    -1    -1    -1     0     1     0     0     0
    -1     1    -1    -1     1     0     0     0
     0     1     1     1     1     0     0     0
     0    -1     0     0     0     0     0     0
     0     0     0     0     0     0     0     0
     0     0     0     0     0     0     0     0

DerGeileTyp (-1) to move (time left: 177.7 sec.):
     0     0     0     0     0     0     0     0
    -1     0    -1     0     1    -1     0     0
    -1    -1    -1     0     1     0     0     0
    -1    -1    -1    -1     1     0     0     0
    -1     1     1     1     1     0     0     0
     0    -1     0     0     0     0     0     0
     0     0     0     0     0     0     0     0
     0     0     0     0     0     0     0     0

MiniMaxPlayer (1) to move (time left: 177.3 sec.):
     0     0     1     0     0     0     0     0
    -1     0     1     0     1    -1     0     0
    -1    -1     1     0     1     0     0     0
    -1    -1     1    -1     1     0     0     0
    -1     1     1     1     1     0     0     0
     0    -1     0     0     0     0     0     0
     0     0     0     0     0     0     0     0
     0     0     0     0     0     0     0     0

DerGeileTyp (-1) to move (time left: 177.5 sec.):
     0     0     1    -1     0     0     0     0
    -1     0    -1     0     1    -1     0     0
    -1    -1     1     0     1     0     0     0
    -1    -1     1    -1     1     0     0     0
    -1     1     1     1     1     0     0     0
     0    -1     0     0     0     0     0     0
     0     0     0     0     0     0     0     0
     0     0     0     0     0     0     0     0

MiniMaxPlayer (1) to move (time left: 176.9 sec.):
     0     0     1     1     1     0     0     0
    -1     0    -1     0     1    -1     0     0
    -1    -1     1     0     1     0     0     0
    -1    -1     1    -1     1     0     0     0
    -1     1     1     1     1     0     0     0
     0    -1     0     0     0     0     0     0
     0     0     0     0     0     0     0     0
     0     0     0     0     0     0     0     0

DerGeileTyp (-1) to move (time left: 177.1 sec.):
     0     0     1     1     1     0     0     0
    -1     0    -1     0     1    -1     0     0
    -1    -1     1     0     1     0     0     0
    -1    -1    -1    -1     1     0     0     0
    -1     1     1    -1     1     0     0     0
     0    -1     0     0    -1     0     0     0
     0     0     0     0     0     0     0     0
     0     0     0     0     0     0     0     0

MiniMaxPlayer (1) to move (time left: 176.3 sec.):
     0     0     1     1     1     0     0     0
    -1     0    -1     0     1     1     0     0
    -1    -1     1     0     1     0     1     0
    -1    -1    -1    -1     1     0     0     0
    -1     1     1    -1     1     0     0     0
     0    -1     0     0    -1     0     0     0
     0     0     0     0     0     0     0     0
     0     0     0     0     0     0     0     0

DerGeileTyp (-1) to move (time left: 175.6 sec.):
     0     0     1     1     1     0    -1     0
    -1     0    -1     0     1    -1     0     0
    -1    -1     1     0    -1     0     1     0
    -1    -1    -1    -1     1     0     0     0
    -1     1     1    -1     1     0     0     0
     0    -1     0     0    -1     0     0     0
     0     0     0     0     0     0     0     0
     0     0     0     0     0     0     0     0

MiniMaxPlayer (1) to move (time left: 175.8 sec.):
     0     0     1     1     1     0    -1     0
    -1     0    -1     0     1    -1     0     0
    -1    -1     1     1    -1     0     1     0
    -1    -1     1    -1     1     0     0     0
    -1     1     1    -1     1     0     0     0
     0    -1     0     0    -1     0     0     0
     0     0     0     0     0     0     0     0
     0     0     0     0     0     0     0     0

DerGeileTyp (-1) to move (time left: 172.8 sec.):
     0     0     1     1     1     0    -1     0
    -1     0    -1     0     1    -1     0     0
    -1    -1     1    -1    -1     0     1     0
    -1    -1     1    -1    -1     0     0     0
    -1     1     1    -1    -1    -1     0     0
     0    -1     0     0    -1     0     0     0
     0     0     0     0     0     0     0     0
     0     0     0     0     0     0     0     0

MiniMaxPlayer (1) to move (time left: 175.3 sec.):
     0     0     1     1     1     0    -1     0
    -1     0    -1     0     1    -1     0     0
    -1    -1     1    -1     1     0     1     0
    -1    -1     1    -1     1     0     0     0
    -1     1     1    -1     1    -1     0     0
     0    -1     0     0     1     0     0     0
     0     0     0     0     1     0     0     0
     0     0     0     0     0     0     0     0

DerGeileTyp (-1) to move (time left: 163.1 sec.):
     0     0     1     1     1     0    -1     0
    -1     0    -1     0     1    -1     0     0
    -1    -1     1    -1     1     0     1     0
    -1    -1     1    -1     1     0     0     0
    -1     1     1    -1     1    -1     0     0
     0    -1     0     0    -1     0     0     0
     0     0     0    -1     1     0     0     0
     0     0     0     0     0     0     0     0

MiniMaxPlayer (1) to move (time left: 174.7 sec.):
     0     0     1     1     1     0    -1     0
    -1     0    -1     0     1    -1     0     0
    -1    -1     1    -1     1     0     1     0
    -1    -1     1    -1     1     0     0     0
    -1     1     1     1     1    -1     0     0
     0    -1     1     0    -1     0     0     0
     0     0     0    -1     1     0     0     0
     0     0     0     0     0     0     0     0

DerGeileTyp (-1) to move (time left: 160.3 sec.):
     0     0     1     1     1     0    -1     0
    -1     0    -1     0     1    -1     0     0
    -1    -1     1    -1     1     0     1     0
    -1    -1     1    -1     1     0     0     0
    -1     1    -1    -1     1    -1     0     0
     0    -1    -1    -1    -1     0     0     0
     0     0     0    -1     1     0     0     0
     0     0     0     0     0     0     0     0

MiniMaxPlayer (1) to move (time left: 174.1 sec.):
     0     0     1     1     1     0    -1     0
    -1     0    -1     0     1    -1     0     0
    -1    -1     1    -1     1     0     1     0
    -1    -1     1    -1     1     0     0     0
    -1     1    -1    -1     1    -1     0     0
     0    -1     1    -1    -1     0     0     0
     0     0     0     1     1     0     0     0
     0     0     0     0     1     0     0     0

DerGeileTyp (-1) to move (time left: 155.5 sec.):
     0     0     1     1     1     0    -1     0
    -1     0    -1     0     1    -1     0     0
    -1    -1     1    -1     1     0     1     0
    -1    -1     1    -1     1     0     0     0
    -1     1    -1    -1     1    -1     0     0
     0    -1     1    -1    -1     0     0     0
     0     0     0    -1     1     0     0     0
     0     0    -1     0     1     0     0     0

MiniMaxPlayer (1) to move (time left: 173.4 sec.):
     0     0     1     1     1     0    -1     0
    -1     0    -1     0     1    -1     0     0
    -1    -1     1    -1     1     0     1     0
    -1    -1     1    -1     1     0     0     0
    -1     1    -1    -1     1    -1     0     0
     1     1     1    -1    -1     0     0     0
     0     0     0    -1     1     0     0     0
     0     0    -1     0     1     0     0     0

DerGeileTyp (-1) to move (time left: 148.7 sec.):
     0     0     1     1     1     0    -1     0
    -1     0    -1     0     1    -1     0     0
    -1    -1     1    -1     1     0     1     0
    -1    -1     1    -1     1     0     0     0
    -1     1    -1    -1     1    -1     0     0
    -1    -1     1    -1    -1     0     0     0
    -1     0     0    -1     1     0     0     0
     0     0    -1     0     1     0     0     0

MiniMaxPlayer (1) to move (time left: 172.7 sec.):
     0     0     1     1     1     0    -1     0
    -1     0    -1     0     1    -1     0     0
    -1    -1     1    -1     1     0     1     0
    -1    -1     1    -1     1     0     0     0
    -1     1    -1     1     1    -1     0     0
    -1    -1     1    -1     1     0     0     0
    -1     0     0    -1     1     1     0     0
     0     0    -1     0     1     0     0     0

DerGeileTyp (-1) to move (time left: 147.5 sec.):
     0     0     1     1     1     0    -1     0
    -1     0    -1     0     1    -1     0     0
    -1    -1     1    -1     1     0     1     0
    -1    -1    -1    -1     1     0     0     0
    -1     1    -1    -1     1    -1     0     0
    -1    -1     1    -1    -1     0     0     0
    -1     0     0    -1     1    -1     0     0
     0     0    -1     0     1     0    -1     0

MiniMaxPlayer (1) to move (time left: 172.2 sec.):
     0     0     1     1     1     0    -1     0
    -1     0    -1     0     1    -1     0     0
    -1    -1     1    -1     1     0     1     0
    -1    -1    -1    -1     1     0     0     0
    -1     1    -1    -1     1    -1     0     0
    -1    -1     1     1    -1     0     0     0
    -1     0     1     1     1    -1     0     0
     0     0    -1     0     1     0    -1     0

DerGeileTyp (-1) to move (time left: 142.2 sec.):
     0     0     1     1     1    -1    -1     0
    -1     0    -1     0    -1    -1     0     0
    -1    -1     1    -1     1     0     1     0
    -1    -1    -1    -1     1     0     0     0
    -1     1    -1    -1     1    -1     0     0
    -1    -1     1     1    -1     0     0     0
    -1     0     1     1     1    -1     0     0
     0     0    -1     0     1     0    -1     0

MiniMaxPlayer (1) to move (time left: 171.6 sec.):
     0     0     1     1     1    -1    -1     0
    -1     0    -1     1    -1    -1     0     0
    -1    -1     1     1     1     0     1     0
    -1    -1    -1     1     1     0     0     0
    -1     1    -1     1     1    -1     0     0
    -1    -1     1     1    -1     0     0     0
    -1     0     1     1     1    -1     0     0
     0     0    -1     0     1     0    -1     0

DerGeileTyp (-1) to move (time left: 134.5 sec.):
     0    -1    -1    -1    -1    -1    -1     0
    -1     0    -1     1    -1    -1     0     0
    -1    -1     1     1     1     0     1     0
    -1    -1    -1     1     1     0     0     0
    -1     1    -1     1     1    -1     0     0
    -1    -1     1     1    -1     0     0     0
    -1     0     1     1     1    -1     0     0
     0     0    -1     0     1     0    -1     0

MiniMaxPlayer (1) to move (time left: 171.0 sec.):
     0    -1    -1    -1    -1    -1    -1     0
    -1     0    -1     1    -1    -1     0     0
    -1    -1     1     1     1     0     1     0
    -1    -1    -1     1     1     0     1     0
    -1     1    -1     1     1     1     0     0
    -1    -1     1     1     1     0     0     0
    -1     0     1     1     1    -1     0     0
     0     0    -1     0     1     0    -1     0

DerGeileTyp (-1) to move (time left: 134.1 sec.):
     0    -1    -1    -1    -1    -1    -1     0
    -1     0    -1    -1    -1    -1     0     0
    -1    -1     1    -1     1     0     1     0
    -1    -1    -1    -1     1     0     1     0
    -1     1    -1    -1     1     1     0     0
    -1    -1     1    -1     1     0     0     0
    -1     0    -1    -1     1    -1     0     0
     0     0    -1    -1     1     0    -1     0

MiniMaxPlayer (1) to move (time left: 170.6 sec.):
     0    -1    -1    -1    -1    -1    -1     0
    -1     0    -1    -1    -1    -1     0     0
    -1    -1     1    -1     1     0     1     0
    -1    -1    -1    -1     1     0     1     0
    -1     1    -1    -1     1     1     0     0
    -1    -1     1    -1     1     0     1     0
    -1     0    -1    -1     1     1     0     0
     0     0    -1    -1     1     0    -1     0

DerGeileTyp (-1) to move (time left: 133.6 sec.):
     0    -1    -1    -1    -1    -1    -1     0
    -1     0    -1    -1    -1    -1     0     0
    -1    -1     1    -1     1     0     1    -1
    -1    -1    -1    -1     1     0    -1     0
    -1     1    -1    -1     1    -1     0     0
    -1    -1     1    -1    -1     0     1     0
    -1     0    -1    -1     1     1     0     0
     0     0    -1    -1     1     0    -1     0

MiniMaxPlayer (1) to move (time left: 170.1 sec.):
     0    -1    -1    -1    -1    -1    -1     0
    -1     0    -1    -1    -1    -1     0     0
    -1    -1     1    -1     1     0     1    -1
    -1    -1    -1    -1     1     0    -1     0
    -1     1    -1    -1     1    -1     0     0
    -1    -1     1     1     1     1     1     0
    -1     0    -1    -1     1     1     0     0
     0     0    -1    -1     1     0    -1     0

DerGeileTyp (-1) to move (time left: 133.3 sec.):
     0    -1    -1    -1    -1    -1    -1     0
    -1     0    -1    -1    -1    -1     0     0
    -1    -1     1    -1     1     0     1    -1
    -1    -1    -1    -1     1     0    -1     0
    -1     1    -1    -1     1    -1     0     0
    -1    -1     1    -1     1    -1     1     0
    -1     0    -1    -1    -1    -1     0     0
     0     0    -1    -1    -1    -1    -1     0

MiniMaxPlayer (1) to move (time left: 169.7 sec.):
     0    -1    -1    -1    -1    -1    -1     0
    -1     0    -1    -1    -1    -1     0     0
    -1    -1     1    -1     1     0     1    -1
    -1    -1    -1    -1     1     0    -1     0
    -1     1    -1    -1     1    -1     0     0
    -1    -1     1     1     1    -1     1     0
    -1     0     1    -1    -1    -1     0     0
     0     1    -1    -1    -1    -1    -1     0

DerGeileTyp (-1) to move (time left: 132.9 sec.):
     0    -1    -1    -1    -1    -1    -1     0
    -1     0    -1    -1    -1    -1     0     0
    -1    -1     1    -1     1     0     1    -1
    -1    -1    -1    -1     1     0    -1     0
    -1     1    -1    -1     1    -1     0     0
    -1    -1     1     1     1    -1     1     0
    -1     0     1    -1    -1    -1     0     0
    -1    -1    -1    -1    -1    -1    -1     0

MiniMaxPlayer (1) to move (time left: 169.3 sec.):
     0    -1    -1    -1    -1    -1    -1     0
    -1     0    -1    -1    -1    -1     0     0
    -1    -1     1    -1     1     0     1    -1
    -1    -1    -1    -1     1     0    -1     0
    -1     1    -1    -1     1    -1     0     0
    -1    -1     1     1     1     1     1     0
    -1     0     1     1     1     1     1     0
    -1    -1    -1    -1    -1    -1    -1     0

DerGeileTyp (-1) to move (time left: 132.9 sec.):
     0    -1    -1    -1    -1    -1    -1     0
    -1     0    -1    -1    -1    -1     0     0
    -1    -1     1    -1     1     0     1    -1
    -1    -1    -1    -1     1     0    -1     0
    -1     1    -1    -1     1    -1     0     0
    -1    -1    -1    -1    -1    -1    -1    -1
    -1     0     1     1     1     1    -1     0
    -1    -1    -1    -1    -1    -1    -1     0

MiniMaxPlayer (1) to move (time left: 168.9 sec.):
     0    -1    -1    -1    -1    -1    -1     0
    -1     0    -1    -1    -1    -1     0     0
    -1    -1     1    -1     1     0     1    -1
    -1    -1    -1    -1     1     0    -1     0
    -1     1    -1    -1     1    -1     0     1
    -1    -1    -1    -1    -1    -1     1    -1
    -1     0     1     1     1     1    -1     0
    -1    -1    -1    -1    -1    -1    -1     0

DerGeileTyp (-1) to move (time left: 132.6 sec.):
     0    -1    -1    -1    -1    -1    -1     0
    -1     0    -1    -1    -1    -1     0     0
    -1    -1     1    -1     1     0     1    -1
    -1    -1    -1    -1     1     0    -1     0
    -1     1    -1    -1     1    -1     0     1
    -1    -1    -1    -1    -1    -1     1    -1
    -1    -1    -1    -1    -1    -1    -1     0
    -1    -1    -1    -1    -1    -1    -1     0

MiniMaxPlayer (1) to move (time left: 168.5 sec.):
     0    -1    -1    -1    -1    -1    -1     0
    -1     0    -1    -1    -1    -1     0     0
    -1    -1     1    -1     1     1     1    -1
    -1    -1    -1    -1     1     0     1     0
    -1     1    -1    -1     1    -1     0     1
    -1    -1    -1    -1    -1    -1     1    -1
    -1    -1    -1    -1    -1    -1    -1     0
    -1    -1    -1    -1    -1    -1    -1     0

DerGeileTyp (-1) to move (time left: 132.4 sec.):
     0    -1    -1    -1    -1    -1    -1     0
    -1     0    -1    -1    -1    -1     0     0
    -1    -1     1    -1     1     1    -1    -1
    -1    -1    -1    -1     1     0     1    -1
    -1     1    -1    -1     1    -1     0    -1
    -1    -1    -1    -1    -1    -1     1    -1
    -1    -1    -1    -1    -1    -1    -1     0
    -1    -1    -1    -1    -1    -1    -1     0

MiniMaxPlayer (1) to move (time left: 168.2 sec.):
     0    -1    -1    -1    -1    -1    -1     0
    -1     0    -1    -1    -1    -1     0     0
    -1    -1     1    -1     1     1    -1    -1
    -1    -1    -1    -1     1     0     1    -1
    -1     1    -1    -1     1    -1     0    -1
    -1    -1    -1    -1    -1     1     1    -1
    -1    -1    -1    -1    -1    -1     1     0
    -1    -1    -1    -1    -1    -1    -1     1

DerGeileTyp (-1) to move (time left: 132.3 sec.):
     0    -1    -1    -1    -1    -1    -1     0
    -1     0    -1    -1    -1    -1     0     0
    -1    -1     1    -1    -1    -1    -1    -1
    -1    -1    -1    -1    -1    -1    -1    -1
    -1     1    -1    -1    -1    -1     0    -1
    -1    -1    -1    -1    -1     1     1    -1
    -1    -1    -1    -1    -1    -1     1     0
    -1    -1    -1    -1    -1    -1    -1     1

MiniMaxPlayer (1) to move (time left: 167.9 sec.):
     0    -1    -1    -1    -1    -1    -1     0
    -1     0    -1    -1    -1    -1     0     0
    -1    -1     1    -1    -1    -1    -1    -1
    -1    -1    -1    -1    -1    -1    -1    -1
    -1     1     1     1     1     1     1    -1
    -1    -1    -1    -1    -1     1     1    -1
    -1    -1    -1    -1    -1    -1     1     0
    -1    -1    -1    -1    -1    -1    -1     1

DerGeileTyp (-1) to move (time left: 132.3 sec.):
     0    -1    -1    -1    -1    -1    -1     0
    -1     0    -1    -1    -1    -1     0     0
    -1    -1     1    -1    -1    -1    -1    -1
    -1    -1    -1    -1    -1    -1    -1    -1
    -1     1     1     1     1    -1     1    -1
    -1    -1    -1    -1    -1     1    -1    -1
    -1    -1    -1    -1    -1    -1    -1    -1
    -1    -1    -1    -1    -1    -1    -1     1

MiniMaxPlayer (1) to move (time left: 167.6 sec.):
     0    -1    -1    -1    -1    -1    -1     0
    -1     0    -1    -1    -1    -1     0     1
    -1    -1     1    -1    -1    -1     1     1
    -1    -1    -1    -1    -1     1    -1     1
    -1     1     1     1     1    -1     1     1
    -1    -1    -1    -1    -1     1    -1     1
    -1    -1    -1    -1    -1    -1    -1     1
    -1    -1    -1    -1    -1    -1    -1     1

DerGeileTyp (-1) to move (time left: 132.3 sec.):
     0    -1    -1    -1    -1    -1    -1     0
    -1    -1    -1    -1    -1    -1     0     1
    -1    -1    -1    -1    -1    -1     1     1
    -1    -1    -1    -1    -1     1    -1     1
    -1     1     1     1     1    -1     1     1
    -1    -1    -1    -1    -1     1    -1     1
    -1    -1    -1    -1    -1    -1    -1     1
    -1    -1    -1    -1    -1    -1    -1     1

MiniMaxPlayer (1) to move (time left: 167.3 sec.):
     0    -1    -1    -1    -1    -1    -1     0
    -1    -1    -1    -1    -1    -1     1     1
    -1    -1    -1    -1    -1     1     1     1
    -1    -1    -1    -1     1     1    -1     1
    -1     1     1     1     1    -1     1     1
    -1    -1    -1    -1    -1     1    -1     1
    -1    -1    -1    -1    -1    -1    -1     1
    -1    -1    -1    -1    -1    -1    -1     1

DerGeileTyp (-1) to move (time left: 132.3 sec.):
     0    -1    -1    -1    -1    -1    -1    -1
    -1    -1    -1    -1    -1    -1    -1     1
    -1    -1    -1    -1    -1    -1     1     1
    -1    -1    -1    -1    -1     1    -1     1
    -1     1     1    -1     1    -1     1     1
    -1    -1    -1    -1    -1     1    -1     1
    -1    -1    -1    -1    -1    -1    -1     1
    -1    -1    -1    -1    -1    -1    -1     1

MiniMaxPlayer (1) to move (time left: 167.0 sec.):
     1    -1    -1    -1    -1    -1    -1    -1
    -1     1    -1    -1    -1    -1    -1     1
    -1    -1     1    -1    -1    -1     1     1
    -1    -1    -1     1    -1     1    -1     1
    -1     1     1    -1     1    -1     1     1
    -1    -1    -1    -1    -1     1    -1     1
    -1    -1    -1    -1    -1    -1    -1     1
    -1    -1    -1    -1    -1    -1    -1     1

Game over.
