MiniMaxPlayer2 against DerGeileTyp:
     0     0     0     0     0     0     0     0
     0     0     0     0     0     0     0     0
     0     0     0     0     0     0     0     0
     0     0     0     1    -1     0     0     0
     0     0     0    -1     1     0     0     0
     0     0     0     0     0     0     0     0
     0     0     0     0     0     0     0     0
     0     0     0     0     0     0     0     0

DerGeileTyp (-1) to move (time left: 180.0 sec.):
     0     0     0     0     0     0     0     0
     0     0     0     0     0     0     0     0
     0     0     0     0     0     0     0     0
     0     0    -1    -1    -1     0     0     0
     0     0     0    -1     1     0     0     0
     0     0     0     0     0     0     0     0
     0     0     0     0     0     0     0     0
     0     0     0     0     0     0     0     0

MiniMaxPlayer2 (1) to move (time left: 180.0 sec.):
     0     0     0     0     0     0     0     0
     0     0     0     0     0     0     0     0
     0     0     0     0     1     0     0     0
     0     0    -1    -1     1     0     0     0
     0     0     0    -1     1     0     0     0
     0     0     0     0     0     0     0     0
     0     0     0     0     0     0     0     0
     0     0     0     0     0     0     0     0

DerGeileTyp (-1) to move (time left: 180.0 sec.):
     0     0     0     0     0     0     0     0
     0     0     0     0     0    -1     0     0
     0     0     0     0    -1     0     0     0
     0     0    -1    -1     1     0     0     0
     0     0     0    -1     1     0     0     0
     0     0     0     0     0     0     0     0
     0     0     0     0     0     0     0     0
     0     0     0     0     0     0     0     0

MiniMaxPlayer2 (1) to move (time left: 179.7 sec.):
     0     0     0     0     0     0     0     0
     0     0     0     0     0    -1     0     0
     0     0     0     0    -1     0     0     0
     0     1     1     1     1     0     0     0
     0     0     0    -1     1     0     0     0
     0     0     0     0     0     0     0     0
     0     0     0     0     0     0     0     0
     0     0     0     0     0     0     0     0

DerGeileTyp (-1) to move (time left: 179.8 sec.):
     0     0     0     0     0     0     0     0
     0     0     0     0     0    -1     0     0
     0    -1     0     0    -1     0     0     0
     0     1    -1     1     1     0     0     0
     0     0     0    -1     1     0     0     0
     0     0     0     0     0     0     0     0
     0     0     0     0     0     0     0     0
     0     0     0     0     0     0     0     0

MiniMaxPlayer2 (1) to move (time left: 179.3 sec.):
     0     0     0     0     0     0     0     0
     0     0     0     0     0    -1     0     0
     0    -1     0     0    -1     0     0     0
     0     1    -1     1     1     0     0     0
     0     0     1     1     1     0     0     0
     0     0     0     0     0     0     0     0
     0     0     0     0     0     0     0     0
     0     0     0     0     0     0     0     0

DerGeileTyp (-1) to move (time left: 179.7 sec.):
     0     0     0     0     0     0     0     0
     0     0     0     0     0    -1     0     0
     0    -1     0     0    -1     0     0     0
    -1    -1    -1     1     1     0     0     0
     0     0     1     1     1     0     0     0
     0     0     0     0     0     0     0     0
     0     0     0     0     0     0     0     0
     0     0     0     0     0     0     0     0

MiniMaxPlayer2 (1) to move (time left: 178.9 sec.):
     0     0     0     0     0     0     0     0
     0     0     0     0     0    -1     0     0
     1    -1     0     0    -1     0     0     0
    -1     1    -1     1     1     0     0     0
     0     0     1     1     1     0     0     0
     0     0     0     0     0     0     0     0
     0     0     0     0     0     0     0     0
     0     0     0     0     0     0     0     0

DerGeileTyp (-1) to move (time left: 179.6 sec.):
     0     0     0     0     0     0     0     0
    -1     0     0     0     0    -1     0     0
    -1    -1     0     0    -1     0     0     0
    -1     1    -1     1     1     0     0     0
     0     0     1     1     1     0     0     0
     0     0     0     0     0     0     0     0
     0     0     0     0     0     0     0     0
     0     0     0     0     0     0     0     0

MiniMaxPlayer2 (1) to move (time left: 178.6 sec.):
     0     0     0     0     0     0     0     0
    -1     0     0     0     0    -1     0     0
    -1    -1     1     0    -1     0     0     0
    -1     1     1     1     1     0     0     0
     0     0     1     1     1     0     0     0
     0     0     0     0     0     0     0     0
     0     0     0     0     0     0     0     0
     0     0     0     0     0     0     0     0

DerGeileTyp (-1) to move (time left: 179.5 sec.):
     0     0     0     0     0     0     0     0
    -1     0     0     0     0    -1     0     0
    -1    -1     1     0    -1     0     0     0
    -1     1     1    -1     1     0     0     0
     0     0    -1     1     1     0     0     0
     0    -1     0     0     0     0     0     0
     0     0     0     0     0     0     0     0
     0     0     0     0     0     0     0     0

MiniMaxPlayer2 (1) to move (time left: 178.2 sec.):
     0     0     0     0     0     0     0     0
    -1     0     0     0     1    -1     0     0
    -1    -1     1     0     1     0     0     0
    -1     1     1    -1     1     0     0     0
     0     0    -1     1     1     0     0     0
     0    -1     0     0     0     0     0     0
     0     0     0     0     0     0     0     0
     0     0     0     0     0     0     0     0

DerGeileTyp (-1) to move (time left: 179.2 sec.):
     0     0     0     0     0     0     0     0
    -1     0    -1     0     1    -1     0     0
    -1    -1    -1     0     1     0     0     0
    -1     1    -1    -1     1     0     0     0
     0     0    -1     1     1     0     0     0
     0    -1     0     0     0     0     0     0
     0     0     0     0     0     0     0     0
     0     0     0     0     0     0     0     0

MiniMaxPlayer2 (1) to move (time left: 177.8 sec.):
     0     0     0     0     0     0     0     0
    -1     0    -1     0     1    -1     0     0
    -1    -1    -1     0     1     0     0     0
    -1     1    -1    -1     1     0     0     0
     0     1     1     1     1     0     0     0
     0    -1     0     0     0     0     0     0
     0     0     0     0     0     0     0     0
     0     0     0     0     0     0     0     0

DerGeileTyp (-1) to move (time left: 177.7 sec.):
     0     0     0     0     0     0     0     0
    -1     0    -1     0     1    -1     0     0
    -1    -1    -1     0     1     0     0     0
    -1    -1    -1    -1     1     0     0     0
    -1     1     1     1     1     0     0     0
     0    -1     0     0     0     0     0     0
     0     0     0     0     0     0     0     0
     0     0     0     0     0     0     0     0

MiniMaxPlayer2 (1) to move (time left: 177.4 sec.):
     0     0     1     0     0     0     0     0
    -1     0     1     0     1    -1     0     0
    -1    -1     1     0     1     0     0     0
    -1    -1     1    -1     1     0     0     0
    -1     1     1     1     1     0     0     0
     0    -1     0     0     0     0     0     0
     0     0     0     0     0     0     0     0
     0     0     0     0     0     0     0     0

DerGeileTyp (-1) to move (time left: 177.5 sec.):
     0     0     1    -1     0     0     0     0
    -1     0    -1     0     1    -1     0     0
    -1    -1     1     0     1     0     0     0
    -1    -1     1    -1     1     0     0     0
    -1     1     1     1     1     0     0     0
     0    -1     0     0     0     0     0     0
     0     0     0     0     0     0     0     0
     0     0     0     0     0     0     0     0

MiniMaxPlayer2 (1) to move (time left: 176.9 sec.):
     0     0     1     1     1     0     0     0
    -1     0    -1     0     1    -1     0     0
    -1    -1     1     0     1     0     0     0
    -1    -1     1    -1     1     0     0     0
    -1     1     1     1     1     0     0     0
     0    -1     0     0     0     0     0     0
     0     0     0     0     0     0     0     0
     0     0     0     0     0     0     0     0

DerGeileTyp (-1) to move (time left: 177.2 sec.):
     0     0     1     1     1     0     0     0
    -1     0    -1     0     1    -1     0     0
    -1    -1     1     0     1     0     0     0
    -1    -1    -1    -1     1     0     0     0
    -1     1     1    -1     1     0     0     0
     0    -1     0     0    -1     0     0     0
     0     0     0     0     0     0     0     0
     0     0     0     0     0     0     0     0

MiniMaxPlayer2 (1) to move (time left: 176.5 sec.):
     0     0     1     1     1     0     0     0
    -1     0    -1     0     1     1     0     0
    -1    -1     1     0     1     0     1     0
    -1    -1    -1    -1     1     0     0     0
    -1     1     1    -1     1     0     0     0
     0    -1     0     0    -1     0     0     0
     0     0     0     0     0     0     0     0
     0     0     0     0     0     0     0     0

DerGeileTyp (-1) to move (time left: 175.7 sec.):
     0     0     1     1     1     0    -1     0
    -1     0    -1     0     1    -1     0     0
    -1    -1     1     0    -1     0     1     0
    -1    -1    -1    -1     1     0     0     0
    -1     1     1    -1     1     0     0     0
     0    -1     0     0    -1     0     0     0
     0     0     0     0     0     0     0     0
     0     0     0     0     0     0     0     0

MiniMaxPlayer2 (1) to move (time left: 176.0 sec.):
     0     0     1     1     1     0    -1     0
    -1     0    -1     0     1    -1     0     0
    -1    -1     1     1    -1     0     1     0
    -1    -1     1    -1     1     0     0     0
    -1     1     1    -1     1     0     0     0
     0    -1     0     0    -1     0     0     0
     0     0     0     0     0     0     0     0
     0     0     0     0     0     0     0     0

DerGeileTyp (-1) to move (time left: 173.0 sec.):
     0     0     1     1     1     0    -1     0
    -1     0    -1     0     1    -1     0     0
    -1    -1     1    -1    -1     0     1     0
    -1    -1     1    -1    -1     0     0     0
    -1     1     1    -1    -1    -1     0     0
     0    -1     0     0    -1     0     0     0
     0     0     0     0     0     0     0     0
     0     0     0     0     0     0     0     0

MiniMaxPlayer2 (1) to move (time left: 175.5 sec.):
     0     0     1     1     1     0    -1     0
    -1     0    -1     0     1    -1     0     0
    -1    -1     1    -1     1     0     1     0
    -1    -1     1    -1     1     0     0     0
    -1     1     1    -1     1    -1     0     0
     0    -1     0     0     1     0     0     0
     0     0     0     0     1     0     0     0
     0     0     0     0     0     0     0     0

DerGeileTyp (-1) to move (time left: 164.1 sec.):
     0     0     1     1     1     0    -1     0
    -1     0    -1     0     1    -1     0     0
    -1    -1     1    -1     1     0     1     0
    -1    -1     1    -1     1     0     0     0
    -1     1     1    -1     1    -1     0     0
     0    -1     0     0    -1     0     0     0
     0     0     0    -1     1     0     0     0
     0     0     0     0     0     0     0     0

MiniMaxPlayer2 (1) to move (time left: 174.9 sec.):
     0     0     1     1     1     0    -1     0
    -1     0    -1     0     1    -1     0     0
    -1    -1     1    -1     1     0     1     0
    -1    -1     1    -1     1     0     0     0
    -1     1     1     1     1    -1     0     0
     0    -1     1     0    -1     0     0     0
     0     0     0    -1     1     0     0     0
     0     0     0     0     0     0     0     0

DerGeileTyp (-1) to move (time left: 161.2 sec.):
     0     0     1     1     1     0    -1     0
    -1     0    -1     0     1    -1     0     0
    -1    -1     1    -1     1     0     1     0
    -1    -1     1    -1     1     0     0     0
    -1     1    -1    -1     1    -1     0     0
     0    -1    -1    -1    -1     0     0     0
     0     0     0    -1     1     0     0     0
     0     0     0     0     0     0     0     0

MiniMaxPlayer2 (1) to move (time left: 174.3 sec.):
     0     0     1     1     1     0    -1     0
    -1     0    -1     0     1    -1     0     0
    -1    -1     1    -1     1     0     1     0
    -1    -1     1    -1     1     0     0     0
    -1     1    -1    -1     1    -1     0     0
     0    -1     1    -1    -1     0     0     0
     0     0     0     1     1     0     0     0
     0     0     0     0     1     0     0     0

DerGeileTyp (-1) to move (time left: 156.3 sec.):
     0     0     1     1     1     0    -1     0
    -1     0    -1     0     1    -1     0     0
    -1    -1     1    -1     1     0     1     0
    -1    -1     1    -1     1     0     0     0
    -1     1    -1    -1     1    -1     0     0
     0    -1     1    -1    -1     0     0     0
     0     0     0    -1     1     0     0     0
     0     0    -1     0     1     0     0     0

MiniMaxPlayer2 (1) to move (time left: 173.6 sec.):
     0     0     1     1     1     0    -1     0
    -1     0    -1     0     1    -1     0     0
    -1    -1     1    -1     1     0     1     0
    -1    -1     1    -1     1     0     0     0
    -1     1    -1    -1     1    -1     0     0
     1     1     1    -1    -1     0     0     0
     0     0     0    -1     1     0     0     0
     0     0    -1     0     1     0     0     0

DerGeileTyp (-1) to move (time left: 149.6 sec.):
     0     0     1     1     1     0    -1     0
    -1     0    -1     0     1    -1     0     0
    -1    -1     1    -1     1     0     1     0
    -1    -1     1    -1     1     0     0     0
    -1     1    -1    -1     1    -1     0     0
    -1    -1     1    -1    -1     0     0     0
    -1     0     0    -1     1     0     0     0
     0     0    -1     0     1     0     0     0

MiniMaxPlayer2 (1) to move (time left: 172.9 sec.):
     0     0     1     1     1     0    -1     0
    -1     0    -1     0     1    -1     0     0
    -1    -1     1    -1     1     0     1     0
    -1    -1     1    -1     1     0     0     0
    -1     1    -1     1     1    -1     0     0
    -1    -1     1    -1     1     0     0     0
    -1     0     0    -1     1     1     0     0
     0     0    -1     0     1     0     0     0

DerGeileTyp (-1) to move (time left: 148.5 sec.):
     0     0     1     1     1     0    -1     0
    -1     0    -1     0     1    -1     0     0
    -1    -1     1    -1     1     0     1     0
    -1    -1    -1    -1     1     0     0     0
    -1     1    -1    -1     1    -1     0     0
    -1    -1     1    -1    -1     0     0     0
    -1     0     0    -1     1    -1     0     0
     0     0    -1     0     1     0    -1     0

MiniMaxPlayer2 (1) to move (time left: 172.3 sec.):
     0     0     1     1     1     0    -1     0
    -1     0    -1     0     1    -1     0     0
    -1    -1     1    -1     1     0     1     0
    -1    -1    -1    -1     1     0     0     0
    -1     1    -1    -1     1    -1     0     0
    -1    -1     1     1    -1     0     0     0
    -1     0     1     1     1    -1     0     0
     0     0    -1     0     1     0    -1     0

DerGeileTyp (-1) to move (time left: 143.1 sec.):
     0     0     1     1     1    -1    -1     0
    -1     0    -1     0    -1    -1     0     0
    -1    -1     1    -1     1     0     1     0
    -1    -1    -1    -1     1     0     0     0
    -1     1    -1    -1     1    -1     0     0
    -1    -1     1     1    -1     0     0     0
    -1     0     1     1     1    -1     0     0
     0     0    -1     0     1     0    -1     0

MiniMaxPlayer2 (1) to move (time left: 171.8 sec.):
     0     0     1     1     1    -1    -1     0
    -1     0    -1     1    -1    -1     0     0
    -1    -1     1     1     1     0     1     0
    -1    -1    -1     1     1     0     0     0
    -1     1    -1     1     1    -1     0     0
    -1    -1     1     1    -1     0     0     0
    -1     0     1     1     1    -1     0     0
     0     0    -1     0     1     0    -1     0

DerGeileTyp (-1) to move (time left: 135.4 sec.):
     0    -1    -1    -1    -1    -1    -1     0
    -1     0    -1     1    -1    -1     0     0
    -1    -1     1     1     1     0     1     0
    -1    -1    -1     1     1     0     0     0
    -1     1    -1     1     1    -1     0     0
    -1    -1     1     1    -1     0     0     0
    -1     0     1     1     1    -1     0     0
     0     0    -1     0     1     0    -1     0

MiniMaxPlayer2 (1) to move (time left: 171.2 sec.):
     0    -1    -1    -1    -1    -1    -1     0
    -1     0    -1     1    -1    -1     0     0
    -1    -1     1     1     1     0     1     0
    -1    -1    -1     1     1     0     1     0
    -1     1    -1     1     1     1     0     0
    -1    -1     1     1     1     0     0     0
    -1     0     1     1     1    -1     0     0
     0     0    -1     0     1     0    -1     0

DerGeileTyp (-1) to move (time left: 135.0 sec.):
     0    -1    -1    -1    -1    -1    -1     0
    -1     0    -1    -1    -1    -1     0     0
    -1    -1     1    -1     1     0     1     0
    -1    -1    -1    -1     1     0     1     0
    -1     1    -1    -1     1     1     0     0
    -1    -1     1    -1     1     0     0     0
    -1     0    -1    -1     1    -1     0     0
     0     0    -1    -1     1     0    -1     0

MiniMaxPlayer2 (1) to move (time left: 170.7 sec.):
     0    -1    -1    -1    -1    -1    -1     0
    -1     0    -1    -1    -1    -1     0     0
    -1    -1     1    -1     1     0     1     0
    -1    -1    -1    -1     1     0     1     0
    -1     1    -1    -1     1     1     0     0
    -1    -1     1    -1     1     0     1     0
    -1     0    -1    -1     1     1     0     0
     0     0    -1    -1     1     0    -1     0

DerGeileTyp (-1) to move (time left: 134.5 sec.):
     0    -1    -1    -1    -1    -1    -1     0
    -1     0    -1    -1    -1    -1     0     0
    -1    -1     1    -1     1     0     1    -1
    -1    -1    -1    -1     1     0    -1     0
    -1     1    -1    -1     1    -1     0     0
    -1    -1     1    -1    -1     0     1     0
    -1     0    -1    -1     1     1     0     0
     0     0    -1    -1     1     0    -1     0

MiniMaxPlayer2 (1) to move (time left: 170.3 sec.):
     0    -1    -1    -1    -1    -1    -1     0
    -1     0    -1    -1    -1    -1     0     0
    -1    -1     1    -1     1     0     1    -1
    -1    -1    -1    -1     1     0    -1     0
    -1     1    -1    -1     1    -1     0     0
    -1    -1     1     1     1     1     1     0
    -1     0    -1    -1     1     1     0     0
     0     0    -1    -1     1     0    -1     0

DerGeileTyp (-1) to move (time left: 134.3 sec.):
     0    -1    -1    -1    -1    -1    -1     0
    -1     0    -1    -1    -1    -1     0     0
    -1    -1     1    -1     1     0     1    -1
    -1    -1    -1    -1     1     0    -1     0
    -1     1    -1    -1     1    -1     0     0
    -1    -1     1    -1     1    -1     1     0
    -1     0    -1    -1    -1    -1     0     0
     0     0    -1    -1    -1    -1    -1     0

MiniMaxPlayer2 (1) to move (time left: 170.0 sec.):
     0    -1    -1    -1    -1    -1    -1     0
    -1     0    -1    -1    -1    -1     0     0
    -1    -1     1    -1     1     0     1    -1
    -1    -1    -1    -1     1     0    -1     0
    -1     1    -1    -1     1    -1     0     0
    -1    -1     1     1     1    -1     1     0
    -1     0     1    -1    -1    -1     0     0
     0     1    -1    -1    -1    -1    -1     0

DerGeileTyp (-1) to move (time left: 133.9 sec.):
     0    -1    -1    -1    -1    -1    -1     0
    -1     0    -1    -1    -1    -1     0     0
    -1    -1     1    -1     1     0     1    -1
    -1    -1    -1    -1     1     0    -1     0
    -1     1    -1    -1     1    -1     0     0
    -1    -1     1     1     1    -1     1     0
    -1     0     1    -1    -1    -1     0     0
    -1    -1    -1    -1    -1    -1    -1     0

MiniMaxPlayer2 (1) to move (time left: 169.6 sec.):
     0    -1    -1    -1    -1    -1    -1     0
    -1     0    -1    -1    -1    -1     0     0
    -1    -1     1    -1     1     0     1    -1
    -1    -1    -1    -1     1     0    -1     0
    -1     1    -1    -1     1    -1     0     0
    -1    -1     1     1     1     1     1     0
    -1     0     1     1     1     1     1     0
    -1    -1    -1    -1    -1    -1    -1     0

DerGeileTyp (-1) to move (time left: 133.9 sec.):
     0    -1    -1    -1    -1    -1    -1     0
    -1     0    -1    -1    -1    -1     0     0
    -1    -1     1    -1     1     0     1    -1
    -1    -1    -1    -1     1     0    -1     0
    -1     1    -1    -1     1    -1     0     0
    -1    -1    -1    -1    -1    -1    -1    -1
    -1     0     1     1     1     1    -1     0
    -1    -1    -1    -1    -1    -1    -1     0

MiniMaxPlayer2 (1) to move (time left: 169.2 sec.):
     0    -1    -1    -1    -1    -1    -1     0
    -1     0    -1    -1    -1    -1     0     0
    -1    -1     1    -1     1     0     1    -1
    -1    -1    -1    -1     1     0    -1     0
    -1     1    -1    -1     1    -1     0     1
    -1    -1    -1    -1    -1    -1     1    -1
    -1     0     1     1     1     1    -1     0
    -1    -1    -1    -1    -1    -1    -1     0

DerGeileTyp (-1) to move (time left: 133.6 sec.):
     0    -1    -1    -1    -1    -1    -1     0
    -1     0    -1    -1    -1    -1     0     0
    -1    -1     1    -1     1     0     1    -1
    -1    -1    -1    -1     1     0    -1     0
    -1     1    -1    -1     1    -1     0     1
    -1    -1    -1    -1    -1    -1     1    -1
    -1    -1    -1    -1    -1    -1    -1     0
    -1    -1    -1    -1    -1    -1    -1     0

MiniMaxPlayer2 (1) to move (time left: 168.9 sec.):
     0    -1    -1    -1    -1    -1    -1     0
    -1     0    -1    -1    -1    -1     0     0
    -1    -1     1    -1     1     1     1    -1
    -1    -1    -1    -1     1     0     1     0
    -1     1    -1    -1     1    -1     0     1
    -1    -1    -1    -1    -1    -1     1    -1
    -1    -1    -1    -1    -1    -1    -1     0
    -1    -1    -1    -1    -1    -1    -1     0

DerGeileTyp (-1) to move (time left: 133.4 sec.):
     0    -1    -1    -1    -1    -1    -1     0
    -1     0    -1    -1    -1    -1     0     0
    -1    -1     1    -1     1     1    -1    -1
    -1    -1    -1    -1     1     0     1    -1
    -1     1    -1    -1     1    -1     0    -1
    -1    -1    -1    -1    -1    -1     1    -1
    -1    -1    -1    -1    -1    -1    -1     0
    -1    -1    -1    -1    -1    -1    -1     0

MiniMaxPlayer2 (1) to move (time left: 168.5 sec.):
     0    -1    -1    -1    -1    -1    -1     0
    -1     0    -1    -1    -1    -1     0     0
    -1    -1     1    -1     1     1    -1    -1
    -1    -1    -1    -1     1     0     1    -1
    -1     1    -1    -1     1    -1     0    -1
    -1    -1    -1    -1    -1     1     1    -1
    -1    -1    -1    -1    -1    -1     1     0
    -1    -1    -1    -1    -1    -1    -1     1

DerGeileTyp (-1) to move (time left: 133.3 sec.):
     0    -1    -1    -1    -1    -1    -1     0
    -1     0    -1    -1    -1    -1     0     0
    -1    -1     1    -1    -1    -1    -1    -1
    -1    -1    -1    -1    -1    -1    -1    -1
    -1     1    -1    -1    -1    -1     0    -1
    -1    -1    -1    -1    -1     1     1    -1
    -1    -1    -1    -1    -1    -1     1     0
    -1    -1    -1    -1    -1    -1    -1     1

MiniMaxPlayer2 (1) to move (time left: 168.1 sec.):
     0    -1    -1    -1    -1    -1    -1     0
    -1     0    -1    -1    -1    -1     0     0
    -1    -1     1    -1    -1    -1    -1    -1
    -1    -1    -1    -1    -1    -1    -1    -1
    -1     1     1     1     1     1     1    -1
    -1    -1    -1    -1    -1     1     1    -1
    -1    -1    -1    -1    -1    -1     1     0
    -1    -1    -1    -1    -1    -1    -1     1

DerGeileTyp (-1) to move (time left: 133.3 sec.):
     0    -1    -1    -1    -1    -1    -1     0
    -1     0    -1    -1    -1    -1     0     0
    -1    -1     1    -1    -1    -1    -1    -1
    -1    -1    -1    -1    -1    -1    -1    -1
    -1     1     1     1     1    -1     1    -1
    -1    -1    -1    -1    -1     1    -1    -1
    -1    -1    -1    -1    -1    -1    -1    -1
    -1    -1    -1    -1    -1    -1    -1     1

MiniMaxPlayer2 (1) to move (time left: 167.7 sec.):
     0    -1    -1    -1    -1    -1    -1     0
    -1     0    -1    -1    -1    -1     0     1
    -1    -1     1    -1    -1    -1     1     1
    -1    -1    -1    -1    -1     1    -1     1
    -1     1     1     1     1    -1     1     1
    -1    -1    -1    -1    -1     1    -1     1
    -1    -1    -1    -1    -1    -1    -1     1
    -1    -1    -1    -1    -1    -1    -1     1

DerGeileTyp (-1) to move (time left: 133.2 sec.):
     0    -1    -1    -1    -1    -1    -1     0
    -1    -1    -1    -1    -1    -1     0     1
    -1    -1    -1    -1    -1    -1     1     1
    -1    -1    -1    -1    -1     1    -1     1
    -1     1     1     1     1    -1     1     1
    -1    -1    -1    -1    -1     1    -1     1
    -1    -1    -1    -1    -1    -1    -1     1
    -1    -1    -1    -1    -1    -1    -1     1

MiniMaxPlayer2 (1) to move (time left: 167.3 sec.):
     0    -1    -1    -1    -1    -1    -1     0
    -1    -1    -1    -1    -1    -1     1     1
    -1    -1    -1    -1    -1     1     1     1
    -1    -1    -1    -1     1     1    -1     1
    -1     1     1     1     1    -1     1     1
    -1    -1    -1    -1    -1     1    -1     1
    -1    -1    -1    -1    -1    -1    -1     1
    -1    -1    -1    -1    -1    -1    -1     1

DerGeileTyp (-1) to move (time left: 133.2 sec.):
     0    -1    -1    -1    -1    -1    -1    -1
    -1    -1    -1    -1    -1    -1    -1     1
    -1    -1    -1    -1    -1    -1     1     1
    -1    -1    -1    -1    -1     1    -1     1
    -1     1     1    -1     1    -1     1     1
    -1    -1    -1    -1    -1     1    -1     1
    -1    -1    -1    -1    -1    -1    -1     1
    -1    -1    -1    -1    -1    -1    -1     1

MiniMaxPlayer2 (1) to move (time left: 166.9 sec.):
     1    -1    -1    -1    -1    -1    -1    -1
    -1     1    -1    -1    -1    -1    -1     1
    -1    -1     1    -1    -1    -1     1     1
    -1    -1    -1     1    -1     1    -1     1
    -1     1     1    -1     1    -1     1     1
    -1    -1    -1    -1    -1     1    -1     1
    -1    -1    -1    -1    -1    -1    -1     1
    -1    -1    -1    -1    -1    -1    -1     1

Game over.
