DerGeileTyp against MiniMaxPlayer:
     0     0     0     0     0     0     0     0
     0     0     0     0     0     0     0     0
     0     0     0     0     0     0     0     0
     0     0     0     1    -1     0     0     0
     0     0     0    -1     1     0     0     0
     0     0     0     0     0     0     0     0
     0     0     0     0     0     0     0     0
     0     0     0     0     0     0     0     0

MiniMaxPlayer (-1) to move (time left: 180.0 sec.):
     0     0     0     0     0     0     0     0
     0     0     0     0     0     0     0     0
     0     0     0     0     0     0     0     0
     0     0    -1    -1    -1     0     0     0
     0     0     0    -1     1     0     0     0
     0     0     0     0     0     0     0     0
     0     0     0     0     0     0     0     0
     0     0     0     0     0     0     0     0

DerGeileTyp (1) to move (time left: 180.0 sec.):
     0     0     0     0     0     0     0     0
     0     0     0     0     0     0     0     0
     0     0     1     0     0     0     0     0
     0     0    -1     1    -1     0     0     0
     0     0     0    -1     1     0     0     0
     0     0     0     0     0     0     0     0
     0     0     0     0     0     0     0     0
     0     0     0     0     0     0     0     0

MiniMaxPlayer (-1) to move (time left: 179.7 sec.):
     0     0     0     0     0     0     0     0
     0     0    -1     0     0     0     0     0
     0     0    -1     0     0     0     0     0
     0     0    -1     1    -1     0     0     0
     0     0     0    -1     1     0     0     0
     0     0     0     0     0     0     0     0
     0     0     0     0     0     0     0     0
     0     0     0     0     0     0     0     0

DerGeileTyp (1) to move (time left: 180.0 sec.):
     0     0     0     0     0     0     0     0
     0     1    -1     0     0     0     0     0
     0     0     1     0     0     0     0     0
     0     0    -1     1    -1     0     0     0
     0     0     0    -1     1     0     0     0
     0     0     0     0     0     0     0     0
     0     0     0     0     0     0     0     0
     0     0     0     0     0     0     0     0

MiniMaxPlayer (-1) to move (time left: 179.4 sec.):
     0     0     0     0     0     0     0     0
     0     1    -1     0     0     0     0     0
     0     0     1    -1     0     0     0     0
     0     0    -1    -1    -1     0     0     0
     0     0     0    -1     1     0     0     0
     0     0     0     0     0     0     0     0
     0     0     0     0     0     0     0     0
     0     0     0     0     0     0     0     0

DerGeileTyp (1) to move (time left: 179.9 sec.):
     0     0     1     0     0     0     0     0
     0     1     1     0     0     0     0     0
     0     0     1    -1     0     0     0     0
     0     0    -1    -1    -1     0     0     0
     0     0     0    -1     1     0     0     0
     0     0     0     0     0     0     0     0
     0     0     0     0     0     0     0     0
     0     0     0     0     0     0     0     0

MiniMaxPlayer (-1) to move (time left: 179.0 sec.):
     0     0     1     0     0     0     0     0
     0     1     1     0     0     0     0     0
     0     0     1    -1     0     0     0     0
     0     0    -1    -1    -1     0     0     0
     0     0     0    -1    -1     0     0     0
     0     0     0     0     0    -1     0     0
     0     0     0     0     0     0     0     0
     0     0     0     0     0     0     0     0

DerGeileTyp (1) to move (time left: 179.9 sec.):
     0     0     1     0     0     0     0     0
     0     1     1     0     0     0     0     0
     0     0     1    -1     0     0     0     0
     0     0     1    -1    -1     0     0     0
     0     0     1    -1    -1     0     0     0
     0     0     0     0     0    -1     0     0
     0     0     0     0     0     0     0     0
     0     0     0     0     0     0     0     0

MiniMaxPlayer (-1) to move (time left: 178.7 sec.):
     0     0     1     0     0     0     0     0
     0     1     1     0     0     0     0     0
     0     0     1    -1     0     0     0     0
     0     0    -1    -1    -1     0     0     0
     0    -1    -1    -1    -1     0     0     0
     0     0     0     0     0    -1     0     0
     0     0     0     0     0     0     0     0
     0     0     0     0     0     0     0     0

DerGeileTyp (1) to move (time left: 179.6 sec.):
     0     0     1     0     0     0     0     0
     0     1     1     0     0     0     0     0
     0     0     1    -1     0     0     0     0
     0     0     1    -1    -1     0     0     0
     0    -1     1    -1    -1     0     0     0
     0     0     1     0     0    -1     0     0
     0     0     0     0     0     0     0     0
     0     0     0     0     0     0     0     0

MiniMaxPlayer (-1) to move (time left: 178.3 sec.):
     0     0     1     0     0     0     0     0
     0     1     1     0     0     0     0     0
     0    -1    -1    -1     0     0     0     0
     0     0    -1    -1    -1     0     0     0
     0    -1     1    -1    -1     0     0     0
     0     0     1     0     0    -1     0     0
     0     0     0     0     0     0     0     0
     0     0     0     0     0     0     0     0

DerGeileTyp (1) to move (time left: 179.1 sec.):
     0     0     1     0     0     0     0     0
     0     1     1     0     0     0     0     0
     0     1    -1    -1     0     0     0     0
     1     0    -1    -1    -1     0     0     0
     0     1     1    -1    -1     0     0     0
     0     0     1     0     0    -1     0     0
     0     0     0     0     0     0     0     0
     0     0     0     0     0     0     0     0

MiniMaxPlayer (-1) to move (time left: 177.8 sec.):
     0     0     1     0     0     0     0     0
     0     1     1     0     0     0     0     0
    -1    -1    -1    -1     0     0     0     0
     1     0    -1    -1    -1     0     0     0
     0     1     1    -1    -1     0     0     0
     0     0     1     0     0    -1     0     0
     0     0     0     0     0     0     0     0
     0     0     0     0     0     0     0     0

DerGeileTyp (1) to move (time left: 178.0 sec.):
     0     0     1     0     0     0     0     0
     1     1     1     0     0     0     0     0
     1    -1    -1    -1     0     0     0     0
     1     0    -1    -1    -1     0     0     0
     0     1     1    -1    -1     0     0     0
     0     0     1     0     0    -1     0     0
     0     0     0     0     0     0     0     0
     0     0     0     0     0     0     0     0

MiniMaxPlayer (-1) to move (time left: 177.3 sec.):
     0     0     1     0     0     0     0     0
     1     1     1     0     0     0     0     0
     1    -1    -1    -1     0     0     0     0
     1     0    -1    -1    -1     0     0     0
    -1    -1    -1    -1    -1     0     0     0
     0     0     1     0     0    -1     0     0
     0     0     0     0     0     0     0     0
     0     0     0     0     0     0     0     0

DerGeileTyp (1) to move (time left: 176.0 sec.):
     0     0     1     0     0     0     0     0
     1     1     1     0     0     0     0     0
     1    -1    -1    -1     0     0     0     0
     1     0    -1    -1    -1     0     0     0
     1    -1    -1    -1    -1     0     0     0
     1     0     1     0     0    -1     0     0
     0     0     0     0     0     0     0     0
     0     0     0     0     0     0     0     0

MiniMaxPlayer (-1) to move (time left: 176.8 sec.):
     0     0     1    -1     0     0     0     0
     1     1    -1     0     0     0     0     0
     1    -1    -1    -1     0     0     0     0
     1     0    -1    -1    -1     0     0     0
     1    -1    -1    -1    -1     0     0     0
     1     0     1     0     0    -1     0     0
     0     0     0     0     0     0     0     0
     0     0     0     0     0     0     0     0

DerGeileTyp (1) to move (time left: 175.9 sec.):
     0     0     1     1     1     0     0     0
     1     1    -1     0     0     0     0     0
     1    -1    -1    -1     0     0     0     0
     1     0    -1    -1    -1     0     0     0
     1    -1    -1    -1    -1     0     0     0
     1     0     1     0     0    -1     0     0
     0     0     0     0     0     0     0     0
     0     0     0     0     0     0     0     0

MiniMaxPlayer (-1) to move (time left: 176.4 sec.):
     0     0     1     1     1     0     0     0
     1     1    -1     0     0     0     0     0
     1    -1    -1    -1     0     0     0     0
     1     0    -1    -1    -1     0     0     0
     1    -1    -1    -1    -1     0     0     0
     1     0    -1     0     0    -1     0     0
     0     0     0    -1     0     0     0     0
     0     0     0     0     0     0     0     0

DerGeileTyp (1) to move (time left: 175.8 sec.):
     0     0     1     1     1     0     0     0
     1     1    -1     0     0     0     0     0
     1     1    -1    -1     0     0     0     0
     1     1    -1    -1    -1     0     0     0
     1    -1    -1    -1    -1     0     0     0
     1     0    -1     0     0    -1     0     0
     0     0     0    -1     0     0     0     0
     0     0     0     0     0     0     0     0

MiniMaxPlayer (-1) to move (time left: 176.0 sec.):
    -1     0     1     1     1     0     0     0
     1    -1    -1     0     0     0     0     0
     1     1    -1    -1     0     0     0     0
     1     1    -1    -1    -1     0     0     0
     1    -1    -1    -1    -1     0     0     0
     1     0    -1     0     0    -1     0     0
     0     0     0    -1     0     0     0     0
     0     0     0     0     0     0     0     0

DerGeileTyp (1) to move (time left: 175.8 sec.):
    -1     0     1     1     1     0     0     0
     1    -1    -1     0     0     0     0     0
     1     1    -1    -1     0     0     0     0
     1     1    -1    -1    -1     0     0     0
     1    -1     1    -1    -1     0     0     0
     1     0    -1     1     0    -1     0     0
     0     0     0    -1     0     0     0     0
     0     0     0     0     0     0     0     0

MiniMaxPlayer (-1) to move (time left: 175.6 sec.):
    -1     0     1     1     1     0     0     0
     1    -1    -1     0     0     0     0     0
     1     1    -1    -1     0     0     0     0
     1     1    -1    -1    -1     0     0     0
     1    -1    -1    -1    -1     0     0     0
     1    -1    -1     1     0    -1     0     0
     0     0     0    -1     0     0     0     0
     0     0     0     0     0     0     0     0

DerGeileTyp (1) to move (time left: 175.7 sec.):
    -1     0     1     1     1     0     0     0
     1    -1    -1     0     0     0     0     0
     1     1    -1    -1     0     0     0     0
     1     1    -1    -1    -1     0     0     0
     1     1    -1    -1    -1     0     0     0
     1    -1     1     1     0    -1     0     0
     0     0     0     1     0     0     0     0
     0     0     0     0     1     0     0     0

MiniMaxPlayer (-1) to move (time left: 175.3 sec.):
    -1     0     1     1     1     0     0     0
     1    -1    -1     0     0     0     0     0
     1     1    -1    -1     0     0     0     0
     1     1    -1    -1    -1     0     0     0
     1     1    -1    -1    -1     0     0     0
     1    -1     1    -1     0    -1     0     0
     0     0     0    -1     0     0     0     0
     0     0     0    -1     1     0     0     0

DerGeileTyp (1) to move (time left: 175.6 sec.):
    -1     0     1     1     1     0     0     0
     1    -1    -1     0     0     0     0     0
     1     1    -1    -1     0     0     0     0
     1     1    -1    -1    -1     0     0     0
     1     1    -1    -1    -1     0     0     0
     1    -1     1    -1     0    -1     0     0
     0     0     0    -1     0     0     0     0
     0     0     1     1     1     0     0     0

MiniMaxPlayer (-1) to move (time left: 174.8 sec.):
    -1     0     1     1     1     0     0     0
     1    -1    -1     0     0     0     0     0
     1     1    -1    -1     0     0     0     0
     1     1    -1    -1    -1     0     0     0
     1     1    -1    -1    -1     0     0     0
     1    -1    -1    -1     0    -1     0     0
     0     0    -1    -1     0     0     0     0
     0     0     1     1     1     0     0     0

DerGeileTyp (1) to move (time left: 175.5 sec.):
    -1     0     1     1     1     0     0     0
     1    -1    -1     0     0     0     0     0
     1     1    -1    -1     0     0     0     0
     1     1     1     1     1     1     0     0
     1     1    -1    -1    -1     0     0     0
     1    -1    -1    -1     0    -1     0     0
     0     0    -1    -1     0     0     0     0
     0     0     1     1     1     0     0     0

MiniMaxPlayer (-1) to move (time left: 174.4 sec.):
    -1     0     1     1     1     0     0     0
     1    -1    -1     0     0     0     0     0
     1     1    -1    -1    -1     0     0     0
     1     1     1    -1    -1     1     0     0
     1     1    -1    -1    -1     0     0     0
     1    -1    -1    -1     0    -1     0     0
     0     0    -1    -1     0     0     0     0
     0     0     1     1     1     0     0     0

DerGeileTyp (1) to move (time left: 175.5 sec.):
    -1     0     1     1     1     0     0     0
     1    -1    -1     0     0     0     0     0
     1     1    -1    -1    -1     0     0     0
     1     1     1    -1    -1     1     0     0
     1     1    -1    -1     1     0     0     0
     1    -1    -1     1     0    -1     0     0
     0     0     1    -1     0     0     0     0
     0     1     1     1     1     0     0     0

MiniMaxPlayer (-1) to move (time left: 174.0 sec.):
    -1     0     1     1     1     0     0     0
     1    -1    -1     0     0     0     0     0
     1     1    -1    -1    -1     0     0     0
     1     1     1    -1    -1    -1     0     0
     1     1    -1    -1     1     0    -1     0
     1    -1    -1     1     0    -1     0     0
     0     0     1    -1     0     0     0     0
     0     1     1     1     1     0     0     0

DerGeileTyp (1) to move (time left: 175.2 sec.):
    -1     0     1     1     1     0     0     0
     1    -1    -1     0     0     0     0     0
     1     1    -1    -1    -1     0     1     0
     1     1     1    -1    -1     1     0     0
     1     1    -1    -1     1     0    -1     0
     1    -1    -1     1     0    -1     0     0
     0     0     1    -1     0     0     0     0
     0     1     1     1     1     0     0     0

MiniMaxPlayer (-1) to move (time left: 173.6 sec.):
    -1     0     1     1     1     0     0     0
     1    -1    -1     0     0     0     0     0
     1     1    -1    -1    -1     0     1     0
     1     1     1    -1    -1     1     0     0
     1     1    -1    -1    -1    -1    -1     0
     1    -1    -1     1     0    -1     0     0
     0     0     1    -1     0     0     0     0
     0     1     1     1     1     0     0     0

DerGeileTyp (1) to move (time left: 174.9 sec.):
    -1     0     1     1     1     0     0     0
     1    -1    -1     0     0     0     0     0
     1     1    -1    -1    -1     0     1     0
     1     1     1    -1    -1     1     0     0
     1     1    -1    -1    -1    -1     1     0
     1    -1    -1     1     0    -1     0     1
     0     0     1    -1     0     0     0     0
     0     1     1     1     1     0     0     0

MiniMaxPlayer (-1) to move (time left: 173.1 sec.):
    -1     0     1     1     1     0     0     0
     1    -1    -1     0     0     0     0     0
     1     1    -1    -1    -1    -1     1     0
     1     1     1    -1    -1    -1     0     0
     1     1    -1    -1    -1    -1     1     0
     1    -1    -1     1     0    -1     0     1
     0     0     1    -1     0     0     0     0
     0     1     1     1     1     0     0     0

DerGeileTyp (1) to move (time left: 172.1 sec.):
    -1     0     1     1     1     0     0     0
     1     1     1     1     0     0     0     0
     1     1     1     1     1    -1     1     0
     1     1     1     1    -1     1     0     0
     1     1    -1     1    -1    -1     1     0
     1    -1    -1     1     0    -1     0     1
     0     0     1    -1     0     0     0     0
     0     1     1     1     1     0     0     0

MiniMaxPlayer (-1) to move (time left: 172.6 sec.):
    -1     0     1     1     1     0     0     0
     1     1     1     1     0    -1     0     0
     1     1     1     1    -1    -1     1     0
     1     1     1    -1    -1     1     0     0
     1     1    -1     1    -1    -1     1     0
     1    -1    -1     1     0    -1     0     1
     0     0     1    -1     0     0     0     0
     0     1     1     1     1     0     0     0

DerGeileTyp (1) to move (time left: 168.8 sec.):
    -1     0     1     1     1     0     0     0
     1     1     1     1     0    -1     0     0
     1     1     1     1    -1    -1     1     0
     1     1     1    -1    -1     1     0     0
     1     1    -1     1    -1    -1     1     0
     1    -1    -1     1     0     1     0     1
     0     0     1     1     1     0     0     0
     0     1     1     1     1     0     0     0

MiniMaxPlayer (-1) to move (time left: 172.0 sec.):
    -1     0     1     1     1     0     0     0
     1     1     1     1     0    -1     0     0
     1     1     1     1    -1    -1     1     0
     1     1     1    -1    -1     1     0     0
     1     1    -1     1    -1    -1    -1    -1
     1    -1    -1     1     0     1     0     1
     0     0     1     1     1     0     0     0
     0     1     1     1     1     0     0     0

DerGeileTyp (1) to move (time left: 164.7 sec.):
    -1     0     1     1     1     0     0     0
     1     1     1     1     0    -1     0     0
     1     1     1     1    -1    -1     1     0
     1     1     1    -1    -1     1     0     1
     1     1    -1     1    -1    -1     1     1
     1    -1    -1     1     0     1     0     1
     0     0     1     1     1     0     0     0
     0     1     1     1     1     0     0     0

MiniMaxPlayer (-1) to move (time left: 171.5 sec.):
    -1     0     1     1     1     0     0     0
     1     1     1     1     0    -1     0     0
     1     1     1     1    -1    -1     1     0
     1     1     1    -1    -1    -1    -1     1
     1     1    -1     1    -1    -1     1     1
     1    -1    -1     1     0     1     0     1
     0     0     1     1     1     0     0     0
     0     1     1     1     1     0     0     0

DerGeileTyp (1) to move (time left: 155.0 sec.):
    -1     0     1     1     1     1     0     0
     1     1     1     1     0     1     0     0
     1     1     1     1    -1     1     1     0
     1     1     1    -1    -1     1    -1     1
     1     1    -1     1    -1     1     1     1
     1    -1    -1     1     0     1     0     1
     0     0     1     1     1     0     0     0
     0     1     1     1     1     0     0     0

MiniMaxPlayer (-1) to move (time left: 171.1 sec.):
    -1     0     1     1     1     1     0     0
     1     1     1     1     0     1     0     0
     1     1     1     1    -1     1     1     0
     1     1     1    -1    -1     1    -1     1
     1     1    -1     1    -1    -1    -1     1
     1    -1    -1     1     0     1    -1     1
     0     0     1     1     1     0     0     0
     0     1     1     1     1     0     0     0

DerGeileTyp (1) to move (time left: 150.9 sec.):
    -1     0     1     1     1     1     0     0
     1     1     1     1     0     1     0     0
     1     1     1     1    -1     1     1     0
     1     1     1    -1    -1     1     1     1
     1     1    -1     1    -1    -1     1     1
     1    -1    -1     1     0     1     1     1
     0     0     1     1     1     0     1     0
     0     1     1     1     1     0     0     0

MiniMaxPlayer (-1) to move (time left: 170.6 sec.):
    -1     0     1     1     1     1     0     0
     1     1     1     1     0     1     0     0
     1     1     1     1    -1    -1    -1    -1
     1     1     1    -1    -1     1    -1     1
     1     1    -1     1    -1    -1     1     1
     1    -1    -1     1     0     1     1     1
     0     0     1     1     1     0     1     0
     0     1     1     1     1     0     0     0

DerGeileTyp (1) to move (time left: 144.9 sec.):
    -1     0     1     1     1     1     0     0
     1     1     1     1     0     1     0     1
     1     1     1     1    -1    -1     1     1
     1     1     1    -1    -1     1    -1     1
     1     1    -1     1    -1    -1     1     1
     1    -1    -1     1     0     1     1     1
     0     0     1     1     1     0     1     0
     0     1     1     1     1     0     0     0

MiniMaxPlayer (-1) to move (time left: 170.1 sec.):
    -1     0     1     1     1     1     0     0
     1     1     1     1     0     1     0     1
     1     1     1     1    -1    -1     1     1
     1     1     1    -1    -1     1    -1     1
     1     1    -1     1    -1    -1     1     1
     1    -1    -1     1     0    -1     1     1
     0     0     1     1     1     0    -1     0
     0     1     1     1     1     0     0    -1

DerGeileTyp (1) to move (time left: 141.4 sec.):
    -1     0     1     1     1     1     0     0
     1     1     1     1     0     1     0     1
     1     1     1     1    -1    -1     1     1
     1     1     1    -1    -1     1    -1     1
     1     1    -1     1    -1    -1     1     1
     1    -1    -1     1     0    -1     1     1
     0     0     1     1     1     0     1     0
     0     1     1     1     1     1     0    -1

MiniMaxPlayer (-1) to move (time left: 169.7 sec.):
    -1     0     1     1     1     1     0     0
     1     1     1     1     0     1    -1     1
     1     1     1     1    -1    -1    -1     1
     1     1     1    -1    -1     1    -1     1
     1     1    -1     1    -1    -1     1     1
     1    -1    -1     1     0    -1     1     1
     0     0     1     1     1     0     1     0
     0     1     1     1     1     1     0    -1

DerGeileTyp (1) to move (time left: 140.0 sec.):
    -1     0     1     1     1     1     0     0
     1     1     1     1     1     1    -1     1
     1     1     1     1    -1     1    -1     1
     1     1     1    -1    -1     1     1     1
     1     1    -1     1    -1    -1     1     1
     1    -1    -1     1     0    -1     1     1
     0     0     1     1     1     0     1     0
     0     1     1     1     1     1     0    -1

MiniMaxPlayer (-1) to move (time left: 169.3 sec.):
    -1     0     1     1     1     1    -1     0
     1     1     1     1     1    -1    -1     1
     1     1     1     1    -1     1    -1     1
     1     1     1    -1    -1     1     1     1
     1     1    -1     1    -1    -1     1     1
     1    -1    -1     1     0    -1     1     1
     0     0     1     1     1     0     1     0
     0     1     1     1     1     1     0    -1

DerGeileTyp (1) to move (time left: 139.4 sec.):
    -1     0     1     1     1     1     1     1
     1     1     1     1     1    -1     1     1
     1     1     1     1    -1     1    -1     1
     1     1     1    -1    -1     1     1     1
     1     1    -1     1    -1    -1     1     1
     1    -1    -1     1     0    -1     1     1
     0     0     1     1     1     0     1     0
     0     1     1     1     1     1     0    -1

MiniMaxPlayer (-1) to move (time left: 168.9 sec.):
    -1     0     1     1     1     1     1     1
     1     1     1     1     1    -1     1     1
     1     1     1     1    -1     1    -1     1
     1     1     1    -1    -1     1     1     1
     1     1    -1     1    -1    -1     1     1
     1    -1    -1    -1    -1    -1     1     1
     0     0     1     1     1     0     1     0
     0     1     1     1     1     1     0    -1

DerGeileTyp (1) to move (time left: 139.2 sec.):
    -1     0     1     1     1     1     1     1
     1     1     1     1     1     1     1     1
     1     1     1     1     1     1    -1     1
     1     1     1     1    -1     1     1     1
     1     1     1     1    -1    -1     1     1
     1     1    -1    -1    -1    -1     1     1
     1     0     1     1     1     0     1     0
     0     1     1     1     1     1     0    -1

MiniMaxPlayer (-1) to move (time left: 168.5 sec.):
    -1    -1     1     1     1     1     1     1
     1     1    -1     1     1     1     1     1
     1     1     1    -1     1     1    -1     1
     1     1     1     1    -1     1     1     1
     1     1     1     1    -1    -1     1     1
     1     1    -1    -1    -1    -1     1     1
     1     0     1     1     1     0     1     0
     0     1     1     1     1     1     0    -1

DerGeileTyp (1) to move (time left: 139.2 sec.):
    -1    -1     1     1     1     1     1     1
     1     1    -1     1     1     1     1     1
     1     1     1    -1     1     1    -1     1
     1     1     1     1    -1     1     1     1
     1     1     1     1    -1    -1     1     1
     1     1     1    -1    -1    -1     1     1
     1     1     1     1     1     0     1     0
     0     1     1     1     1     1     0    -1

MiniMaxPlayer (-1) to move (time left: 168.2 sec.):
    -1    -1     1     1     1     1     1     1
    -1     1    -1     1     1     1     1     1
    -1     1     1    -1     1     1    -1     1
    -1     1     1     1    -1     1     1     1
    -1     1     1    -1    -1    -1     1     1
    -1     1    -1    -1    -1    -1     1     1
    -1    -1     1     1     1     0     1     0
    -1     1     1     1     1     1     0    -1

DerGeileTyp (1) to move (time left: 139.2 sec.):
    -1    -1     1     1     1     1     1     1
    -1     1    -1     1     1     1     1     1
    -1     1     1    -1     1     1    -1     1
    -1     1     1     1    -1     1     1     1
    -1     1     1     1    -1     1     1     1
    -1     1    -1    -1     1     1     1     1
    -1    -1     1     1     1     1     1     0
    -1     1     1     1     1     1     0    -1

MiniMaxPlayer (-1) to move (time left: 167.8 sec.):
    -1    -1     1     1     1     1     1     1
    -1     1    -1     1     1     1     1     1
    -1     1     1    -1     1     1    -1     1
    -1     1     1     1    -1     1     1     1
    -1     1     1     1    -1    -1     1     1
    -1     1    -1    -1     1     1    -1     1
    -1    -1    -1    -1    -1    -1    -1    -1
    -1     1     1     1     1     1     0    -1

DerGeileTyp (1) to move (time left: 139.2 sec.):
    -1    -1     1     1     1     1     1     1
    -1     1    -1     1     1     1     1     1
    -1     1     1    -1     1     1    -1     1
    -1     1     1     1    -1     1     1     1
    -1     1     1     1    -1    -1     1     1
    -1     1    -1    -1     1     1     1     1
    -1    -1    -1    -1    -1     1     1    -1
    -1     1     1     1     1     1     1    -1

Game over.
