DerGeileTyp against Jojo:
     0     0     0     0     0     0     0     0
     0     0     0     0     0     0     0     0
     0     0     0     0     0     0     0     0
     0     0     0     1    -1     0     0     0
     0     0     0    -1     1     0     0     0
     0     0     0     0     0     0     0     0
     0     0     0     0     0     0     0     0
     0     0     0     0     0     0     0     0

Jojo (-1) to move (time left: 180.0 sec.):
     0     0     0     0     0     0     0     0
     0     0     0     0     0     0     0     0
     0     0     0     0     0     0     0     0
     0     0    -1    -1    -1     0     0     0
     0     0     0    -1     1     0     0     0
     0     0     0     0     0     0     0     0
     0     0     0     0     0     0     0     0
     0     0     0     0     0     0     0     0

DerGeileTyp (1) to move (time left: 180.0 sec.):
     0     0     0     0     0     0     0     0
     0     0     0     0     0     0     0     0
     0     0     1     0     0     0     0     0
     0     0    -1     1    -1     0     0     0
     0     0     0    -1     1     0     0     0
     0     0     0     0     0     0     0     0
     0     0     0     0     0     0     0     0
     0     0     0     0     0     0     0     0

Jojo (-1) to move (time left: 180.0 sec.):
     0     0     0     0     0     0     0     0
     0     0     0     0     0     0     0     0
     0     0     1    -1     0     0     0     0
     0     0    -1    -1    -1     0     0     0
     0     0     0    -1     1     0     0     0
     0     0     0     0     0     0     0     0
     0     0     0     0     0     0     0     0
     0     0     0     0     0     0     0     0

DerGeileTyp (1) to move (time left: 180.0 sec.):
     0     0     0     0     0     0     0     0
     0     0     0     0     0     0     0     0
     0     0     1    -1     0     0     0     0
     0     0     1    -1    -1     0     0     0
     0     0     1     1     1     0     0     0
     0     0     0     0     0     0     0     0
     0     0     0     0     0     0     0     0
     0     0     0     0     0     0     0     0

Jojo (-1) to move (time left: 180.0 sec.):
     0     0     0     0     0     0     0     0
     0     0     0     0     0     0     0     0
     0     0     1    -1     0     0     0     0
     0     0     1    -1    -1     0     0     0
     0     0    -1     1     1     0     0     0
     0    -1     0     0     0     0     0     0
     0     0     0     0     0     0     0     0
     0     0     0     0     0     0     0     0

DerGeileTyp (1) to move (time left: 179.5 sec.):
     0     0     0     0     0     0     0     0
     0     0     0     0     0     0     0     0
     0     0     1    -1     0     0     0     0
     0     0     1    -1    -1     0     0     0
     0     1     1     1     1     0     0     0
     0    -1     0     0     0     0     0     0
     0     0     0     0     0     0     0     0
     0     0     0     0     0     0     0     0

Jojo (-1) to move (time left: 179.9 sec.):
     0     0     0     0     0     0     0     0
     0     0     0     0     0     0     0     0
     0     0     1    -1     0     0     0     0
     0     0     1    -1    -1     0     0     0
     0     1     1     1    -1     0     0     0
     0    -1     0     0     0    -1     0     0
     0     0     0     0     0     0     0     0
     0     0     0     0     0     0     0     0

DerGeileTyp (1) to move (time left: 179.1 sec.):
     0     0     0     0     0     0     0     0
     0     0     0     0     0     0     0     0
     0     0     1    -1     0     0     0     0
     0     0     1    -1    -1     0     0     0
     0     1     1     1    -1     0     0     0
     0     1     0     0     0    -1     0     0
     1     0     0     0     0     0     0     0
     0     0     0     0     0     0     0     0

Jojo (-1) to move (time left: 179.8 sec.):
     0     0     0     0     0     0     0     0
     0     0     0     0     0     0     0     0
     0     0     1    -1     0     0     0     0
     0     0     1    -1    -1     0     0     0
     0     1     1    -1    -1     0     0     0
     0     1    -1     0     0    -1     0     0
     1     0     0     0     0     0     0     0
     0     0     0     0     0     0     0     0

DerGeileTyp (1) to move (time left: 178.8 sec.):
     0     0     0     0     0     0     0     0
     0     0     0     0     0     0     0     0
     0     0     1    -1     0     0     0     0
     0     0     1    -1    -1     0     0     0
     0     1     1    -1    -1     0     0     0
     0     1     1     0     0    -1     0     0
     1     0     0     1     0     0     0     0
     0     0     0     0     0     0     0     0

Jojo (-1) to move (time left: 179.8 sec.):
     0     0     0     0     0     0     0     0
     0     0     0     0     0     0     0     0
     0     0     1    -1     0     0     0     0
     0     0    -1    -1    -1     0     0     0
     0    -1     1    -1    -1     0     0     0
    -1     1     1     0     0    -1     0     0
     1     0     0     1     0     0     0     0
     0     0     0     0     0     0     0     0

DerGeileTyp (1) to move (time left: 177.9 sec.):
     0     0     0     0     0     0     0     0
     0     0     0     0     0     0     0     0
     0     0     1    -1     0     0     0     0
     1     0    -1    -1    -1     0     0     0
     0     1     1    -1    -1     0     0     0
    -1     1     1     0     0    -1     0     0
     1     0     0     1     0     0     0     0
     0     0     0     0     0     0     0     0

Jojo (-1) to move (time left: 179.7 sec.):
     0     0     0     0     0     0     0     0
     0     0     0     0     0     0     0     0
     0     0     1    -1     0     0     0     0
     1     0    -1    -1    -1     0     0     0
     0     1     1    -1    -1     0     0     0
    -1     1     1     0     0    -1     0     0
    -1     0     0     1     0     0     0     0
    -1     0     0     0     0     0     0     0

DerGeileTyp (1) to move (time left: 177.5 sec.):
     0     0     0     0     0     0     0     0
     0     0     0     0     1     0     0     0
     0     0     1     1     0     0     0     0
     1     0     1    -1    -1     0     0     0
     0     1     1    -1    -1     0     0     0
    -1     1     1     0     0    -1     0     0
    -1     0     0     1     0     0     0     0
    -1     0     0     0     0     0     0     0

Jojo (-1) to move (time left: 179.7 sec.):
     0     0     0     0     0     0     0     0
     0     0     0     0     1     0     0     0
     0     0     1     1     0     0     0     0
     1     0     1    -1    -1     0     0     0
    -1    -1    -1    -1    -1     0     0     0
    -1     1     1     0     0    -1     0     0
    -1     0     0     1     0     0     0     0
    -1     0     0     0     0     0     0     0

DerGeileTyp (1) to move (time left: 176.2 sec.):
     0     0     0     0     0     0     0     0
     0     0     0     0     1     0     0     0
     0     0     1     1     0     1     0     0
     1     0     1    -1     1     0     0     0
    -1    -1    -1     1    -1     0     0     0
    -1     1     1     0     0    -1     0     0
    -1     0     0     1     0     0     0     0
    -1     0     0     0     0     0     0     0

Jojo (-1) to move (time left: 179.7 sec.):
     0     0     0     0     0     0     0     0
     0     0     0     0     1     0     0     0
     0     0     1     1     0     1     0     0
     1     0     1    -1     1     0     0     0
    -1    -1    -1     1    -1     0     0     0
    -1    -1     1     0     0    -1     0     0
    -1    -1     0     1     0     0     0     0
    -1     0     0     0     0     0     0     0

DerGeileTyp (1) to move (time left: 169.1 sec.):
     0     0     0     0     0     0     0     0
     0     0     0     0     1     0     0     0
     0     0     1     1     0     1     0     0
     1     0     1    -1     1     0     0     0
    -1    -1    -1     1     1     0     0     0
    -1    -1     1     0     1    -1     0     0
    -1    -1     0     1     0     0     0     0
    -1     0     0     0     0     0     0     0

Jojo (-1) to move (time left: 179.6 sec.):
     0     0     0     0     0     0     0     0
     0     0     0     0     1     0     0     0
    -1     0     1     1     0     1     0     0
    -1     0     1    -1     1     0     0     0
    -1    -1    -1     1     1     0     0     0
    -1    -1     1     0     1    -1     0     0
    -1    -1     0     1     0     0     0     0
    -1     0     0     0     0     0     0     0

DerGeileTyp (1) to move (time left: 162.3 sec.):
     0     0     0     0     0     0     0     0
     0     0     0     0     1     0     0     0
    -1     0     1     1     0     1     0     0
    -1     0     1    -1     1     0     0     0
    -1    -1    -1     1     1     0     0     0
    -1    -1     1     0     1     1     1     0
    -1    -1     0     1     0     0     0     0
    -1     0     0     0     0     0     0     0

Jojo (-1) to move (time left: 179.6 sec.):
     0     0     0     0     0     0     0     0
     0     0     0     0     1     0     0     0
    -1     0     1     1     0     1     0     0
    -1    -1    -1    -1     1     0     0     0
    -1    -1    -1     1     1     0     0     0
    -1    -1     1     0     1     1     1     0
    -1    -1     0     1     0     0     0     0
    -1     0     0     0     0     0     0     0

DerGeileTyp (1) to move (time left: 153.6 sec.):
     0     0     0     0     0     0     0     0
     0     0     0     0     1     0     0     0
    -1     1     1     1     0     1     0     0
    -1    -1     1    -1     1     0     0     0
    -1    -1    -1     1     1     0     0     0
    -1    -1     1     0     1     1     1     0
    -1    -1     0     1     0     0     0     0
    -1     0     0     0     0     0     0     0

Jojo (-1) to move (time left: 179.6 sec.):
     0     0     0     0     0     0     0     0
     0     0     0     0     1     0     0     0
    -1     1     1     1     0     1     0     0
    -1    -1     1    -1     1     0     0     0
    -1    -1    -1     1     1     0     0     0
    -1    -1    -1     0     1     1     1     0
    -1    -1    -1     1     0     0     0     0
    -1     0     0     0     0     0     0     0

DerGeileTyp (1) to move (time left: 146.6 sec.):
     0     0     0     0     0     0     0     0
     0     0     0     0     1     0     0     0
    -1     1     1     1     0     1     0     0
    -1     1     1    -1     1     0     0     0
    -1     1    -1     1     1     0     0     0
    -1     1    -1     0     1     1     1     0
    -1     1    -1     1     0     0     0     0
    -1     1     0     0     0     0     0     0

Jojo (-1) to move (time left: 179.6 sec.):
     0     0     0     0     0     0     0     0
     0     0     0     0     1     0     0     0
    -1     1     1     1     0     1     0     0
    -1     1     1    -1     1     0     0     0
    -1     1    -1     1     1     0     0     0
    -1     1    -1     0     1     1     1     0
    -1    -1    -1     1     0     0     0     0
    -1    -1    -1     0     0     0     0     0

DerGeileTyp (1) to move (time left: 136.3 sec.):
     0     0     0     0     0     0     0     0
     0     0     0     0     1     0     0     0
    -1     1     1     1     0     1     0     0
    -1     1     1    -1     1     0     0     0
    -1     1    -1     1     1     0     0     0
    -1     1    -1     0     1     1     1     0
    -1    -1     1     1     0     0     0     0
    -1    -1    -1     1     0     0     0     0

Jojo (-1) to move (time left: 179.2 sec.):
     0     0     0     0     0     0     0     0
     0     0     0    -1     1     0     0     0
    -1     1    -1    -1     0     1     0     0
    -1    -1     1    -1     1     0     0     0
    -1     1    -1     1     1     0     0     0
    -1     1    -1     0     1     1     1     0
    -1    -1     1     1     0     0     0     0
    -1    -1    -1     1     0     0     0     0

DerGeileTyp (1) to move (time left: 125.6 sec.):
     0     0     0     0     0     0     0     0
     0     1     0    -1     1     0     0     0
    -1     1     1    -1     0     1     0     0
    -1    -1     1     1     1     0     0     0
    -1     1    -1     1     1     0     0     0
    -1     1    -1     0     1     1     1     0
    -1    -1     1     1     0     0     0     0
    -1    -1    -1     1     0     0     0     0

Jojo (-1) to move (time left: 179.0 sec.):
     0     0     0     0     0     0     0     0
     0     1     0    -1     1     0     0     0
    -1     1     1    -1     0     1     0     0
    -1    -1     1    -1     1     0     0     0
    -1     1    -1    -1     1     0     0     0
    -1     1    -1    -1     1     1     1     0
    -1    -1    -1     1     0     0     0     0
    -1    -1    -1     1     0     0     0     0

DerGeileTyp (1) to move (time left: 115.5 sec.):
     0     0     0     1     0     0     0     0
     0     1     0     1     1     0     0     0
    -1     1     1     1     0     1     0     0
    -1    -1     1     1     1     0     0     0
    -1     1    -1     1     1     0     0     0
    -1     1    -1     1     1     1     1     0
    -1    -1    -1     1     0     0     0     0
    -1    -1    -1     1     0     0     0     0

Jojo (-1) to move (time left: 178.8 sec.):
     0     0     0     1     0     0     0     0
     0     1    -1     1     1     0     0     0
    -1    -1    -1     1     0     1     0     0
    -1    -1    -1     1     1     0     0     0
    -1     1    -1     1     1     0     0     0
    -1     1    -1     1     1     1     1     0
    -1    -1    -1     1     0     0     0     0
    -1    -1    -1     1     0     0     0     0

DerGeileTyp (1) to move (time left: 95.2 sec.):
     0     0     0     1     0     0     0     0
     1     1    -1     1     1     0     0     0
    -1     1    -1     1     0     1     0     0
    -1    -1     1     1     1     0     0     0
    -1     1    -1     1     1     0     0     0
    -1     1    -1     1     1     1     1     0
    -1    -1    -1     1     0     0     0     0
    -1    -1    -1     1     0     0     0     0

Jojo (-1) to move (time left: 178.8 sec.):
    -1     0     0     1     0     0     0     0
    -1    -1    -1     1     1     0     0     0
    -1     1    -1     1     0     1     0     0
    -1    -1     1     1     1     0     0     0
    -1     1    -1     1     1     0     0     0
    -1     1    -1     1     1     1     1     0
    -1    -1    -1     1     0     0     0     0
    -1    -1    -1     1     0     0     0     0

DerGeileTyp (1) to move (time left: 88.9 sec.):
    -1     1     0     1     0     0     0     0
    -1     1     1     1     1     0     0     0
    -1     1    -1     1     0     1     0     0
    -1    -1     1     1     1     0     0     0
    -1     1    -1     1     1     0     0     0
    -1     1    -1     1     1     1     1     0
    -1    -1    -1     1     0     0     0     0
    -1    -1    -1     1     0     0     0     0

Jojo (-1) to move (time left: 178.8 sec.):
    -1    -1    -1     1     0     0     0     0
    -1    -1    -1     1     1     0     0     0
    -1     1    -1     1     0     1     0     0
    -1    -1     1     1     1     0     0     0
    -1     1    -1     1     1     0     0     0
    -1     1    -1     1     1     1     1     0
    -1    -1    -1     1     0     0     0     0
    -1    -1    -1     1     0     0     0     0

DerGeileTyp (1) to move (time left: 83.5 sec.):
    -1    -1    -1     1     0     0     0     0
    -1    -1    -1     1     1     0     0     0
    -1     1    -1     1     0     1     0     0
    -1    -1     1     1     1     0     0     0
    -1     1    -1     1     1     0     0     0
    -1     1    -1     1     1     1     1     0
    -1    -1    -1     1     0     0     0     0
    -1    -1    -1     1     0     0     0     0

Jojo (-1) to move (time left: 178.8 sec.):
    -1    -1    -1    -1    -1     0     0     0
    -1    -1    -1    -1     1     0     0     0
    -1     1    -1     1     0     1     0     0
    -1    -1     1     1     1     0     0     0
    -1     1    -1     1     1     0     0     0
    -1     1    -1     1     1     1     1     0
    -1    -1    -1     1     0     0     0     0
    -1    -1    -1     1     0     0     0     0

DerGeileTyp (1) to move (time left: 83.5 sec.):
    -1    -1    -1    -1    -1     0     0     0
    -1    -1    -1    -1     1     0     0     0
    -1     1    -1     1     0     1     0     0
    -1    -1     1     1     1     0     0     0
    -1     1    -1     1     1     0     0     0
    -1     1    -1     1     1     1     1     0
    -1    -1    -1     1     0     0     0     0
    -1    -1    -1     1     0     0     0     0

Jojo (-1) to move (time left: 178.8 sec.):
    -1    -1    -1    -1    -1     0     0     0
    -1    -1    -1    -1    -1     0     0     0
    -1     1    -1    -1    -1     1     0     0
    -1    -1     1    -1     1     0     0     0
    -1     1    -1     1     1     0     0     0
    -1     1    -1     1     1     1     1     0
    -1    -1    -1     1     0     0     0     0
    -1    -1    -1     1     0     0     0     0

DerGeileTyp (1) to move (time left: 83.5 sec.):
    -1    -1    -1    -1    -1     1     0     0
    -1    -1    -1    -1     1     0     0     0
    -1     1    -1     1    -1     1     0     0
    -1    -1     1    -1     1     0     0     0
    -1     1    -1     1     1     0     0     0
    -1     1    -1     1     1     1     1     0
    -1    -1    -1     1     0     0     0     0
    -1    -1    -1     1     0     0     0     0

Jojo (-1) to move (time left: 178.8 sec.):
    -1    -1    -1    -1    -1     1     0     0
    -1    -1    -1    -1     1     0     0     0
    -1     1    -1     1    -1     1     0     0
    -1    -1     1    -1     1     0     0     0
    -1     1    -1     1     1     0     0     0
    -1     1    -1     1     1     1     1     0
    -1    -1    -1    -1     0     0     0     0
    -1    -1    -1    -1    -1     0     0     0

DerGeileTyp (1) to move (time left: 81.4 sec.):
    -1    -1    -1    -1    -1     1     0     0
    -1    -1    -1    -1     1     1     0     0
    -1     1    -1     1     1     1     0     0
    -1    -1     1     1     1     0     0     0
    -1     1     1     1     1     0     0     0
    -1     1    -1     1     1     1     1     0
    -1    -1    -1    -1     0     0     0     0
    -1    -1    -1    -1    -1     0     0     0

Jojo (-1) to move (time left: 178.8 sec.):
    -1    -1    -1    -1    -1     1     0     0
    -1    -1    -1    -1    -1     1     0     0
    -1     1    -1     1    -1     1     0     0
    -1    -1     1     1    -1     0     0     0
    -1     1    -1     1    -1     0     0     0
    -1     1    -1    -1    -1     1     1     0
    -1    -1    -1    -1    -1     0     0     0
    -1    -1    -1    -1    -1     0     0     0

DerGeileTyp (1) to move (time left: 80.4 sec.):
    -1    -1    -1    -1    -1     1     0     0
    -1    -1    -1    -1    -1     1     0     0
    -1     1    -1     1    -1     1     0     0
    -1    -1     1     1     1     1     0     0
    -1     1    -1     1    -1     0     0     0
    -1     1    -1    -1    -1     1     1     0
    -1    -1    -1    -1    -1     0     0     0
    -1    -1    -1    -1    -1     0     0     0

Jojo (-1) to move (time left: 178.8 sec.):
    -1    -1    -1    -1    -1     1     0     0
    -1    -1    -1    -1    -1     1     0     0
    -1     1    -1    -1    -1     1     0     0
    -1    -1     1     1    -1     1     0     0
    -1     1    -1     1    -1    -1     0     0
    -1     1    -1    -1    -1     1     1     0
    -1    -1    -1    -1    -1     0     0     0
    -1    -1    -1    -1    -1     0     0     0

DerGeileTyp (1) to move (time left: 80.0 sec.):
    -1    -1    -1    -1    -1     1     0     0
    -1    -1    -1    -1    -1     1     0     0
    -1     1    -1    -1    -1     1     0     0
    -1    -1     1     1    -1     1     0     0
    -1     1    -1     1     1     1     1     0
    -1     1    -1    -1    -1     1     1     0
    -1    -1    -1    -1    -1     0     0     0
    -1    -1    -1    -1    -1     0     0     0

Jojo (-1) to move (time left: 178.8 sec.):
    -1    -1    -1    -1    -1    -1    -1     0
    -1    -1    -1    -1    -1    -1     0     0
    -1     1    -1    -1    -1     1     0     0
    -1    -1     1     1    -1     1     0     0
    -1     1    -1     1     1     1     1     0
    -1     1    -1    -1    -1     1     1     0
    -1    -1    -1    -1    -1     0     0     0
    -1    -1    -1    -1    -1     0     0     0

DerGeileTyp (1) to move (time left: 78.7 sec.):
    -1    -1    -1    -1    -1    -1    -1     0
    -1    -1    -1    -1    -1    -1     0     0
    -1     1    -1    -1    -1     1     0     0
    -1    -1     1     1    -1     1     0     0
    -1     1    -1     1     1     1     1     0
    -1     1    -1    -1     1     1     1     0
    -1    -1    -1    -1    -1     1     0     0
    -1    -1    -1    -1    -1     0     0     0

Jojo (-1) to move (time left: 178.8 sec.):
    -1    -1    -1    -1    -1    -1    -1     0
    -1    -1    -1    -1    -1    -1     0     0
    -1     1    -1    -1    -1     1     0     0
    -1    -1     1     1    -1     1     0     0
    -1     1    -1    -1    -1    -1    -1    -1
    -1     1    -1    -1     1     1    -1     0
    -1    -1    -1    -1    -1    -1     0     0
    -1    -1    -1    -1    -1     0     0     0

DerGeileTyp (1) to move (time left: 78.3 sec.):
    -1    -1    -1    -1    -1    -1    -1     0
    -1    -1    -1    -1    -1    -1     0     0
    -1     1    -1    -1    -1     1     0     0
    -1    -1     1     1    -1     1     0     0
    -1     1    -1    -1    -1    -1    -1    -1
    -1     1    -1    -1     1     1    -1     0
    -1    -1    -1    -1    -1     1     0     0
    -1    -1    -1    -1    -1     0     1     0

Jojo (-1) to move (time left: 178.7 sec.):
    -1    -1    -1    -1    -1    -1    -1     0
    -1    -1    -1    -1    -1    -1     0     0
    -1     1    -1    -1    -1     1     0     0
    -1    -1     1     1    -1     1     0     0
    -1     1    -1    -1    -1    -1    -1    -1
    -1     1    -1    -1     1    -1    -1     0
    -1    -1    -1    -1    -1    -1     0     0
    -1    -1    -1    -1    -1    -1     1     0

DerGeileTyp (1) to move (time left: 78.3 sec.):
    -1    -1    -1    -1    -1    -1    -1     0
    -1    -1    -1    -1    -1    -1     0     0
    -1     1    -1    -1    -1     1     0     0
    -1    -1     1     1    -1     1     0     0
    -1     1    -1    -1    -1    -1     1    -1
    -1     1    -1    -1     1     1     1     1
    -1    -1    -1    -1    -1    -1     0     0
    -1    -1    -1    -1    -1    -1     1     0

Jojo (-1) to move (time left: 178.7 sec.):
    -1    -1    -1    -1    -1    -1    -1     0
    -1    -1    -1    -1    -1    -1     0     0
    -1     1    -1    -1    -1     1     0     0
    -1    -1     1     1    -1     1     0     0
    -1     1    -1    -1    -1    -1     1    -1
    -1     1    -1    -1     1     1    -1    -1
    -1    -1    -1    -1    -1    -1     0    -1
    -1    -1    -1    -1    -1    -1     1     0

DerGeileTyp (1) to move (time left: 78.1 sec.):
    -1    -1    -1    -1    -1    -1    -1     0
    -1    -1    -1    -1    -1    -1     0     0
    -1     1    -1    -1    -1     1     0     0
    -1    -1     1     1    -1     1     0     0
    -1     1    -1    -1    -1    -1     1    -1
    -1     1    -1    -1     1     1     1    -1
    -1    -1    -1    -1    -1    -1     1    -1
    -1    -1    -1    -1    -1    -1     1     0

Jojo (-1) to move (time left: 178.7 sec.):
    -1    -1    -1    -1    -1    -1    -1     0
    -1    -1    -1    -1    -1    -1     0     0
    -1     1    -1    -1    -1     1     0     0
    -1    -1     1     1    -1     1     0     0
    -1     1    -1    -1    -1    -1     1    -1
    -1     1    -1    -1     1    -1     1    -1
    -1    -1    -1    -1    -1    -1    -1    -1
    -1    -1    -1    -1    -1    -1    -1    -1

DerGeileTyp (1) to move (time left: 78.1 sec.):
    -1    -1    -1    -1    -1    -1    -1     0
    -1    -1    -1    -1    -1    -1     0     0
    -1     1    -1    -1    -1     1     0     0
    -1    -1     1     1    -1     1     1     0
    -1     1    -1    -1    -1     1     1    -1
    -1     1    -1    -1     1    -1     1    -1
    -1    -1    -1    -1    -1    -1    -1    -1
    -1    -1    -1    -1    -1    -1    -1    -1

Jojo (-1) to move (time left: 178.7 sec.):
    -1    -1    -1    -1    -1    -1    -1     0
    -1    -1    -1    -1    -1    -1     0     0
    -1     1    -1    -1    -1     1     0     0
    -1    -1     1     1    -1    -1    -1    -1
    -1     1    -1    -1    -1     1    -1    -1
    -1     1    -1    -1     1    -1     1    -1
    -1    -1    -1    -1    -1    -1    -1    -1
    -1    -1    -1    -1    -1    -1    -1    -1

DerGeileTyp (1) to move (time left: 78.1 sec.):
    -1    -1    -1    -1    -1    -1    -1     0
    -1    -1    -1    -1    -1    -1     0     0
    -1     1    -1    -1    -1     1     0     1
    -1    -1     1     1    -1    -1     1    -1
    -1     1    -1    -1    -1     1    -1    -1
    -1     1    -1    -1     1    -1     1    -1
    -1    -1    -1    -1    -1    -1    -1    -1
    -1    -1    -1    -1    -1    -1    -1    -1

Jojo (-1) to move (time left: 178.7 sec.):
    -1    -1    -1    -1    -1    -1    -1     0
    -1    -1    -1    -1    -1    -1     0    -1
    -1     1    -1    -1    -1     1     0    -1
    -1    -1     1     1    -1    -1     1    -1
    -1     1    -1    -1    -1     1    -1    -1
    -1     1    -1    -1     1    -1     1    -1
    -1    -1    -1    -1    -1    -1    -1    -1
    -1    -1    -1    -1    -1    -1    -1    -1

DerGeileTyp (1) to move (time left: 78.1 sec.):
    -1    -1    -1    -1    -1    -1    -1     0
    -1    -1    -1    -1    -1    -1     0    -1
    -1     1    -1    -1    -1     1     0    -1
    -1    -1     1     1    -1    -1     1    -1
    -1     1    -1    -1    -1     1    -1    -1
    -1     1    -1    -1     1    -1     1    -1
    -1    -1    -1    -1    -1    -1    -1    -1
    -1    -1    -1    -1    -1    -1    -1    -1

Jojo (-1) to move (time left: 178.7 sec.):
    -1    -1    -1    -1    -1    -1    -1     0
    -1    -1    -1    -1    -1    -1     0    -1
    -1     1    -1    -1    -1    -1    -1    -1
    -1    -1     1     1    -1    -1    -1    -1
    -1     1    -1    -1    -1     1    -1    -1
    -1     1    -1    -1     1    -1     1    -1
    -1    -1    -1    -1    -1    -1    -1    -1
    -1    -1    -1    -1    -1    -1    -1    -1

DerGeileTyp (1) to move (time left: 78.0 sec.):
    -1    -1    -1    -1    -1    -1    -1     0
    -1    -1    -1    -1    -1    -1     1    -1
    -1     1    -1    -1    -1    -1     1    -1
    -1    -1     1     1    -1    -1     1    -1
    -1     1    -1    -1    -1     1     1    -1
    -1     1    -1    -1     1    -1     1    -1
    -1    -1    -1    -1    -1    -1    -1    -1
    -1    -1    -1    -1    -1    -1    -1    -1

Jojo (-1) to move (time left: 178.7 sec.):
    -1    -1    -1    -1    -1    -1    -1    -1
    -1    -1    -1    -1    -1    -1    -1    -1
    -1     1    -1    -1    -1    -1     1    -1
    -1    -1     1     1    -1    -1     1    -1
    -1     1    -1    -1    -1     1     1    -1
    -1     1    -1    -1     1    -1     1    -1
    -1    -1    -1    -1    -1    -1    -1    -1
    -1    -1    -1    -1    -1    -1    -1    -1

Game over.
