Jojo against DerGeileTyp:
     0     0     0     0     0     0     0     0
     0     0     0     0     0     0     0     0
     0     0     0     0     0     0     0     0
     0     0     0     1    -1     0     0     0
     0     0     0    -1     1     0     0     0
     0     0     0     0     0     0     0     0
     0     0     0     0     0     0     0     0
     0     0     0     0     0     0     0     0

DerGeileTyp (-1) to move (time left: 180.0 sec.):
     0     0     0     0     0     0     0     0
     0     0     0     0     0     0     0     0
     0     0     0     0     0     0     0     0
     0     0    -1    -1    -1     0     0     0
     0     0     0    -1     1     0     0     0
     0     0     0     0     0     0     0     0
     0     0     0     0     0     0     0     0
     0     0     0     0     0     0     0     0

Jojo (1) to move (time left: 180.0 sec.):
     0     0     0     0     0     0     0     0
     0     0     0     0     0     0     0     0
     0     0     1     0     0     0     0     0
     0     0    -1     1    -1     0     0     0
     0     0     0    -1     1     0     0     0
     0     0     0     0     0     0     0     0
     0     0     0     0     0     0     0     0
     0     0     0     0     0     0     0     0

DerGeileTyp (-1) to move (time left: 179.9 sec.):
     0     0     0     0     0     0     0     0
     0     0    -1     0     0     0     0     0
     0     0    -1     0     0     0     0     0
     0     0    -1     1    -1     0     0     0
     0     0     0    -1     1     0     0     0
     0     0     0     0     0     0     0     0
     0     0     0     0     0     0     0     0
     0     0     0     0     0     0     0     0

Jojo (1) to move (time left: 180.0 sec.):
     0     0     0     0     0     0     0     0
     0     0    -1     0     0     0     0     0
     0     0    -1     0     0     0     0     0
     0     0    -1     1    -1     0     0     0
     0     0     1     1     1     0     0     0
     0     0     0     0     0     0     0     0
     0     0     0     0     0     0     0     0
     0     0     0     0     0     0     0     0

DerGeileTyp (-1) to move (time left: 179.7 sec.):
     0     0     0     0     0     0     0     0
     0     0    -1     0     0     0     0     0
     0     0    -1     0     0     0     0     0
     0     0    -1     1    -1     0     0     0
     0     0    -1    -1     1     0     0     0
     0     0    -1     0     0     0     0     0
     0     0     0     0     0     0     0     0
     0     0     0     0     0     0     0     0

Jojo (1) to move (time left: 180.0 sec.):
     0     0     0     0     0     0     0     0
     0     0    -1     0     0     0     0     0
     0     0    -1     0     0     0     0     0
     0     0    -1     1    -1     0     0     0
     0     1     1     1     1     0     0     0
     0     0    -1     0     0     0     0     0
     0     0     0     0     0     0     0     0
     0     0     0     0     0     0     0     0

DerGeileTyp (-1) to move (time left: 178.8 sec.):
     0     0     0     0     0     0     0     0
     0     0    -1     0     0     0     0     0
     0     0    -1     0     0     0     0     0
    -1     0    -1     1    -1     0     0     0
     0    -1     1     1     1     0     0     0
     0     0    -1     0     0     0     0     0
     0     0     0     0     0     0     0     0
     0     0     0     0     0     0     0     0

Jojo (1) to move (time left: 179.9 sec.):
     0     0     0     0     0     0     0     0
     0     0    -1     0     0     0     0     0
     0     0    -1     0     0     0     0     0
    -1     0    -1     1    -1     0     0     0
     1     1     1     1     1     0     0     0
     0     0    -1     0     0     0     0     0
     0     0     0     0     0     0     0     0
     0     0     0     0     0     0     0     0

DerGeileTyp (-1) to move (time left: 177.4 sec.):
     0     0     0     0     0     0     0     0
     0     0    -1     0     0     0     0     0
     0     0    -1     0     0     0     0     0
    -1     0    -1     1    -1     0     0     0
    -1    -1     1     1     1     0     0     0
    -1     0    -1     0     0     0     0     0
     0     0     0     0     0     0     0     0
     0     0     0     0     0     0     0     0

Jojo (1) to move (time left: 179.9 sec.):
     0     0     0     0     0     0     0     0
     0     0    -1     0     0     0     0     0
     0     0    -1     0     0     0     0     0
    -1     1     1     1    -1     0     0     0
    -1    -1     1     1     1     0     0     0
    -1     0    -1     0     0     0     0     0
     0     0     0     0     0     0     0     0
     0     0     0     0     0     0     0     0

DerGeileTyp (-1) to move (time left: 176.9 sec.):
     0     0     0     0     0     0     0     0
     0     0    -1     0     0     0     0     0
     0     0    -1     0     0     0     0     0
    -1     1     1     1    -1     0     0     0
    -1    -1     1     1    -1     0     0     0
    -1     0    -1     0    -1     0     0     0
     0     0     0     0     0     0     0     0
     0     0     0     0     0     0     0     0

Jojo (1) to move (time left: 179.9 sec.):
     0     0     0     0     0     0     0     0
     0     0    -1     0     0     0     0     0
     0     0    -1     0     0     0     0     0
    -1     1     1     1    -1     0     0     0
    -1     1     1     1    -1     0     0     0
    -1     1    -1     0    -1     0     0     0
     0     0     0     0     0     0     0     0
     0     0     0     0     0     0     0     0

DerGeileTyp (-1) to move (time left: 172.2 sec.):
     0     0     0     0     0     0     0     0
     0     0    -1     0     0     0     0     0
     0     0    -1    -1     0     0     0     0
    -1     1    -1     1    -1     0     0     0
    -1    -1     1     1    -1     0     0     0
    -1     1    -1     0    -1     0     0     0
     0     0     0     0     0     0     0     0
     0     0     0     0     0     0     0     0

Jojo (1) to move (time left: 179.9 sec.):
     0     0     0     0     0     0     0     0
     0     0    -1     0     0     0     0     0
     0     1    -1    -1     0     0     0     0
    -1     1     1     1    -1     0     0     0
    -1    -1     1     1    -1     0     0     0
    -1     1    -1     0    -1     0     0     0
     0     0     0     0     0     0     0     0
     0     0     0     0     0     0     0     0

DerGeileTyp (-1) to move (time left: 166.4 sec.):
     0     0     0     0     0     0     0     0
    -1     0    -1     0     0     0     0     0
     0    -1    -1    -1     0     0     0     0
    -1     1    -1     1    -1     0     0     0
    -1    -1     1    -1    -1     0     0     0
    -1     1    -1     0    -1     0     0     0
     0     0     0     0     0     0     0     0
     0     0     0     0     0     0     0     0

Jojo (1) to move (time left: 179.9 sec.):
     0     0     0     0     0     0     0     0
    -1     0    -1     0     0     0     0     0
     0    -1    -1    -1     0     0     0     0
    -1     1    -1     1    -1     0     0     0
    -1    -1     1    -1     1     0     0     0
    -1     1    -1     0    -1     1     0     0
     0     0     0     0     0     0     0     0
     0     0     0     0     0     0     0     0

DerGeileTyp (-1) to move (time left: 163.7 sec.):
     0     0     0     0     0     0     0     0
    -1     0    -1     0     0     0     0     0
     0    -1    -1    -1     0     0     0     0
    -1     1    -1     1    -1     0     0     0
    -1    -1     1    -1     1     0     0     0
    -1     1    -1     0    -1    -1    -1     0
     0     0     0     0     0     0     0     0
     0     0     0     0     0     0     0     0

Jojo (1) to move (time left: 179.9 sec.):
     0     0     1     0     0     0     0     0
    -1     0     1     0     0     0     0     0
     0    -1     1    -1     0     0     0     0
    -1     1     1     1    -1     0     0     0
    -1    -1     1    -1     1     0     0     0
    -1     1    -1     0    -1    -1    -1     0
     0     0     0     0     0     0     0     0
     0     0     0     0     0     0     0     0

DerGeileTyp (-1) to move (time left: 157.5 sec.):
     0    -1     1     0     0     0     0     0
    -1     0    -1     0     0     0     0     0
     0    -1     1    -1     0     0     0     0
    -1     1     1     1    -1     0     0     0
    -1    -1     1    -1     1     0     0     0
    -1     1    -1     0    -1    -1    -1     0
     0     0     0     0     0     0     0     0
     0     0     0     0     0     0     0     0

Jojo (1) to move (time left: 179.8 sec.):
     1     1     1     0     0     0     0     0
    -1     0    -1     0     0     0     0     0
     0    -1     1    -1     0     0     0     0
    -1     1     1     1    -1     0     0     0
    -1    -1     1    -1     1     0     0     0
    -1     1    -1     0    -1    -1    -1     0
     0     0     0     0     0     0     0     0
     0     0     0     0     0     0     0     0

DerGeileTyp (-1) to move (time left: 153.0 sec.):
     1     1     1     0     0     0     0     0
    -1     0    -1     0     0     0     0     0
     0    -1     1    -1     0     0     0     0
    -1     1     1     1    -1     0     0     0
    -1    -1     1    -1     1     0     0     0
    -1    -1    -1     0    -1    -1    -1     0
     0    -1     0     0     0     0     0     0
     0     0     0     0     0     0     0     0

Jojo (1) to move (time left: 179.8 sec.):
     1     1     1     0     0     0     0     0
     1     0    -1     0     0     0     0     0
     1     1     1    -1     0     0     0     0
    -1     1     1     1    -1     0     0     0
    -1    -1     1    -1     1     0     0     0
    -1    -1    -1     0    -1    -1    -1     0
     0    -1     0     0     0     0     0     0
     0     0     0     0     0     0     0     0

DerGeileTyp (-1) to move (time left: 140.5 sec.):
     1     1     1     0     0     0     0     0
     1    -1    -1     0     0     0     0     0
     1    -1    -1    -1     0     0     0     0
    -1    -1     1    -1    -1     0     0     0
    -1    -1     1    -1    -1     0     0     0
    -1    -1    -1     0    -1    -1    -1     0
     0    -1     0     0     0     0     0     0
     0     0     0     0     0     0     0     0

Jojo (1) to move (time left: 179.7 sec.):
     1     1     1     0     0     0     0     0
     1    -1    -1     0     0     0     0     0
     1    -1    -1    -1     0     0     0     0
     1    -1     1    -1    -1     0     0     0
     1    -1     1    -1    -1     0     0     0
     1     1    -1     0    -1    -1    -1     0
     1    -1     0     0     0     0     0     0
     0     0     0     0     0     0     0     0

DerGeileTyp (-1) to move (time left: 136.6 sec.):
     1     1     1     0     0     0     0     0
     1    -1    -1     0     0     0     0     0
     1    -1    -1    -1     0     0     0     0
     1    -1     1    -1    -1     0     0     0
     1    -1    -1    -1    -1     0     0     0
     1     1    -1    -1    -1    -1    -1     0
     1    -1     0     0     0     0     0     0
     0     0     0     0     0     0     0     0

Jojo (1) to move (time left: 179.7 sec.):
     1     1     1     1     0     0     0     0
     1    -1     1     0     0     0     0     0
     1     1    -1    -1     0     0     0     0
     1    -1     1    -1    -1     0     0     0
     1    -1    -1    -1    -1     0     0     0
     1     1    -1    -1    -1    -1    -1     0
     1    -1     0     0     0     0     0     0
     0     0     0     0     0     0     0     0

DerGeileTyp (-1) to move (time left: 131.3 sec.):
     1     1     1     1     0     0     0     0
     1    -1    -1    -1     0     0     0     0
     1     1    -1    -1     0     0     0     0
     1    -1     1    -1    -1     0     0     0
     1    -1    -1    -1    -1     0     0     0
     1     1    -1    -1    -1    -1    -1     0
     1    -1     0     0     0     0     0     0
     0     0     0     0     0     0     0     0

Jojo (1) to move (time left: 179.7 sec.):
     1     1     1     1     1     0     0     0
     1    -1    -1     1     0     0     0     0
     1     1     1    -1     0     0     0     0
     1     1     1    -1    -1     0     0     0
     1    -1    -1    -1    -1     0     0     0
     1     1    -1    -1    -1    -1    -1     0
     1    -1     0     0     0     0     0     0
     0     0     0     0     0     0     0     0

DerGeileTyp (-1) to move (time left: 127.9 sec.):
     1     1     1     1     1     0     0     0
     1    -1    -1    -1    -1     0     0     0
     1     1     1    -1     0     0     0     0
     1     1     1    -1    -1     0     0     0
     1    -1    -1    -1    -1     0     0     0
     1     1    -1    -1    -1    -1    -1     0
     1    -1     0     0     0     0     0     0
     0     0     0     0     0     0     0     0

Jojo (1) to move (time left: 179.7 sec.):
     1     1     1     1     1     0     0     0
     1    -1    -1     1    -1     0     0     0
     1     1     1     1     0     0     0     0
     1     1     1     1    -1     0     0     0
     1     1    -1     1    -1     0     0     0
     1     1     1     1    -1    -1    -1     0
     1    -1     0     1     0     0     0     0
     0     0     0     0     0     0     0     0

DerGeileTyp (-1) to move (time left: 123.7 sec.):
     1     1     1     1     1     0     0     0
     1    -1    -1     1    -1     0     0     0
     1     1     1     1     0     0     0     0
     1     1     1     1    -1     0     0     0
     1     1    -1     1    -1     0     0     0
     1     1     1     1    -1    -1    -1     0
     1    -1     0    -1     0     0     0     0
     0     0    -1     0     0     0     0     0

Jojo (1) to move (time left: 179.6 sec.):
     1     1     1     1     1     0     0     0
     1    -1    -1     1    -1     0     0     0
     1     1     1     1     0     0     0     0
     1     1     1     1    -1     0     0     0
     1     1    -1     1    -1     0     0     0
     1     1     1     1    -1    -1    -1     0
     1     1     0    -1     0     0     0     0
     1     0    -1     0     0     0     0     0

DerGeileTyp (-1) to move (time left: 116.0 sec.):
     1     1     1     1     1     0     0     0
     1    -1    -1     1    -1     0     0     0
     1    -1     1     1     0     0     0     0
     1    -1     1     1    -1     0     0     0
     1    -1    -1     1    -1     0     0     0
     1    -1     1     1    -1    -1    -1     0
     1    -1     0    -1     0     0     0     0
     1    -1    -1     0     0     0     0     0

Jojo (1) to move (time left: 179.6 sec.):
     1     1     1     1     1     0     0     0
     1    -1    -1     1    -1     0     0     0
     1    -1     1     1     0     0     0     0
     1    -1     1     1    -1     0     0     0
     1    -1    -1     1    -1     0     0     0
     1     1     1     1    -1    -1    -1     0
     1     1     1    -1     0     0     0     0
     1    -1    -1     0     0     0     0     0

DerGeileTyp (-1) to move (time left: 114.0 sec.):
     1     1     1     1     1     0     0     0
     1    -1    -1     1    -1     0     0     0
     1    -1    -1    -1    -1     0     0     0
     1    -1     1    -1    -1     0     0     0
     1    -1    -1     1    -1     0     0     0
     1     1     1     1    -1    -1    -1     0
     1     1     1    -1     0     0     0     0
     1    -1    -1     0     0     0     0     0

Jojo (1) to move (time left: 179.6 sec.):
     1     1     1     1     1     0     0     0
     1    -1    -1     1    -1     0     0     0
     1    -1    -1    -1    -1     0     0     0
     1    -1     1    -1    -1     0     0     0
     1    -1    -1     1    -1     0     0     0
     1     1     1     1    -1    -1    -1     0
     1     1     1     1     0     0     0     0
     1     1     1     1     0     0     0     0

DerGeileTyp (-1) to move (time left: 112.2 sec.):
     1     1     1     1     1     0     0     0
     1    -1    -1     1    -1     0     0     0
     1    -1    -1    -1    -1     0     0     0
     1    -1     1    -1    -1     0     0     0
     1    -1    -1     1    -1     0     0     0
     1     1    -1     1    -1    -1    -1     0
     1     1     1    -1     0     0     0     0
     1     1     1     1    -1     0     0     0

Jojo (1) to move (time left: 179.6 sec.):
     1     1     1     1     1     1     0     0
     1    -1    -1     1     1     0     0     0
     1    -1    -1     1    -1     0     0     0
     1    -1     1    -1    -1     0     0     0
     1    -1    -1     1    -1     0     0     0
     1     1    -1     1    -1    -1    -1     0
     1     1     1    -1     0     0     0     0
     1     1     1     1    -1     0     0     0

DerGeileTyp (-1) to move (time left: 110.5 sec.):
     1     1     1     1     1     1     0     0
     1    -1    -1    -1    -1    -1     0     0
     1    -1    -1     1    -1     0     0     0
     1    -1     1    -1    -1     0     0     0
     1    -1    -1     1    -1     0     0     0
     1     1    -1     1    -1    -1    -1     0
     1     1     1    -1     0     0     0     0
     1     1     1     1    -1     0     0     0

Jojo (1) to move (time left: 179.5 sec.):
     1     1     1     1     1     1     0     0
     1    -1    -1    -1     1    -1     0     0
     1    -1    -1     1     1     0     0     0
     1    -1     1    -1     1     0     0     0
     1    -1    -1     1     1     0     0     0
     1     1    -1     1     1    -1    -1     0
     1     1     1     1     1     0     0     0
     1     1     1     1    -1     0     0     0

DerGeileTyp (-1) to move (time left: 109.0 sec.):
     1     1     1     1     1     1     0     0
     1    -1    -1    -1     1    -1     0     0
     1    -1    -1     1     1     0     0     0
     1    -1     1    -1     1     0     0     0
     1    -1    -1     1     1     0     0     0
     1     1    -1    -1     1    -1    -1     0
     1     1     1     1    -1     0     0     0
     1     1     1     1    -1    -1     0     0

Jojo (1) to move (time left: 179.5 sec.):
     1     1     1     1     1     1     0     0
     1    -1    -1    -1     1    -1     0     0
     1    -1    -1     1     1     0     0     0
     1    -1     1    -1     1     0     0     0
     1    -1    -1     1     1     0     0     0
     1     1    -1    -1     1    -1    -1     0
     1     1     1     1     1     1     0     0
     1     1     1     1    -1    -1     0     0

DerGeileTyp (-1) to move (time left: 107.4 sec.):
     1     1     1     1     1     1     0     0
     1    -1    -1    -1     1    -1     0     0
     1    -1    -1     1     1     0     0     0
     1    -1    -1    -1     1     0     0     0
     1    -1    -1    -1     1     0     0     0
     1     1    -1    -1    -1    -1    -1     0
     1     1     1     1     1    -1     0     0
     1     1     1     1    -1    -1    -1     0

Jojo (1) to move (time left: 179.5 sec.):
     1     1     1     1     1     1     0     0
     1    -1    -1    -1     1     1     0     0
     1    -1    -1     1     1     1     0     0
     1    -1    -1    -1     1     0     0     0
     1    -1    -1    -1     1     0     0     0
     1     1    -1    -1    -1    -1    -1     0
     1     1     1     1     1    -1     0     0
     1     1     1     1    -1    -1    -1     0

DerGeileTyp (-1) to move (time left: 106.5 sec.):
     1     1     1     1     1     1    -1     0
     1    -1    -1    -1     1    -1     0     0
     1    -1    -1     1    -1     1     0     0
     1    -1    -1    -1     1     0     0     0
     1    -1    -1    -1     1     0     0     0
     1     1    -1    -1    -1    -1    -1     0
     1     1     1     1     1    -1     0     0
     1     1     1     1    -1    -1    -1     0

Jojo (1) to move (time left: 179.5 sec.):
     1     1     1     1     1     1    -1     0
     1    -1    -1    -1     1    -1     0     0
     1    -1    -1     1    -1     1     0     0
     1    -1    -1    -1     1     0     0     0
     1    -1    -1    -1     1     0     0     0
     1     1    -1    -1    -1    -1    -1     0
     1     1     1     1     1    -1     0     0
     1     1     1     1     1     1     1     1

DerGeileTyp (-1) to move (time left: 105.6 sec.):
     1     1     1     1     1     1    -1     0
     1    -1    -1    -1     1    -1     0     0
     1    -1    -1     1    -1    -1    -1     0
     1    -1    -1    -1     1     0     0     0
     1    -1    -1    -1     1     0     0     0
     1     1    -1    -1    -1    -1    -1     0
     1     1     1     1     1    -1     0     0
     1     1     1     1     1     1     1     1

Jojo (1) to move (time left: 179.4 sec.):
     1     1     1     1     1     1    -1     0
     1    -1    -1    -1     1    -1     0     0
     1    -1    -1     1    -1    -1    -1     0
     1    -1    -1    -1     1     0     0     0
     1    -1    -1    -1     1     0     0     0
     1     1    -1    -1    -1     1    -1     0
     1     1     1     1     1     1     1     0
     1     1     1     1     1     1     1     1

DerGeileTyp (-1) to move (time left: 104.2 sec.):
     1     1     1     1     1     1    -1     0
     1    -1    -1    -1     1    -1     0     0
     1    -1    -1     1    -1    -1    -1     0
     1    -1    -1    -1    -1    -1     0     0
     1    -1    -1    -1    -1     0     0     0
     1     1    -1    -1    -1     1    -1     0
     1     1     1     1     1     1     1     0
     1     1     1     1     1     1     1     1

Jojo (1) to move (time left: 179.4 sec.):
     1     1     1     1     1     1     1     1
     1    -1    -1    -1     1    -1     0     0
     1    -1    -1     1    -1    -1    -1     0
     1    -1    -1    -1    -1    -1     0     0
     1    -1    -1    -1    -1     0     0     0
     1     1    -1    -1    -1     1    -1     0
     1     1     1     1     1     1     1     0
     1     1     1     1     1     1     1     1

DerGeileTyp (-1) to move (time left: 103.6 sec.):
     1     1     1     1     1     1     1     1
     1    -1    -1    -1     1    -1     0     0
     1    -1    -1     1    -1    -1    -1     0
     1    -1    -1    -1    -1    -1     0     0
     1    -1    -1    -1    -1     0     0     0
     1     1    -1    -1    -1     1    -1     0
     1     1     1     1     1     1     1     0
     1     1     1     1     1     1     1     1

Jojo (1) to move (time left: 179.4 sec.):
     1     1     1     1     1     1     1     1
     1    -1    -1    -1     1    -1     0     0
     1    -1    -1     1    -1    -1    -1     0
     1    -1    -1    -1    -1    -1     0     0
     1    -1    -1    -1    -1     0     0     0
     1     1    -1    -1    -1     1     1     1
     1     1     1     1     1     1     1     0
     1     1     1     1     1     1     1     1

DerGeileTyp (-1) to move (time left: 103.6 sec.):
     1     1     1     1     1     1     1     1
     1    -1    -1    -1     1    -1     0     0
     1    -1    -1     1    -1    -1    -1     0
     1    -1    -1    -1    -1    -1     0     0
     1    -1    -1    -1    -1     0     0     0
     1     1    -1    -1    -1     1     1     1
     1     1     1     1     1     1     1     0
     1     1     1     1     1     1     1     1

Jojo (1) to move (time left: 179.4 sec.):
     1     1     1     1     1     1     1     1
     1    -1    -1    -1     1    -1     0     0
     1    -1    -1     1     1     1     1     1
     1    -1    -1    -1    -1    -1     0     0
     1    -1    -1    -1    -1     0     0     0
     1     1    -1    -1    -1     1     1     1
     1     1     1     1     1     1     1     0
     1     1     1     1     1     1     1     1

DerGeileTyp (-1) to move (time left: 103.6 sec.):
     1     1     1     1     1     1     1     1
     1    -1    -1    -1     1    -1     0    -1
     1    -1    -1     1     1     1    -1     1
     1    -1    -1    -1    -1    -1     0     0
     1    -1    -1    -1    -1     0     0     0
     1     1    -1    -1    -1     1     1     1
     1     1     1     1     1     1     1     0
     1     1     1     1     1     1     1     1

Jojo (1) to move (time left: 179.4 sec.):
     1     1     1     1     1     1     1     1
     1    -1    -1    -1     1     1     1    -1
     1    -1    -1     1     1     1    -1     1
     1    -1    -1    -1    -1    -1     0     0
     1    -1    -1    -1    -1     0     0     0
     1     1    -1    -1    -1     1     1     1
     1     1     1     1     1     1     1     0
     1     1     1     1     1     1     1     1

DerGeileTyp (-1) to move (time left: 103.6 sec.):
     1     1     1     1     1     1     1     1
     1    -1    -1    -1     1     1     1    -1
     1    -1    -1     1     1     1    -1    -1
     1    -1    -1    -1    -1    -1     0    -1
     1    -1    -1    -1    -1     0     0     0
     1     1    -1    -1    -1     1     1     1
     1     1     1     1     1     1     1     0
     1     1     1     1     1     1     1     1

Jojo (1) to move (time left: 179.4 sec.):
     1     1     1     1     1     1     1     1
     1    -1    -1    -1     1     1     1     1
     1    -1    -1     1     1     1    -1     1
     1    -1    -1    -1    -1    -1     0     1
     1    -1    -1    -1    -1     0     0     1
     1     1    -1    -1    -1     1     1     1
     1     1     1     1     1     1     1     0
     1     1     1     1     1     1     1     1

DerGeileTyp (-1) to move (time left: 103.6 sec.):
     1     1     1     1     1     1     1     1
     1    -1    -1    -1     1     1     1     1
     1    -1    -1     1     1     1    -1     1
     1    -1    -1    -1    -1    -1     0     1
     1    -1    -1    -1    -1     0     0     1
     1     1    -1    -1    -1     1     1     1
     1     1     1     1     1     1     1     0
     1     1     1     1     1     1     1     1

Jojo (1) to move (time left: 179.4 sec.):
     1     1     1     1     1     1     1     1
     1    -1    -1    -1     1     1     1     1
     1    -1    -1     1     1     1    -1     1
     1    -1    -1    -1     1     1     0     1
     1     1     1     1     1     1     0     1
     1     1    -1    -1     1     1     1     1
     1     1     1     1     1     1     1     0
     1     1     1     1     1     1     1     1

DerGeileTyp (-1) to move (time left: 103.6 sec.):
     1     1     1     1     1     1     1     1
     1    -1    -1    -1     1     1     1     1
     1    -1    -1    -1     1     1    -1     1
     1    -1    -1    -1    -1     1     0     1
     1     1     1     1     1    -1     0     1
     1     1    -1    -1     1     1    -1     1
     1     1     1     1     1     1     1    -1
     1     1     1     1     1     1     1     1

Jojo (1) to move (time left: 179.4 sec.):
     1     1     1     1     1     1     1     1
     1    -1    -1    -1     1     1     1     1
     1    -1    -1    -1     1     1    -1     1
     1    -1    -1    -1    -1     1     0     1
     1     1     1     1     1     1     1     1
     1     1    -1    -1     1     1     1     1
     1     1     1     1     1     1     1    -1
     1     1     1     1     1     1     1     1

DerGeileTyp (-1) to move (time left: 103.6 sec.):
     1     1     1     1     1     1     1     1
     1    -1    -1    -1     1     1     1     1
     1    -1    -1    -1     1     1    -1     1
     1    -1    -1    -1    -1    -1    -1     1
     1     1     1     1     1     1     1     1
     1     1    -1    -1     1     1     1     1
     1     1     1     1     1     1     1    -1
     1     1     1     1     1     1     1     1

Game over.
