DerGeileGetz against Bernhard:
     0     0     0     0     0     0     0     0
     0     0     0     0     0     0     0     0
     0     0     0     0     0     0     0     0
     0     0     0     1    -1     0     0     0
     0     0     0    -1     1     0     0     0
     0     0     0     0     0     0     0     0
     0     0     0     0     0     0     0     0
     0     0     0     0     0     0     0     0

Bernhard (-1) to move (time left: 180.0 sec.):
     0     0     0     0     0     0     0     0
     0     0     0     0     0     0     0     0
     0     0     0     0     0     0     0     0
     0     0    -1    -1    -1     0     0     0
     0     0     0    -1     1     0     0     0
     0     0     0     0     0     0     0     0
     0     0     0     0     0     0     0     0
     0     0     0     0     0     0     0     0

DerGeileGetz (1) to move (time left: 180.0 sec.):
     0     0     0     0     0     0     0     0
     0     0     0     0     0     0     0     0
     0     0     1     0     0     0     0     0
     0     0    -1     1    -1     0     0     0
     0     0     0    -1     1     0     0     0
     0     0     0     0     0     0     0     0
     0     0     0     0     0     0     0     0
     0     0     0     0     0     0     0     0

Bernhard (-1) to move (time left: 179.8 sec.):
     0     0     0     0     0     0     0     0
     0     0     0     0     0     0     0     0
     0     0     1    -1     0     0     0     0
     0     0    -1    -1    -1     0     0     0
     0     0     0    -1     1     0     0     0
     0     0     0     0     0     0     0     0
     0     0     0     0     0     0     0     0
     0     0     0     0     0     0     0     0

DerGeileGetz (1) to move (time left: 179.8 sec.):
     0     0     0     0     0     0     0     0
     0     0     0     0     0     0     0     0
     0     0     1    -1     0     0     0     0
     0     0     1    -1    -1     0     0     0
     0     0     1     1     1     0     0     0
     0     0     0     0     0     0     0     0
     0     0     0     0     0     0     0     0
     0     0     0     0     0     0     0     0

Bernhard (-1) to move (time left: 179.6 sec.):
     0     0     0     0     0     0     0     0
     0     0     0     0     0     0     0     0
     0     0     1    -1     0     0     0     0
     0     0     1    -1    -1     0     0     0
     0     0    -1     1     1     0     0     0
     0    -1     0     0     0     0     0     0
     0     0     0     0     0     0     0     0
     0     0     0     0     0     0     0     0

DerGeileGetz (1) to move (time left: 179.6 sec.):
     0     0     0     0     0     0     0     0
     0     0     0     0     0     0     0     0
     0     0     1    -1     0     0     0     0
     0     0     1    -1    -1     0     0     0
     0     0     1     1     1     0     0     0
     0    -1     1     0     0     0     0     0
     0     0     0     0     0     0     0     0
     0     0     0     0     0     0     0     0

Bernhard (-1) to move (time left: 178.4 sec.):
     0     0     0     0     0     0     0     0
     0     0     0     0     0     0     0     0
     0     0     1    -1     0     0     0     0
     0     0    -1    -1    -1     0     0     0
     0    -1     1     1     1     0     0     0
     0    -1     1     0     0     0     0     0
     0     0     0     0     0     0     0     0
     0     0     0     0     0     0     0     0

DerGeileGetz (1) to move (time left: 179.3 sec.):
     0     0     0     0     0     0     0     0
     0     0     0     0     0     0     0     0
     0     0     1    -1     0     0     0     0
     0     0    -1    -1    -1     0     0     0
     0    -1     1     1     1     0     0     0
     1     1     1     0     0     0     0     0
     0     0     0     0     0     0     0     0
     0     0     0     0     0     0     0     0

Bernhard (-1) to move (time left: 177.3 sec.):
     0     0     0     0     0     0     0     0
     0     0     0     0     0     0     0     0
     0     0     1    -1     0     0     0     0
     0     0    -1    -1    -1     0     0     0
     0    -1     1    -1     1     0     0     0
     1     1     1    -1     0     0     0     0
     0     0     0     0     0     0     0     0
     0     0     0     0     0     0     0     0

DerGeileGetz (1) to move (time left: 178.9 sec.):
     0     0     0     0     0     0     0     0
     0     0     0     0     0     0     0     0
     0     0     1    -1     0     1     0     0
     0     0    -1    -1     1     0     0     0
     0    -1     1     1     1     0     0     0
     1     1     1    -1     0     0     0     0
     0     0     0     0     0     0     0     0
     0     0     0     0     0     0     0     0

Bernhard (-1) to move (time left: 176.1 sec.):
     0     0     0     0     0     0     0     0
     0     0     0     0     0     0     0     0
     0     0     1    -1     0     1     0     0
     0    -1    -1    -1     1     0     0     0
     0    -1    -1     1     1     0     0     0
     1     1     1    -1     0     0     0     0
     0     0     0     0     0     0     0     0
     0     0     0     0     0     0     0     0

DerGeileGetz (1) to move (time left: 178.4 sec.):
     0     0     0     0     0     0     0     0
     0     0     0     0     0     0     0     0
     0     0     1    -1     0     1     0     0
     0    -1    -1    -1     1     0     0     0
     0    -1    -1     1     1     0     0     0
     1     1     1     1     1     0     0     0
     0     0     0     0     0     0     0     0
     0     0     0     0     0     0     0     0

Bernhard (-1) to move (time left: 174.3 sec.):
     0     0     0     0     0     0     0     0
     0     0     0     0     0     0     0     0
     0     0     1    -1     0     1     0     0
     0    -1    -1    -1    -1    -1     0     0
     0    -1    -1     1     1     0     0     0
     1     1     1     1     1     0     0     0
     0     0     0     0     0     0     0     0
     0     0     0     0     0     0     0     0

DerGeileGetz (1) to move (time left: 177.5 sec.):
     0     0     0     0     0     0     0     0
     0     0     0     0     0     0     0     0
     0     0     1     1     1     1     0     0
     0    -1    -1     1     1    -1     0     0
     0    -1     1     1     1     0     0     0
     1     1     1     1     1     0     0     0
     0     0     0     0     0     0     0     0
     0     0     0     0     0     0     0     0

Bernhard (-1) to move (time left: 172.1 sec.):
     0     0     0     0     0     0     0     0
     0     0     0     0     0     0     0     0
     0     0     1     1     1     1     0     0
     0    -1    -1     1     1    -1     0     0
     0    -1    -1    -1    -1    -1     0     0
     1     1     1     1     1     0     0     0
     0     0     0     0     0     0     0     0
     0     0     0     0     0     0     0     0

DerGeileGetz (1) to move (time left: 177.0 sec.):
     0     0     0     0     0     0     0     0
     0     0     0     0     0     0     0     0
     0     0     1     1     1     1     0     0
     0    -1    -1     1     1     1     0     0
     0    -1    -1    -1     1     1     0     0
     1     1     1     1     1     1     0     0
     0     0     0     0     0     0     0     0
     0     0     0     0     0     0     0     0

Bernhard (-1) to move (time left: 169.5 sec.):
     0     0     0     0     0     0     0     0
     0     0     0     0     0     0     0     0
     0     0     1     1     1     1     0     0
     0    -1    -1     1     1     1     0     0
     0    -1    -1    -1     1     1     0     0
     1     1    -1     1     1     1     0     0
     0     0    -1     0     0     0     0     0
     0     0     0     0     0     0     0     0

DerGeileGetz (1) to move (time left: 176.5 sec.):
     0     0     0     0     0     0     0     0
     0     0     0     0     0     0     0     0
     1     0     1     1     1     1     0     0
     0     1    -1     1     1     1     0     0
     0    -1     1    -1     1     1     0     0
     1     1    -1     1     1     1     0     0
     0     0    -1     0     0     0     0     0
     0     0     0     0     0     0     0     0

Bernhard (-1) to move (time left: 167.0 sec.):
     0     0     0     0     0     0     0     0
     0     0     0     0     0     0     0     0
     1    -1     1     1     1     1     0     0
     0    -1    -1     1     1     1     0     0
     0    -1     1    -1     1     1     0     0
     1     1    -1     1     1     1     0     0
     0     0    -1     0     0     0     0     0
     0     0     0     0     0     0     0     0

DerGeileGetz (1) to move (time left: 175.5 sec.):
     0     0     0     0     0     0     0     0
     0     0     0     0     0     0     0     0
     1    -1     1     1     1     1     0     0
     0    -1    -1     1     1     1     0     0
     0    -1     1    -1     1     1     0     0
     1     1     1     1     1     1     0     0
     0     0     1     0     0     0     0     0
     0     0     1     0     0     0     0     0

Bernhard (-1) to move (time left: 166.2 sec.):
     0     0     0     0     0     0     0     0
     0     0     0     0     0     0     0     0
     1    -1     1     1     1     1     0     0
     0    -1    -1     1     1     1     0     0
     0    -1    -1    -1     1     1     0     0
     1     1     1    -1     1     1     0     0
     0     0     1     0    -1     0     0     0
     0     0     1     0     0     0     0     0

DerGeileGetz (1) to move (time left: 173.6 sec.):
     0     0     0     0     0     0     0     0
     0     0     0     0     0     0     0     0
     1    -1     1     1     1     1     0     0
     0    -1    -1     1     1     1     0     0
     0    -1    -1     1     1     1     0     0
     1     1     1     1     1     1     0     0
     0     0     1     1    -1     0     0     0
     0     0     1     0     0     0     0     0

Bernhard (-1) to move (time left: 164.7 sec.):
     0     0     0     0     0     0     0     0
     0     0     0     0     0     0     0     0
     1    -1     1     1     1     1     0     0
     0    -1    -1     1     1     1     0     0
     0    -1    -1    -1     1     1     0     0
     1     1     1     1    -1     1     0     0
     0     0     1     1    -1    -1     0     0
     0     0     1     0     0     0     0     0

DerGeileGetz (1) to move (time left: 170.8 sec.):
     0     0     0     0     0     0     0     0
     0     0     0     0     0     0     0     0
     1    -1     1     1     1     1     0     0
     0    -1    -1     1     1     1     0     0
     0    -1    -1    -1     1     1     0     0
     1     1     1     1    -1     1     0     0
     0     0     1     1     1     1     0     0
     0     0     1     0     0     1     0     0

Bernhard (-1) to move (time left: 163.2 sec.):
     0     0     0     0     0     0     0     0
     0     0     0     0     0    -1     0     0
     1    -1     1     1    -1     1     0     0
     0    -1    -1    -1     1     1     0     0
     0    -1    -1    -1     1     1     0     0
     1     1     1     1    -1     1     0     0
     0     0     1     1     1     1     0     0
     0     0     1     0     0     1     0     0

DerGeileGetz (1) to move (time left: 167.8 sec.):
     0     0     0     0     0     1     0     0
     0     0     0     0     0     1     0     0
     1    -1     1     1    -1     1     0     0
     0    -1    -1    -1     1     1     0     0
     0    -1    -1    -1     1     1     0     0
     1     1     1     1    -1     1     0     0
     0     0     1     1     1     1     0     0
     0     0     1     0     0     1     0     0

Bernhard (-1) to move (time left: 161.2 sec.):
     0     0     0     0     0     1     0     0
     0     0     0     0    -1     1     0     0
     1    -1     1    -1    -1     1     0     0
     0    -1    -1    -1     1     1     0     0
     0    -1    -1    -1     1     1     0     0
     1     1     1     1    -1     1     0     0
     0     0     1     1     1     1     0     0
     0     0     1     0     0     1     0     0

DerGeileGetz (1) to move (time left: 163.3 sec.):
     0     0     0     0     1     1     0     0
     0     0     0     0     1     1     0     0
     1    -1     1    -1     1     1     0     0
     0    -1    -1    -1     1     1     0     0
     0    -1    -1    -1     1     1     0     0
     1     1     1     1    -1     1     0     0
     0     0     1     1     1     1     0     0
     0     0     1     0     0     1     0     0

Bernhard (-1) to move (time left: 158.7 sec.):
     0     0     0     0     1     1     0     0
     0     0     0    -1     1     1     0     0
     1    -1    -1    -1     1     1     0     0
     0    -1    -1    -1     1     1     0     0
     0    -1    -1    -1     1     1     0     0
     1     1     1     1    -1     1     0     0
     0     0     1     1     1     1     0     0
     0     0     1     0     0     1     0     0

DerGeileGetz (1) to move (time left: 158.2 sec.):
     0     0     0     1     1     1     0     0
     0     0     0     1     1     1     0     0
     1    -1    -1     1     1     1     0     0
     0    -1    -1     1     1     1     0     0
     0    -1    -1     1     1     1     0     0
     1     1     1     1    -1     1     0     0
     0     0     1     1     1     1     0     0
     0     0     1     0     0     1     0     0

Bernhard (-1) to move (time left: 155.9 sec.):
     0     0     0     1     1     1     0     0
     0     0     0     1     1     1     0     0
     1    -1    -1     1     1     1     0     0
     0    -1    -1     1     1     1     0     0
     0    -1    -1     1     1     1     0     0
     1     1     1     1    -1    -1    -1     0
     0     0     1     1     1     1     0     0
     0     0     1     0     0     1     0     0

DerGeileGetz (1) to move (time left: 155.5 sec.):
     0     0     0     1     1     1     0     0
     0     0     1     1     1     1     0     0
     1    -1     1     1     1     1     0     0
     0    -1     1     1     1     1     0     0
     0    -1     1     1     1     1     0     0
     1     1     1     1    -1    -1    -1     0
     0     0     1     1     1     1     0     0
     0     0     1     0     0     1     0     0

Bernhard (-1) to move (time left: 153.9 sec.):
     0     0     0     1     1     1     0     0
     0     0     1     1     1     1     0     0
     1    -1     1     1     1     1     0     0
     0    -1     1     1     1     1     0     0
     0    -1    -1    -1    -1    -1    -1     0
     1     1     1     1    -1    -1    -1     0
     0     0     1     1     1     1     0     0
     0     0     1     0     0     1     0     0

DerGeileGetz (1) to move (time left: 153.0 sec.):
     0     0     0     1     1     1     0     0
     0     0     1     1     1     1     0     0
     1    -1     1     1     1     1     0     0
     0     1     1     1     1     1     0     0
     1    -1    -1    -1    -1    -1    -1     0
     1     1     1     1    -1    -1    -1     0
     0     0     1     1     1     1     0     0
     0     0     1     0     0     1     0     0

Bernhard (-1) to move (time left: 152.9 sec.):
     0     0    -1     1     1     1     0     0
     0     0    -1    -1     1     1     0     0
     1    -1    -1     1    -1     1     0     0
     0     1    -1     1     1    -1     0     0
     1    -1    -1    -1    -1    -1    -1     0
     1     1     1     1    -1    -1    -1     0
     0     0     1     1     1     1     0     0
     0     0     1     0     0     1     0     0

DerGeileGetz (1) to move (time left: 150.2 sec.):
     0     0    -1     1     1     1     0     0
     0     0    -1    -1     1     1     0     0
     1    -1    -1     1    -1     1     0     0
     0     1    -1     1     1    -1     0     0
     1    -1    -1    -1    -1    -1    -1     0
     1     1     1     1     1     1     1     1
     0     0     1     1     1     1     0     0
     0     0     1     0     0     1     0     0

Bernhard (-1) to move (time left: 151.8 sec.):
     0     0    -1     1     1     1     0     0
     0     0    -1    -1     1     1     0     0
     1    -1    -1     1    -1     1     0     0
    -1    -1    -1     1     1    -1     0     0
     1    -1    -1    -1    -1    -1    -1     0
     1     1     1     1     1     1     1     1
     0     0     1     1     1     1     0     0
     0     0     1     0     0     1     0     0

DerGeileGetz (1) to move (time left: 148.8 sec.):
     0     1     1     1     1     1     0     0
     0     0     1    -1     1     1     0     0
     1    -1    -1     1    -1     1     0     0
    -1    -1    -1     1     1    -1     0     0
     1    -1    -1    -1    -1    -1    -1     0
     1     1     1     1     1     1     1     1
     0     0     1     1     1     1     0     0
     0     0     1     0     0     1     0     0

Bernhard (-1) to move (time left: 150.4 sec.):
     0     1     1     1     1     1     0     0
     0     0     1    -1     1     1     0     0
     1    -1    -1     1    -1    -1    -1     0
    -1    -1    -1     1     1    -1     0     0
     1    -1    -1    -1    -1    -1    -1     0
     1     1     1     1     1     1     1     1
     0     0     1     1     1     1     0     0
     0     0     1     0     0     1     0     0

DerGeileGetz (1) to move (time left: 147.8 sec.):
     0     1     1     1     1     1     0     0
     0     0     1    -1     1     1     0     0
     1    -1    -1     1     1     1     1     1
    -1    -1    -1     1     1    -1     0     0
     1    -1    -1    -1    -1    -1    -1     0
     1     1     1     1     1     1     1     1
     0     0     1     1     1     1     0     0
     0     0     1     0     0     1     0     0

Bernhard (-1) to move (time left: 148.6 sec.):
     0     1     1     1     1     1     0     0
     0     0     1    -1     1     1     0     0
     1    -1    -1     1     1     1     1     1
    -1    -1    -1     1     1    -1     0     0
     1    -1    -1    -1    -1    -1    -1     0
     1     1     1    -1     1    -1     1     1
     0     0     1    -1    -1     1     0     0
     0     0     1    -1     0     1     0     0

DerGeileGetz (1) to move (time left: 146.0 sec.):
     0     1     1     1     1     1     0     0
     0     0     1    -1     1     1     0     0
     1    -1    -1     1     1     1     1     1
    -1    -1    -1     1     1    -1     0     0
     1     1     1     1     1     1     1     1
     1     1     1    -1     1    -1     1     1
     0     0     1    -1    -1     1     0     0
     0     0     1    -1     0     1     0     0

Bernhard (-1) to move (time left: 127.8 sec.):
     0     1     1     1     1     1     0     0
     0     0     1    -1     1     1     0     0
     1    -1    -1     1     1     1     1     1
    -1    -1    -1     1     1    -1    -1     0
     1     1     1     1     1    -1     1     1
     1     1     1    -1    -1    -1     1     1
     0     0     1    -1    -1     1     0     0
     0     0     1    -1     0     1     0     0

DerGeileGetz (1) to move (time left: 145.3 sec.):
     0     1     1     1     1     1     0     0
     0     0     1    -1     1     1     0     0
     1    -1    -1     1     1     1     1     1
    -1    -1    -1     1     1     1     1     1
     1     1     1     1     1    -1     1     1
     1     1     1    -1    -1    -1     1     1
     0     0     1    -1    -1     1     0     0
     0     0     1    -1     0     1     0     0

Bernhard (-1) to move (time left: 120.6 sec.):
     0     1     1     1     1     1     0     0
     0     0     1    -1     1     1     0     0
     1    -1    -1     1     1     1     1     1
    -1    -1    -1     1     1     1     1     1
     1     1     1     1     1    -1     1     1
     1     1     1    -1    -1    -1     1     1
     0     0    -1    -1    -1     1     0     0
     0    -1    -1    -1     0     1     0     0

DerGeileGetz (1) to move (time left: 144.4 sec.):
     0     1     1     1     1     1     0     0
     0     0     1    -1     1     1     0     0
     1    -1    -1     1     1     1     1     1
    -1    -1    -1     1     1     1     1     1
     1     1     1     1     1    -1     1     1
     1     1     1    -1    -1    -1     1     1
     0     1     1     1     1     1     0     0
     0    -1    -1    -1     0     1     0     0

Bernhard (-1) to move (time left: 114.8 sec.):
     0     1     1     1     1     1     0     0
     0     0     1    -1     1     1     0     0
     1    -1    -1     1     1     1     1     1
    -1    -1    -1     1     1     1     1     1
     1    -1     1     1     1    -1     1     1
     1     1    -1    -1    -1    -1     1     1
     0     1     1    -1    -1     1     0     0
     0    -1    -1    -1    -1     1     0     0

DerGeileGetz (1) to move (time left: 144.1 sec.):
     0     1     1     1     1     1     0     0
     0     0     1    -1     1     1     0     0
     1    -1    -1     1     1     1     1     1
    -1    -1    -1     1     1     1     1     1
     1    -1     1     1     1    -1     1     1
     1     1    -1    -1    -1    -1     1     1
     0     1     1    -1    -1     1     0     0
     1     1     1     1     1     1     0     0

Bernhard (-1) to move (time left: 113.3 sec.):
     0     1     1     1     1     1     0     0
     0     0     1    -1     1     1     0     0
     1    -1    -1     1     1     1     1     1
    -1    -1    -1     1     1     1     1     1
    -1    -1     1     1     1    -1     1     1
    -1     1    -1    -1    -1    -1     1     1
    -1    -1    -1    -1    -1     1     0     0
     1     1     1     1     1     1     0     0

DerGeileGetz (1) to move (time left: 143.6 sec.):
     0     1     1     1     1     1     0     0
     0     0     1    -1     1     1     0     0
     1    -1    -1     1     1     1     1     1
    -1    -1    -1     1     1     1     1     1
    -1    -1     1     1     1    -1     1     1
    -1     1    -1    -1    -1     1     1     1
    -1    -1    -1    -1    -1     1     1     0
     1     1     1     1     1     1     0     0

Bernhard (-1) to move (time left: 112.6 sec.):
     0     1     1     1     1     1     0     0
     0     0     1    -1     1     1     0     0
     1    -1    -1     1     1     1     1     1
    -1    -1    -1    -1     1     1     1     1
    -1    -1     1     1    -1    -1     1     1
    -1     1    -1    -1    -1    -1     1     1
    -1    -1    -1    -1    -1     1    -1     0
     1     1     1     1     1     1     0    -1

DerGeileGetz (1) to move (time left: 143.3 sec.):
     0     1     1     1     1     1     0     0
     0     0     1    -1     1     1     0     0
     1    -1    -1     1     1     1     1     1
    -1    -1    -1    -1     1     1     1     1
    -1    -1     1     1    -1    -1     1     1
    -1     1    -1    -1    -1    -1     1     1
    -1    -1    -1    -1    -1     1     1     0
     1     1     1     1     1     1     1    -1

Bernhard (-1) to move (time left: 112.5 sec.):
     0     1     1     1     1     1     0     0
     0     0     1    -1     1     1     0     0
     1    -1    -1     1     1     1     1     1
    -1    -1    -1    -1     1     1     1     1
    -1    -1     1     1    -1    -1     1     1
    -1     1    -1    -1    -1    -1    -1     1
    -1    -1    -1    -1    -1    -1    -1    -1
     1     1     1     1     1     1     1    -1

DerGeileGetz (1) to move (time left: 143.0 sec.):
     0     1     1     1     1     1     0     0
     0     1     1    -1     1     1     0     0
     1     1    -1     1     1     1     1     1
    -1     1    -1    -1     1     1     1     1
    -1     1     1     1    -1    -1     1     1
    -1     1    -1    -1    -1    -1    -1     1
    -1    -1    -1    -1    -1    -1    -1    -1
     1     1     1     1     1     1     1    -1

Bernhard (-1) to move (time left: 112.3 sec.):
    -1     1     1     1     1     1     0     0
     0    -1     1    -1     1     1     0     0
     1     1    -1     1     1     1     1     1
    -1     1    -1    -1     1     1     1     1
    -1     1     1     1    -1    -1     1     1
    -1     1    -1    -1    -1    -1    -1     1
    -1    -1    -1    -1    -1    -1    -1    -1
     1     1     1     1     1     1     1    -1

DerGeileGetz (1) to move (time left: 143.0 sec.):
    -1     1     1     1     1     1     0     0
     1     1     1    -1     1     1     0     0
     1     1    -1     1     1     1     1     1
    -1     1    -1    -1     1     1     1     1
    -1     1     1     1    -1    -1     1     1
    -1     1    -1    -1    -1    -1    -1     1
    -1    -1    -1    -1    -1    -1    -1    -1
     1     1     1     1     1     1     1    -1

Bernhard (-1) to move (time left: 112.2 sec.):
    -1    -1    -1    -1    -1    -1    -1     0
     1     1     1    -1     1    -1     0     0
     1     1    -1     1    -1     1     1     1
    -1     1    -1    -1     1     1     1     1
    -1     1     1     1    -1    -1     1     1
    -1     1    -1    -1    -1    -1    -1     1
    -1    -1    -1    -1    -1    -1    -1    -1
     1     1     1     1     1     1     1    -1

DerGeileGetz (1) to move (time left: 142.9 sec.):
    -1    -1    -1    -1    -1    -1    -1     0
     1     1     1    -1     1     1     1     0
     1     1    -1     1    -1     1     1     1
    -1     1    -1    -1     1     1     1     1
    -1     1     1     1    -1    -1     1     1
    -1     1    -1    -1    -1    -1    -1     1
    -1    -1    -1    -1    -1    -1    -1    -1
     1     1     1     1     1     1     1    -1

Bernhard (-1) to move (time left: 112.2 sec.):
    -1    -1    -1    -1    -1    -1    -1    -1
     1     1     1    -1     1     1    -1     0
     1     1    -1     1    -1    -1     1     1
    -1     1    -1    -1    -1     1     1     1
    -1     1     1    -1    -1    -1     1     1
    -1     1    -1    -1    -1    -1    -1     1
    -1    -1    -1    -1    -1    -1    -1    -1
     1     1     1     1     1     1     1    -1

DerGeileGetz (1) to move (time left: 142.9 sec.):
    -1    -1    -1    -1    -1    -1    -1    -1
     1     1     1    -1     1     1     1     1
     1     1    -1     1    -1    -1     1     1
    -1     1    -1    -1    -1     1     1     1
    -1     1     1    -1    -1    -1     1     1
    -1     1    -1    -1    -1    -1    -1     1
    -1    -1    -1    -1    -1    -1    -1    -1
     1     1     1     1     1     1     1    -1

Game over.
