DerGeileGetz against Bjoern:
     0     0     0     0     0     0     0     0
     0     0     0     0     0     0     0     0
     0     0     0     0     0     0     0     0
     0     0     0     1    -1     0     0     0
     0     0     0    -1     1     0     0     0
     0     0     0     0     0     0     0     0
     0     0     0     0     0     0     0     0
     0     0     0     0     0     0     0     0

Bjoern (-1) to move (time left: 180.0 sec.):
     0     0     0     0     0     0     0     0
     0     0     0     0     0     0     0     0
     0     0     0     0     0     0     0     0
     0     0    -1    -1    -1     0     0     0
     0     0     0    -1     1     0     0     0
     0     0     0     0     0     0     0     0
     0     0     0     0     0     0     0     0
     0     0     0     0     0     0     0     0

DerGeileGetz (1) to move (time left: 180.0 sec.):
     0     0     0     0     0     0     0     0
     0     0     0     0     0     0     0     0
     0     0     1     0     0     0     0     0
     0     0    -1     1    -1     0     0     0
     0     0     0    -1     1     0     0     0
     0     0     0     0     0     0     0     0
     0     0     0     0     0     0     0     0
     0     0     0     0     0     0     0     0

Bjoern (-1) to move (time left: 179.8 sec.):
     0     0     0     0     0     0     0     0
     0     0     0     0     0     0     0     0
     0     0     1    -1     0     0     0     0
     0     0    -1    -1    -1     0     0     0
     0     0     0    -1     1     0     0     0
     0     0     0     0     0     0     0     0
     0     0     0     0     0     0     0     0
     0     0     0     0     0     0     0     0

DerGeileGetz (1) to move (time left: 179.9 sec.):
     0     0     0     0     0     0     0     0
     0     0     0     0     0     0     0     0
     0     0     1    -1     0     0     0     0
     0     0     1    -1    -1     0     0     0
     0     0     1     1     1     0     0     0
     0     0     0     0     0     0     0     0
     0     0     0     0     0     0     0     0
     0     0     0     0     0     0     0     0

Bjoern (-1) to move (time left: 179.5 sec.):
     0     0     0     0     0     0     0     0
     0     0     0     0     0     0     0     0
     0    -1    -1    -1     0     0     0     0
     0     0     1    -1    -1     0     0     0
     0     0     1     1     1     0     0     0
     0     0     0     0     0     0     0     0
     0     0     0     0     0     0     0     0
     0     0     0     0     0     0     0     0

DerGeileGetz (1) to move (time left: 179.7 sec.):
     0     0     0     0     0     0     0     0
     0     0     0     0     0     0     0     0
     0    -1    -1    -1     1     0     0     0
     0     0     1     1     1     0     0     0
     0     0     1     1     1     0     0     0
     0     0     0     0     0     0     0     0
     0     0     0     0     0     0     0     0
     0     0     0     0     0     0     0     0

Bjoern (-1) to move (time left: 178.3 sec.):
     0     0     0     0     0     0     0     0
     0     0     0     0     0     0     0     0
     0    -1    -1    -1    -1    -1     0     0
     0     0     1     1     1     0     0     0
     0     0     1     1     1     0     0     0
     0     0     0     0     0     0     0     0
     0     0     0     0     0     0     0     0
     0     0     0     0     0     0     0     0

DerGeileGetz (1) to move (time left: 179.4 sec.):
     0     0     0     0     0     0     0     0
     0     0     1     0     0     0     0     0
     0    -1     1     1    -1    -1     0     0
     0     0     1     1     1     0     0     0
     0     0     1     1     1     0     0     0
     0     0     0     0     0     0     0     0
     0     0     0     0     0     0     0     0
     0     0     0     0     0     0     0     0

Bjoern (-1) to move (time left: 177.3 sec.):
     0     0     0     0     0     0     0     0
     0     0     1     0     0     0     0     0
     0    -1     1     1    -1    -1     0     0
     0     0     1     1    -1     0     0     0
     0     0     1    -1     1     0     0     0
     0     0    -1     0     0     0     0     0
     0     0     0     0     0     0     0     0
     0     0     0     0     0     0     0     0

DerGeileGetz (1) to move (time left: 179.0 sec.):
     0     0     0     0     0     0     0     0
     0     0     1     0     0     0     0     0
     0    -1     1     1    -1    -1     0     0
     0     0     1     1     1     1     0     0
     0     0     1    -1     1     0     0     0
     0     0    -1     0     0     0     0     0
     0     0     0     0     0     0     0     0
     0     0     0     0     0     0     0     0

Bjoern (-1) to move (time left: 176.5 sec.):
     0     0    -1     0     0     0     0     0
     0     0    -1     0     0     0     0     0
     0    -1    -1     1    -1    -1     0     0
     0     0    -1     1     1     1     0     0
     0     0    -1    -1     1     0     0     0
     0     0    -1     0     0     0     0     0
     0     0     0     0     0     0     0     0
     0     0     0     0     0     0     0     0

DerGeileGetz (1) to move (time left: 178.3 sec.):
     0     0    -1     0     0     0     0     0
     0     0    -1     0     0     0     0     0
     1     1     1     1    -1    -1     0     0
     0     0    -1     1     1     1     0     0
     0     0    -1    -1     1     0     0     0
     0     0    -1     0     0     0     0     0
     0     0     0     0     0     0     0     0
     0     0     0     0     0     0     0     0

Bjoern (-1) to move (time left: 175.2 sec.):
     0     0    -1     0     0     0     0     0
     0     0    -1    -1     0     0     0     0
     1     1     1    -1    -1    -1     0     0
     0     0    -1    -1     1     1     0     0
     0     0    -1    -1     1     0     0     0
     0     0    -1     0     0     0     0     0
     0     0     0     0     0     0     0     0
     0     0     0     0     0     0     0     0

DerGeileGetz (1) to move (time left: 177.9 sec.):
     0     0    -1     0     1     0     0     0
     0     0    -1     1     0     0     0     0
     1     1     1    -1    -1    -1     0     0
     0     0    -1    -1     1     1     0     0
     0     0    -1    -1     1     0     0     0
     0     0    -1     0     0     0     0     0
     0     0     0     0     0     0     0     0
     0     0     0     0     0     0     0     0

Bjoern (-1) to move (time left: 173.4 sec.):
     0     0    -1    -1     1     0     0     0
     0     0    -1    -1     0     0     0     0
     1     1     1    -1    -1    -1     0     0
     0     0    -1    -1     1     1     0     0
     0     0    -1    -1     1     0     0     0
     0     0    -1     0     0     0     0     0
     0     0     0     0     0     0     0     0
     0     0     0     0     0     0     0     0

DerGeileGetz (1) to move (time left: 177.3 sec.):
     0     1     1     1     1     0     0     0
     0     0     1    -1     0     0     0     0
     1     1     1     1    -1    -1     0     0
     0     0    -1    -1     1     1     0     0
     0     0    -1    -1     1     0     0     0
     0     0    -1     0     0     0     0     0
     0     0     0     0     0     0     0     0
     0     0     0     0     0     0     0     0

Bjoern (-1) to move (time left: 171.5 sec.):
     0     1     1     1     1     0     0     0
     0     0     1    -1     0     0     0     0
     1     1     1     1    -1    -1     0     0
     0     0    -1    -1     1     1     0     0
     0     0    -1    -1    -1     0     0     0
     0     0    -1     0     0    -1     0     0
     0     0     0     0     0     0     0     0
     0     0     0     0     0     0     0     0

DerGeileGetz (1) to move (time left: 176.9 sec.):
     0     1     1     1     1     0     0     0
     0     0     1    -1     0     0     0     0
     1     1     1     1    -1    -1     0     0
     0     0    -1     1     1     1     0     0
     0     0    -1     1     1     0     0     0
     0     0    -1     1     0    -1     0     0
     0     0     0     0     0     0     0     0
     0     0     0     0     0     0     0     0

Bjoern (-1) to move (time left: 170.3 sec.):
     0     1     1     1     1     0     0     0
     0     0     1    -1    -1     0     0     0
     1     1     1    -1    -1    -1     0     0
     0     0    -1     1     1     1     0     0
     0     0    -1     1     1     0     0     0
     0     0    -1     1     0    -1     0     0
     0     0     0     0     0     0     0     0
     0     0     0     0     0     0     0     0

DerGeileGetz (1) to move (time left: 175.0 sec.):
     0     1     1     1     1     0     0     0
     0     0     1    -1    -1     0     0     0
     1     1     1    -1    -1    -1     0     0
     0     0     1     1     1     1     0     0
     0     0     1     1     1     0     0     0
     0     0     1     1     0    -1     0     0
     0     0     1     0     0     0     0     0
     0     0     0     0     0     0     0     0

Bjoern (-1) to move (time left: 168.2 sec.):
     0     1     1     1     1     0     0     0
     0     0     1    -1    -1     0     0     0
     1     1     1    -1    -1    -1     0     0
     0     0     1     1    -1    -1     0     0
     0     0     1     1     1    -1     0     0
     0     0     1     1     0    -1     0     0
     0     0     1     0     0     0     0     0
     0     0     0     0     0     0     0     0

DerGeileGetz (1) to move (time left: 172.6 sec.):
     0     1     1     1     1     1     0     0
     0     0     1    -1     1     0     0     0
     1     1     1     1    -1    -1     0     0
     0     0     1     1    -1    -1     0     0
     0     0     1     1     1    -1     0     0
     0     0     1     1     0    -1     0     0
     0     0     1     0     0     0     0     0
     0     0     0     0     0     0     0     0

Bjoern (-1) to move (time left: 166.9 sec.):
     0     1     1     1     1     1     0     0
     0     0     1    -1     1     0     0     0
     1     1     1     1    -1    -1     0     0
     0     0     1     1    -1    -1     0     0
     0     0     1     1    -1    -1     0     0
     0     0     1     1    -1    -1     0     0
     0     0     1     0     0     0     0     0
     0     0     0     0     0     0     0     0

DerGeileGetz (1) to move (time left: 171.3 sec.):
     0     1     1     1     1     1     0     0
     0     0     1    -1     1     1     0     0
     1     1     1     1     1    -1     0     0
     0     0     1     1    -1    -1     0     0
     0     0     1     1    -1    -1     0     0
     0     0     1     1    -1    -1     0     0
     0     0     1     0     0     0     0     0
     0     0     0     0     0     0     0     0

Bjoern (-1) to move (time left: 165.7 sec.):
     0     1     1     1     1     1     0     0
     0     0     1    -1     1     1     0     0
     1     1     1    -1     1    -1     0     0
     0     0     1    -1    -1    -1     0     0
     0     0     1    -1    -1    -1     0     0
     0     0     1    -1    -1    -1     0     0
     0     0     1    -1     0     0     0     0
     0     0     0     0     0     0     0     0

DerGeileGetz (1) to move (time left: 169.5 sec.):
     0     1     1     1     1     1     0     0
     0     0     1    -1     1     1     0     0
     1     1     1     1     1    -1     0     0
     0     0     1    -1     1    -1     0     0
     0     0     1    -1    -1     1     0     0
     0     0     1     1     1     1     1     0
     0     0     1    -1     0     0     0     0
     0     0     0     0     0     0     0     0

Bjoern (-1) to move (time left: 164.2 sec.):
     0     1     1     1     1     1     0     0
     0     0     1    -1     1     1     0     0
     1     1     1     1     1    -1     0     0
     0     0     1    -1     1    -1     0     0
     0     0     1    -1    -1     1     0     0
     0     0     1     1    -1     1     1     0
     0     0     1    -1    -1     0     0     0
     0     0     0     0     0     0     0     0

DerGeileGetz (1) to move (time left: 165.1 sec.):
     0     1     1     1     1     1     0     0
     0     0     1    -1     1     1     0     0
     1     1     1     1     1    -1     0     0
     0     0     1    -1     1    -1     0     0
     0     0     1    -1    -1     1     0     0
     0     0     1     1     1     1     1     0
     0     0     1     1    -1     0     0     0
     0     0     1     0     0     0     0     0

Bjoern (-1) to move (time left: 161.0 sec.):
     0     1     1     1     1     1     0     0
     0     0     1    -1     1     1     0     0
     1     1     1     1     1    -1     0     0
     0     0     1    -1     1    -1     0     0
     0     0     1    -1    -1    -1     0     0
     0     0     1     1    -1    -1     1     0
     0     0     1     1    -1    -1     0     0
     0     0     1     0     0     0     0     0

DerGeileGetz (1) to move (time left: 162.6 sec.):
     0     1     1     1     1     1     0     0
     0     0     1    -1     1     1     0     0
     1     1     1     1     1    -1     0     0
     0     0     1    -1     1     1     0     0
     0     0     1     1     1     1     1     0
     0     0     1     1    -1    -1     1     0
     0     0     1     1    -1    -1     0     0
     0     0     1     0     0     0     0     0

Bjoern (-1) to move (time left: 158.9 sec.):
     0     1     1     1     1     1     0     0
     0     0     1    -1     1     1     0     0
     1     1     1     1     1    -1     0     0
     0     0     1    -1     1     1     0     0
     0     0     1    -1     1     1     1     0
     0     0     1    -1    -1    -1     1     0
     0     0     1    -1    -1    -1     0     0
     0     0     1    -1     0     0     0     0

DerGeileGetz (1) to move (time left: 158.7 sec.):
     0     1     1     1     1     1     0     0
     0     0     1    -1     1     1     0     0
     1     1     1     1     1     1     1     0
     0     0     1    -1     1     1     0     0
     0     0     1    -1     1     1     1     0
     0     0     1    -1    -1    -1     1     0
     0     0     1    -1    -1    -1     0     0
     0     0     1    -1     0     0     0     0

Bjoern (-1) to move (time left: 153.4 sec.):
     0     1     1     1     1     1     0     0
     0     0     1    -1     1     1     0     0
     1     1     1     1     1     1     1     0
     0     0     1    -1    -1    -1    -1     0
     0     0     1    -1     1    -1     1     0
     0     0     1    -1    -1    -1     1     0
     0     0     1    -1    -1    -1     0     0
     0     0     1    -1     0     0     0     0

DerGeileGetz (1) to move (time left: 155.7 sec.):
     0     1     1     1     1     1     0     0
     0     0     1    -1     1     1     0     0
     1     1     1     1     1     1     1     1
     0     0     1    -1    -1    -1     1     0
     0     0     1    -1     1     1     1     0
     0     0     1    -1     1    -1     1     0
     0     0     1     1    -1    -1     0     0
     0     0     1    -1     0     0     0     0

Bjoern (-1) to move (time left: 148.9 sec.):
     0     1     1     1     1     1     0     0
     0     0     1    -1     1     1     0     0
     1     1     1     1     1     1     1     1
     0     0     1    -1    -1    -1     1     0
     0     0     1    -1    -1    -1    -1    -1
     0     0     1    -1     1    -1    -1     0
     0     0     1     1    -1    -1     0     0
     0     0     1    -1     0     0     0     0

DerGeileGetz (1) to move (time left: 152.5 sec.):
     0     1     1     1     1     1     0     0
     0     0     1    -1     1     1     0     0
     1     1     1     1     1     1     1     1
     0     0     1    -1    -1    -1     1     0
     0     0     1    -1    -1    -1    -1    -1
     0     0     1    -1     1    -1    -1     0
     0     0     1     1     1    -1     0     0
     0     0     1     1     1     0     0     0

Bjoern (-1) to move (time left: 145.3 sec.):
     0     1     1     1     1     1     0     0
     0     0     1    -1     1     1     0     0
     1     1     1     1     1     1     1     1
     0     0     1    -1    -1    -1     1     0
     0     0     1    -1    -1    -1    -1    -1
     0     0     1    -1     1    -1    -1     0
     0     0     1     1    -1    -1     0     0
     0     0     1     1     1    -1     0     0

DerGeileGetz (1) to move (time left: 150.5 sec.):
     0     1     1     1     1     1     0     0
     0     0     1    -1     1     1     0     0
     1     1     1     1     1     1     1     1
     0     0     1    -1    -1    -1     1     0
     0     0     1    -1    -1    -1    -1    -1
     0     0     1    -1     1    -1    -1     0
     0     0     1     1    -1     1     0     0
     0     0     1     1     1     1     1     0

Bjoern (-1) to move (time left: 141.0 sec.):
     0     1     1     1     1     1     0     0
     0     0     1    -1     1     1     0     0
     1     1     1     1     1     1     1     1
     0     0     1    -1    -1    -1     1     0
     0    -1    -1    -1    -1    -1    -1    -1
     0     0     1    -1     1    -1    -1     0
     0     0     1     1    -1     1     0     0
     0     0     1     1     1     1     1     0

DerGeileGetz (1) to move (time left: 148.8 sec.):
     0     1     1     1     1     1     0     0
     0     0     1    -1     1     1     0     0
     1     1     1     1     1     1     1     1
     0     0     1    -1    -1    -1     1     0
     0     1    -1    -1    -1    -1    -1    -1
     1     0     1    -1     1    -1    -1     0
     0     0     1     1    -1     1     0     0
     0     0     1     1     1     1     1     0

Bjoern (-1) to move (time left: 138.4 sec.):
     0     1     1     1     1     1     0     0
     0     0     1    -1     1     1     0     0
     1     1     1     1     1     1     1     1
     0     0     1    -1    -1    -1     1     0
     0     1    -1    -1    -1    -1    -1    -1
     1    -1    -1    -1     1    -1    -1     0
     0     0     1     1    -1     1     0     0
     0     0     1     1     1     1     1     0

DerGeileGetz (1) to move (time left: 147.4 sec.):
     0     1     1     1     1     1     0     0
     0     0     1    -1     1     1     0     0
     1     1     1     1     1     1     1     1
     0     1     1    -1    -1    -1     1     0
     0     1     1    -1    -1    -1    -1    -1
     1    -1    -1     1     1    -1    -1     0
     0     0     1     1     1     1     0     0
     0     0     1     1     1     1     1     0

Bjoern (-1) to move (time left: 127.9 sec.):
     0     1     1     1     1     1     0     0
     0     0     1    -1     1     1     0     0
     1     1     1     1     1     1     1     1
     0     1     1    -1    -1    -1    -1    -1
     0     1     1    -1    -1    -1    -1    -1
     1    -1    -1     1     1    -1    -1     0
     0     0     1     1     1     1     0     0
     0     0     1     1     1     1     1     0

DerGeileGetz (1) to move (time left: 146.5 sec.):
     0     1     1     1     1     1     0     0
     0     0     1    -1     1     1     0     0
     1     1     1     1     1     1     1     1
     0     1     1    -1    -1     1    -1     1
     0     1     1    -1    -1    -1     1     1
     1    -1    -1     1     1     1     1     1
     0     0     1     1     1     1     0     0
     0     0     1     1     1     1     1     0

Bjoern (-1) to move (time left: 123.2 sec.):
     0     1     1     1     1     1     0     0
     0     0     1    -1    -1    -1    -1     0
     1     1     1     1     1    -1    -1     1
     0     1     1    -1    -1     1    -1     1
     0     1     1    -1    -1    -1     1     1
     1    -1    -1     1     1     1     1     1
     0     0     1     1     1     1     0     0
     0     0     1     1     1     1     1     0

DerGeileGetz (1) to move (time left: 146.0 sec.):
     0     1     1     1     1     1     0     0
     0     0     1    -1    -1    -1    -1     0
     1     1     1     1     1    -1    -1     1
     0     1     1    -1    -1     1    -1     1
     0     1     1    -1    -1    -1     1     1
     1     1    -1     1     1     1     1     1
     1     0     1     1     1     1     0     0
     0     0     1     1     1     1     1     0

Bjoern (-1) to move (time left: 119.9 sec.):
     0     1     1     1     1     1     0     0
     0     0     1    -1    -1    -1    -1     0
     1     1     1     1     1    -1    -1     1
     0     1     1    -1    -1     1    -1     1
     0     1     1    -1    -1    -1     1     1
     1     1    -1     1     1     1    -1     1
     1     0     1     1     1     1     0    -1
     0     0     1     1     1     1     1     0

DerGeileGetz (1) to move (time left: 145.8 sec.):
     0     1     1     1     1     1     0     0
     0     0     1     1     1     1     1     1
     1     1     1     1     1    -1     1     1
     0     1     1    -1    -1     1    -1     1
     0     1     1    -1    -1    -1     1     1
     1     1    -1     1     1     1    -1     1
     1     0     1     1     1     1     0    -1
     0     0     1     1     1     1     1     0

Bjoern (-1) to move (time left: 116.4 sec.):
     0     1     1     1     1     1     0    -1
     0     0     1     1     1     1    -1    -1
     1     1     1     1     1    -1     1    -1
     0     1     1    -1    -1     1    -1    -1
     0     1     1    -1    -1    -1     1    -1
     1     1    -1     1     1     1    -1    -1
     1     0     1     1     1     1     0    -1
     0     0     1     1     1     1     1     0

DerGeileGetz (1) to move (time left: 144.6 sec.):
     0     1     1     1     1     1     1    -1
     0     0     1     1     1     1     1    -1
     1     1     1     1     1    -1     1    -1
     0     1     1    -1    -1     1    -1    -1
     0     1     1    -1    -1    -1     1    -1
     1     1    -1     1     1     1    -1    -1
     1     0     1     1     1     1     0    -1
     0     0     1     1     1     1     1     0

Bjoern (-1) to move (time left: 101.1 sec.):
    -1    -1    -1    -1    -1    -1    -1    -1
     0     0     1     1     1     1     1    -1
     1     1     1     1     1    -1     1    -1
     0     1     1    -1    -1     1    -1    -1
     0     1     1    -1    -1    -1     1    -1
     1     1    -1     1     1     1    -1    -1
     1     0     1     1     1     1     0    -1
     0     0     1     1     1     1     1     0

DerGeileGetz (1) to move (time left: 144.4 sec.):
    -1    -1    -1    -1    -1    -1    -1    -1
     0     0     1     1     1     1     1    -1
     1     1     1     1     1     1     1    -1
     0     1     1    -1     1     1    -1    -1
     0     1     1     1    -1    -1     1    -1
     1     1     1     1     1     1    -1    -1
     1     1     1     1     1     1     0    -1
     0     0     1     1     1     1     1     0

Bjoern (-1) to move (time left: 101.0 sec.):
    -1    -1    -1    -1    -1    -1    -1    -1
     0     0    -1     1     1     1     1    -1
     1    -1     1     1     1     1     1    -1
    -1    -1    -1    -1     1     1    -1    -1
     0     1     1     1    -1    -1     1    -1
     1     1     1     1     1     1    -1    -1
     1     1     1     1     1     1     0    -1
     0     0     1     1     1     1     1     0

DerGeileGetz (1) to move (time left: 144.3 sec.):
    -1    -1    -1    -1    -1    -1    -1    -1
     0     0    -1     1     1     1     1    -1
     1    -1     1     1     1     1     1    -1
     1     1    -1    -1     1     1    -1    -1
     1     1     1     1    -1    -1     1    -1
     1     1     1     1     1     1    -1    -1
     1     1     1     1     1     1     0    -1
     0     0     1     1     1     1     1     0

Bjoern (-1) to move (time left: 100.9 sec.):
    -1    -1    -1    -1    -1    -1    -1    -1
     0     0    -1     1     1     1    -1    -1
     1    -1     1     1     1    -1     1    -1
     1     1    -1    -1    -1     1    -1    -1
     1     1     1    -1    -1    -1     1    -1
     1     1    -1     1     1     1    -1    -1
     1    -1     1     1     1     1     0    -1
    -1     0     1     1     1     1     1     0

DerGeileGetz (1) to move (time left: 144.2 sec.):
    -1    -1    -1    -1    -1    -1    -1    -1
     1     0    -1     1     1     1    -1    -1
     1     1     1     1     1    -1     1    -1
     1     1     1    -1    -1     1    -1    -1
     1     1     1     1    -1    -1     1    -1
     1     1    -1     1     1     1    -1    -1
     1    -1     1     1     1     1     0    -1
    -1     0     1     1     1     1     1     0

Bjoern (-1) to move (time left: 100.8 sec.):
    -1    -1    -1    -1    -1    -1    -1    -1
     1     0    -1     1     1     1    -1    -1
     1     1     1     1     1    -1     1    -1
     1     1     1    -1    -1     1    -1    -1
     1     1     1     1    -1    -1     1    -1
     1     1    -1    -1     1     1    -1    -1
     1    -1    -1     1     1     1     0    -1
    -1    -1     1     1     1     1     1     0

DerGeileGetz (1) to move (time left: 144.1 sec.):
    -1    -1    -1    -1    -1    -1    -1    -1
     1     1     1     1     1     1    -1    -1
     1     1     1     1     1    -1     1    -1
     1     1     1    -1    -1     1    -1    -1
     1     1     1     1    -1    -1     1    -1
     1     1    -1    -1     1     1    -1    -1
     1    -1    -1     1     1     1     0    -1
    -1    -1     1     1     1     1     1     0

Bjoern (-1) to move (time left: 100.8 sec.):
    -1    -1    -1    -1    -1    -1    -1    -1
     1     1     1     1     1     1    -1    -1
     1     1     1     1     1    -1     1    -1
     1     1     1    -1    -1     1    -1    -1
     1     1     1     1    -1    -1     1    -1
     1     1    -1    -1     1     1    -1    -1
     1    -1    -1     1     1     1     0    -1
    -1    -1    -1    -1    -1    -1    -1    -1

DerGeileGetz (1) to move (time left: 144.0 sec.):
    -1    -1    -1    -1    -1    -1    -1    -1
     1     1     1     1     1     1    -1    -1
     1     1     1     1     1    -1     1    -1
     1     1     1    -1    -1     1    -1    -1
     1     1     1     1    -1    -1     1    -1
     1     1    -1    -1     1     1     1    -1
     1    -1    -1     1     1     1     1    -1
    -1    -1    -1    -1    -1    -1    -1    -1

Game over.
