DerGeileGetz against Bernhard:
     0     0     0     0     0     0     0     0
     0     0     0     0     0     0     0     0
     0     0     0     0     0     0     0     0
     0     0     0     1    -1     0     0     0
     0     0     0    -1     1     0     0     0
     0     0     0     0     0     0     0     0
     0     0     0     0     0     0     0     0
     0     0     0     0     0     0     0     0

Bernhard (-1) to move (time left: 180.0 sec.):
     0     0     0     0     0     0     0     0
     0     0     0     0     0     0     0     0
     0     0     0     0     0     0     0     0
     0     0    -1    -1    -1     0     0     0
     0     0     0    -1     1     0     0     0
     0     0     0     0     0     0     0     0
     0     0     0     0     0     0     0     0
     0     0     0     0     0     0     0     0

DerGeileGetz (1) to move (time left: 180.0 sec.):
     0     0     0     0     0     0     0     0
     0     0     0     0     0     0     0     0
     0     0     1     0     0     0     0     0
     0     0    -1     1    -1     0     0     0
     0     0     0    -1     1     0     0     0
     0     0     0     0     0     0     0     0
     0     0     0     0     0     0     0     0
     0     0     0     0     0     0     0     0

Bernhard (-1) to move (time left: 179.8 sec.):
     0     0     0     0     0     0     0     0
     0     0     0     0     0     0     0     0
     0     0     1    -1     0     0     0     0
     0     0    -1    -1    -1     0     0     0
     0     0     0    -1     1     0     0     0
     0     0     0     0     0     0     0     0
     0     0     0     0     0     0     0     0
     0     0     0     0     0     0     0     0

DerGeileGetz (1) to move (time left: 179.9 sec.):
     0     0     0     0     0     0     0     0
     0     0     0     0     0     0     0     0
     0     0     1    -1     0     0     0     0
     0     0     1    -1    -1     0     0     0
     0     0     1     1     1     0     0     0
     0     0     0     0     0     0     0     0
     0     0     0     0     0     0     0     0
     0     0     0     0     0     0     0     0

Bernhard (-1) to move (time left: 179.6 sec.):
     0     0     0     0     0     0     0     0
     0     0     0     0     0     0     0     0
     0     0     1    -1     0     0     0     0
     0     0     1    -1    -1     0     0     0
     0     0    -1     1     1     0     0     0
     0    -1     0     0     0     0     0     0
     0     0     0     0     0     0     0     0
     0     0     0     0     0     0     0     0

DerGeileGetz (1) to move (time left: 179.7 sec.):
     0     0     0     0     0     0     0     0
     0     0     0     0     0     0     0     0
     0     0     1    -1     0     0     0     0
     0     0     1    -1    -1     0     0     0
     0     0     1     1     1     0     0     0
     0    -1     1     0     0     0     0     0
     0     0     0     0     0     0     0     0
     0     0     0     0     0     0     0     0

Bernhard (-1) to move (time left: 178.4 sec.):
     0     0     0     0     0     0     0     0
     0     0     0     0     0     0     0     0
     0     0     1    -1     0     0     0     0
     0     0    -1    -1    -1     0     0     0
     0    -1     1     1     1     0     0     0
     0    -1     1     0     0     0     0     0
     0     0     0     0     0     0     0     0
     0     0     0     0     0     0     0     0

DerGeileGetz (1) to move (time left: 179.4 sec.):
     0     0     0     0     0     0     0     0
     0     0     0     0     0     0     0     0
     0     0     1    -1     0     0     0     0
     0     0    -1    -1    -1     0     0     0
     0    -1     1     1     1     0     0     0
     1     1     1     0     0     0     0     0
     0     0     0     0     0     0     0     0
     0     0     0     0     0     0     0     0

Bernhard (-1) to move (time left: 177.3 sec.):
     0     0     0     0     0     0     0     0
     0     0     0     0     0     0     0     0
     0     0     1    -1     0     0     0     0
     0     0    -1    -1    -1     0     0     0
     0    -1     1    -1     1     0     0     0
     1     1     1    -1     0     0     0     0
     0     0     0     0     0     0     0     0
     0     0     0     0     0     0     0     0

DerGeileGetz (1) to move (time left: 179.0 sec.):
     0     0     0     0     0     0     0     0
     0     0     0     0     0     0     0     0
     0     0     1    -1     0     1     0     0
     0     0    -1    -1     1     0     0     0
     0    -1     1     1     1     0     0     0
     1     1     1    -1     0     0     0     0
     0     0     0     0     0     0     0     0
     0     0     0     0     0     0     0     0

Bernhard (-1) to move (time left: 176.1 sec.):
     0     0     0     0     0     0     0     0
     0     0     0     0     0     0     0     0
     0     0     1    -1     0     1     0     0
     0    -1    -1    -1     1     0     0     0
     0    -1    -1     1     1     0     0     0
     1     1     1    -1     0     0     0     0
     0     0     0     0     0     0     0     0
     0     0     0     0     0     0     0     0

DerGeileGetz (1) to move (time left: 178.5 sec.):
     0     0     0     0     0     0     0     0
     0     0     0     0     0     0     0     0
     0     0     1    -1     0     1     0     0
     0    -1    -1    -1     1     0     0     0
     0    -1    -1     1     1     0     0     0
     1     1     1     1     1     0     0     0
     0     0     0     0     0     0     0     0
     0     0     0     0     0     0     0     0

Bernhard (-1) to move (time left: 174.2 sec.):
     0     0     0     0     0     0     0     0
     0     0     0     0     0     0     0     0
     0     0     1    -1     0     1     0     0
     0    -1    -1    -1    -1    -1     0     0
     0    -1    -1     1     1     0     0     0
     1     1     1     1     1     0     0     0
     0     0     0     0     0     0     0     0
     0     0     0     0     0     0     0     0

DerGeileGetz (1) to move (time left: 177.7 sec.):
     0     0     0     0     0     0     0     0
     0     0     0     0     0     0     0     0
     0     0     1     1     1     1     0     0
     0    -1    -1     1     1    -1     0     0
     0    -1     1     1     1     0     0     0
     1     1     1     1     1     0     0     0
     0     0     0     0     0     0     0     0
     0     0     0     0     0     0     0     0

Bernhard (-1) to move (time left: 172.0 sec.):
     0     0     0     0     0     0     0     0
     0     0     0     0     0     0     0     0
     0     0     1     1     1     1     0     0
     0    -1    -1     1     1    -1     0     0
     0    -1    -1    -1    -1    -1     0     0
     1     1     1     1     1     0     0     0
     0     0     0     0     0     0     0     0
     0     0     0     0     0     0     0     0

DerGeileGetz (1) to move (time left: 177.1 sec.):
     0     0     0     0     0     0     0     0
     0     0     0     0     0     0     0     0
     0     0     1     1     1     1     0     0
     0    -1    -1     1     1     1     0     0
     0    -1    -1    -1     1     1     0     0
     1     1     1     1     1     1     0     0
     0     0     0     0     0     0     0     0
     0     0     0     0     0     0     0     0

Bernhard (-1) to move (time left: 169.4 sec.):
     0     0     0     0     0     0     0     0
     0     0     0     0     0     0     0     0
     0     0     1     1     1     1     0     0
     0    -1    -1     1     1     1     0     0
     0    -1    -1    -1     1     1     0     0
     1     1    -1     1     1     1     0     0
     0     0    -1     0     0     0     0     0
     0     0     0     0     0     0     0     0

DerGeileGetz (1) to move (time left: 176.7 sec.):
     0     0     0     0     0     0     0     0
     0     0     0     0     0     0     0     0
     1     0     1     1     1     1     0     0
     0     1    -1     1     1     1     0     0
     0    -1     1    -1     1     1     0     0
     1     1    -1     1     1     1     0     0
     0     0    -1     0     0     0     0     0
     0     0     0     0     0     0     0     0

Bernhard (-1) to move (time left: 166.8 sec.):
     0     0     0     0     0     0     0     0
     0     0     0     0     0     0     0     0
     1    -1     1     1     1     1     0     0
     0    -1    -1     1     1     1     0     0
     0    -1     1    -1     1     1     0     0
     1     1    -1     1     1     1     0     0
     0     0    -1     0     0     0     0     0
     0     0     0     0     0     0     0     0

DerGeileGetz (1) to move (time left: 175.6 sec.):
     0     0     0     0     0     0     0     0
     0     0     0     0     0     0     0     0
     1    -1     1     1     1     1     0     0
     0    -1    -1     1     1     1     0     0
     0    -1     1    -1     1     1     0     0
     1     1     1     1     1     1     0     0
     0     0     1     0     0     0     0     0
     0     0     1     0     0     0     0     0

Bernhard (-1) to move (time left: 166.0 sec.):
     0     0     0     0     0     0     0     0
     0     0     0     0     0     0     0     0
     1    -1     1     1     1     1     0     0
     0    -1    -1     1     1     1     0     0
     0    -1    -1    -1     1     1     0     0
     1     1     1    -1     1     1     0     0
     0     0     1     0    -1     0     0     0
     0     0     1     0     0     0     0     0

DerGeileGetz (1) to move (time left: 173.8 sec.):
     0     0     0     0     0     0     0     0
     0     0     0     0     0     0     0     0
     1    -1     1     1     1     1     0     0
     0    -1    -1     1     1     1     0     0
     0    -1    -1     1     1     1     0     0
     1     1     1     1     1     1     0     0
     0     0     1     1    -1     0     0     0
     0     0     1     0     0     0     0     0

Bernhard (-1) to move (time left: 164.6 sec.):
     0     0     0     0     0     0     0     0
     0     0     0     0     0     0     0     0
     1    -1     1     1     1     1     0     0
     0    -1    -1     1     1     1     0     0
     0    -1    -1    -1     1     1     0     0
     1     1     1     1    -1     1     0     0
     0     0     1     1    -1    -1     0     0
     0     0     1     0     0     0     0     0

DerGeileGetz (1) to move (time left: 170.9 sec.):
     0     0     0     0     0     0     0     0
     0     0     0     0     0     0     0     0
     1    -1     1     1     1     1     0     0
     0    -1    -1     1     1     1     0     0
     0    -1    -1    -1     1     1     0     0
     1     1     1     1    -1     1     0     0
     0     0     1     1     1     1     0     0
     0     0     1     0     0     1     0     0

Bernhard (-1) to move (time left: 163.0 sec.):
{Operation terminated by user during <a href="matlab:matlab.internal.language.introspective.errorDocCallback('G4_checkFlipDirection', 'D:\Git\DerGeileTyp\Tournament\players\Bernhard\G4_checkFlipDirection.m', 13)" style="font-weight:bold">G4_checkFlipDirection</a> (<a href="matlab: opentoline('D:\Git\DerGeileTyp\Tournament\players\Bernhard\G4_checkFlipDirection.m',13,0)">line 13</a>)


In <a href="matlab:matlab.internal.language.introspective.errorDocCallback('G4_checkFlip', 'D:\Git\DerGeileTyp\Tournament\players\Bernhard\G4_checkFlip.m', 10)" style="font-weight:bold">G4_checkFlip</a> (<a href="matlab: opentoline('D:\Git\DerGeileTyp\Tournament\players\Bernhard\G4_checkFlip.m',10,0)">line 10</a>)
            if G4_checkFlipDirection(b,color,adjacencyList(id),directions{idx}) % Alle Richtungen werden ausprobiert

In <a href="matlab:matlab.internal.language.introspective.errorDocCallback('G4_allPossible', 'D:\Git\DerGeileTyp\Tournament\players\Bernhard\G4_allPossible.m', 16)" style="font-weight:bold">G4_allPossible</a> (<a href="matlab: opentoline('D:\Git\DerGeileTyp\Tournament\players\Bernhard\G4_allPossible.m',16,0)">line 16</a>)
    flag=G4_checkFlip(b,color,adjacencyList);

In <a href="matlab:matlab.i