MiniMaxPlayer against Jojo:
     0     0     0     0     0     0     0     0
     0     0     0     0     0     0     0     0
     0     0     0     0     0     0     0     0
     0     0     0     1    -1     0     0     0
     0     0     0    -1     1     0     0     0
     0     0     0     0     0     0     0     0
     0     0     0     0     0     0     0     0
     0     0     0     0     0     0     0     0

Jojo (-1) to move (time left: 180.0 sec.):
     0     0     0     0     0     0     0     0
     0     0     0     0     0     0     0     0
     0     0     0     0     0     0     0     0
     0     0    -1    -1    -1     0     0     0
     0     0     0    -1     1     0     0     0
     0     0     0     0     0     0     0     0
     0     0     0     0     0     0     0     0
     0     0     0     0     0     0     0     0

MiniMaxPlayer (1) to move (time left: 180.0 sec.):
     0     0     0     0     0     0     0     0
     0     0     0     0     0     0     0     0
     0     0     0     0     1     0     0     0
     0     0    -1    -1     1     0     0     0
     0     0     0    -1     1     0     0     0
     0     0     0     0     0     0     0     0
     0     0     0     0     0     0     0     0
     0     0     0     0     0     0     0     0

Jojo (-1) to move (time left: 180.0 sec.):
     0     0     0     0     0     0     0     0
     0     0     0     0     0     0     0     0
     0     0     0     0     1    -1     0     0
     0     0    -1    -1    -1     0     0     0
     0     0     0    -1     1     0     0     0
     0     0     0     0     0     0     0     0
     0     0     0     0     0     0     0     0
     0     0     0     0     0     0     0     0

MiniMaxPlayer (1) to move (time left: 179.9 sec.):
     0     0     0     0     0     0     0     0
     0     0     0     0     0     0     0     0
     0     0     0     0     1    -1     0     0
     0     0    -1     1    -1     0     0     0
     0     0     1     1     1     0     0     0
     0     0     0     0     0     0     0     0
     0     0     0     0     0     0     0     0
     0     0     0     0     0     0     0     0

Jojo (-1) to move (time left: 179.9 sec.):
     0     0     0     0     0     0     0     0
     0     0     0     0     0     0     0     0
     0     0     0     0     1    -1     0     0
     0     0    -1     1    -1     0     0     0
     0     0    -1    -1     1     0     0     0
     0     0    -1     0     0     0     0     0
     0     0     0     0     0     0     0     0
     0     0     0     0     0     0     0     0

MiniMaxPlayer (1) to move (time left: 179.8 sec.):
     0     0     0     0     0     0     0     0
     0     0     0     0     0     0     0     0
     0     0     0     0     1    -1     0     0
     0     0    -1     1    -1     0     0     0
     0     1     1     1     1     0     0     0
     0     0    -1     0     0     0     0     0
     0     0     0     0     0     0     0     0
     0     0     0     0     0     0     0     0

Jojo (-1) to move (time left: 179.7 sec.):
     0     0     0     0     0     0     0     0
     0     0     0     0     0     0     0     0
     0     0     0     0     1    -1     0     0
     0     0    -1     1    -1     0     0     0
     0     1     1    -1    -1     0     0     0
     0     0    -1     0    -1     0     0     0
     0     0     0     0     0     0     0     0
     0     0     0     0     0     0     0     0

MiniMaxPlayer (1) to move (time left: 179.7 sec.):
     0     0     0     0     0     0     0     0
     0     0     0     0     0     0     0     0
     0     0     0     0     1    -1     0     0
     0     0    -1     1    -1     0     0     0
     0     1     1    -1    -1     0     0     0
     0     0     1     0    -1     0     0     0
     0     0     0     1     0     0     0     0
     0     0     0     0     0     0     0     0

Jojo (-1) to move (time left: 179.2 sec.):
     0     0     0     0     0     0     0     0
     0     0     0     0     0     0     0     0
     0     0    -1     0     1    -1     0     0
     0     0    -1    -1    -1     0     0     0
     0     1     1    -1    -1     0     0     0
     0     0     1     0    -1     0     0     0
     0     0     0     1     0     0     0     0
     0     0     0     0     0     0     0     0

MiniMaxPlayer (1) to move (time left: 179.4 sec.):
     0     0     0     0     0     0     0     0
     0     0     0     0     0     0     0     0
     0     0    -1     0     1    -1     0     0
     0     0    -1    -1     1     0     0     0
     0     1     1    -1     1     0     0     0
     0     0     1     0     1     0     0     0
     0     0     0     1     1     0     0     0
     0     0     0     0     0     0     0     0

Jojo (-1) to move (time left: 178.4 sec.):
     0     0     0     0     0     0     0     0
     0     0     0     0     0     0     0     0
     0     0    -1     0     1    -1     0     0
     0     0    -1    -1     1     0     0     0
     0    -1     1    -1     1     0     0     0
    -1     0     1     0     1     0     0     0
     0     0     0     1     1     0     0     0
     0     0     0     0     0     0     0     0

MiniMaxPlayer (1) to move (time left: 179.2 sec.):
     0     0     0     0     0     0     0     0
     0     0     0     0     0     0     0     0
     0     0    -1     0     1    -1     0     0
     1     0    -1    -1     1     0     0     0
     0     1     1    -1     1     0     0     0
    -1     0     1     0     1     0     0     0
     0     0     0     1     1     0     0     0
     0     0     0     0     0     0     0     0

Jojo (-1) to move (time left: 178.2 sec.):
     0     0     0     0     0     0     0     0
     0     0     0     0     0     0     0     0
     0     0    -1     0     1    -1     0     0
     1     0    -1    -1     1     0     0     0
     0     1     1    -1    -1    -1     0     0
    -1     0     1     0     1     0     0     0
     0     0     0     1     1     0     0     0
     0     0     0     0     0     0     0     0

MiniMaxPlayer (1) to move (time left: 179.0 sec.):
     0     0     0     0     0     0     0     0
     0     0     0     0     0     0     0     0
     0     0    -1     0     1    -1     0     0
     1     0    -1    -1     1     0     0     0
     0     1     1     1     1     1     1     0
    -1     0     1     0     1     0     0     0
     0     0     0     1     1     0     0     0
     0     0     0     0     0     0     0     0

Jojo (-1) to move (time left: 177.7 sec.):
     0     0     0     0     0     0     0     0
     0     0     0     0     0     0     0     0
     0     0    -1     0     1    -1     0     0
     1     0    -1    -1     1     0     0     0
     0     1     1    -1     1     1     1     0
    -1     0     1    -1     1     0     0     0
     0     0     0     1     1     0     0     0
     0     0     0     0     0     0     0     0

MiniMaxPlayer (1) to move (time left: 178.6 sec.):
     0     0     0     0     0     0     0     0
     0     0     0     0     0     0     0     0
     0     1    -1     0     1    -1     0     0
     1     0     1    -1     1     0     0     0
     0     1     1     1     1     1     1     0
    -1     0     1    -1     1     0     0     0
     0     0     0     1     1     0     0     0
     0     0     0     0     0     0     0     0

Jojo (-1) to move (time left: 177.2 sec.):
     0     0     0     0     0     0     0     0
     0     0     0     0     0     0     0     0
     0     1    -1     0     1    -1     0     0
     1     0     1    -1     1     0     0     0
     0     1     1     1     1     1     1     0
    -1     0     1    -1     1     0     0     0
     0     0     0     1    -1     0     0     0
     0     0     0     0     0    -1     0     0

MiniMaxPlayer (1) to move (time left: 178.4 sec.):
     0     0     0     0     0     0     0     0
     0     0     1     0     0     0     0     0
     0     1     1     0     1    -1     0     0
     1     0     1    -1     1     0     0     0
     0     1     1     1     1     1     1     0
    -1     0     1    -1     1     0     0     0
     0     0     0     1    -1     0     0     0
     0     0     0     0     0    -1     0     0

Jojo (-1) to move (time left: 176.9 sec.):
     0     0     0     0     0     0     0     0
     0     0     1     0     0     0     0     0
     0     1     1     0     1    -1     0     0
     1     0     1    -1    -1    -1     0     0
     0     1     1     1    -1     1     1     0
    -1     0     1    -1     1     0     0     0
     0     0     0     1    -1     0     0     0
     0     0     0     0     0    -1     0     0

MiniMaxPlayer (1) to move (time left: 178.2 sec.):
     0     0     0     0     0     0     0     0
     0     0     1     0     0     0     0     0
     0     1     1     0     1    -1     0     0
     1     0     1    -1    -1    -1     0     0
     0     1     1     1    -1     1     1     0
    -1     0     1    -1     1     0     0     0
     0     0     0     1     1     0     0     0
     0     0     0     0     1    -1     0     0

Jojo (-1) to move (time left: 176.5 sec.):
     0     0     0     0     0     0     0     0
     0     0     1     0     0     0     0     0
     0     1     1     0     1    -1     0     0
     1     0     1    -1    -1    -1     0     0
     0     1     1     1    -1     1     1     0
    -1     0     1    -1     1     0     0     0
     0     0     0    -1     1     0     0     0
     0     0     0    -1    -1    -1     0     0

MiniMaxPlayer (1) to move (time left: 177.9 sec.):
     0     0     0     0     0     0     0     0
     0     0     1     0     0     1     0     0
     0     1     1     0     1     1     0     0
     1     0     1    -1    -1     1     0     0
     0     1     1     1    -1     1     1     0
    -1     0     1    -1     1     0     0     0
     0     0     0    -1     1     0     0     0
     0     0     0    -1    -1    -1     0     0

Jojo (-1) to move (time left: 176.0 sec.):
     0     0     0     0     0     0     0     0
     0     0     1     0     0     1     0     0
     0     1     1     0     1     1     0     0
     1     0     1    -1    -1     1     0     0
     0     1     1     1    -1     1     1     0
    -1     0     1    -1     1     0     0     0
     0     0     0    -1    -1    -1     0     0
     0     0     0    -1    -1    -1     0     0

MiniMaxPlayer (1) to move (time left: 177.5 sec.):
     0     0     0     0     0     0     0     0
     0     0     1     0     0     1     0     0
     0     1     1     0     1     1     0     0
     1     0     1    -1    -1     1     0     0
     0     1     1     1     1     1     1     0
    -1     0     1     1     1     0     0     0
     0     0     1    -1    -1    -1     0     0
     0     0     0    -1    -1    -1     0     0

Jojo (-1) to move (time left: 175.7 sec.):
     0     0     0     0     0     0     0     0
     0     0     1     0     0     1     0     0
     0     1     1     0     1     1     0     0
     1     0     1    -1    -1     1     0     0
     0     1     1     1    -1     1     1     0
    -1     0     1     1     1    -1     0     0
     0     0     1    -1    -1    -1     0     0
     0     0     0    -1    -1    -1     0     0

MiniMaxPlayer (1) to move (time left: 177.3 sec.):
     0     0     0     0     0     0     0     0
     0     0     1     0     0     1     0     0
     0     1     1     1     1     1     0     0
     1     0     1     1     1     1     0     0
     0     1     1     1    -1     1     1     0
    -1     0     1     1     1    -1     0     0
     0     0     1    -1    -1    -1     0     0
     0     0     0    -1    -1    -1     0     0

Jojo (-1) to move (time left: 175.5 sec.):
     0     0     0     0     0    -1     0     0
     0     0     1     0     0    -1     0     0
     0     1     1     1     1    -1     0     0
     1     0     1     1     1    -1     0     0
     0     1     1     1    -1    -1     1     0
    -1     0     1     1     1    -1     0     0
     0     0     1    -1    -1    -1     0     0
     0     0     0    -1    -1    -1     0     0

MiniMaxPlayer (1) to move (time left: 177.1 sec.):
     0     0     0     0     0    -1     0     0
     0     0     1     0     0    -1     0     0
     0     1     1     1     1     1     1     0
     1     0     1     1     1     1     0     0
     0     1     1     1     1    -1     1     0
    -1     0     1     1     1    -1     0     0
     0     0     1    -1    -1    -1     0     0
     0     0     0    -1    -1    -1     0     0

Jojo (-1) to move (time left: 175.1 sec.):
     0     0     0     0     0    -1     0     0
     0     0     1    -1     0    -1     0     0
     0     1     1    -1     1     1     1     0
     1     0     1    -1     1     1     0     0
     0     1     1    -1     1    -1     1     0
    -1     0     1    -1     1    -1     0     0
     0     0     1    -1    -1    -1     0     0
     0     0     0    -1    -1    -1     0     0

MiniMaxPlayer (1) to move (time left: 176.8 sec.):
     0     0     0     0     1    -1     0     0
     0     0     1     1     0     1     0     0
     0     1     1    -1     1     1     1     0
     1     0     1    -1     1     1     0     0
     0     1     1    -1     1    -1     1     0
    -1     0     1    -1     1    -1     0     0
     0     0     1    -1    -1    -1     0     0
     0     0     0    -1    -1    -1     0     0

Jojo (-1) to move (time left: 174.5 sec.):
     0     0     0    -1    -1    -1     0     0
     0     0     1    -1     0     1     0     0
     0     1     1    -1     1     1     1     0
     1     0     1    -1     1     1     0     0
     0     1     1    -1     1    -1     1     0
    -1     0     1    -1     1    -1     0     0
     0     0     1    -1    -1    -1     0     0
     0     0     0    -1    -1    -1     0     0

MiniMaxPlayer (1) to move (time left: 176.2 sec.):
     0     0     1    -1    -1    -1     0     0
     0     0     1     1     0     1     0     0
     0     1     1    -1     1     1     1     0
     1     0     1    -1     1     1     0     0
     0     1     1    -1     1    -1     1     0
    -1     0     1    -1     1    -1     0     0
     0     0     1    -1    -1    -1     0     0
     0     0     0    -1    -1    -1     0     0

Jojo (-1) to move (time left: 174.1 sec.):
     0     0     1    -1    -1    -1     0     0
     0     0     1     1     0     1     0     0
    -1    -1    -1    -1     1     1     1     0
     1     0     1    -1     1     1     0     0
     0     1     1    -1     1    -1     1     0
    -1     0     1    -1     1    -1     0     0
     0     0     1    -1    -1    -1     0     0
     0     0     0    -1    -1    -1     0     0

MiniMaxPlayer (1) to move (time left: 175.9 sec.):
     0     0     1    -1    -1    -1     0     0
     0     0     1     1     0     1     0     0
    -1    -1    -1    -1     1     1     1     0
     1     0     1    -1     1     1     0     0
     0     1     1    -1     1    -1     1     0
    -1     0     1    -1     1    -1     0     0
     0     0     1     1    -1    -1     0     0
     0     0     1    -1    -1    -1     0     0

Jojo (-1) to move (time left: 173.7 sec.):
     0     0     1    -1    -1    -1     0     0
     0     0     1     1     0     1     0     0
    -1    -1    -1    -1    -1    -1    -1    -1
     1     0     1    -1     1     1     0     0
     0     1     1    -1     1    -1     1     0
    -1     0     1    -1     1    -1     0     0
     0     0     1     1    -1    -1     0     0
     0     0     1    -1    -1    -1     0     0

MiniMaxPlayer (1) to move (time left: 175.4 sec.):
     0     0     1    -1    -1    -1     0     0
     0     0     1     1     1     1     0     0
    -1    -1    -1     1     1    -1    -1    -1
     1     0     1    -1     1     1     0     0
     0     1     1    -1     1    -1     1     0
    -1     0     1    -1     1    -1     0     0
     0     0     1     1    -1    -1     0     0
     0     0     1    -1    -1    -1     0     0

Jojo (-1) to move (time left: 173.1 sec.):
     0     0     1    -1    -1    -1     0     0
     0     0     1     1     1     1     0     0
    -1    -1    -1     1     1    -1    -1    -1
     1     0     1    -1     1     1     0     0
     0     1    -1    -1     1    -1     1     0
    -1    -1    -1    -1     1    -1     0     0
     0     0    -1     1    -1    -1     0     0
     0     0     1    -1    -1    -1     0     0

MiniMaxPlayer (1) to move (time left: 174.9 sec.):
     0     0     1    -1    -1    -1     0     0
     0     0     1     1     1     1     0     0
    -1    -1    -1     1     1    -1     1    -1
     1     0     1    -1     1     1     0     1
     0     1    -1    -1     1    -1     1     0
    -1    -1    -1    -1     1    -1     0     0
     0     0    -1     1    -1    -1     0     0
     0     0     1    -1    -1    -1     0     0

Jojo (-1) to move (time left: 172.1 sec.):
     0     0     1    -1    -1    -1     0     0
     0     0     1     1     1     1     0     0
    -1    -1    -1     1     1    -1     1    -1
    -1     0     1    -1     1     1     0     1
    -1    -1    -1    -1     1    -1     1     0
    -1    -1    -1    -1     1    -1     0     0
     0     0    -1     1    -1    -1     0     0
     0     0     1    -1    -1    -1     0     0

MiniMaxPlayer (1) to move (time left: 174.5 sec.):
     0     0     1    -1    -1    -1     0     0
     0     0     1     1     1     1     0     0
    -1    -1     1     1     1    -1     1    -1
    -1     1     1    -1     1     1     0     1
    -1    -1    -1    -1     1    -1     1     0
    -1    -1    -1    -1     1    -1     0     0
     0     0    -1     1    -1    -1     0     0
     0     0     1    -1    -1    -1     0     0

Jojo (-1) to move (time left: 171.7 sec.):
     0     0     1    -1    -1    -1     0     0
     0     0     1     1     1     1     0     0
    -1    -1     1     1     1    -1     1    -1
    -1     1     1    -1    -1    -1    -1     1
    -1    -1    -1    -1     1    -1     1     0
    -1    -1    -1    -1     1    -1     0     0
     0     0    -1     1    -1    -1     0     0
     0     0     1    -1    -1    -1     0     0

MiniMaxPlayer (1) to move (time left: 174.1 sec.):
     0     0     1    -1    -1    -1     0     0
     0     0     1     1     1     1     0     0
    -1    -1     1     1     1    -1     1    -1
    -1     1     1    -1     1    -1    -1     1
    -1    -1    -1    -1     1     1     1     0
    -1    -1    -1    -1     1     1     1     0
     0     0    -1     1    -1    -1     0     0
     0     0     1    -1    -1    -1     0     0

Jojo (-1) to move (time left: 171.3 sec.):
     0     0     1    -1    -1    -1     0     0
     0     0     1     1     1     1     0     0
    -1    -1     1     1     1    -1     1    -1
    -1     1     1    -1     1    -1    -1    -1
    -1    -1    -1    -1    -1    -1    -1    -1
    -1    -1    -1    -1     1     1    -1     0
     0     0    -1     1    -1    -1     0     0
     0     0     1    -1    -1    -1     0     0

MiniMaxPlayer (1) to move (time left: 173.8 sec.):
     0     0     1    -1    -1    -1     0     0
     0     0     1     1     1     1     0     0
    -1    -1     1     1     1    -1     1    -1
    -1     1     1    -1     1    -1    -1    -1
    -1    -1    -1    -1    -1    -1    -1    -1
    -1    -1    -1    -1     1     1    -1     0
     0     0    -1     1    -1     1     0     0
     0     0     1     1     1     1     1     0

Jojo (-1) to move (time left: 171.0 sec.):
     0    -1    -1    -1    -1    -1     0     0
     0     0    -1     1     1     1     0     0
    -1    -1     1    -1     1    -1     1    -1
    -1     1     1    -1    -1    -1    -1    -1
    -1    -1    -1    -1    -1    -1    -1    -1
    -1    -1    -1    -1     1     1    -1     0
     0     0    -1     1    -1     1     0     0
     0     0     1     1     1     1     1     0

MiniMaxPlayer (1) to move (time left: 173.6 sec.):
     0    -1    -1    -1    -1    -1     0     0
     0     0    -1     1     1     1     0     0
    -1    -1     1    -1     1    -1     1    -1
    -1     1     1    -1    -1     1    -1    -1
    -1    -1    -1    -1    -1    -1     1    -1
    -1    -1    -1    -1     1     1     1     1
     0     0    -1     1    -1     1     0     0
     0     0     1     1     1     1     1     0

Jojo (-1) to move (time left: 170.9 sec.):
     0    -1    -1    -1    -1    -1     0     0
     0     0    -1     1     1     1     0     0
    -1    -1     1    -1     1    -1     1    -1
    -1     1     1    -1    -1     1    -1    -1
    -1    -1    -1    -1    -1    -1     1    -1
    -1    -1    -1    -1     1     1    -1    -1
     0     0    -1     1    -1     1     0    -1
     0     0     1     1     1     1     1     0

MiniMaxPlayer (1) to move (time left: 173.4 sec.):
     0    -1    -1    -1    -1    -1     0     0
     0     0    -1     1     1     1     0     0
    -1    -1     1    -1     1    -1     1    -1
    -1     1     1    -1    -1     1    -1    -1
    -1    -1    -1    -1     1    -1     1    -1
    -1    -1    -1     1     1     1    -1    -1
     0     0     1     1    -1     1     0    -1
     0     1     1     1     1     1     1     0

Jojo (-1) to move (time left: 170.8 sec.):
     0    -1    -1    -1    -1    -1     0     0
     0     0    -1     1     1     1     0     0
    -1    -1     1    -1     1    -1     1    -1
    -1     1     1    -1    -1     1    -1    -1
    -1    -1    -1    -1     1    -1     1    -1
    -1    -1    -1     1     1     1    -1    -1
     0    -1    -1    -1    -1     1     0    -1
     0     1     1     1     1     1     1     0

MiniMaxPlayer (1) to move (time left: 173.3 sec.):
     0    -1    -1    -1    -1    -1     0     0
     0     0    -1     1     1     1     0     0
    -1    -1     1    -1     1    -1     1    -1
    -1     1     1     1    -1     1    -1    -1
    -1    -1     1    -1     1    -1     1    -1
    -1     1    -1     1     1     1    -1    -1
     1     1     1     1     1     1     0    -1
     0     1     1     1     1     1     1     0

Jojo (-1) to move (time left: 170.8 sec.):
     0    -1    -1    -1    -1    -1     0     0
     0     0    -1     1     1     1     0     0
    -1    -1     1    -1     1    -1     1    -1
    -1     1     1     1    -1     1    -1    -1
    -1    -1     1    -1     1    -1     1    -1
    -1     1    -1     1     1     1    -1    -1
    -1    -1     1     1     1     1     0    -1
    -1     1     1     1     1     1     1     0

MiniMaxPlayer (1) to move (time left: 173.2 sec.):
     0    -1    -1    -1    -1    -1     0     0
     1     0    -1     1     1     1     0     0
    -1     1     1    -1     1    -1     1    -1
    -1     1     1     1    -1     1    -1    -1
    -1    -1     1    -1     1    -1     1    -1
    -1     1    -1     1     1     1    -1    -1
    -1    -1     1     1     1     1     0    -1
    -1     1     1     1     1     1     1     0

Jojo (-1) to move (time left: 170.7 sec.):
     0    -1    -1    -1    -1    -1     0     0
     1     0    -1     1     1     1     0     0
    -1     1     1    -1     1    -1     1    -1
    -1     1     1     1    -1     1    -1    -1
    -1    -1     1    -1     1    -1     1    -1
    -1     1    -1     1     1     1    -1    -1
    -1    -1     1     1     1     1     0    -1
    -1    -1    -1    -1    -1    -1    -1    -1

MiniMaxPlayer (1) to move (time left: 173.1 sec.):
     0    -1    -1    -1    -1    -1     0     0
     1     1     1     1     1     1     0     0
    -1     1     1    -1     1    -1     1    -1
    -1     1     1     1    -1     1    -1    -1
    -1    -1     1    -1     1    -1     1    -1
    -1     1    -1     1     1     1    -1    -1
    -1    -1     1     1     1     1     0    -1
    -1    -1    -1    -1    -1    -1    -1    -1

Jojo (-1) to move (time left: 170.7 sec.):
     0    -1    -1    -1    -1    -1     0     0
     1     1     1     1     1     1     0     0
    -1     1     1    -1     1    -1     1    -1
    -1     1     1     1    -1     1    -1    -1
    -1    -1     1    -1     1    -1     1    -1
    -1     1    -1     1     1     1    -1    -1
    -1    -1    -1    -1    -1    -1    -1    -1
    -1    -1    -1    -1    -1    -1    -1    -1

MiniMaxPlayer (1) to move (time left: 173.0 sec.):
     0    -1    -1    -1    -1    -1     0     0
     1     1     1     1     1     1     0     0
    -1     1     1    -1     1    -1     1    -1
    -1     1     1     1    -1     1    -1    -1
    -1    -1     1    -1     1    -1     1    -1
    -1     1    -1     1     1     1    -1    -1
    -1    -1    -1    -1    -1    -1    -1    -1
    -1    -1    -1    -1    -1    -1    -1    -1

Jojo (-1) to move (time left: 170.7 sec.):
    -1    -1    -1    -1    -1    -1     0     0
    -1    -1     1     1     1     1     0     0
    -1     1    -1    -1     1    -1     1    -1
    -1     1     1    -1    -1     1    -1    -1
    -1    -1     1    -1    -1    -1     1    -1
    -1     1    -1     1     1    -1    -1    -1
    -1    -1    -1    -1    -1    -1    -1    -1
    -1    -1    -1    -1    -1    -1    -1    -1

MiniMaxPlayer (1) to move (time left: 173.0 sec.):
    -1    -1    -1    -1    -1    -1     0     0
    -1    -1     1     1     1     1     0     0
    -1     1    -1    -1     1    -1     1    -1
    -1     1     1    -1    -1     1    -1    -1
    -1    -1     1    -1    -1    -1     1    -1
    -1     1    -1     1     1    -1    -1    -1
    -1    -1    -1    -1    -1    -1    -1    -1
    -1    -1    -1    -1    -1    -1    -1    -1

Jojo (-1) to move (time left: 170.7 sec.):
    -1    -1    -1    -1    -1    -1    -1     0
    -1    -1     1     1     1    -1     0     0
    -1     1    -1    -1    -1    -1     1    -1
    -1     1     1    -1    -1     1    -1    -1
    -1    -1     1    -1    -1    -1     1    -1
    -1     1    -1     1     1    -1    -1    -1
    -1    -1    -1    -1    -1    -1    -1    -1
    -1    -1    -1    -1    -1    -1    -1    -1

MiniMaxPlayer (1) to move (time left: 172.9 sec.):
    -1    -1    -1    -1    -1    -1    -1     0
    -1    -1     1     1     1     1     1     0
    -1     1    -1    -1    -1    -1     1    -1
    -1     1     1    -1    -1     1    -1    -1
    -1    -1     1    -1    -1    -1     1    -1
    -1     1    -1     1     1    -1    -1    -1
    -1    -1    -1    -1    -1    -1    -1    -1
    -1    -1    -1    -1    -1    -1    -1    -1

Jojo (-1) to move (time left: 170.7 sec.):
    -1    -1    -1    -1    -1    -1    -1     0
    -1    -1    -1    -1    -1    -1    -1    -1
    -1     1    -1    -1    -1    -1    -1    -1
    -1     1     1    -1    -1    -1    -1    -1
    -1    -1     1    -1    -1    -1     1    -1
    -1     1    -1     1     1    -1    -1    -1
    -1    -1    -1    -1    -1    -1    -1    -1
    -1    -1    -1    -1    -1    -1    -1    -1

Game over.
