Jojo against MiniMaxPlayer:
     0     0     0     0     0     0     0     0
     0     0     0     0     0     0     0     0
     0     0     0     0     0     0     0     0
     0     0     0     1    -1     0     0     0
     0     0     0    -1     1     0     0     0
     0     0     0     0     0     0     0     0
     0     0     0     0     0     0     0     0
     0     0     0     0     0     0     0     0

MiniMaxPlayer (-1) to move (time left: 180.0 sec.):
     0     0     0     0     0     0     0     0
     0     0     0     0     0     0     0     0
     0     0     0     0     0     0     0     0
     0     0    -1    -1    -1     0     0     0
     0     0     0    -1     1     0     0     0
     0     0     0     0     0     0     0     0
     0     0     0     0     0     0     0     0
     0     0     0     0     0     0     0     0

Jojo (1) to move (time left: 180.0 sec.):
     0     0     0     0     0     0     0     0
     0     0     0     0     0     0     0     0
     0     0     1     0     0     0     0     0
     0     0    -1     1    -1     0     0     0
     0     0     0    -1     1     0     0     0
     0     0     0     0     0     0     0     0
     0     0     0     0     0     0     0     0
     0     0     0     0     0     0     0     0

MiniMaxPlayer (-1) to move (time left: 179.9 sec.):
     0     0     0     0     0     0     0     0
     0     0    -1     0     0     0     0     0
     0     0    -1     0     0     0     0     0
     0     0    -1     1    -1     0     0     0
     0     0     0    -1     1     0     0     0
     0     0     0     0     0     0     0     0
     0     0     0     0     0     0     0     0
     0     0     0     0     0     0     0     0

Jojo (1) to move (time left: 180.0 sec.):
     0     0     0     0     0     0     0     0
     0     1    -1     0     0     0     0     0
     0     0     1     0     0     0     0     0
     0     0    -1     1    -1     0     0     0
     0     0     0    -1     1     0     0     0
     0     0     0     0     0     0     0     0
     0     0     0     0     0     0     0     0
     0     0     0     0     0     0     0     0

MiniMaxPlayer (-1) to move (time left: 179.8 sec.):
     0     0     0     0     0     0     0     0
     0     1    -1     0     0     0     0     0
     0     0     1    -1     0     0     0     0
     0     0    -1    -1    -1     0     0     0
     0     0     0    -1     1     0     0     0
     0     0     0     0     0     0     0     0
     0     0     0     0     0     0     0     0
     0     0     0     0     0     0     0     0

Jojo (1) to move (time left: 179.9 sec.):
     0     0     1     0     0     0     0     0
     0     1     1     0     0     0     0     0
     0     0     1    -1     0     0     0     0
     0     0    -1    -1    -1     0     0     0
     0     0     0    -1     1     0     0     0
     0     0     0     0     0     0     0     0
     0     0     0     0     0     0     0     0
     0     0     0     0     0     0     0     0

MiniMaxPlayer (-1) to move (time left: 179.7 sec.):
     0     0     1     0     0     0     0     0
     0     1     1     0     0     0     0     0
     0     0     1    -1     0     0     0     0
     0     0    -1    -1    -1     0     0     0
     0     0     0    -1    -1     0     0     0
     0     0     0     0     0    -1     0     0
     0     0     0     0     0     0     0     0
     0     0     0     0     0     0     0     0

Jojo (1) to move (time left: 179.9 sec.):
     0     0     1     0     0     0     0     0
     0     1     1     0     0     0     0     0
     0     0     1    -1     0     0     0     0
     0     0     1    -1    -1     0     0     0
     0     0     1    -1    -1     0     0     0
     0     0     0     0     0    -1     0     0
     0     0     0     0     0     0     0     0
     0     0     0     0     0     0     0     0

MiniMaxPlayer (-1) to move (time left: 179.6 sec.):
     0     0     1     0     0     0     0     0
     0     1     1     0     0     0     0     0
     0     0     1    -1     0     0     0     0
     0     0    -1    -1    -1     0     0     0
     0    -1    -1    -1    -1     0     0     0
     0     0     0     0     0    -1     0     0
     0     0     0     0     0     0     0     0
     0     0     0     0     0     0     0     0

Jojo (1) to move (time left: 179.8 sec.):
     0     0     1     0     0     0     0     0
     0     1     1     0     0     0     0     0
     0     0     1     1     0     0     0     0
     0     0    -1    -1     1     0     0     0
     0    -1    -1    -1    -1     1     0     0
     0     0     0     0     0    -1     0     0
     0     0     0     0     0     0     0     0
     0     0     0     0     0     0     0     0

MiniMaxPlayer (-1) to move (time left: 179.4 sec.):
     0     0     1     0     0     0     0     0
     0     1     1     0     0     0     0     0
     0     0     1     1     0     0     0     0
     0     0    -1    -1    -1    -1     0     0
     0    -1    -1    -1    -1    -1     0     0
     0     0     0     0     0    -1     0     0
     0     0     0     0     0     0     0     0
     0     0     0     0     0     0     0     0

Jojo (1) to move (time left: 179.6 sec.):
     0     0     1     0     0     0     0     0
     0     1     1     0     0     0     0     0
     0     0     1     1     0     0     0     0
     0     0    -1     1    -1    -1     0     0
     0    -1    -1     1    -1    -1     0     0
     0     0     0     1     0    -1     0     0
     0     0     0     0     0     0     0     0
     0     0     0     0     0     0     0     0

MiniMaxPlayer (-1) to move (time left: 179.2 sec.):
     0     0     1     0     0     0     0     0
     0     1     1     0     0     0     0     0
     0     0     1     1     0     0     0     0
     0     0    -1     1    -1    -1     0     0
     0    -1    -1     1    -1    -1     0     0
     0     0     0    -1     0    -1     0     0
     0     0    -1     0     0     0     0     0
     0     0     0     0     0     0     0     0

Jojo (1) to move (time left: 179.2 sec.):
     0     0     1     0     0     0     0     0
     0     1     1     0     0     0     0     0
     0     0     1     1     0     0     0     0
     0     0     1     1    -1    -1     0     0
     0    -1     1     1    -1    -1     0     0
     0     0     1    -1     0    -1     0     0
     0     0    -1     0     0     0     0     0
     0     0     0     0     0     0     0     0

MiniMaxPlayer (-1) to move (time left: 179.0 sec.):
     0     0     1     0     0     0     0     0
     0     1     1     0     0     0     0     0
     0     0     1     1     0     0     0     0
     0    -1    -1    -1    -1    -1     0     0
     0    -1    -1     1    -1    -1     0     0
     0     0     1    -1     0    -1     0     0
     0     0    -1     0     0     0     0     0
     0     0     0     0     0     0     0     0

Jojo (1) to move (time left: 178.7 sec.):
     0     0     1     0     0     0     0     0
     0     1     1     0     0     0     0     0
     0     0     1     1     0     0     0     0
     0    -1     1    -1    -1    -1     0     0
     0     1    -1     1    -1    -1     0     0
     1     0     1    -1     0    -1     0     0
     0     0    -1     0     0     0     0     0
     0     0     0     0     0     0     0     0

MiniMaxPlayer (-1) to move (time left: 178.7 sec.):
     0     0     1     0     0     0     0     0
     0     1     1    -1     0     0     0     0
     0     0    -1    -1     0     0     0     0
     0    -1     1    -1    -1    -1     0     0
     0     1    -1     1    -1    -1     0     0
     1     0     1    -1     0    -1     0     0
     0     0    -1     0     0     0     0     0
     0     0     0     0     0     0     0     0

Jojo (1) to move (time left: 178.3 sec.):
     0     0     1     0     0     0     0     0
     0     1     1    -1     0     0     0     0
     0     0    -1    -1     0     0     0     0
     0    -1     1    -1    -1    -1     0     0
     0     1    -1     1    -1    -1     0     0
     1     0     1    -1     0    -1     0     0
     0     0     1     0     0     0     0     0
     0     0     1     0     0     0     0     0

MiniMaxPlayer (-1) to move (time left: 178.5 sec.):
     0     0     1     0     0     0     0     0
     0     1     1    -1     0     0     0     0
     0     0    -1    -1     0     0     0     0
     0    -1     1    -1    -1    -1     0     0
    -1    -1    -1     1    -1    -1     0     0
     1     0     1    -1     0    -1     0     0
     0     0     1     0     0     0     0     0
     0     0     1     0     0     0     0     0

Jojo (1) to move (time left: 178.1 sec.):
     0     0     1     0     0     0     0     0
     0     1     1    -1     0     0     0     0
     0     0    -1    -1     0     1     0     0
     0    -1     1    -1     1    -1     0     0
    -1    -1    -1     1    -1    -1     0     0
     1     0     1    -1     0    -1     0     0
     0     0     1     0     0     0     0     0
     0     0     1     0     0     0     0     0

MiniMaxPlayer (-1) to move (time left: 178.2 sec.):
     0     0     1     0     0     0     0     0
     0     1     1    -1     0     0     0     0
     0     0    -1    -1     0     1     0     0
     0    -1     1    -1     1    -1     0     0
    -1    -1    -1     1    -1    -1     0     0
     1     0    -1    -1     0    -1     0     0
     0     0     1    -1     0     0     0     0
     0     0     1     0     0     0     0     0

Jojo (1) to move (time left: 177.4 sec.):
     0     0     1     0     0     0     0     0
     0     1     1    -1     0     0     0     0
     0     0    -1    -1     0     1     0     0
     1     1     1    -1     1    -1     0     0
     1    -1    -1     1    -1    -1     0     0
     1     0    -1    -1     0    -1     0     0
     0     0     1    -1     0     0     0     0
     0     0     1     0     0     0     0     0

MiniMaxPlayer (-1) to move (time left: 177.9 sec.):
     0     0     1     0     0     0     0     0
     0     1     1    -1     0     0     0     0
    -1     0    -1    -1     0     1     0     0
     1    -1     1    -1     1    -1     0     0
     1    -1    -1     1    -1    -1     0     0
     1     0    -1    -1     0    -1     0     0
     0     0     1    -1     0     0     0     0
     0     0     1     0     0     0     0     0

Jojo (1) to move (time left: 177.0 sec.):
     0     0     1     0     0     0     0     0
     1     1     1    -1     0     0     0     0
     1     0    -1    -1     0     1     0     0
     1    -1     1    -1     1    -1     0     0
     1    -1    -1     1    -1    -1     0     0
     1     0    -1    -1     0    -1     0     0
     0     0     1    -1     0     0     0     0
     0     0     1     0     0     0     0     0

MiniMaxPlayer (-1) to move (time left: 177.4 sec.):
     0     0     1     0     0     0     0     0
     1     1     1    -1     0    -1     0     0
     1     0    -1    -1     0    -1     0     0
     1    -1     1    -1     1    -1     0     0
     1    -1    -1     1    -1    -1     0     0
     1     0    -1    -1     0    -1     0     0
     0     0     1    -1     0     0     0     0
     0     0     1     0     0     0     0     0

Jojo (1) to move (time left: 176.9 sec.):
     0     0     1     0     0     0     0     0
     1     1     1    -1     0    -1     0     0
     1     0    -1    -1     0    -1     0     0
     1    -1     1    -1     1    -1     0     0
     1    -1    -1     1     1    -1     0     0
     1     0    -1    -1     1    -1     0     0
     0     0     1     1     0     0     0     0
     0     0     1     0     0     0     0     0

MiniMaxPlayer (-1) to move (time left: 177.1 sec.):
    -1     0     1     0     0     0     0     0
     1    -1     1    -1     0    -1     0     0
     1     0    -1    -1     0    -1     0     0
     1    -1     1    -1     1    -1     0     0
     1    -1    -1     1     1    -1     0     0
     1     0    -1    -1     1    -1     0     0
     0     0     1     1     0     0     0     0
     0     0     1     0     0     0     0     0

Jojo (1) to move (time left: 176.7 sec.):
    -1     0     1     0     0     0     0     0
     1    -1     1     1     0    -1     0     0
     1     0    -1    -1     1    -1     0     0
     1    -1     1    -1     1    -1     0     0
     1    -1    -1     1     1    -1     0     0
     1     0    -1    -1     1    -1     0     0
     0     0     1     1     0     0     0     0
     0     0     1     0     0     0     0     0

MiniMaxPlayer (-1) to move (time left: 176.9 sec.):
    -1     0     1     0     0     0     0     0
     1    -1    -1    -1    -1    -1     0     0
     1     0    -1    -1     1    -1     0     0
     1    -1     1    -1     1    -1     0     0
     1    -1    -1     1     1    -1     0     0
     1     0    -1    -1     1    -1     0     0
     0     0     1     1     0     0     0     0
     0     0     1     0     0     0     0     0

Jojo (1) to move (time left: 176.4 sec.):
    -1     0     1     0     0     0     0     0
     1    -1    -1    -1    -1    -1     0     0
     1     1     1     1     1    -1     0     0
     1    -1     1    -1     1    -1     0     0
     1    -1    -1     1     1    -1     0     0
     1     0    -1    -1     1    -1     0     0
     0     0     1     1     0     0     0     0
     0     0     1     0     0     0     0     0

MiniMaxPlayer (-1) to move (time left: 176.6 sec.):
    -1     0     1     0     0     0     0     0
     1    -1    -1    -1    -1    -1     0     0
     1     1     1     1    -1    -1     0     0
     1    -1     1    -1    -1    -1     0     0
     1    -1    -1     1    -1    -1     0     0
     1     0    -1    -1    -1    -1     0     0
     0     0     1     1    -1     0     0     0
     0     0     1     0     0     0     0     0

Jojo (1) to move (time left: 176.3 sec.):
    -1     0     1     0     0     1     0     0
     1    -1    -1    -1     1    -1     0     0
     1     1     1     1    -1    -1     0     0
     1    -1     1    -1    -1    -1     0     0
     1    -1    -1     1    -1    -1     0     0
     1     0    -1    -1    -1    -1     0     0
     0     0     1     1    -1     0     0     0
     0     0     1     0     0     0     0     0

MiniMaxPlayer (-1) to move (time left: 176.4 sec.):
    -1     0     1     0     0     1     0     0
     1    -1    -1    -1     1    -1     0     0
     1     1     1     1    -1    -1     0     0
     1    -1     1    -1    -1    -1     0     0
     1    -1    -1     1    -1    -1     0     0
     1     0    -1    -1    -1    -1     0     0
     0     0     1    -1    -1     0     0     0
     0     0     1     0    -1     0     0     0

Jojo (1) to move (time left: 176.1 sec.):
    -1     0     1     0     0     1     0     0
     1    -1    -1    -1     1    -1     0     0
     1     1     1     1    -1    -1     0     0
     1    -1     1    -1    -1    -1     0     0
     1    -1    -1     1    -1    -1     0     0
     1     0    -1     1    -1    -1     0     0
     0     0     1     1    -1     0     0     0
     0     0     1     1    -1     0     0     0

MiniMaxPlayer (-1) to move (time left: 176.1 sec.):
    -1     0     1     0     0     1     0     0
     1    -1    -1    -1     1    -1     0     0
     1     1     1     1    -1    -1     0     0
     1    -1     1    -1    -1    -1     0     0
     1    -1    -1     1    -1    -1     0     0
     1     0    -1    -1    -1    -1     0     0
     0     0    -1     1    -1     0     0     0
     0    -1    -1    -1    -1     0     0     0

Jojo (1) to move (time left: 176.1 sec.):
    -1     0     1     0     1     1     0     0
     1    -1    -1     1     1    -1     0     0
     1     1     1     1    -1    -1     0     0
     1    -1     1    -1    -1    -1     0     0
     1    -1    -1     1    -1    -1     0     0
     1     0    -1    -1    -1    -1     0     0
     0     0    -1     1    -1     0     0     0
     0    -1    -1    -1    -1     0     0     0

MiniMaxPlayer (-1) to move (time left: 176.0 sec.):
    -1     0     1    -1     1     1     0     0
     1    -1    -1    -1    -1    -1     0     0
     1     1     1    -1    -1    -1     0     0
     1    -1     1    -1    -1    -1     0     0
     1    -1    -1     1    -1    -1     0     0
     1     0    -1    -1    -1    -1     0     0
     0     0    -1     1    -1     0     0     0
     0    -1    -1    -1    -1     0     0     0

Jojo (1) to move (time left: 176.0 sec.):
    -1     0     1    -1     1     1     0     0
     1    -1    -1    -1    -1    -1     0     0
     1     1     1    -1    -1    -1     0     0
     1     1     1    -1    -1    -1     0     0
     1     1    -1     1    -1    -1     0     0
     1     1    -1    -1    -1    -1     0     0
     0     0    -1     1    -1     0     0     0
     0    -1    -1    -1    -1     0     0     0

MiniMaxPlayer (-1) to move (time left: 175.9 sec.):
    -1    -1    -1    -1     1     1     0     0
     1    -1    -1    -1    -1    -1     0     0
     1     1     1    -1    -1    -1     0     0
     1     1     1    -1    -1    -1     0     0
     1     1    -1     1    -1    -1     0     0
     1     1    -1    -1    -1    -1     0     0
     0     0    -1     1    -1     0     0     0
     0    -1    -1    -1    -1     0     0     0

Jojo (1) to move (time left: 175.9 sec.):
    -1    -1    -1    -1     1     1     0     0
     1    -1    -1    -1    -1    -1     0     0
     1     1     1    -1    -1    -1     0     0
     1     1     1    -1    -1    -1     0     0
     1     1     1     1    -1    -1     0     0
     1     1    -1     1    -1    -1     0     0
     0     0    -1     1     1     0     0     0
     0    -1    -1    -1    -1     1     0     0

MiniMaxPlayer (-1) to move (time left: 175.8 sec.):
    -1    -1    -1    -1     1     1     0     0
     1    -1    -1    -1    -1    -1     0     0
     1    -1     1    -1    -1    -1     0     0
     1    -1     1    -1    -1    -1     0     0
     1    -1     1     1    -1    -1     0     0
     1    -1    -1     1    -1    -1     0     0
     0    -1    -1     1     1     0     0     0
     0    -1    -1    -1    -1     1     0     0

Jojo (1) to move (time left: 175.8 sec.):
    -1    -1    -1    -1     1     1     0     0
     1    -1    -1    -1    -1    -1     0     0
     1    -1     1    -1    -1    -1     0     0
     1    -1     1    -1    -1    -1     0     0
     1    -1     1     1    -1    -1     0     0
     1    -1     1     1    -1    -1     0     0
     0     1    -1     1     1     0     0     0
     1     1     1     1     1     1     0     0

MiniMaxPlayer (-1) to move (time left: 175.6 sec.):
    -1    -1    -1    -1     1     1     0     0
     1    -1    -1    -1    -1    -1     0     0
     1    -1     1    -1    -1    -1     0     0
     1    -1     1    -1    -1    -1     0     0
     1    -1     1     1    -1    -1     0     0
     1    -1     1     1    -1    -1     0     0
     0     1    -1    -1    -1    -1     0     0
     1     1     1     1     1     1     0     0

Jojo (1) to move (time left: 175.7 sec.):
    -1    -1    -1    -1     1     1     0     0
     1    -1    -1    -1    -1    -1     0     0
     1    -1     1    -1    -1    -1     0     0
     1    -1     1    -1    -1    -1     0     0
     1    -1     1     1    -1    -1     0     0
     1     1     1     1    -1    -1     0     0
     1     1    -1    -1    -1    -1     0     0
     1     1     1     1     1     1     0     0

MiniMaxPlayer (-1) to move (time left: 175.5 sec.):
    -1    -1    -1    -1    -1    -1    -1     0
     1    -1    -1    -1    -1    -1     0     0
     1    -1     1    -1    -1    -1     0     0
     1    -1     1    -1    -1    -1     0     0
     1    -1     1     1    -1    -1     0     0
     1     1     1     1    -1    -1     0     0
     1     1    -1    -1    -1    -1     0     0
     1     1     1     1     1     1     0     0

Jojo (1) to move (time left: 175.7 sec.):
    -1    -1    -1    -1    -1    -1    -1     0
     1    -1    -1    -1    -1    -1     0     0
     1    -1     1    -1    -1    -1     0     0
     1    -1     1     1     1     1     1     0
     1    -1     1     1    -1     1     0     0
     1     1     1     1     1    -1     0     0
     1     1    -1     1    -1    -1     0     0
     1     1     1     1     1     1     0     0

MiniMaxPlayer (-1) to move (time left: 175.4 sec.):
    -1    -1    -1    -1    -1    -1    -1     0
     1    -1    -1    -1    -1    -1     0     0
     1    -1     1    -1    -1    -1     0     0
     1    -1    -1    -1    -1    -1    -1    -1
     1    -1     1     1    -1     1     0     0
     1     1     1     1     1    -1     0     0
     1     1    -1     1    -1    -1     0     0
     1     1     1     1     1     1     0     0

Jojo (1) to move (time left: 175.7 sec.):
    -1    -1    -1    -1    -1    -1    -1     0
     1    -1    -1    -1    -1    -1     0     0
     1    -1     1    -1    -1    -1     0     1
     1    -1    -1    -1    -1    -1     1    -1
     1    -1     1     1    -1     1     0     0
     1     1     1     1     1    -1     0     0
     1     1    -1     1    -1    -1     0     0
     1     1     1     1     1     1     0     0

MiniMaxPlayer (-1) to move (time left: 175.3 sec.):
    -1    -1    -1    -1    -1    -1    -1     0
     1    -1    -1    -1    -1    -1     0     0
     1    -1     1    -1    -1    -1     0     1
     1    -1    -1    -1    -1    -1     1    -1
     1    -1     1     1    -1    -1     0     0
     1     1     1     1     1    -1    -1     0
     1     1    -1     1    -1    -1     0     0
     1     1     1     1     1     1     0     0

Jojo (1) to move (time left: 175.6 sec.):
    -1    -1    -1    -1    -1    -1    -1     0
     1    -1    -1    -1    -1    -1     0     0
     1    -1     1    -1    -1    -1     0     1
     1    -1    -1    -1    -1    -1     1     1
     1    -1     1     1    -1    -1     0     1
     1     1     1     1     1    -1     1     0
     1     1    -1     1    -1     1     0     0
     1     1     1     1     1     1     0     0

MiniMaxPlayer (-1) to move (time left: 175.2 sec.):
    -1    -1    -1    -1    -1    -1    -1     0
     1    -1    -1    -1    -1    -1     0     0
     1    -1     1    -1    -1    -1     0     1
     1    -1    -1    -1    -1    -1     1     1
     1    -1     1     1    -1    -1     0     1
     1     1     1     1     1    -1    -1    -1
     1     1    -1     1    -1     1     0     0
     1     1     1     1     1     1     0     0

Jojo (1) to move (time left: 175.6 sec.):
    -1    -1    -1    -1    -1    -1    -1     0
     1    -1    -1    -1    -1    -1     0     0
     1    -1     1    -1    -1    -1     0     1
     1    -1    -1    -1    -1    -1     1     1
     1    -1     1     1    -1    -1     0     1
     1     1     1     1     1    -1    -1     1
     1     1    -1     1    -1     1     0     1
     1     1     1     1     1     1     0     0

MiniMaxPlayer (-1) to move (time left: 175.1 sec.):
    -1    -1    -1    -1    -1    -1    -1     0
     1    -1    -1    -1    -1    -1     0     0
     1    -1     1    -1    -1    -1     0     1
     1    -1    -1    -1    -1    -1     1     1
     1    -1     1    -1    -1    -1     0     1
     1     1     1     1    -1    -1    -1     1
     1     1    -1     1    -1    -1     0     1
     1     1     1     1     1     1    -1     0

Jojo (1) to move (time left: 175.5 sec.):
    -1    -1    -1    -1    -1    -1    -1     0
     1    -1    -1    -1    -1    -1     0     0
     1    -1     1    -1    -1    -1     0     1
     1    -1    -1    -1    -1    -1     1     1
     1    -1     1    -1    -1    -1     0     1
     1     1     1     1    -1    -1    -1     1
     1     1    -1     1    -1    -1     0     1
     1     1     1     1     1     1     1     1

MiniMaxPlayer (-1) to move (time left: 175.0 sec.):
    -1    -1    -1    -1    -1    -1    -1     0
     1    -1    -1    -1    -1    -1     0     0
     1    -1     1    -1    -1    -1     0     1
     1    -1    -1    -1    -1    -1     1     1
     1    -1     1    -1    -1    -1     0     1
     1     1     1     1    -1    -1    -1     1
     1     1    -1     1    -1    -1     0     1
     1     1     1     1     1     1     1     1

Jojo (1) to move (time left: 175.5 sec.):
    -1    -1    -1    -1    -1    -1    -1     0
     1    -1    -1    -1    -1    -1     0     0
     1    -1     1    -1    -1    -1     0     1
     1    -1    -1     1    -1    -1     1     1
     1    -1     1    -1     1    -1     0     1
     1     1     1     1    -1     1    -1     1
     1     1    -1     1     1     1     1     1
     1     1     1     1     1     1     1     1

MiniMaxPlayer (-1) to move (time left: 174.9 sec.):
    -1    -1    -1    -1    -1    -1    -1     0
     1    -1    -1    -1    -1    -1     0     0
     1    -1     1    -1    -1    -1     0     1
     1    -1    -1     1    -1    -1     1     1
     1    -1     1    -1     1    -1     0     1
     1     1     1     1    -1     1    -1     1
     1     1    -1     1     1     1     1     1
     1     1     1     1     1     1     1     1

Jojo (1) to move (time left: 175.5 sec.):
    -1    -1    -1    -1    -1    -1    -1     0
     1     1     1     1     1     1     1     0
     1    -1     1    -1    -1     1     0     1
     1    -1    -1     1     1    -1     1     1
     1    -1     1     1     1    -1     0     1
     1     1     1     1    -1     1    -1     1
     1     1    -1     1     1     1     1     1
     1     1     1     1     1     1     1     1

MiniMaxPlayer (-1) to move (time left: 174.9 sec.):
    -1    -1    -1    -1    -1    -1    -1     0
     1     1     1     1     1    -1    -1     0
     1    -1     1    -1    -1    -1    -1     1
     1    -1    -1     1     1    -1     1     1
     1    -1     1     1     1    -1     0     1
     1     1     1     1    -1     1    -1     1
     1     1    -1     1     1     1     1     1
     1     1     1     1     1     1     1     1

Jojo (1) to move (time left: 175.5 sec.):
    -1    -1    -1    -1    -1    -1    -1     0
     1     1     1     1     1    -1    -1     0
     1    -1     1    -1     1    -1    -1     1
     1    -1    -1     1     1     1     1     1
     1    -1     1     1     1     1     1     1
     1     1     1     1    -1     1     1     1
     1     1    -1     1     1     1     1     1
     1     1     1     1     1     1     1     1

MiniMaxPlayer (-1) to move (time left: 174.8 sec.):
    -1    -1    -1    -1    -1    -1    -1     0
     1     1     1     1     1    -1    -1     0
     1    -1     1    -1     1    -1    -1     1
     1    -1    -1     1     1     1     1     1
     1    -1     1     1     1     1     1     1
     1     1     1     1    -1     1     1     1
     1     1    -1     1     1     1     1     1
     1     1     1     1     1     1     1     1

Jojo (1) to move (time left: 175.4 sec.):
    -1    -1    -1    -1    -1    -1    -1     1
     1     1     1     1     1    -1     1     0
     1    -1     1    -1     1     1    -1     1
     1    -1    -1     1     1     1     1     1
     1    -1     1     1     1     1     1     1
     1     1     1     1    -1     1     1     1
     1     1    -1     1     1     1     1     1
     1     1     1     1     1     1     1     1

MiniMaxPlayer (-1) to move (time left: 174.7 sec.):
    -1    -1    -1    -1    -1    -1    -1     1
     1     1     1     1     1    -1    -1    -1
     1    -1     1    -1     1     1    -1     1
     1    -1    -1     1     1     1     1     1
     1    -1     1     1     1     1     1     1
     1     1     1     1    -1     1     1     1
     1     1    -1     1     1     1     1     1
     1     1     1     1     1     1     1     1

Game over.
